Namespace(batch_size=32, block_size=255, data_path='/vast/eo41/data/konkle_ood/vehicle_vs_nonvehicle/nonvehicle', dist_backend='nccl', dist_url='env://', epochs=1000, gpt_config='GPT_gimel', gpu=None, local_rank=-1, lr=0.0003, num_workers=16, optimizer='Adam', rank=-1, resume='/scratch/eo41/visual-recognition-memory/gpt_pretrained_models/imagenet_10_gimel.pt', save_dir='/scratch/eo41/visual-recognition-memory/gpt_finetuned_models', save_freq=100, save_prefix='imagenet10_gimel_konkle_nonvehicle', seed=0, subsample=1.0, vocab_size=16384, vqconfig_path='/scratch/eo41/visual-recognition-memory/vqgan_pretrained_models/imagenet_16x16_16384.yaml', vqmodel_path='/scratch/eo41/visual-recognition-memory/vqgan_pretrained_models/imagenet_16x16_16384.ckpt', world_size=-1)
model:
  base_learning_rate: 4.5e-06
  params:
    ddconfig:
      attn_resolutions:
      - 16
      ch: 128
      ch_mult:
      - 1
      - 1
      - 2
      - 2
      - 4
      double_z: false
      dropout: 0.0
      in_channels: 3
      num_res_blocks: 2
      out_ch: 3
      resolution: 256
      z_channels: 256
    embed_dim: 256
    lossconfig:
      params:
        codebook_weight: 1.0
        disc_conditional: false
        disc_in_channels: 3
        disc_num_layers: 2
        disc_start: 0
        disc_weight: 0.75
      target: vqloss.VQLPIPSWithDiscriminator
    monitor: val/rec_loss
    n_embed: 16384
  target: vqmodel.VQModel

Working with z of shape (1, 256, 16, 16) = 65536 dimensions.
loaded pretrained LPIPS loss from taming/modules/autoencoder/lpips/vgg.pth
VQLPIPSWithDiscriminator running with hinge loss.
Loaded VQ encoder.
Data loaded: dataset contains 4462 images, and takes 140 training iterations per epoch.
Number of parameters: 750659840
Running on 1 GPUs total
=> loaded model weights and optimizer state at checkpoint '/scratch/eo41/visual-recognition-memory/gpt_pretrained_models/imagenet_10_gimel.pt'
/scratch/eo41/miniconda3/lib/python3.7/site-packages/torch/nn/_reduction.py:42: UserWarning: size_average and reduce args will be deprecated, please use reduction='none' instead.
  warnings.warn(warning.format(ret))
Epoch: 0 | Training loss: 3.785924765041896 | Elapsed time: 114.09072136878967
Saving model to: /scratch/eo41/visual-recognition-memory/gpt_finetuned_models/imagenet10_gimel_konkle_nonvehicle_0.pt
Epoch: 1 | Training loss: 3.6834373644420078 | Elapsed time: 106.76414847373962
Epoch: 2 | Training loss: 3.6204921552113123 | Elapsed time: 106.86263298988342
Epoch: 3 | Training loss: 3.561602795124054 | Elapsed time: 106.68367743492126
Epoch: 4 | Training loss: 3.504259332588741 | Elapsed time: 106.83304047584534
Epoch: 5 | Training loss: 3.435401541846139 | Elapsed time: 106.82456874847412
Epoch: 6 | Training loss: 3.3742397955485752 | Elapsed time: 106.89972448348999
Epoch: 7 | Training loss: 3.3086564796311513 | Elapsed time: 106.72522854804993
Epoch: 8 | Training loss: 3.2503502334867207 | Elapsed time: 106.84855318069458
Epoch: 9 | Training loss: 3.1871427995818 | Elapsed time: 106.86462354660034
Epoch: 10 | Training loss: 3.134074185575758 | Elapsed time: 106.86185836791992
Epoch: 11 | Training loss: 3.071306324005127 | Elapsed time: 106.8898503780365
Epoch: 12 | Training loss: 3.024308068411691 | Elapsed time: 106.802255153656
Epoch: 13 | Training loss: 2.9770005481583732 | Elapsed time: 106.87902760505676
Epoch: 14 | Training loss: 2.933506579058511 | Elapsed time: 106.89132976531982
Epoch: 15 | Training loss: 2.897190696852548 | Elapsed time: 106.8560881614685
Epoch: 16 | Training loss: 2.854677907058171 | Elapsed time: 107.03681945800781
Epoch: 17 | Training loss: 2.8241252660751344 | Elapsed time: 106.80683064460754
Epoch: 18 | Training loss: 2.785482510498592 | Elapsed time: 106.836266040802
Epoch: 19 | Training loss: 2.756832824434553 | Elapsed time: 107.02087473869324
Epoch: 20 | Training loss: 2.7270652651786804 | Elapsed time: 106.86098003387451
Epoch: 21 | Training loss: 2.6968117492539543 | Elapsed time: 106.83121967315674
Epoch: 22 | Training loss: 2.6711332542555675 | Elapsed time: 106.83477187156677
Epoch: 23 | Training loss: 2.64744040284838 | Elapsed time: 106.95589065551758
Epoch: 24 | Training loss: 2.6255069426127844 | Elapsed time: 106.7849133014679
Epoch: 25 | Training loss: 2.5995398146765574 | Elapsed time: 106.80002021789551
Epoch: 26 | Training loss: 2.582316219806671 | Elapsed time: 106.89740920066833
Epoch: 27 | Training loss: 2.559858172280448 | Elapsed time: 106.89744114875793
Epoch: 28 | Training loss: 2.53975385257176 | Elapsed time: 106.88999700546265
Epoch: 29 | Training loss: 2.5229580657822743 | Elapsed time: 106.83602142333984
Epoch: 30 | Training loss: 2.5046247107642037 | Elapsed time: 107.04200482368469
Epoch: 31 | Training loss: 2.4880868468965804 | Elapsed time: 106.95354104042053
Epoch: 32 | Training loss: 2.471578570774623 | Elapsed time: 106.810537815094
Epoch: 33 | Training loss: 2.458367489065443 | Elapsed time: 106.85270881652832
Epoch: 34 | Training loss: 2.4447112219674247 | Elapsed time: 106.92375707626343
Epoch: 35 | Training loss: 2.4256212319646564 | Elapsed time: 106.83144426345825
Epoch: 36 | Training loss: 2.414202174118587 | Elapsed time: 106.8387839794159
Epoch: 37 | Training loss: 2.3953981961522786 | Elapsed time: 106.87118911743164
Epoch: 38 | Training loss: 2.3842917101723806 | Elapsed time: 106.89230728149414
Epoch: 39 | Training loss: 2.374135821206229 | Elapsed time: 107.05191612243652
Epoch: 40 | Training loss: 2.3585741553987774 | Elapsed time: 106.87555193901062
Epoch: 41 | Training loss: 2.34956305708204 | Elapsed time: 106.86099171638489
Epoch: 42 | Training loss: 2.333079264845167 | Elapsed time: 106.83295488357544
Epoch: 43 | Training loss: 2.3244450526578087 | Elapsed time: 106.98695421218872
Epoch: 44 | Training loss: 2.3182224239621845 | Elapsed time: 106.84205770492554
Epoch: 45 | Training loss: 2.3031660216195244 | Elapsed time: 106.86951541900635
Epoch: 46 | Training loss: 2.2913392424583434 | Elapsed time: 106.87048935890198
Epoch: 47 | Training loss: 2.2828573082174572 | Elapsed time: 106.89912128448486
Epoch: 48 | Training loss: 2.2736813127994537 | Elapsed time: 106.8365523815155
Epoch: 49 | Training loss: 2.2631196635110036 | Elapsed time: 107.00263118743896
Epoch: 50 | Training loss: 2.2569808976990835 | Elapsed time: 106.89640235900879
Epoch: 51 | Training loss: 2.248111095598766 | Elapsed time: 106.90505266189575
Epoch: 52 | Training loss: 2.235415103605815 | Elapsed time: 107.01891613006592
Epoch: 53 | Training loss: 3.413678753376007 | Elapsed time: 106.9717423915863
Epoch: 54 | Training loss: 5.1889493908200945 | Elapsed time: 107.0070960521698
Epoch: 55 | Training loss: 4.871788934298924 | Elapsed time: 106.87376809120178
Epoch: 56 | Training loss: 4.8087343420301165 | Elapsed time: 106.87706971168518
Epoch: 57 | Training loss: 4.74168074131012 | Elapsed time: 106.97341442108154
Epoch: 58 | Training loss: 4.63582923412323 | Elapsed time: 106.91972780227661
Epoch: 59 | Training loss: 4.498780408927373 | Elapsed time: 106.956538438797
Epoch: 60 | Training loss: 4.2723791769572665 | Elapsed time: 106.95275568962097
Epoch: 61 | Training loss: 3.660587561130524 | Elapsed time: 106.86930203437805
Epoch: 62 | Training loss: 3.362918972969055 | Elapsed time: 106.93308472633362
Epoch: 63 | Training loss: 3.2248445068086897 | Elapsed time: 107.04412722587585
Epoch: 64 | Training loss: 3.133339204107012 | Elapsed time: 106.97483468055725
Epoch: 65 | Training loss: 3.058578530379704 | Elapsed time: 106.94287848472595
Epoch: 66 | Training loss: 3.0037219796861923 | Elapsed time: 106.88159251213074
Epoch: 67 | Training loss: 2.9531535914966036 | Elapsed time: 106.89750981330872
Epoch: 68 | Training loss: 2.913493551526751 | Elapsed time: 106.97192907333374
Epoch: 69 | Training loss: 2.880276954174042 | Elapsed time: 107.0380117893219
Epoch: 70 | Training loss: 2.838102103982653 | Elapsed time: 106.96226477622986
Epoch: 71 | Training loss: 2.8160572613988606 | Elapsed time: 107.03182721138
Epoch: 72 | Training loss: 2.7860473649842397 | Elapsed time: 106.85392189025879
Epoch: 73 | Training loss: 2.758058830669948 | Elapsed time: 106.85881900787354
Epoch: 74 | Training loss: 2.7359099558421542 | Elapsed time: 107.0137574672699
Epoch: 75 | Training loss: 2.7143496257918223 | Elapsed time: 106.89506959915161
Epoch: 76 | Training loss: 2.6921350376946585 | Elapsed time: 106.85995769500732
Epoch: 77 | Training loss: 2.6771329454013277 | Elapsed time: 106.86152672767639
Epoch: 78 | Training loss: 2.657609054020473 | Elapsed time: 106.89668250083923
Epoch: 79 | Training loss: 2.6409874064581733 | Elapsed time: 106.91355061531067
Epoch: 80 | Training loss: 2.622299197741917 | Elapsed time: 106.9018669128418
Epoch: 81 | Training loss: 2.6067634531429835 | Elapsed time: 106.94956755638123
Epoch: 82 | Training loss: 2.588934745107378 | Elapsed time: 106.87299585342407
Epoch: 83 | Training loss: 2.579604996953692 | Elapsed time: 107.07131266593933
Epoch: 84 | Training loss: 2.566115357194628 | Elapsed time: 106.90106511116028
Epoch: 85 | Training loss: 2.5453346729278565 | Elapsed time: 107.00513076782227
Epoch: 86 | Training loss: 2.536122589451926 | Elapsed time: 106.96289372444153
Epoch: 87 | Training loss: 2.5285525935036794 | Elapsed time: 106.97867202758789
Epoch: 88 | Training loss: 2.514176535606384 | Elapsed time: 107.00774717330933
Epoch: 89 | Training loss: 2.503616145678929 | Elapsed time: 107.0322995185852
Epoch: 90 | Training loss: 2.493235102721623 | Elapsed time: 107.04471325874329
Epoch: 91 | Training loss: 2.48503873859133 | Elapsed time: 106.8688485622406
Epoch: 92 | Training loss: 2.467348517690386 | Elapsed time: 106.86755347251892
Epoch: 93 | Training loss: 2.4627750056130546 | Elapsed time: 107.01093411445618
Epoch: 94 | Training loss: 2.4518552439553396 | Elapsed time: 107.10003805160522
Epoch: 95 | Training loss: 2.44017642055239 | Elapsed time: 106.96171879768372
Epoch: 96 | Training loss: 2.4295909592083524 | Elapsed time: 106.9449770450592
Epoch: 97 | Training loss: 2.42297329391752 | Elapsed time: 106.92859077453613
Epoch: 98 | Training loss: 2.4118326459612165 | Elapsed time: 106.91224145889282
Epoch: 99 | Training loss: 2.403815848486764 | Elapsed time: 107.06794738769531
Epoch: 100 | Training loss: 2.393790694645473 | Elapsed time: 106.95707845687866
Saving model to: /scratch/eo41/visual-recognition-memory/gpt_finetuned_models/imagenet10_gimel_konkle_nonvehicle_100.pt
Epoch: 101 | Training loss: 2.390941250324249 | Elapsed time: 106.92188811302185
Epoch: 102 | Training loss: 2.3822204862322125 | Elapsed time: 106.90384793281555
Epoch: 103 | Training loss: 2.37072092124394 | Elapsed time: 107.05301833152771
Epoch: 104 | Training loss: 2.3643675897802625 | Elapsed time: 106.96047496795654
Epoch: 105 | Training loss: 2.35828058889934 | Elapsed time: 107.06574511528015
Epoch: 106 | Training loss: 2.349436330795288 | Elapsed time: 107.07373905181885
Epoch: 107 | Training loss: 2.3398120403289795 | Elapsed time: 107.00260329246521
Epoch: 108 | Training loss: 2.3360261482851845 | Elapsed time: 106.91605877876282
Epoch: 109 | Training loss: 2.325181199823107 | Elapsed time: 106.93196725845337
Epoch: 110 | Training loss: 2.319293567112514 | Elapsed time: 107.04077649116516
Epoch: 111 | Training loss: 2.315414948122842 | Elapsed time: 106.89672327041626
Epoch: 112 | Training loss: 2.3053925752639772 | Elapsed time: 106.96490669250488
Epoch: 113 | Training loss: 2.298387289047241 | Elapsed time: 106.93352627754211
Epoch: 114 | Training loss: 2.2911739119461605 | Elapsed time: 106.96456623077393
Epoch: 115 | Training loss: 2.2881713262626104 | Elapsed time: 107.05302953720093
Epoch: 116 | Training loss: 2.2836775047438485 | Elapsed time: 107.01910662651062
Epoch: 117 | Training loss: 2.274031567573547 | Elapsed time: 106.94233870506287
Epoch: 118 | Training loss: 2.2672391874449596 | Elapsed time: 106.91410112380981
Epoch: 119 | Training loss: 2.2610386652605876 | Elapsed time: 106.90457201004028
Epoch: 120 | Training loss: 2.2550837857382637 | Elapsed time: 107.11611843109131
Epoch: 121 | Training loss: 2.248021307161876 | Elapsed time: 107.11866998672485
Epoch: 122 | Training loss: 2.240500829049519 | Elapsed time: 106.80672311782837
Epoch: 123 | Training loss: 2.2372354515961237 | Elapsed time: 106.80846571922302
Epoch: 124 | Training loss: 2.2312000794070106 | Elapsed time: 106.76075220108032
Epoch: 125 | Training loss: 2.2310345956257414 | Elapsed time: 106.94213533401489
Epoch: 126 | Training loss: 2.2192700053964343 | Elapsed time: 106.75951743125916
Epoch: 127 | Training loss: 2.2147255165236337 | Elapsed time: 106.82653951644897
Epoch: 128 | Training loss: 2.2111591526440213 | Elapsed time: 106.81978058815002
Epoch: 129 | Training loss: 2.206983033248356 | Elapsed time: 106.81048130989075
Epoch: 130 | Training loss: 2.1998933025768825 | Elapsed time: 106.89988780021667
Epoch: 131 | Training loss: 2.1945747664996555 | Elapsed time: 106.78691840171814
Epoch: 132 | Training loss: 2.1890375639711106 | Elapsed time: 106.92591190338135
Epoch: 133 | Training loss: 2.1836386467729296 | Elapsed time: 106.8191089630127
Epoch: 134 | Training loss: 2.1796208330563136 | Elapsed time: 106.80159902572632
Epoch: 135 | Training loss: 2.1770500796181813 | Elapsed time: 106.96920013427734
Epoch: 136 | Training loss: 2.168358830894743 | Elapsed time: 106.84025883674622
Epoch: 137 | Training loss: 2.1685816730771745 | Elapsed time: 106.85956335067749
Epoch: 138 | Training loss: 2.1556480927126747 | Elapsed time: 106.7991054058075
Epoch: 139 | Training loss: 2.1572696106774467 | Elapsed time: 106.79600286483765
Epoch: 140 | Training loss: 2.148990985325405 | Elapsed time: 106.77931714057922
Epoch: 141 | Training loss: 2.1494260455880845 | Elapsed time: 106.78850984573364
Epoch: 142 | Training loss: 2.1424452441079276 | Elapsed time: 106.76518082618713
Epoch: 143 | Training loss: 2.13921172618866 | Elapsed time: 106.8238570690155
Epoch: 144 | Training loss: 2.1319391548633577 | Elapsed time: 106.76587104797363
Epoch: 145 | Training loss: 2.130797233751842 | Elapsed time: 106.89420080184937
Epoch: 146 | Training loss: 2.1272390936102186 | Elapsed time: 106.79534196853638
Epoch: 147 | Training loss: 2.121911518914359 | Elapsed time: 106.74697089195251
Epoch: 148 | Training loss: 2.117418407542365 | Elapsed time: 106.83694291114807
Epoch: 149 | Training loss: 2.108640536240169 | Elapsed time: 106.88988304138184
Epoch: 150 | Training loss: 2.1104541991438186 | Elapsed time: 106.78029489517212
Epoch: 151 | Training loss: 2.1083238661289214 | Elapsed time: 106.90425086021423
Epoch: 152 | Training loss: 2.10267276934215 | Elapsed time: 106.84092926979065
Epoch: 153 | Training loss: 2.0938850794519697 | Elapsed time: 106.82470893859863
Epoch: 154 | Training loss: 2.088631352356502 | Elapsed time: 106.77774095535278
Epoch: 155 | Training loss: 2.0909055726868764 | Elapsed time: 106.76051664352417
Epoch: 156 | Training loss: 2.086347848176956 | Elapsed time: 106.82349157333374
Epoch: 157 | Training loss: 2.0834815834249767 | Elapsed time: 106.81982159614563
Epoch: 158 | Training loss: 2.0777774155139923 | Elapsed time: 106.7666380405426
Epoch: 159 | Training loss: 2.0740036385399954 | Elapsed time: 106.86779046058655
Epoch: 160 | Training loss: 2.0741810040814537 | Elapsed time: 106.84695100784302
Epoch: 161 | Training loss: 2.068611777680261 | Elapsed time: 106.7994134426117
Epoch: 162 | Training loss: 2.063229569367 | Elapsed time: 106.83819079399109
Epoch: 163 | Training loss: 2.059601113625935 | Elapsed time: 106.81119227409363
Epoch: 164 | Training loss: 2.055598511866161 | Elapsed time: 106.83104753494263
Epoch: 165 | Training loss: 2.0519900577408925 | Elapsed time: 106.88892102241516
Epoch: 166 | Training loss: 2.0509954163006374 | Elapsed time: 106.80682420730591
Epoch: 167 | Training loss: 2.046289107629231 | Elapsed time: 106.79962158203125
Epoch: 168 | Training loss: 2.0391387666974747 | Elapsed time: 106.78602433204651
Epoch: 169 | Training loss: 2.0443311946732656 | Elapsed time: 106.84239459037781
Epoch: 170 | Training loss: 2.041172309432711 | Elapsed time: 106.75607991218567
Epoch: 171 | Training loss: 2.036057706390108 | Elapsed time: 106.85166454315186
Epoch: 172 | Training loss: 2.0277528575488497 | Elapsed time: 106.87267017364502
Epoch: 173 | Training loss: 2.0268418678215574 | Elapsed time: 106.8250687122345
Epoch: 174 | Training loss: 2.020206231730325 | Elapsed time: 106.8396532535553
Epoch: 175 | Training loss: 2.018556523323059 | Elapsed time: 106.90405654907227
Epoch: 176 | Training loss: 2.0143051258155276 | Elapsed time: 106.86720943450928
Epoch: 177 | Training loss: 2.01537121449198 | Elapsed time: 106.97325229644775
Epoch: 178 | Training loss: 2.011734809194292 | Elapsed time: 106.8467071056366
Epoch: 179 | Training loss: 2.005491712263652 | Elapsed time: 106.79747605323792
Epoch: 180 | Training loss: 2.001859345606395 | Elapsed time: 106.93995976448059
Epoch: 181 | Training loss: 2.0025342898709435 | Elapsed time: 106.88705492019653
Epoch: 182 | Training loss: 2.0010196481432234 | Elapsed time: 106.77173137664795
Epoch: 183 | Training loss: 1.9970404974051885 | Elapsed time: 106.82049632072449
Epoch: 184 | Training loss: 1.9913385680743627 | Elapsed time: 106.94569730758667
Epoch: 185 | Training loss: 1.9922259398869107 | Elapsed time: 106.80535912513733
Epoch: 186 | Training loss: 1.9879160523414612 | Elapsed time: 106.90176343917847
Epoch: 187 | Training loss: 1.9837757817336492 | Elapsed time: 106.84370160102844
Epoch: 188 | Training loss: 1.979602826493127 | Elapsed time: 106.84722018241882
Epoch: 189 | Training loss: 1.9790820249489376 | Elapsed time: 106.88192343711853
Epoch: 190 | Training loss: 1.9787668338843754 | Elapsed time: 106.78844356536865
Epoch: 191 | Training loss: 1.9744898591722762 | Elapsed time: 106.77134299278259
Epoch: 192 | Training loss: 1.9760222945894514 | Elapsed time: 106.7467725276947
Epoch: 193 | Training loss: 1.9677391554628099 | Elapsed time: 106.79144287109375
Epoch: 194 | Training loss: 1.9665668896266393 | Elapsed time: 106.84058880805969
Epoch: 195 | Training loss: 1.9659423410892487 | Elapsed time: 106.93476223945618
Epoch: 196 | Training loss: 1.9587838556085313 | Elapsed time: 106.737389087677
Epoch: 197 | Training loss: 1.960517623594829 | Elapsed time: 106.74980044364929
Epoch: 198 | Training loss: 1.9552920724664415 | Elapsed time: 106.94938659667969
Epoch: 199 | Training loss: 1.9589195149285452 | Elapsed time: 106.79381155967712
Epoch: 200 | Training loss: 1.951589366367885 | Elapsed time: 106.82255005836487
Saving model to: /scratch/eo41/visual-recognition-memory/gpt_finetuned_models/imagenet10_gimel_konkle_nonvehicle_200.pt
Epoch: 201 | Training loss: 1.9499358313424247 | Elapsed time: 106.85421347618103
Epoch: 202 | Training loss: 1.9457512387207576 | Elapsed time: 106.89859938621521
Epoch: 203 | Training loss: 1.944972436768668 | Elapsed time: 106.86540246009827
Epoch: 204 | Training loss: 1.9438210010528565 | Elapsed time: 106.85117983818054
Epoch: 205 | Training loss: 1.940779767717634 | Elapsed time: 106.76439642906189
Epoch: 206 | Training loss: 1.9385369113513402 | Elapsed time: 106.82371425628662
Epoch: 207 | Training loss: 1.9322424130780356 | Elapsed time: 106.98867845535278
Epoch: 208 | Training loss: 1.9294932791164943 | Elapsed time: 106.78335952758789
Epoch: 209 | Training loss: 1.9299134918621608 | Elapsed time: 106.78964591026306
Epoch: 210 | Training loss: 1.9283246466091701 | Elapsed time: 106.7958550453186
Epoch: 211 | Training loss: 1.9246560105255672 | Elapsed time: 106.90289616584778
Epoch: 212 | Training loss: 1.9250334058489118 | Elapsed time: 106.95880174636841
Epoch: 213 | Training loss: 1.9195520911897932 | Elapsed time: 106.8334448337555
Epoch: 214 | Training loss: 1.9184066610676902 | Elapsed time: 106.84401726722717
Epoch: 215 | Training loss: 1.9158177401338305 | Elapsed time: 106.82312393188477
Epoch: 216 | Training loss: 1.9123074420860835 | Elapsed time: 106.75080609321594
Epoch: 217 | Training loss: 1.9142269926411766 | Elapsed time: 106.7885594367981
Epoch: 218 | Training loss: 1.9113144840512957 | Elapsed time: 106.87011981010437
Epoch: 219 | Training loss: 1.9070346295833587 | Elapsed time: 106.75415301322937
Epoch: 220 | Training loss: 1.9042413473129272 | Elapsed time: 106.73346042633057
Epoch: 221 | Training loss: 1.9056303662913185 | Elapsed time: 106.83221459388733
Epoch: 222 | Training loss: 1.9008099215371268 | Elapsed time: 106.86552882194519
Epoch: 223 | Training loss: 1.9026340288775307 | Elapsed time: 106.86976528167725
Epoch: 224 | Training loss: 1.8920073909418924 | Elapsed time: 106.76538801193237
Epoch: 225 | Training loss: 1.8917451696736471 | Elapsed time: 106.8431568145752
Epoch: 226 | Training loss: 1.8887951629502433 | Elapsed time: 106.78419852256775
Epoch: 227 | Training loss: 1.8918223679065704 | Elapsed time: 106.78070569038391
Epoch: 228 | Training loss: 1.8890528321266173 | Elapsed time: 106.73511528968811
Epoch: 229 | Training loss: 1.88565816453525 | Elapsed time: 106.7522451877594
Epoch: 230 | Training loss: 1.8830038675240108 | Elapsed time: 106.8244080543518
Epoch: 231 | Training loss: 1.8858908014638083 | Elapsed time: 106.88624095916748
Epoch: 232 | Training loss: 1.8834332423550741 | Elapsed time: 106.77150177955627
Epoch: 233 | Training loss: 1.879522270815713 | Elapsed time: 106.75453424453735
Epoch: 234 | Training loss: 1.8736798865454538 | Elapsed time: 106.76305055618286
Epoch: 235 | Training loss: 1.8728487738541195 | Elapsed time: 106.8238537311554
Epoch: 236 | Training loss: 1.8721005014010839 | Elapsed time: 106.76529335975647
Epoch: 237 | Training loss: 1.8720378415925163 | Elapsed time: 106.8631238937378
Epoch: 238 | Training loss: 1.8716168301446097 | Elapsed time: 106.79709815979004
Epoch: 239 | Training loss: 1.8661639026233128 | Elapsed time: 106.8248884677887
Epoch: 240 | Training loss: 1.8641796333449228 | Elapsed time: 106.84832167625427
Epoch: 241 | Training loss: 1.8667403323309761 | Elapsed time: 106.9168918132782
Epoch: 242 | Training loss: 1.857454936844962 | Elapsed time: 106.8023579120636
Epoch: 243 | Training loss: 1.8616570608956473 | Elapsed time: 106.79220604896545
Epoch: 244 | Training loss: 1.8581561931541988 | Elapsed time: 106.81252574920654
Epoch: 245 | Training loss: 1.8561896256038122 | Elapsed time: 106.78870391845703
Epoch: 246 | Training loss: 1.853755751677922 | Elapsed time: 106.82095980644226
Epoch: 247 | Training loss: 1.851167299066271 | Elapsed time: 106.8103723526001
Epoch: 248 | Training loss: 1.8493451544216701 | Elapsed time: 106.924978017807
Epoch: 249 | Training loss: 1.8471631978239331 | Elapsed time: 106.84361267089844
Epoch: 250 | Training loss: 1.8443683419908796 | Elapsed time: 106.77993488311768
Epoch: 251 | Training loss: 1.8444484957626888 | Elapsed time: 106.74742650985718
Epoch: 252 | Training loss: 1.844643600497927 | Elapsed time: 106.74068856239319
Epoch: 253 | Training loss: 1.843274609531675 | Elapsed time: 106.82264399528503
Epoch: 254 | Training loss: 1.8381141713687352 | Elapsed time: 106.79329514503479
Epoch: 255 | Training loss: 1.8406892853123802 | Elapsed time: 106.78039932250977
Epoch: 256 | Training loss: 1.8361397189753397 | Elapsed time: 106.82775044441223
Epoch: 257 | Training loss: 1.832725454228265 | Elapsed time: 106.9028742313385
Epoch: 258 | Training loss: 1.8323561608791352 | Elapsed time: 106.8371434211731
Epoch: 259 | Training loss: 1.830719848190035 | Elapsed time: 106.7473931312561
Epoch: 260 | Training loss: 1.8319712247167315 | Elapsed time: 106.72967457771301
Epoch: 261 | Training loss: 1.8288184881210328 | Elapsed time: 106.78378582000732
Epoch: 262 | Training loss: 1.8252907540116992 | Elapsed time: 106.88167095184326
Epoch: 263 | Training loss: 1.8250656247138977 | Elapsed time: 106.79068517684937
Epoch: 264 | Training loss: 1.821031574692045 | Elapsed time: 106.74864602088928
Epoch: 265 | Training loss: 1.8249259395258768 | Elapsed time: 106.78328514099121
Epoch: 266 | Training loss: 1.8192891470023564 | Elapsed time: 106.857262134552
Epoch: 267 | Training loss: 1.8168522136551992 | Elapsed time: 106.83979320526123
Epoch: 268 | Training loss: 1.8152584024838039 | Elapsed time: 106.7307596206665
Epoch: 269 | Training loss: 1.8181138924189977 | Elapsed time: 106.84853386878967
Epoch: 270 | Training loss: 1.8121697613171168 | Elapsed time: 106.77385234832764
Epoch: 271 | Training loss: 1.80943404010364 | Elapsed time: 106.80751466751099
Epoch: 272 | Training loss: 1.8124959068638937 | Elapsed time: 106.92886543273926
Epoch: 273 | Training loss: 1.8080417096614838 | Elapsed time: 106.83077144622803
Epoch: 274 | Training loss: 1.8064635532242912 | Elapsed time: 106.80316066741943
Epoch: 275 | Training loss: 1.8050387493201665 | Elapsed time: 106.75358891487122
Epoch: 276 | Training loss: 1.8042674839496613 | Elapsed time: 106.7747688293457
Epoch: 277 | Training loss: 1.802405927010945 | Elapsed time: 106.74915909767151
Epoch: 278 | Training loss: 1.7994129981313434 | Elapsed time: 106.7720673084259
Epoch: 279 | Training loss: 1.7976882985660008 | Elapsed time: 106.81260633468628
Epoch: 280 | Training loss: 1.797609360728945 | Elapsed time: 106.84270668029785
Epoch: 281 | Training loss: 1.797858830009188 | Elapsed time: 106.75901627540588
Epoch: 282 | Training loss: 1.793744856970651 | Elapsed time: 106.7456066608429
Epoch: 283 | Training loss: 1.7941319269793374 | Elapsed time: 106.77663230895996
Epoch: 284 | Training loss: 1.792303035088948 | Elapsed time: 106.85565209388733
Epoch: 285 | Training loss: 1.7897469784532274 | Elapsed time: 106.78587746620178
Epoch: 286 | Training loss: 1.7888154430048806 | Elapsed time: 106.74178338050842
Epoch: 287 | Training loss: 1.7904835760593414 | Elapsed time: 106.90515041351318
Epoch: 288 | Training loss: 1.7827842141900743 | Elapsed time: 106.81218528747559
Epoch: 289 | Training loss: 1.7828457474708557 | Elapsed time: 106.74116277694702
Epoch: 290 | Training loss: 1.7851231958184923 | Elapsed time: 106.85879945755005
Epoch: 291 | Training loss: 1.7831612050533294 | Elapsed time: 106.80956292152405
Epoch: 292 | Training loss: 1.7777618314538683 | Elapsed time: 106.84775972366333
Epoch: 293 | Training loss: 1.7783836466925484 | Elapsed time: 106.82646226882935
Epoch: 294 | Training loss: 1.7757845401763916 | Elapsed time: 106.77613592147827
Epoch: 295 | Training loss: 1.7765726115022387 | Elapsed time: 106.9783992767334
Epoch: 296 | Training loss: 1.7746656571115766 | Elapsed time: 106.75545573234558
Epoch: 297 | Training loss: 1.772901438815253 | Elapsed time: 106.7509937286377
Epoch: 298 | Training loss: 1.7735035019261496 | Elapsed time: 106.83446502685547
Epoch: 299 | Training loss: 1.772124101434435 | Elapsed time: 106.81500029563904
Epoch: 300 | Training loss: 1.7688434966972897 | Elapsed time: 106.69671320915222
Saving model to: /scratch/eo41/visual-recognition-memory/gpt_finetuned_models/imagenet10_gimel_konkle_nonvehicle_300.pt
Epoch: 301 | Training loss: 1.7659981446606772 | Elapsed time: 106.79371356964111
Epoch: 302 | Training loss: 1.7662598431110381 | Elapsed time: 106.82447338104248
Epoch: 303 | Training loss: 1.7656538929258074 | Elapsed time: 106.77292156219482
Epoch: 304 | Training loss: 1.762969903435026 | Elapsed time: 106.76409602165222
Epoch: 305 | Training loss: 1.7606027339185988 | Elapsed time: 106.7914171218872
Epoch: 306 | Training loss: 1.7624926592622485 | Elapsed time: 106.89300012588501
Epoch: 307 | Training loss: 1.7628594934940338 | Elapsed time: 106.78229022026062
Epoch: 308 | Training loss: 1.7572387312139783 | Elapsed time: 106.77724957466125
Epoch: 309 | Training loss: 1.7542374312877655 | Elapsed time: 106.90598440170288
Epoch: 310 | Training loss: 1.756189887864249 | Elapsed time: 106.80016255378723
Epoch: 311 | Training loss: 1.752792693887438 | Elapsed time: 106.85291051864624
Epoch: 312 | Training loss: 1.7516903936862946 | Elapsed time: 106.75079679489136
Epoch: 313 | Training loss: 1.7514637027468 | Elapsed time: 106.79102921485901
Epoch: 314 | Training loss: 1.7510290963309152 | Elapsed time: 106.84606051445007
Epoch: 315 | Training loss: 1.7514306477137975 | Elapsed time: 106.73831582069397
Epoch: 316 | Training loss: 1.7469549323831286 | Elapsed time: 106.8230652809143
Epoch: 317 | Training loss: 1.745592715910503 | Elapsed time: 106.76064944267273
Epoch: 318 | Training loss: 1.7420191185814993 | Elapsed time: 106.78782653808594
Epoch: 319 | Training loss: 1.7472157759325846 | Elapsed time: 106.76866388320923
Epoch: 320 | Training loss: 1.743804167849677 | Elapsed time: 106.74566578865051
Epoch: 321 | Training loss: 1.7412598167146955 | Elapsed time: 106.95003867149353
Epoch: 322 | Training loss: 1.7420415725026812 | Elapsed time: 106.83173179626465
Epoch: 323 | Training loss: 1.7419533567769188 | Elapsed time: 106.76403450965881
Epoch: 324 | Training loss: 1.739823683670589 | Elapsed time: 106.86522150039673
Epoch: 325 | Training loss: 1.742721311535154 | Elapsed time: 106.92317914962769
Epoch: 326 | Training loss: 1.7364061083112443 | Elapsed time: 106.85301876068115
Epoch: 327 | Training loss: 1.732394883462361 | Elapsed time: 106.82232165336609
Epoch: 328 | Training loss: 1.7342429654938833 | Elapsed time: 106.72214913368225
Epoch: 329 | Training loss: 1.7318907856941224 | Elapsed time: 106.77892875671387
Epoch: 330 | Training loss: 1.7285457381180354 | Elapsed time: 106.79660367965698
Epoch: 331 | Training loss: 1.7290613327707562 | Elapsed time: 106.79140973091125
Epoch: 332 | Training loss: 1.7279570928641728 | Elapsed time: 106.76559233665466
Epoch: 333 | Training loss: 1.7280806958675385 | Elapsed time: 106.75061678886414
Epoch: 334 | Training loss: 1.7291208463055747 | Elapsed time: 106.86657691001892
Epoch: 335 | Training loss: 1.7281949213572911 | Elapsed time: 106.71417307853699
Epoch: 336 | Training loss: 1.7278754932539804 | Elapsed time: 106.74537301063538
Epoch: 337 | Training loss: 1.7256198883056642 | Elapsed time: 106.89013266563416
Epoch: 338 | Training loss: 1.7209836193493435 | Elapsed time: 106.73036336898804
Epoch: 339 | Training loss: 1.7178655190127237 | Elapsed time: 106.82377696037292
Epoch: 340 | Training loss: 1.7219657565866198 | Elapsed time: 106.76669430732727
Epoch: 341 | Training loss: 1.7146183022430965 | Elapsed time: 106.85603737831116
Epoch: 342 | Training loss: 1.7161909486566271 | Elapsed time: 106.84706592559814
Epoch: 343 | Training loss: 1.7166682456220899 | Elapsed time: 106.88718724250793
Epoch: 344 | Training loss: 1.718707525730133 | Elapsed time: 106.87477397918701
Epoch: 345 | Training loss: 1.7151393728596824 | Elapsed time: 106.89006304740906
Epoch: 346 | Training loss: 1.714684419972556 | Elapsed time: 106.72459411621094
Epoch: 347 | Training loss: 1.708646230186735 | Elapsed time: 106.78399229049683
Epoch: 348 | Training loss: 1.7128118804522923 | Elapsed time: 106.9244863986969
Epoch: 349 | Training loss: 1.712009448664529 | Elapsed time: 106.81244158744812
Epoch: 350 | Training loss: 1.7062889805861883 | Elapsed time: 106.7279462814331
Epoch: 351 | Training loss: 1.708212401185717 | Elapsed time: 106.74002408981323
Epoch: 352 | Training loss: 1.7078212346349444 | Elapsed time: 106.79392194747925
Epoch: 353 | Training loss: 1.6998261068548475 | Elapsed time: 106.81261157989502
Epoch: 354 | Training loss: 1.7076862173421041 | Elapsed time: 106.78568530082703
Epoch: 355 | Training loss: 1.7037478472505296 | Elapsed time: 106.81887483596802
Epoch: 356 | Training loss: 1.7031365190233503 | Elapsed time: 106.80557155609131
Epoch: 357 | Training loss: 1.701786422729492 | Elapsed time: 106.72810077667236
Epoch: 358 | Training loss: 1.704048320225307 | Elapsed time: 106.92796778678894
Epoch: 359 | Training loss: 1.6991867542266845 | Elapsed time: 106.877858877182
Epoch: 360 | Training loss: 1.6973642221518925 | Elapsed time: 106.8483521938324
Epoch: 361 | Training loss: 1.6975876791136606 | Elapsed time: 106.72260737419128
Epoch: 362 | Training loss: 1.6981621512344904 | Elapsed time: 106.7669665813446
Epoch: 363 | Training loss: 1.6957475747380937 | Elapsed time: 106.71799921989441
Epoch: 364 | Training loss: 1.6929693247590747 | Elapsed time: 106.81376099586487
Epoch: 365 | Training loss: 1.6941246347767966 | Elapsed time: 106.76810193061829
Epoch: 366 | Training loss: 1.6918447988373893 | Elapsed time: 106.81530785560608
Epoch: 367 | Training loss: 1.6899298455033984 | Elapsed time: 106.78862023353577
Epoch: 368 | Training loss: 1.688152150596891 | Elapsed time: 106.75327658653259
Epoch: 369 | Training loss: 1.6915082599435534 | Elapsed time: 106.75524568557739
Epoch: 370 | Training loss: 1.6891709412847247 | Elapsed time: 106.8887722492218
Epoch: 371 | Training loss: 1.6871830505984171 | Elapsed time: 106.84423780441284
Epoch: 372 | Training loss: 1.685252159833908 | Elapsed time: 106.75863766670227
Epoch: 373 | Training loss: 1.6875938287803105 | Elapsed time: 106.74287819862366
Epoch: 374 | Training loss: 1.6846835119383676 | Elapsed time: 106.77454924583435
Epoch: 375 | Training loss: 1.6833450709070479 | Elapsed time: 106.97372961044312
Epoch: 376 | Training loss: 1.68171603509358 | Elapsed time: 106.78569793701172
Epoch: 377 | Training loss: 1.6860748640128544 | Elapsed time: 106.8296594619751
Epoch: 378 | Training loss: 1.6833208901541574 | Elapsed time: 106.79143857955933
Epoch: 379 | Training loss: 1.6800975510052272 | Elapsed time: 106.84607577323914
Epoch: 380 | Training loss: 1.6779939651489257 | Elapsed time: 106.79453563690186
Epoch: 381 | Training loss: 1.6757485338619778 | Elapsed time: 106.82184195518494
Epoch: 382 | Training loss: 1.675259336403438 | Elapsed time: 106.8038170337677
Epoch: 383 | Training loss: 1.6744928104536874 | Elapsed time: 106.74397850036621
Epoch: 384 | Training loss: 1.676816976921899 | Elapsed time: 106.84709048271179
Epoch: 385 | Training loss: 1.6761956657682147 | Elapsed time: 106.78964042663574
Epoch: 386 | Training loss: 1.670603666986738 | Elapsed time: 106.80702590942383
Epoch: 387 | Training loss: 1.667836595433099 | Elapsed time: 106.79176187515259
Epoch: 388 | Training loss: 1.669342178957803 | Elapsed time: 106.72553992271423
Epoch: 389 | Training loss: 1.6707204052380153 | Elapsed time: 106.84747624397278
Epoch: 390 | Training loss: 1.6694546844278062 | Elapsed time: 106.72451066970825
Epoch: 391 | Training loss: 1.6697353090558733 | Elapsed time: 106.75870084762573
Epoch: 392 | Training loss: 1.6666346865040915 | Elapsed time: 106.78345441818237
Epoch: 393 | Training loss: 1.665277316740581 | Elapsed time: 106.92380547523499
Epoch: 394 | Training loss: 1.665100338629314 | Elapsed time: 106.79827046394348
Epoch: 395 | Training loss: 1.663061091729573 | Elapsed time: 106.7813081741333
Epoch: 396 | Training loss: 1.6624365406376975 | Elapsed time: 106.80348634719849
Epoch: 397 | Training loss: 1.6626817056110927 | Elapsed time: 106.93866467475891
Epoch: 398 | Training loss: 1.6597127863339016 | Elapsed time: 106.91913151741028
Epoch: 399 | Training loss: 1.6591564365795681 | Elapsed time: 106.95199918746948
Epoch: 400 | Training loss: 1.6607169074671608 | Elapsed time: 107.02118277549744
Saving model to: /scratch/eo41/visual-recognition-memory/gpt_finetuned_models/imagenet10_gimel_konkle_nonvehicle_400.pt
Epoch: 401 | Training loss: 1.6584887896265303 | Elapsed time: 106.96681332588196
Epoch: 402 | Training loss: 1.6551028992448533 | Elapsed time: 107.02799081802368
Epoch: 403 | Training loss: 1.6563608808176857 | Elapsed time: 106.94707942008972
Epoch: 404 | Training loss: 1.6551860749721528 | Elapsed time: 106.97341108322144
Epoch: 405 | Training loss: 1.657765908752169 | Elapsed time: 106.95177555084229
Epoch: 406 | Training loss: 1.652422673361642 | Elapsed time: 106.90537881851196
Epoch: 407 | Training loss: 1.6538616503987993 | Elapsed time: 107.00278973579407
Epoch: 408 | Training loss: 1.6486200537000384 | Elapsed time: 106.92496418952942
Epoch: 409 | Training loss: 1.6496882549354008 | Elapsed time: 106.97005414962769
Epoch: 410 | Training loss: 1.648975534949984 | Elapsed time: 106.94425940513611
Epoch: 411 | Training loss: 1.6495367126805442 | Elapsed time: 106.83078527450562
Epoch: 412 | Training loss: 1.6461321549756187 | Elapsed time: 106.8591845035553
Epoch: 413 | Training loss: 1.6455034281526293 | Elapsed time: 107.02434134483337
Epoch: 414 | Training loss: 1.6446369554315294 | Elapsed time: 106.942542552948
Epoch: 415 | Training loss: 1.6472210620130812 | Elapsed time: 107.04525089263916
Epoch: 416 | Training loss: 1.645417091676167 | Elapsed time: 107.03712821006775
Epoch: 417 | Training loss: 1.6430127007620676 | Elapsed time: 107.03922891616821
Epoch: 418 | Training loss: 1.642894036429269 | Elapsed time: 106.92632222175598
Epoch: 419 | Training loss: 1.6408979901245662 | Elapsed time: 106.90161275863647
Epoch: 420 | Training loss: 1.6424117062773023 | Elapsed time: 106.85280537605286
Epoch: 421 | Training loss: 1.6405751381601605 | Elapsed time: 107.00493788719177
Epoch: 422 | Training loss: 1.6383410751819611 | Elapsed time: 106.9283332824707
Epoch: 423 | Training loss: 1.6411440466131484 | Elapsed time: 106.88634872436523
Epoch: 424 | Training loss: 1.6382534904139383 | Elapsed time: 106.89739632606506
Epoch: 425 | Training loss: 1.6391063034534454 | Elapsed time: 106.86205744743347
Epoch: 426 | Training loss: 1.6394814618996212 | Elapsed time: 106.96458077430725
Epoch: 427 | Training loss: 1.6361600041389466 | Elapsed time: 106.9550290107727
Epoch: 428 | Training loss: 1.6347985480512892 | Elapsed time: 106.95900416374207
Epoch: 429 | Training loss: 1.6329769219670978 | Elapsed time: 106.90439295768738
Epoch: 430 | Training loss: 1.6350970949445451 | Elapsed time: 107.04105758666992
Epoch: 431 | Training loss: 1.6322932149682725 | Elapsed time: 106.91124081611633
Epoch: 432 | Training loss: 1.6329384803771974 | Elapsed time: 106.96855545043945
Epoch: 433 | Training loss: 1.6321467884949274 | Elapsed time: 106.89028668403625
Epoch: 434 | Training loss: 1.6288665984358106 | Elapsed time: 106.86699390411377
Epoch: 435 | Training loss: 1.6289126779351915 | Elapsed time: 106.94074082374573
Epoch: 436 | Training loss: 1.6247430196830204 | Elapsed time: 106.83413219451904
Epoch: 437 | Training loss: 1.6271084427833558 | Elapsed time: 106.95631670951843
Epoch: 438 | Training loss: 1.6253066377980367 | Elapsed time: 106.98952555656433
Epoch: 439 | Training loss: 1.6294842992510115 | Elapsed time: 106.91671872138977
Epoch: 440 | Training loss: 1.6244397836072104 | Elapsed time: 106.9417462348938
Epoch: 441 | Training loss: 1.6229774960449763 | Elapsed time: 106.88915061950684
Epoch: 442 | Training loss: 1.6231759224619184 | Elapsed time: 106.93228650093079
Epoch: 443 | Training loss: 1.6241483296666825 | Elapsed time: 106.77673316001892
Epoch: 444 | Training loss: 1.6227863499096462 | Elapsed time: 106.79280924797058
Epoch: 445 | Training loss: 1.6247313005583628 | Elapsed time: 106.83877968788147
Epoch: 446 | Training loss: 1.6181957253387995 | Elapsed time: 106.86409139633179
Epoch: 447 | Training loss: 1.6187237773622785 | Elapsed time: 106.82276439666748
Epoch: 448 | Training loss: 1.6208009932722365 | Elapsed time: 106.81811952590942
Epoch: 449 | Training loss: 1.6159211005483354 | Elapsed time: 106.76294589042664
Epoch: 450 | Training loss: 1.6177108883857727 | Elapsed time: 106.829660654068
Epoch: 451 | Training loss: 1.6206272065639495 | Elapsed time: 106.79622554779053
Epoch: 452 | Training loss: 1.6175415669168745 | Elapsed time: 106.73610544204712
Epoch: 453 | Training loss: 1.611959398644311 | Elapsed time: 106.84597754478455
Epoch: 454 | Training loss: 1.611274492740631 | Elapsed time: 106.83783555030823
Epoch: 455 | Training loss: 1.616638503755842 | Elapsed time: 106.78300905227661
Epoch: 456 | Training loss: 1.6132004056658065 | Elapsed time: 106.80610585212708
Epoch: 457 | Training loss: 1.6115421303680966 | Elapsed time: 106.75905084609985
Epoch: 458 | Training loss: 1.6139175346919468 | Elapsed time: 106.89557957649231
Epoch: 459 | Training loss: 1.6131018825939722 | Elapsed time: 106.73393082618713
Epoch: 460 | Training loss: 1.6087658481938498 | Elapsed time: 106.76531291007996
Epoch: 461 | Training loss: 1.6097265209470477 | Elapsed time: 106.8907117843628
Epoch: 462 | Training loss: 1.6112054705619812 | Elapsed time: 106.79072141647339
Epoch: 463 | Training loss: 1.6062767922878265 | Elapsed time: 106.79993772506714
Epoch: 464 | Training loss: 1.6079817346164158 | Elapsed time: 107.11243391036987
Epoch: 465 | Training loss: 1.6071993112564087 | Elapsed time: 106.88690996170044
Epoch: 466 | Training loss: 1.6066178338868278 | Elapsed time: 106.83599996566772
Epoch: 467 | Training loss: 1.6072259536811284 | Elapsed time: 106.7821147441864
Epoch: 468 | Training loss: 1.6013035978589738 | Elapsed time: 106.80610966682434
Epoch: 469 | Training loss: 1.6052181312016078 | Elapsed time: 106.80333137512207
Epoch: 470 | Training loss: 1.6021394295351845 | Elapsed time: 106.7649781703949
Epoch: 471 | Training loss: 1.603445929288864 | Elapsed time: 106.91225790977478
Epoch: 472 | Training loss: 1.601255533524922 | Elapsed time: 106.82923316955566
Epoch: 473 | Training loss: 1.5991321418966566 | Elapsed time: 106.72371935844421
Epoch: 474 | Training loss: 1.6013845341546196 | Elapsed time: 106.73128652572632
Epoch: 475 | Training loss: 1.599100705555507 | Elapsed time: 106.8922131061554
Epoch: 476 | Training loss: 1.5967669376305171 | Elapsed time: 106.87344646453857
Epoch: 477 | Training loss: 1.595848605462483 | Elapsed time: 106.8662793636322
Epoch: 478 | Training loss: 1.596608029093061 | Elapsed time: 106.74317932128906
Epoch: 479 | Training loss: 1.5973032355308532 | Elapsed time: 106.83928537368774
Epoch: 480 | Training loss: 1.5958522856235504 | Elapsed time: 106.86801218986511
Epoch: 481 | Training loss: 1.595057213306427 | Elapsed time: 106.78726482391357
Epoch: 482 | Training loss: 1.5941188897405352 | Elapsed time: 106.73269367218018
Epoch: 483 | Training loss: 1.5963787189551761 | Elapsed time: 106.86940336227417
Epoch: 484 | Training loss: 1.595213041135243 | Elapsed time: 106.7430489063263
Epoch: 485 | Training loss: 1.5920927609716142 | Elapsed time: 106.88680148124695
Epoch: 486 | Training loss: 1.5902437116418566 | Elapsed time: 106.90856218338013
Epoch: 487 | Training loss: 1.590248863186155 | Elapsed time: 106.84432578086853
Epoch: 488 | Training loss: 1.590336093732289 | Elapsed time: 106.75759482383728
Epoch: 489 | Training loss: 1.5893977803843362 | Elapsed time: 106.83724093437195
Epoch: 490 | Training loss: 1.5916252902575903 | Elapsed time: 106.73502373695374
Epoch: 491 | Training loss: 1.590316526378904 | Elapsed time: 106.87550258636475
Epoch: 492 | Training loss: 1.5855416578905923 | Elapsed time: 106.79845833778381
Epoch: 493 | Training loss: 1.5889503691877638 | Elapsed time: 106.85000920295715
Epoch: 494 | Training loss: 1.5830853470734187 | Elapsed time: 106.81768250465393
Epoch: 495 | Training loss: 1.5878566665308815 | Elapsed time: 106.84393000602722
Epoch: 496 | Training loss: 1.5839868204934255 | Elapsed time: 106.77128171920776
Epoch: 497 | Training loss: 1.583910197871072 | Elapsed time: 106.75730419158936
Epoch: 498 | Training loss: 1.583991562468665 | Elapsed time: 106.76233291625977
Epoch: 499 | Training loss: 1.5795026276792798 | Elapsed time: 106.88272881507874
Epoch: 500 | Training loss: 1.5841101501669204 | Elapsed time: 106.7649450302124
Saving model to: /scratch/eo41/visual-recognition-memory/gpt_finetuned_models/imagenet10_gimel_konkle_nonvehicle_500.pt
Epoch: 501 | Training loss: 1.5835122193608966 | Elapsed time: 106.97554874420166
Epoch: 502 | Training loss: 1.5819464232240403 | Elapsed time: 106.80517935752869
Epoch: 503 | Training loss: 1.5813214353152685 | Elapsed time: 106.74668192863464
Epoch: 504 | Training loss: 1.5827713242598942 | Elapsed time: 106.783198595047
Epoch: 505 | Training loss: 1.5784401110240391 | Elapsed time: 106.88788676261902
Epoch: 506 | Training loss: 1.5800356575420924 | Elapsed time: 106.84102606773376
Epoch: 507 | Training loss: 1.5790888496807642 | Elapsed time: 106.98417377471924
Epoch: 508 | Training loss: 1.5762847721576692 | Elapsed time: 106.75847625732422
Epoch: 509 | Training loss: 1.5716817361967905 | Elapsed time: 106.76144242286682
Epoch: 510 | Training loss: 1.5733919731208257 | Elapsed time: 106.83060216903687
Epoch: 511 | Training loss: 1.5741397329739162 | Elapsed time: 106.72870397567749
Epoch: 512 | Training loss: 1.5716340158666884 | Elapsed time: 106.89509201049805
Epoch: 513 | Training loss: 1.5731294768197195 | Elapsed time: 106.79056215286255
Epoch: 514 | Training loss: 1.573795086145401 | Elapsed time: 106.95446252822876
Epoch: 515 | Training loss: 1.5716359649385725 | Elapsed time: 106.72319316864014
Epoch: 516 | Training loss: 1.572926024879728 | Elapsed time: 106.82276844978333
Epoch: 517 | Training loss: 1.5742669003350394 | Elapsed time: 106.74499320983887
Epoch: 518 | Training loss: 1.5711898497172765 | Elapsed time: 106.70498704910278
Epoch: 519 | Training loss: 1.5678569529737745 | Elapsed time: 106.83975338935852
Epoch: 520 | Training loss: 1.5689468562602997 | Elapsed time: 106.83271265029907
Epoch: 521 | Training loss: 1.5684214328016555 | Elapsed time: 106.8492124080658
Epoch: 522 | Training loss: 1.5681833488600594 | Elapsed time: 106.86986136436462
Epoch: 523 | Training loss: 1.5670228319508688 | Elapsed time: 106.89285826683044
Epoch: 524 | Training loss: 1.5635238017354693 | Elapsed time: 107.03400945663452
Epoch: 525 | Training loss: 1.5638185620307923 | Elapsed time: 106.91686177253723
Epoch: 526 | Training loss: 1.5645292273589544 | Elapsed time: 107.05865049362183
Epoch: 527 | Training loss: 1.5631837742669241 | Elapsed time: 106.95563864707947
Epoch: 528 | Training loss: 1.5646016810621535 | Elapsed time: 106.90980958938599
Epoch: 529 | Training loss: 1.5642859612192426 | Elapsed time: 106.94645285606384
Epoch: 530 | Training loss: 1.5637443576540266 | Elapsed time: 106.9584231376648
Epoch: 531 | Training loss: 1.559729209968022 | Elapsed time: 106.96481490135193
Epoch: 532 | Training loss: 1.56295411501612 | Elapsed time: 106.99600958824158
Epoch: 533 | Training loss: 1.559839356797082 | Elapsed time: 106.96992230415344
Epoch: 534 | Training loss: 1.5586895150797708 | Elapsed time: 106.83753776550293
Epoch: 535 | Training loss: 1.5611899375915528 | Elapsed time: 106.87178015708923
Epoch: 536 | Training loss: 1.5542728185653687 | Elapsed time: 107.05780029296875
Epoch: 537 | Training loss: 1.5589721296514785 | Elapsed time: 106.888108253479
Epoch: 538 | Training loss: 1.5564702817371914 | Elapsed time: 106.88614821434021
Epoch: 539 | Training loss: 1.5571967814649854 | Elapsed time: 106.93101525306702
Epoch: 540 | Training loss: 1.5559190188135419 | Elapsed time: 106.95945262908936
Epoch: 541 | Training loss: 1.5550408814634595 | Elapsed time: 106.87467408180237
Epoch: 542 | Training loss: 1.5511963393007007 | Elapsed time: 106.90201568603516
Epoch: 543 | Training loss: 1.555341087920325 | Elapsed time: 107.09832262992859
Epoch: 544 | Training loss: 1.5556493597371237 | Elapsed time: 106.7466311454773
Epoch: 545 | Training loss: 1.554723494393485 | Elapsed time: 106.76960301399231
Epoch: 546 | Training loss: 1.5533718841416495 | Elapsed time: 106.84507393836975
Epoch: 547 | Training loss: 1.5544670224189758 | Elapsed time: 106.84701943397522
Epoch: 548 | Training loss: 1.5508536994457245 | Elapsed time: 106.8129334449768
Epoch: 549 | Training loss: 1.5525200171130045 | Elapsed time: 106.8466567993164
Epoch: 550 | Training loss: 1.550398805311748 | Elapsed time: 106.74747014045715
Epoch: 551 | Training loss: 1.5493317212377276 | Elapsed time: 106.71099495887756
Epoch: 552 | Training loss: 1.550847635950361 | Elapsed time: 106.82336592674255
Epoch: 553 | Training loss: 1.548954324211393 | Elapsed time: 106.89669108390808
Epoch: 554 | Training loss: 1.5451675619397844 | Elapsed time: 106.81147050857544
Epoch: 555 | Training loss: 1.546728733607701 | Elapsed time: 106.94985580444336
Epoch: 556 | Training loss: 1.5463142216205596 | Elapsed time: 106.941978931427
Epoch: 557 | Training loss: 1.547229848589216 | Elapsed time: 106.79459643363953
Epoch: 558 | Training loss: 1.5443975167615074 | Elapsed time: 106.85499835014343
Epoch: 559 | Training loss: 1.5492127929415023 | Elapsed time: 106.90316867828369
Epoch: 560 | Training loss: 1.5440443813800813 | Elapsed time: 106.99212312698364
Epoch: 561 | Training loss: 1.5392016223498752 | Elapsed time: 106.81496977806091
Epoch: 562 | Training loss: 1.5404870075838906 | Elapsed time: 106.96380496025085
Epoch: 563 | Training loss: 1.541290145260947 | Elapsed time: 106.85430669784546
Epoch: 564 | Training loss: 1.5435251670224326 | Elapsed time: 106.92437243461609
Epoch: 565 | Training loss: 1.5408411068575723 | Elapsed time: 106.86901307106018
Epoch: 566 | Training loss: 1.5403387478419712 | Elapsed time: 106.99528121948242
Epoch: 567 | Training loss: 1.5409279780728475 | Elapsed time: 106.84779834747314
Epoch: 568 | Training loss: 1.5415653305394308 | Elapsed time: 106.87898993492126
Epoch: 569 | Training loss: 1.5399439556258065 | Elapsed time: 106.93122935295105
Epoch: 570 | Training loss: 1.5408950328826905 | Elapsed time: 106.93436193466187
Epoch: 571 | Training loss: 1.5366826713085175 | Elapsed time: 107.00844407081604
Epoch: 572 | Training loss: 1.5378081117357527 | Elapsed time: 106.9343912601471
Epoch: 573 | Training loss: 1.5346444640840804 | Elapsed time: 106.86420464515686
Epoch: 574 | Training loss: 1.5319248957293374 | Elapsed time: 106.94091081619263
Epoch: 575 | Training loss: 1.5396494839872632 | Elapsed time: 106.94325256347656
Epoch: 576 | Training loss: 1.5381575524806976 | Elapsed time: 106.90634512901306
Epoch: 577 | Training loss: 1.5371672059808459 | Elapsed time: 107.04902863502502
Epoch: 578 | Training loss: 1.5369960827486855 | Elapsed time: 106.80800080299377
Epoch: 579 | Training loss: 1.5311383639063154 | Elapsed time: 106.94822359085083
Epoch: 580 | Training loss: 1.5315161100455692 | Elapsed time: 107.06726264953613
Epoch: 581 | Training loss: 1.5310626004423413 | Elapsed time: 106.8852128982544
Epoch: 582 | Training loss: 1.5297759856496538 | Elapsed time: 106.85381746292114
Epoch: 583 | Training loss: 1.533248461995806 | Elapsed time: 107.04378986358643
Epoch: 584 | Training loss: 1.5304861298629215 | Elapsed time: 106.82424974441528
Epoch: 585 | Training loss: 1.5296189512525287 | Elapsed time: 106.87333130836487
Epoch: 586 | Training loss: 1.5327789528029305 | Elapsed time: 106.93860578536987
Epoch: 587 | Training loss: 1.5323466965130397 | Elapsed time: 106.83509993553162
Epoch: 588 | Training loss: 1.5281433616365705 | Elapsed time: 106.806893825531
Epoch: 589 | Training loss: 1.5289882157530104 | Elapsed time: 106.90357232093811
Epoch: 590 | Training loss: 1.526584984574999 | Elapsed time: 106.89951348304749
Epoch: 591 | Training loss: 1.525796593938555 | Elapsed time: 106.98758316040039
Epoch: 592 | Training loss: 1.527173686027527 | Elapsed time: 106.89295506477356
Epoch: 593 | Training loss: 1.5255881692681994 | Elapsed time: 106.87129163742065
Epoch: 594 | Training loss: 1.52500587446349 | Elapsed time: 106.9053213596344
Epoch: 595 | Training loss: 1.5235566675662995 | Elapsed time: 106.9587082862854
Epoch: 596 | Training loss: 1.5221117743424006 | Elapsed time: 106.87903118133545
Epoch: 597 | Training loss: 1.5261402377060482 | Elapsed time: 106.90679430961609
Epoch: 598 | Training loss: 1.5224241963454654 | Elapsed time: 106.97002863883972
Epoch: 599 | Training loss: 1.5251333790166037 | Elapsed time: 106.94694995880127
Epoch: 600 | Training loss: 1.522303284066064 | Elapsed time: 106.96220970153809
Saving model to: /scratch/eo41/visual-recognition-memory/gpt_finetuned_models/imagenet10_gimel_konkle_nonvehicle_600.pt
Epoch: 601 | Training loss: 1.5219167241028377 | Elapsed time: 107.10464072227478
Epoch: 602 | Training loss: 1.5191203577177865 | Elapsed time: 106.94034719467163
Epoch: 603 | Training loss: 1.5211013759885514 | Elapsed time: 106.87389588356018
Epoch: 604 | Training loss: 1.5182000194277083 | Elapsed time: 107.04018449783325
Epoch: 605 | Training loss: 1.519659754208156 | Elapsed time: 106.90689015388489
Epoch: 606 | Training loss: 1.516116691487176 | Elapsed time: 106.96644878387451
Epoch: 607 | Training loss: 1.521022685936519 | Elapsed time: 106.95186567306519
Epoch: 608 | Training loss: 1.5195574487958636 | Elapsed time: 106.89140844345093
Epoch: 609 | Training loss: 1.516158207825252 | Elapsed time: 106.92084980010986
Epoch: 610 | Training loss: 1.5155654174940927 | Elapsed time: 106.8752453327179
Epoch: 611 | Training loss: 1.5166960460799082 | Elapsed time: 106.91578149795532
Epoch: 612 | Training loss: 1.5174728964056288 | Elapsed time: 106.8412811756134
Epoch: 613 | Training loss: 1.5134374925068446 | Elapsed time: 106.82227921485901
Epoch: 614 | Training loss: 1.516039412362235 | Elapsed time: 106.98058938980103
Epoch: 615 | Training loss: 1.5126047219548906 | Elapsed time: 106.85706973075867
Epoch: 616 | Training loss: 1.5171471297740937 | Elapsed time: 106.86271739006042
Epoch: 617 | Training loss: 1.5148809007235935 | Elapsed time: 106.82524561882019
Epoch: 618 | Training loss: 1.5149863072804042 | Elapsed time: 106.84039998054504
Epoch: 619 | Training loss: 1.5159216957432884 | Elapsed time: 106.83706736564636
Epoch: 620 | Training loss: 1.5143138936587743 | Elapsed time: 106.97388315200806
Epoch: 621 | Training loss: 1.5118267365864344 | Elapsed time: 106.8860354423523
Epoch: 622 | Training loss: 1.5111364083630698 | Elapsed time: 106.89245581626892
Epoch: 623 | Training loss: 1.5135770695550101 | Elapsed time: 106.88949489593506
Epoch: 624 | Training loss: 1.5115809806755611 | Elapsed time: 106.81809306144714
Epoch: 625 | Training loss: 1.5064817488193512 | Elapsed time: 106.87663078308105
Epoch: 626 | Training loss: 1.5107887727873666 | Elapsed time: 106.9080605506897
Epoch: 627 | Training loss: 1.509809431859425 | Elapsed time: 106.91506600379944
Epoch: 628 | Training loss: 1.5090990900993346 | Elapsed time: 107.00821948051453
Epoch: 629 | Training loss: 1.5065197442259108 | Elapsed time: 106.84796714782715
Epoch: 630 | Training loss: 1.505970413344247 | Elapsed time: 106.97509098052979
Epoch: 631 | Training loss: 1.5093605254377638 | Elapsed time: 106.89370155334473
Epoch: 632 | Training loss: 1.5062625782830374 | Elapsed time: 106.92263841629028
Epoch: 633 | Training loss: 1.5069451110703604 | Elapsed time: 106.86803460121155
Epoch: 634 | Training loss: 1.5040042962346758 | Elapsed time: 106.92197394371033
Epoch: 635 | Training loss: 1.506010787827628 | Elapsed time: 106.84843182563782
Epoch: 636 | Training loss: 1.505660252911704 | Elapsed time: 106.90605783462524
Epoch: 637 | Training loss: 1.5039824196270535 | Elapsed time: 107.01748895645142
Epoch: 638 | Training loss: 1.503540620633534 | Elapsed time: 106.89644479751587
Epoch: 639 | Training loss: 1.5054697964872632 | Elapsed time: 106.86672520637512
Epoch: 640 | Training loss: 1.5038730663912636 | Elapsed time: 106.86618280410767
Epoch: 641 | Training loss: 1.5029302375657219 | Elapsed time: 106.95316767692566
Epoch: 642 | Training loss: 1.50043494616236 | Elapsed time: 106.99410367012024
Epoch: 643 | Training loss: 1.500795032296862 | Elapsed time: 106.84920263290405
Epoch: 644 | Training loss: 1.501824402809143 | Elapsed time: 106.92785859107971
Epoch: 645 | Training loss: 1.5009597165243966 | Elapsed time: 106.969735622406
Epoch: 646 | Training loss: 1.5003980960164751 | Elapsed time: 106.8336968421936
Epoch: 647 | Training loss: 1.4970859714916773 | Elapsed time: 106.7227623462677
Epoch: 648 | Training loss: 1.500258069378989 | Elapsed time: 106.71390628814697
Epoch: 649 | Training loss: 1.4950828671455383 | Elapsed time: 106.89055299758911
Epoch: 650 | Training loss: 1.4982748423303878 | Elapsed time: 106.75989151000977
Epoch: 651 | Training loss: 1.4979395525796073 | Elapsed time: 106.91439366340637
Epoch: 652 | Training loss: 1.4975095936230252 | Elapsed time: 106.80615210533142
Epoch: 653 | Training loss: 1.4925655450139728 | Elapsed time: 106.77910470962524
Epoch: 654 | Training loss: 1.498285561800003 | Elapsed time: 106.81384754180908
Epoch: 655 | Training loss: 1.4923789518220083 | Elapsed time: 106.8835015296936
Epoch: 656 | Training loss: 1.4943080706255776 | Elapsed time: 106.8098497390747
Epoch: 657 | Training loss: 1.4959557592868804 | Elapsed time: 106.83028817176819
Epoch: 658 | Training loss: 1.491820970603398 | Elapsed time: 106.73857998847961
Epoch: 659 | Training loss: 1.498371739898409 | Elapsed time: 106.86230206489563
Epoch: 660 | Training loss: 1.4903968615191323 | Elapsed time: 106.75646376609802
Epoch: 661 | Training loss: 1.4911236260618483 | Elapsed time: 106.7643392086029
Epoch: 662 | Training loss: 1.4920186979430063 | Elapsed time: 106.73445415496826
Epoch: 663 | Training loss: 1.493885736806052 | Elapsed time: 106.79103684425354
Epoch: 664 | Training loss: 1.4896049857139588 | Elapsed time: 106.87933707237244
Epoch: 665 | Training loss: 1.4896711187703269 | Elapsed time: 106.78908467292786
Epoch: 666 | Training loss: 1.4907171036515916 | Elapsed time: 106.79006338119507
Epoch: 667 | Training loss: 1.4907723145825522 | Elapsed time: 106.79687476158142
Epoch: 668 | Training loss: 1.4890136769839695 | Elapsed time: 106.73432946205139
Epoch: 669 | Training loss: 1.489280972310475 | Elapsed time: 106.90604662895203
Epoch: 670 | Training loss: 1.4897013791969844 | Elapsed time: 106.79634428024292
Epoch: 671 | Training loss: 1.4913620548588888 | Elapsed time: 106.7193386554718
Epoch: 672 | Training loss: 1.4866460689476557 | Elapsed time: 106.75318455696106
Epoch: 673 | Training loss: 1.4895189932414463 | Elapsed time: 106.72266435623169
Epoch: 674 | Training loss: 1.4856440586703163 | Elapsed time: 106.79404497146606
Epoch: 675 | Training loss: 1.484862243277686 | Elapsed time: 106.77246046066284
Epoch: 676 | Training loss: 1.489253010068621 | Elapsed time: 106.73708176612854
Epoch: 677 | Training loss: 1.4812305978366307 | Elapsed time: 106.86697554588318
Epoch: 678 | Training loss: 1.4893253019877843 | Elapsed time: 106.85978651046753
Epoch: 679 | Training loss: 1.4875321677752904 | Elapsed time: 106.78311133384705
Epoch: 680 | Training loss: 1.4841574958392552 | Elapsed time: 106.84228849411011
Epoch: 681 | Training loss: 1.4822385583605084 | Elapsed time: 106.76779651641846
Epoch: 682 | Training loss: 1.4812054540429795 | Elapsed time: 106.77640700340271
Epoch: 683 | Training loss: 1.4814401439258031 | Elapsed time: 106.82181167602539
Epoch: 684 | Training loss: 1.482639936038426 | Elapsed time: 106.74726176261902
Epoch: 685 | Training loss: 1.4819894560745783 | Elapsed time: 106.72327399253845
Epoch: 686 | Training loss: 1.4773445240088872 | Elapsed time: 106.72838616371155
Epoch: 687 | Training loss: 1.4829059209142412 | Elapsed time: 106.74992728233337
Epoch: 688 | Training loss: 1.4789017226014818 | Elapsed time: 106.75139236450195
Epoch: 689 | Training loss: 1.4817659880433764 | Elapsed time: 106.82914447784424
Epoch: 690 | Training loss: 1.480523508787155 | Elapsed time: 106.8533582687378
Epoch: 691 | Training loss: 1.4810787754399435 | Elapsed time: 106.79915285110474
Epoch: 692 | Training loss: 1.4782372755663735 | Elapsed time: 106.9548499584198
Epoch: 693 | Training loss: 1.4783531997885022 | Elapsed time: 106.92476272583008
Epoch: 694 | Training loss: 1.482304117509297 | Elapsed time: 106.83839464187622
Epoch: 695 | Training loss: 1.4776942891733986 | Elapsed time: 106.82269644737244
Epoch: 696 | Training loss: 1.4754319659301214 | Elapsed time: 106.94834804534912
Epoch: 697 | Training loss: 1.473520463705063 | Elapsed time: 106.92715287208557
Epoch: 698 | Training loss: 1.4754089517252786 | Elapsed time: 106.81604337692261
Epoch: 699 | Training loss: 1.4759135620934623 | Elapsed time: 106.80471539497375
Epoch: 700 | Training loss: 1.4769866824150086 | Elapsed time: 106.83778882026672
Saving model to: /scratch/eo41/visual-recognition-memory/gpt_finetuned_models/imagenet10_gimel_konkle_nonvehicle_700.pt
Epoch: 701 | Training loss: 1.4757953635283878 | Elapsed time: 106.86483383178711
Epoch: 702 | Training loss: 1.4760502653462546 | Elapsed time: 106.75275254249573
Epoch: 703 | Training loss: 1.4737897770745414 | Elapsed time: 106.78508853912354
Epoch: 704 | Training loss: 1.4732740342617034 | Elapsed time: 106.7719259262085
Epoch: 705 | Training loss: 1.4738073885440826 | Elapsed time: 106.80414509773254
Epoch: 706 | Training loss: 1.4747111090591976 | Elapsed time: 106.86088252067566
Epoch: 707 | Training loss: 1.472725317307881 | Elapsed time: 106.77469158172607
Epoch: 708 | Training loss: 1.4727045084748949 | Elapsed time: 106.83125066757202
Epoch: 709 | Training loss: 1.4715900037969862 | Elapsed time: 106.85338830947876
Epoch: 710 | Training loss: 1.4708988266331808 | Elapsed time: 106.91595911979675
Epoch: 711 | Training loss: 1.47057523557118 | Elapsed time: 106.795001745224
Epoch: 712 | Training loss: 1.4722652775900704 | Elapsed time: 106.82247471809387
Epoch: 713 | Training loss: 1.471944010257721 | Elapsed time: 106.87036657333374
Epoch: 714 | Training loss: 1.4706208629267556 | Elapsed time: 106.83099508285522
Epoch: 715 | Training loss: 1.4652911186218263 | Elapsed time: 106.7605185508728
Epoch: 716 | Training loss: 1.4681822163718088 | Elapsed time: 106.77864241600037
Epoch: 717 | Training loss: 1.4670866208417075 | Elapsed time: 106.7505419254303
Epoch: 718 | Training loss: 1.4700317987373897 | Elapsed time: 106.8690276145935
Epoch: 719 | Training loss: 1.4684008002281188 | Elapsed time: 106.83337450027466
Epoch: 720 | Training loss: 1.4670488732201712 | Elapsed time: 106.94069957733154
Epoch: 721 | Training loss: 1.4698592662811278 | Elapsed time: 106.91832637786865
Epoch: 722 | Training loss: 1.4659690380096435 | Elapsed time: 106.80226469039917
Epoch: 723 | Training loss: 1.4671121912343161 | Elapsed time: 106.8177056312561
Epoch: 724 | Training loss: 1.466811204808099 | Elapsed time: 106.84491300582886
Epoch: 725 | Training loss: 1.4639266116278513 | Elapsed time: 106.76340079307556
Epoch: 726 | Training loss: 1.4636323750019073 | Elapsed time: 106.89577412605286
Epoch: 727 | Training loss: 1.461371842452458 | Elapsed time: 106.91657900810242
Epoch: 728 | Training loss: 1.461911701304572 | Elapsed time: 106.80263543128967
Epoch: 729 | Training loss: 1.46632798739842 | Elapsed time: 106.86374974250793
Epoch: 730 | Training loss: 1.4625140556267329 | Elapsed time: 106.94495391845703
Epoch: 731 | Training loss: 1.4606085905006954 | Elapsed time: 107.0075535774231
Epoch: 732 | Training loss: 1.462936407327652 | Elapsed time: 107.15625619888306
Epoch: 733 | Training loss: 1.46232071518898 | Elapsed time: 106.9451515674591
Epoch: 734 | Training loss: 1.463198574951717 | Elapsed time: 107.01042628288269
Epoch: 735 | Training loss: 1.4612375336033958 | Elapsed time: 107.07748579978943
Epoch: 736 | Training loss: 1.4633672143731797 | Elapsed time: 106.96621918678284
Epoch: 737 | Training loss: 1.4577785057680948 | Elapsed time: 106.84262466430664
Epoch: 738 | Training loss: 1.4557681483881815 | Elapsed time: 106.87815070152283
Epoch: 739 | Training loss: 1.4579500615596772 | Elapsed time: 106.87868165969849
Epoch: 740 | Training loss: 1.4560293742588588 | Elapsed time: 106.89418292045593
Epoch: 741 | Training loss: 1.4597409972122737 | Elapsed time: 106.93432474136353
Epoch: 742 | Training loss: 1.4597697317600251 | Elapsed time: 107.00054121017456
Epoch: 743 | Training loss: 1.4572557738849095 | Elapsed time: 107.04006123542786
Epoch: 744 | Training loss: 1.460214991228921 | Elapsed time: 106.97258496284485
Epoch: 745 | Training loss: 1.455948782818658 | Elapsed time: 107.03602480888367
Epoch: 746 | Training loss: 1.457694444486073 | Elapsed time: 106.9198226928711
Epoch: 747 | Training loss: 1.456996510710035 | Elapsed time: 106.99085998535156
Epoch: 748 | Training loss: 1.4512426342282976 | Elapsed time: 107.0002989768982
Epoch: 749 | Training loss: 1.4573638941560472 | Elapsed time: 106.87121272087097
Epoch: 750 | Training loss: 1.457507107939039 | Elapsed time: 106.94034552574158
Epoch: 751 | Training loss: 1.453517870392118 | Elapsed time: 107.08902525901794
Epoch: 752 | Training loss: 1.452879534448896 | Elapsed time: 106.98131275177002
Epoch: 753 | Training loss: 1.4551984880651747 | Elapsed time: 106.79325079917908
Epoch: 754 | Training loss: 1.4545701350484574 | Elapsed time: 106.82044172286987
Epoch: 755 | Training loss: 1.451711014338902 | Elapsed time: 106.90735983848572
Epoch: 756 | Training loss: 1.4484951615333557 | Elapsed time: 107.15217232704163
Epoch: 757 | Training loss: 1.4505968391895294 | Elapsed time: 106.91556143760681
Epoch: 758 | Training loss: 1.4530224902289255 | Elapsed time: 106.90849137306213
Epoch: 759 | Training loss: 1.4534968427249364 | Elapsed time: 106.7789056301117
Epoch: 760 | Training loss: 1.4492373296192713 | Elapsed time: 106.8139238357544
Epoch: 761 | Training loss: 1.4485774338245392 | Elapsed time: 106.96532225608826
Epoch: 762 | Training loss: 1.4517135398728507 | Elapsed time: 106.85274052619934
Epoch: 763 | Training loss: 1.4483907776219505 | Elapsed time: 107.07360744476318
Epoch: 764 | Training loss: 1.4483390126909528 | Elapsed time: 106.85805368423462
Epoch: 765 | Training loss: 1.4518733552524021 | Elapsed time: 106.88624334335327
Epoch: 766 | Training loss: 1.4482635515076774 | Elapsed time: 107.02087831497192
Epoch: 767 | Training loss: 1.4459318850721632 | Elapsed time: 106.86380553245544
Epoch: 768 | Training loss: 1.4487791998045785 | Elapsed time: 106.95300889015198
Epoch: 769 | Training loss: 1.4455180389540536 | Elapsed time: 106.85983633995056
Epoch: 770 | Training loss: 1.4471089499337333 | Elapsed time: 106.93352437019348
Epoch: 771 | Training loss: 1.4444290161132813 | Elapsed time: 106.7357428073883
Epoch: 772 | Training loss: 1.4438238731452397 | Elapsed time: 106.96831130981445
Epoch: 773 | Training loss: 1.4460285118647984 | Elapsed time: 106.77986860275269
Epoch: 774 | Training loss: 1.4468357622623444 | Elapsed time: 106.82245349884033
Epoch: 775 | Training loss: 1.447139354263033 | Elapsed time: 106.7625412940979
Epoch: 776 | Training loss: 1.4451652254377092 | Elapsed time: 106.80638909339905
Epoch: 777 | Training loss: 1.4469378454344612 | Elapsed time: 106.90203738212585
Epoch: 778 | Training loss: 1.4439900883606502 | Elapsed time: 106.95213460922241
Epoch: 779 | Training loss: 1.4408392480441503 | Elapsed time: 106.79540657997131
Epoch: 780 | Training loss: 1.447280831847872 | Elapsed time: 106.8379213809967
Epoch: 781 | Training loss: 1.4434912502765656 | Elapsed time: 106.83243703842163
Epoch: 782 | Training loss: 1.4420862376689911 | Elapsed time: 106.84475374221802
Epoch: 783 | Training loss: 1.4415764451026916 | Elapsed time: 106.76174926757812
Epoch: 784 | Training loss: 1.4421770547117505 | Elapsed time: 106.73016428947449
Epoch: 785 | Training loss: 1.4417956675801957 | Elapsed time: 106.96328234672546
Epoch: 786 | Training loss: 1.4416491610663278 | Elapsed time: 106.83559966087341
Epoch: 787 | Training loss: 1.4390251346996852 | Elapsed time: 106.83300495147705
Epoch: 788 | Training loss: 1.4417748613016945 | Elapsed time: 106.94122695922852
Epoch: 789 | Training loss: 1.4428130413804736 | Elapsed time: 106.78866267204285
Epoch: 790 | Training loss: 1.4395884258406504 | Elapsed time: 106.86580181121826
Epoch: 791 | Training loss: 1.4379818873746055 | Elapsed time: 106.83145952224731
Epoch: 792 | Training loss: 1.438994768687657 | Elapsed time: 106.74691867828369
Epoch: 793 | Training loss: 1.434436363833291 | Elapsed time: 106.79288339614868
Epoch: 794 | Training loss: 1.4414012951510293 | Elapsed time: 106.7657482624054
Epoch: 795 | Training loss: 1.4376979112625121 | Elapsed time: 106.91416144371033
Epoch: 796 | Training loss: 1.4367157016481673 | Elapsed time: 106.72637104988098
Epoch: 797 | Training loss: 1.437533108677183 | Elapsed time: 106.75794577598572
Epoch: 798 | Training loss: 1.4404634501252855 | Elapsed time: 106.81796598434448
Epoch: 799 | Training loss: 1.4355656010763986 | Elapsed time: 106.81720471382141
Epoch: 800 | Training loss: 1.4386384734085629 | Elapsed time: 106.97978711128235
Saving model to: /scratch/eo41/visual-recognition-memory/gpt_finetuned_models/imagenet10_gimel_konkle_nonvehicle_800.pt
Epoch: 801 | Training loss: 1.4326428856168474 | Elapsed time: 107.03570079803467
Epoch: 802 | Training loss: 1.4336394224848066 | Elapsed time: 106.78279089927673
Epoch: 803 | Training loss: 1.435953950030463 | Elapsed time: 106.83819460868835
Epoch: 804 | Training loss: 1.4360225089958736 | Elapsed time: 106.87434697151184
Epoch: 805 | Training loss: 1.4354127739156997 | Elapsed time: 106.77732014656067
Epoch: 806 | Training loss: 1.4332750269344874 | Elapsed time: 106.72747540473938
Epoch: 807 | Training loss: 1.4298825877053396 | Elapsed time: 106.90007042884827
Epoch: 808 | Training loss: 1.4327741009848458 | Elapsed time: 106.81275606155396
Epoch: 809 | Training loss: 1.4341261386871338 | Elapsed time: 106.8103187084198
Epoch: 810 | Training loss: 1.42983575292996 | Elapsed time: 106.81988620758057
Epoch: 811 | Training loss: 1.4330711586134774 | Elapsed time: 106.9370985031128
Epoch: 812 | Training loss: 1.4296586087771825 | Elapsed time: 106.83565831184387
Epoch: 813 | Training loss: 1.4287200519016812 | Elapsed time: 106.82613706588745
Epoch: 814 | Training loss: 1.430288632426943 | Elapsed time: 106.90829062461853
Epoch: 815 | Training loss: 1.431359807082585 | Elapsed time: 106.79730677604675
Epoch: 816 | Training loss: 1.4300842566149576 | Elapsed time: 106.77263307571411
Epoch: 817 | Training loss: 1.4306980967521667 | Elapsed time: 106.84903645515442
Epoch: 818 | Training loss: 1.4272140494414738 | Elapsed time: 106.81837296485901
Epoch: 819 | Training loss: 1.4276921084948948 | Elapsed time: 106.86359548568726
Epoch: 820 | Training loss: 1.428377445255007 | Elapsed time: 106.89702463150024
Epoch: 821 | Training loss: 1.4288179389068059 | Elapsed time: 106.80919051170349
Epoch: 822 | Training loss: 1.4256586815629686 | Elapsed time: 106.84184765815735
Epoch: 823 | Training loss: 1.4294812193938664 | Elapsed time: 106.91687822341919
Epoch: 824 | Training loss: 1.4281935674803599 | Elapsed time: 106.81065368652344
Epoch: 825 | Training loss: 1.4258687964507513 | Elapsed time: 106.79348921775818
Epoch: 826 | Training loss: 1.4252871087619237 | Elapsed time: 106.80046772956848
Epoch: 827 | Training loss: 1.4260259321757724 | Elapsed time: 106.7376618385315
Epoch: 828 | Training loss: 1.4244958817958833 | Elapsed time: 106.75800442695618
Epoch: 829 | Training loss: 1.4240697017737798 | Elapsed time: 106.73151683807373
Epoch: 830 | Training loss: 1.4240207544394903 | Elapsed time: 106.77840900421143
Epoch: 831 | Training loss: 1.4238057443073817 | Elapsed time: 106.72736310958862
Epoch: 832 | Training loss: 1.4230649292469024 | Elapsed time: 106.84402298927307
Epoch: 833 | Training loss: 1.4248405635356902 | Elapsed time: 106.73857355117798
Epoch: 834 | Training loss: 1.4217222026416234 | Elapsed time: 106.76283192634583
Epoch: 835 | Training loss: 1.4236085270132337 | Elapsed time: 106.79724049568176
Epoch: 836 | Training loss: 1.4245139377457754 | Elapsed time: 106.77371549606323
Epoch: 837 | Training loss: 1.4217036604881286 | Elapsed time: 106.82347846031189
Epoch: 838 | Training loss: 1.4236485200268882 | Elapsed time: 106.76920056343079
Epoch: 839 | Training loss: 1.4224327172551836 | Elapsed time: 106.9654130935669
Epoch: 840 | Training loss: 1.4219709447452 | Elapsed time: 106.90642976760864
Epoch: 841 | Training loss: 1.4225566702229635 | Elapsed time: 106.74925518035889
Epoch: 842 | Training loss: 1.4176412514277867 | Elapsed time: 106.87212586402893
Epoch: 843 | Training loss: 1.418084649528776 | Elapsed time: 106.89523696899414
Epoch: 844 | Training loss: 1.422171242747988 | Elapsed time: 106.81232738494873
Epoch: 845 | Training loss: 1.420639625617436 | Elapsed time: 106.9765841960907
Epoch: 846 | Training loss: 1.420798590353557 | Elapsed time: 106.72322416305542
Epoch: 847 | Training loss: 1.4205448269844054 | Elapsed time: 106.85456109046936
Epoch: 848 | Training loss: 1.4145846256187984 | Elapsed time: 106.93940997123718
Epoch: 849 | Training loss: 1.4168323218822478 | Elapsed time: 106.81664538383484
Epoch: 850 | Training loss: 1.4146261394023896 | Elapsed time: 106.75648951530457
Epoch: 851 | Training loss: 1.4181265805448804 | Elapsed time: 106.95327425003052
Epoch: 852 | Training loss: 1.4162838535649436 | Elapsed time: 106.92863440513611
Epoch: 853 | Training loss: 1.4189913042954037 | Elapsed time: 106.73449063301086
Epoch: 854 | Training loss: 1.4171768154416766 | Elapsed time: 106.7624123096466
Epoch: 855 | Training loss: 1.4183086020605904 | Elapsed time: 106.77558732032776
Epoch: 856 | Training loss: 1.414981654712132 | Elapsed time: 106.85337257385254
Epoch: 857 | Training loss: 1.4115956962108611 | Elapsed time: 106.81686162948608
Epoch: 858 | Training loss: 1.4175995102950505 | Elapsed time: 106.85029768943787
Epoch: 859 | Training loss: 1.4153599040848868 | Elapsed time: 106.7562780380249
Epoch: 860 | Training loss: 1.4156485523496356 | Elapsed time: 106.77280354499817
Epoch: 861 | Training loss: 1.412261460508619 | Elapsed time: 106.82658648490906
Epoch: 862 | Training loss: 1.4149894833564758 | Elapsed time: 106.74866461753845
Epoch: 863 | Training loss: 1.4108539376940046 | Elapsed time: 106.80339550971985
Epoch: 864 | Training loss: 1.4113113522529601 | Elapsed time: 106.84743738174438
Epoch: 865 | Training loss: 1.4128191496644702 | Elapsed time: 106.77092576026917
Epoch: 866 | Training loss: 1.4119343263762338 | Elapsed time: 106.82785201072693
Epoch: 867 | Training loss: 1.4161004790237972 | Elapsed time: 106.94955849647522
Epoch: 868 | Training loss: 1.4131876707077027 | Elapsed time: 106.88538336753845
Epoch: 869 | Training loss: 1.4141603316579545 | Elapsed time: 106.78042268753052
Epoch: 870 | Training loss: 1.4118645574365343 | Elapsed time: 106.83631944656372
Epoch: 871 | Training loss: 1.4093792225633348 | Elapsed time: 106.88401389122009
Epoch: 872 | Training loss: 1.410770045007978 | Elapsed time: 106.86116886138916
Epoch: 873 | Training loss: 1.4125701044287 | Elapsed time: 106.90522003173828
Epoch: 874 | Training loss: 1.4091472438403538 | Elapsed time: 106.81754112243652
Epoch: 875 | Training loss: 1.407424190214702 | Elapsed time: 106.75907230377197
Epoch: 876 | Training loss: 1.4116609105042048 | Elapsed time: 106.7800190448761
Epoch: 877 | Training loss: 1.4103727919714792 | Elapsed time: 106.79839730262756
Epoch: 878 | Training loss: 1.4103474029472896 | Elapsed time: 106.8880386352539
Epoch: 879 | Training loss: 1.4073370890957968 | Elapsed time: 106.73174214363098
Epoch: 880 | Training loss: 1.4067531883716584 | Elapsed time: 106.90528464317322
Epoch: 881 | Training loss: 1.4106807487351554 | Elapsed time: 107.00867295265198
Epoch: 882 | Training loss: 1.4086427518299647 | Elapsed time: 106.79206442832947
Epoch: 883 | Training loss: 1.4051401317119598 | Elapsed time: 106.93038868904114
Epoch: 884 | Training loss: 1.406584769487381 | Elapsed time: 106.78139328956604
Epoch: 885 | Training loss: 1.4066787574972426 | Elapsed time: 106.71872615814209
Epoch: 886 | Training loss: 1.4065531390053885 | Elapsed time: 106.77469182014465
Epoch: 887 | Training loss: 1.4084226029259819 | Elapsed time: 106.717609167099
Epoch: 888 | Training loss: 1.4065062437738691 | Elapsed time: 106.82165551185608
Epoch: 889 | Training loss: 1.4069310767310006 | Elapsed time: 106.80932474136353
Epoch: 890 | Training loss: 1.4013063745839256 | Elapsed time: 106.79433226585388
Epoch: 891 | Training loss: 1.4052232665675026 | Elapsed time: 106.81865310668945
Epoch: 892 | Training loss: 1.4053463859217508 | Elapsed time: 106.96365737915039
Epoch: 893 | Training loss: 1.4043918005057743 | Elapsed time: 106.9238212108612
Epoch: 894 | Training loss: 1.4070479444095068 | Elapsed time: 106.73924422264099
Epoch: 895 | Training loss: 1.4029000980513437 | Elapsed time: 106.81633377075195
Epoch: 896 | Training loss: 1.4018790977341788 | Elapsed time: 106.85878825187683
Epoch: 897 | Training loss: 1.4071489564010076 | Elapsed time: 106.75064945220947
Epoch: 898 | Training loss: 1.403994973216738 | Elapsed time: 106.83655333518982
Epoch: 899 | Training loss: 1.4014817050525121 | Elapsed time: 106.91555738449097
Epoch: 900 | Training loss: 1.403376854317529 | Elapsed time: 106.73486876487732
Saving model to: /scratch/eo41/visual-recognition-memory/gpt_finetuned_models/imagenet10_gimel_konkle_nonvehicle_900.pt
Epoch: 901 | Training loss: 1.404961426768984 | Elapsed time: 106.80431127548218
Epoch: 902 | Training loss: 1.4005562611988613 | Elapsed time: 106.94229865074158
Epoch: 903 | Training loss: 1.4023913409028734 | Elapsed time: 106.81417512893677
Epoch: 904 | Training loss: 1.4006224759987422 | Elapsed time: 106.82293057441711
Epoch: 905 | Training loss: 1.4016748632703508 | Elapsed time: 106.83834266662598
Epoch: 906 | Training loss: 1.4021920987537928 | Elapsed time: 106.96261501312256
Epoch: 907 | Training loss: 1.3978315549237388 | Elapsed time: 106.80917549133301
Epoch: 908 | Training loss: 1.3983361993517194 | Elapsed time: 106.84872031211853
Epoch: 909 | Training loss: 1.3991047118391309 | Elapsed time: 106.7664852142334
Epoch: 910 | Training loss: 1.3960363813808987 | Elapsed time: 106.81816482543945
Epoch: 911 | Training loss: 1.3989716691630227 | Elapsed time: 106.9716477394104
Epoch: 912 | Training loss: 1.3972710532801491 | Elapsed time: 106.85335493087769
Epoch: 913 | Training loss: 1.3973668668951307 | Elapsed time: 106.953777551651
Epoch: 914 | Training loss: 1.398203351667949 | Elapsed time: 106.7902443408966
Epoch: 915 | Training loss: 1.3956315015043532 | Elapsed time: 106.96075415611267
Epoch: 916 | Training loss: 1.3979637716497695 | Elapsed time: 106.788325548172
Epoch: 917 | Training loss: 1.3972269083772386 | Elapsed time: 106.86045837402344
Epoch: 918 | Training loss: 1.3981907648699625 | Elapsed time: 106.80310416221619
Epoch: 919 | Training loss: 1.3962169332163674 | Elapsed time: 106.92490434646606
Epoch: 920 | Training loss: 1.3941568987710136 | Elapsed time: 106.7639102935791
Epoch: 921 | Training loss: 1.39605781180518 | Elapsed time: 106.74984002113342
Epoch: 922 | Training loss: 1.3937888818127768 | Elapsed time: 106.79489040374756
Epoch: 923 | Training loss: 1.3956082599503654 | Elapsed time: 106.88686203956604
Epoch: 924 | Training loss: 1.391098781994411 | Elapsed time: 106.8609709739685
Epoch: 925 | Training loss: 1.394503080844879 | Elapsed time: 106.74642419815063
Epoch: 926 | Training loss: 1.3960633533341544 | Elapsed time: 106.9837703704834
Epoch: 927 | Training loss: 1.3917002890791212 | Elapsed time: 106.79433703422546
Epoch: 928 | Training loss: 1.3935344236237661 | Elapsed time: 106.73867011070251
Epoch: 929 | Training loss: 1.3942393515791212 | Elapsed time: 106.81279015541077
Epoch: 930 | Training loss: 1.3956280027117047 | Elapsed time: 106.77090167999268
Epoch: 931 | Training loss: 1.394565806218556 | Elapsed time: 106.98052382469177
Epoch: 932 | Training loss: 1.3884056738444737 | Elapsed time: 106.9102692604065
Epoch: 933 | Training loss: 1.3929374481950487 | Elapsed time: 106.89355731010437
Epoch: 934 | Training loss: 1.3933891645499639 | Elapsed time: 106.87097764015198
Epoch: 935 | Training loss: 1.3915367688451494 | Elapsed time: 106.82142543792725
Epoch: 936 | Training loss: 1.3893399706908636 | Elapsed time: 106.7482042312622
Epoch: 937 | Training loss: 1.389638249363218 | Elapsed time: 106.72421455383301
Epoch: 938 | Training loss: 1.3887275568076543 | Elapsed time: 106.77592420578003
Epoch: 939 | Training loss: 1.3903403759002686 | Elapsed time: 106.86459231376648
Epoch: 940 | Training loss: 1.3864399807793752 | Elapsed time: 106.89683651924133
Epoch: 941 | Training loss: 1.389899057149887 | Elapsed time: 106.87456226348877
Epoch: 942 | Training loss: 1.3900642318384988 | Elapsed time: 106.80922842025757
Epoch: 943 | Training loss: 1.3881081555570876 | Elapsed time: 106.77950191497803
Epoch: 944 | Training loss: 1.384672028677804 | Elapsed time: 106.85637354850769
Epoch: 945 | Training loss: 1.3876858353614807 | Elapsed time: 106.7627592086792
Epoch: 946 | Training loss: 1.389992025068828 | Elapsed time: 106.80904054641724
Epoch: 947 | Training loss: 1.3870412511484964 | Elapsed time: 106.97787475585938
Epoch: 948 | Training loss: 1.387723662172045 | Elapsed time: 106.89999413490295
Epoch: 949 | Training loss: 1.3879816046782902 | Elapsed time: 106.96729016304016
Epoch: 950 | Training loss: 1.382597575868879 | Elapsed time: 106.71549391746521
Epoch: 951 | Training loss: 1.3865647571427482 | Elapsed time: 106.77023577690125
Epoch: 952 | Training loss: 1.386738533633096 | Elapsed time: 106.82516765594482
Epoch: 953 | Training loss: 1.38461817077228 | Elapsed time: 106.99339079856873
Epoch: 954 | Training loss: 1.383276596239635 | Elapsed time: 106.99589490890503
Epoch: 955 | Training loss: 1.3870705357619695 | Elapsed time: 106.82225465774536
Epoch: 956 | Training loss: 1.38527410030365 | Elapsed time: 106.92466497421265
Epoch: 957 | Training loss: 1.3853886451039996 | Elapsed time: 106.74199056625366
Epoch: 958 | Training loss: 1.3834107467106411 | Elapsed time: 106.89151644706726
Epoch: 959 | Training loss: 1.3829486795834132 | Elapsed time: 106.82251477241516
Epoch: 960 | Training loss: 1.3837125037397657 | Elapsed time: 106.80239224433899
Epoch: 961 | Training loss: 1.3834880692618234 | Elapsed time: 106.9319224357605
Epoch: 962 | Training loss: 1.3845506523336684 | Elapsed time: 106.87790489196777
Epoch: 963 | Training loss: 1.3823576501437596 | Elapsed time: 106.8196530342102
Epoch: 964 | Training loss: 1.3862535102026803 | Elapsed time: 106.9222583770752
Epoch: 965 | Training loss: 1.3839353731700352 | Elapsed time: 106.85488557815552
Epoch: 966 | Training loss: 1.3843435304505485 | Elapsed time: 106.96153688430786
Epoch: 967 | Training loss: 1.379563409941537 | Elapsed time: 106.9711561203003
Epoch: 968 | Training loss: 1.3816040345600673 | Elapsed time: 106.80788779258728
Epoch: 969 | Training loss: 1.382304414681026 | Elapsed time: 106.78085923194885
Epoch: 970 | Training loss: 1.3831033408641815 | Elapsed time: 106.82553815841675
Epoch: 971 | Training loss: 1.379803717136383 | Elapsed time: 106.82023572921753
Epoch: 972 | Training loss: 1.379392614534923 | Elapsed time: 106.76648807525635
Epoch: 973 | Training loss: 1.3803571454116277 | Elapsed time: 106.90745282173157
Epoch: 974 | Training loss: 1.3770733714103698 | Elapsed time: 106.81291031837463
Epoch: 975 | Training loss: 1.3804596364498138 | Elapsed time: 107.02717638015747
Epoch: 976 | Training loss: 1.3812008449009487 | Elapsed time: 106.94431281089783
Epoch: 977 | Training loss: 1.376287865638733 | Elapsed time: 106.84576201438904
Epoch: 978 | Training loss: 1.3791278515543257 | Elapsed time: 107.06862759590149
Epoch: 979 | Training loss: 1.3806455569607872 | Elapsed time: 106.91200876235962
Epoch: 980 | Training loss: 1.3770459149565015 | Elapsed time: 106.83458590507507
Epoch: 981 | Training loss: 1.3805033734866552 | Elapsed time: 106.83761167526245
Epoch: 982 | Training loss: 1.373963988678796 | Elapsed time: 106.85647630691528
Epoch: 983 | Training loss: 1.3797957071236202 | Elapsed time: 106.81374931335449
Epoch: 984 | Training loss: 1.376496193238667 | Elapsed time: 106.75275373458862
Epoch: 985 | Training loss: 1.3780078990118845 | Elapsed time: 106.93958497047424
Epoch: 986 | Training loss: 1.3759842378752571 | Elapsed time: 107.03786277770996
Epoch: 987 | Training loss: 1.3783645348889486 | Elapsed time: 107.09906315803528
Epoch: 988 | Training loss: 1.372736119372504 | Elapsed time: 107.04622507095337
Epoch: 989 | Training loss: 1.3779403933456966 | Elapsed time: 107.05989122390747
Epoch: 990 | Training loss: 1.3789201097829 | Elapsed time: 106.8294038772583
Epoch: 991 | Training loss: 1.3711123194013324 | Elapsed time: 106.82330584526062
Epoch: 992 | Training loss: 1.37081395643098 | Elapsed time: 106.78719806671143
Epoch: 993 | Training loss: 1.373493582861764 | Elapsed time: 106.77021193504333
Epoch: 994 | Training loss: 1.370993081160954 | Elapsed time: 106.76084017753601
Epoch: 995 | Training loss: 1.3738770076206752 | Elapsed time: 106.89317274093628
Epoch: 996 | Training loss: 1.375004026719502 | Elapsed time: 106.89994668960571
Epoch: 997 | Training loss: 1.374823534488678 | Elapsed time: 106.8973343372345
Epoch: 998 | Training loss: 1.3732586426394326 | Elapsed time: 106.82598280906677
Epoch: 999 | Training loss: 1.3721488424709865 | Elapsed time: 106.86042261123657
Done
