Namespace(batch_size=32, block_size=255, data_path='/vast/eo41/data/konkle_ood/vehicle_vs_nonvehicle/nonvehicle', dist_backend='nccl', dist_url='env://', epochs=1000, gpt_config='GPT_gimel', gpu=None, local_rank=-1, lr=0.0003, num_workers=16, optimizer='Adam', rank=-1, resume='/scratch/eo41/visual-recognition-memory/gpt_pretrained_models/imagenet_1_gimel.pt', save_dir='/scratch/eo41/visual-recognition-memory/gpt_finetuned_models', save_freq=100, save_prefix='imagenet1_gimel_konkle_nonvehicle', seed=0, subsample=1.0, vocab_size=16384, vqconfig_path='/scratch/eo41/visual-recognition-memory/vqgan_pretrained_models/imagenet_16x16_16384.yaml', vqmodel_path='/scratch/eo41/visual-recognition-memory/vqgan_pretrained_models/imagenet_16x16_16384.ckpt', world_size=-1)
model:
  base_learning_rate: 4.5e-06
  params:
    ddconfig:
      attn_resolutions:
      - 16
      ch: 128
      ch_mult:
      - 1
      - 1
      - 2
      - 2
      - 4
      double_z: false
      dropout: 0.0
      in_channels: 3
      num_res_blocks: 2
      out_ch: 3
      resolution: 256
      z_channels: 256
    embed_dim: 256
    lossconfig:
      params:
        codebook_weight: 1.0
        disc_conditional: false
        disc_in_channels: 3
        disc_num_layers: 2
        disc_start: 0
        disc_weight: 0.75
      target: vqloss.VQLPIPSWithDiscriminator
    monitor: val/rec_loss
    n_embed: 16384
  target: vqmodel.VQModel

Working with z of shape (1, 256, 16, 16) = 65536 dimensions.
loaded pretrained LPIPS loss from taming/modules/autoencoder/lpips/vgg.pth
VQLPIPSWithDiscriminator running with hinge loss.
Loaded VQ encoder.
Data loaded: dataset contains 4462 images, and takes 140 training iterations per epoch.
Number of parameters: 750659840
Running on 1 GPUs total
=> loaded model weights and optimizer state at checkpoint '/scratch/eo41/visual-recognition-memory/gpt_pretrained_models/imagenet_1_gimel.pt'
/scratch/eo41/miniconda3/lib/python3.7/site-packages/torch/nn/_reduction.py:42: UserWarning: size_average and reduce args will be deprecated, please use reduction='none' instead.
  warnings.warn(warning.format(ret))
Epoch: 0 | Training loss: 4.168616087096078 | Elapsed time: 114.88417744636536
Saving model to: /scratch/eo41/visual-recognition-memory/gpt_finetuned_models/imagenet1_gimel_konkle_nonvehicle_0.pt
Epoch: 1 | Training loss: 3.942191469669342 | Elapsed time: 106.93512606620789
Epoch: 2 | Training loss: 3.8727793625422886 | Elapsed time: 106.94683313369751
Epoch: 3 | Training loss: 3.8133396676608493 | Elapsed time: 106.84467363357544
Epoch: 4 | Training loss: 3.758293126310621 | Elapsed time: 106.968745470047
Epoch: 5 | Training loss: 3.69287063734872 | Elapsed time: 106.78890752792358
Epoch: 6 | Training loss: 3.630661715779986 | Elapsed time: 106.88489389419556
Epoch: 7 | Training loss: 3.558911796978542 | Elapsed time: 106.8557436466217
Epoch: 8 | Training loss: 3.489573209626334 | Elapsed time: 106.86252927780151
Epoch: 9 | Training loss: 3.4161703416279385 | Elapsed time: 106.96663856506348
Epoch: 10 | Training loss: 3.3519685779299055 | Elapsed time: 106.9126546382904
Epoch: 11 | Training loss: 3.2731407063347953 | Elapsed time: 106.8514301776886
Epoch: 12 | Training loss: 3.2136731948171344 | Elapsed time: 106.8218765258789
Epoch: 13 | Training loss: 3.152833914756775 | Elapsed time: 106.8412356376648
Epoch: 14 | Training loss: 3.1008114763668604 | Elapsed time: 106.88434171676636
Epoch: 15 | Training loss: 3.0536714230264934 | Elapsed time: 106.79146766662598
Epoch: 16 | Training loss: 2.9999091488974434 | Elapsed time: 106.9197006225586
Epoch: 17 | Training loss: 2.957540047168732 | Elapsed time: 106.86149406433105
Epoch: 18 | Training loss: 2.9119779774120875 | Elapsed time: 106.9301962852478
Epoch: 19 | Training loss: 2.8743454234940664 | Elapsed time: 106.90281677246094
Epoch: 20 | Training loss: 2.83872195822852 | Elapsed time: 106.82017230987549
Epoch: 21 | Training loss: 2.8005847777639117 | Elapsed time: 106.87315511703491
Epoch: 22 | Training loss: 2.7699880702154975 | Elapsed time: 106.89038109779358
Epoch: 23 | Training loss: 2.7380037988935197 | Elapsed time: 107.03792262077332
Epoch: 24 | Training loss: 2.713406259672982 | Elapsed time: 106.85396981239319
Epoch: 25 | Training loss: 2.680186418124608 | Elapsed time: 106.93327164649963
Epoch: 26 | Training loss: 2.6619853581701007 | Elapsed time: 106.99185061454773
Epoch: 27 | Training loss: 2.6333140798977444 | Elapsed time: 106.80069231987
Epoch: 28 | Training loss: 2.6113748925072806 | Elapsed time: 106.89727640151978
Epoch: 29 | Training loss: 2.5868822761944363 | Elapsed time: 106.86074709892273
Epoch: 30 | Training loss: 2.567375361919403 | Elapsed time: 106.82126021385193
Epoch: 31 | Training loss: 2.5480389033045086 | Elapsed time: 106.96468734741211
Epoch: 32 | Training loss: 2.527163505554199 | Elapsed time: 106.89813423156738
Epoch: 33 | Training loss: 2.514159073148455 | Elapsed time: 106.91667532920837
Epoch: 34 | Training loss: 2.4967358691351755 | Elapsed time: 106.88287329673767
Epoch: 35 | Training loss: 2.476644718647003 | Elapsed time: 106.7874402999878
Epoch: 36 | Training loss: 2.46211108480181 | Elapsed time: 106.91883301734924
Epoch: 37 | Training loss: 2.440249790464129 | Elapsed time: 106.95344090461731
Epoch: 38 | Training loss: 2.42765200819288 | Elapsed time: 106.91888880729675
Epoch: 39 | Training loss: 2.415509980065482 | Elapsed time: 106.94706225395203
Epoch: 40 | Training loss: 2.399106448037284 | Elapsed time: 106.99574732780457
Epoch: 41 | Training loss: 2.3891022426741464 | Elapsed time: 106.8164427280426
Epoch: 42 | Training loss: 2.3683085680007934 | Elapsed time: 106.8464834690094
Epoch: 43 | Training loss: 2.3578291620526994 | Elapsed time: 106.9016535282135
Epoch: 44 | Training loss: 2.3546000378472463 | Elapsed time: 106.78166079521179
Epoch: 45 | Training loss: 2.3351980430739268 | Elapsed time: 106.81985354423523
Epoch: 46 | Training loss: 2.3231577226093836 | Elapsed time: 106.77634954452515
Epoch: 47 | Training loss: 2.3147856959274837 | Elapsed time: 106.98988509178162
Epoch: 48 | Training loss: 2.3026271224021913 | Elapsed time: 106.80382990837097
Epoch: 49 | Training loss: 2.29065985253879 | Elapsed time: 106.91871976852417
Epoch: 50 | Training loss: 2.289471825531551 | Elapsed time: 106.97625541687012
Epoch: 51 | Training loss: 2.2767034428460255 | Elapsed time: 106.84661078453064
Epoch: 52 | Training loss: 2.262064425434385 | Elapsed time: 106.94038152694702
Epoch: 53 | Training loss: 2.2552500230925423 | Elapsed time: 106.87707543373108
Epoch: 54 | Training loss: 2.2473949483462743 | Elapsed time: 106.87887763977051
Epoch: 55 | Training loss: 2.2323855306421008 | Elapsed time: 106.86035251617432
Epoch: 56 | Training loss: 2.226445359843118 | Elapsed time: 106.91539216041565
Epoch: 57 | Training loss: 2.2150877833366396 | Elapsed time: 106.95486855506897
Epoch: 58 | Training loss: 2.2101317984717235 | Elapsed time: 106.81056618690491
Epoch: 59 | Training loss: 2.2003193599837165 | Elapsed time: 106.95601749420166
Epoch: 60 | Training loss: 2.192504589046751 | Elapsed time: 106.80560064315796
Epoch: 61 | Training loss: 2.1845157027244566 | Elapsed time: 106.90070009231567
Epoch: 62 | Training loss: 2.1817651893411365 | Elapsed time: 106.97550296783447
Epoch: 63 | Training loss: 2.171879815203803 | Elapsed time: 106.93592596054077
Epoch: 64 | Training loss: 2.1661648656640735 | Elapsed time: 106.91047859191895
Epoch: 65 | Training loss: 2.154027408361435 | Elapsed time: 106.84448099136353
Epoch: 66 | Training loss: 2.1514601613794055 | Elapsed time: 106.9611804485321
Epoch: 67 | Training loss: 2.142272049188614 | Elapsed time: 106.79703903198242
Epoch: 68 | Training loss: 2.1373024352959225 | Elapsed time: 106.82442665100098
Epoch: 69 | Training loss: 2.1322531725679124 | Elapsed time: 106.91784048080444
Epoch: 70 | Training loss: 2.1146701284817286 | Elapsed time: 106.8274438381195
Epoch: 71 | Training loss: 2.117102747304099 | Elapsed time: 106.82475280761719
Epoch: 72 | Training loss: 2.109985509940556 | Elapsed time: 106.94973826408386
Epoch: 73 | Training loss: 2.1010264447757176 | Elapsed time: 106.8269944190979
Epoch: 74 | Training loss: 2.1015538573265076 | Elapsed time: 106.8462905883789
Epoch: 75 | Training loss: 2.089381606238229 | Elapsed time: 106.94099998474121
Epoch: 76 | Training loss: 2.0824197334902625 | Elapsed time: 107.01368355751038
Epoch: 77 | Training loss: 2.086508454595293 | Elapsed time: 106.90964245796204
Epoch: 78 | Training loss: 2.073689774104527 | Elapsed time: 106.84017181396484
Epoch: 79 | Training loss: 2.0764124529702324 | Elapsed time: 106.98779821395874
Epoch: 80 | Training loss: 2.064820143154689 | Elapsed time: 106.8397946357727
Epoch: 81 | Training loss: 2.059686374664307 | Elapsed time: 106.83996176719666
Epoch: 82 | Training loss: 2.0541387030056546 | Elapsed time: 106.87885737419128
Epoch: 83 | Training loss: 2.050148421525955 | Elapsed time: 106.82097387313843
Epoch: 84 | Training loss: 2.0466225462300436 | Elapsed time: 106.89625954627991
Epoch: 85 | Training loss: 2.036273614849363 | Elapsed time: 106.8335747718811
Epoch: 86 | Training loss: 2.0332584653581893 | Elapsed time: 107.03239822387695
Epoch: 87 | Training loss: 2.0322603915418895 | Elapsed time: 106.98499894142151
Epoch: 88 | Training loss: 2.0234444081783294 | Elapsed time: 106.91970181465149
Epoch: 89 | Training loss: 2.0210112946374075 | Elapsed time: 106.98466300964355
Epoch: 90 | Training loss: 2.020521253347397 | Elapsed time: 106.84147262573242
Epoch: 91 | Training loss: 2.014531288828169 | Elapsed time: 106.88781905174255
Epoch: 92 | Training loss: 2.0028844910008567 | Elapsed time: 106.91821265220642
Epoch: 93 | Training loss: 2.002034979207175 | Elapsed time: 106.86207103729248
Epoch: 94 | Training loss: 1.9986454333577837 | Elapsed time: 106.99981617927551
Epoch: 95 | Training loss: 1.9916681902749198 | Elapsed time: 106.85399198532104
Epoch: 96 | Training loss: 1.9831849830491202 | Elapsed time: 106.88516783714294
Epoch: 97 | Training loss: 1.986770235640662 | Elapsed time: 106.81869459152222
Epoch: 98 | Training loss: 1.9801363570349557 | Elapsed time: 106.8062424659729
Epoch: 99 | Training loss: 1.9763408805642808 | Elapsed time: 106.89402937889099
Epoch: 100 | Training loss: 1.9684691744191305 | Elapsed time: 106.80649209022522
Saving model to: /scratch/eo41/visual-recognition-memory/gpt_finetuned_models/imagenet1_gimel_konkle_nonvehicle_100.pt
Epoch: 101 | Training loss: 1.9705920457839965 | Elapsed time: 106.93530893325806
Epoch: 102 | Training loss: 1.9666242480278016 | Elapsed time: 106.83954524993896
Epoch: 103 | Training loss: 1.9588254060064043 | Elapsed time: 106.97915315628052
Epoch: 104 | Training loss: 1.953019095318658 | Elapsed time: 106.87508058547974
Epoch: 105 | Training loss: 1.9529189816543033 | Elapsed time: 107.008868932724
Epoch: 106 | Training loss: 1.9478728090013777 | Elapsed time: 106.8510627746582
Epoch: 107 | Training loss: 1.9414850175380707 | Elapsed time: 106.96015548706055
Epoch: 108 | Training loss: 1.9428962307316917 | Elapsed time: 106.85778570175171
Epoch: 109 | Training loss: 1.9341660729476384 | Elapsed time: 106.99371933937073
Epoch: 110 | Training loss: 1.9302196323871612 | Elapsed time: 106.79974365234375
Epoch: 111 | Training loss: 1.930545496089118 | Elapsed time: 106.81309986114502
Epoch: 112 | Training loss: 1.9218593554837362 | Elapsed time: 106.87991237640381
Epoch: 113 | Training loss: 1.92189336674554 | Elapsed time: 106.91161465644836
Epoch: 114 | Training loss: 1.9169061839580537 | Elapsed time: 106.97694730758667
Epoch: 115 | Training loss: 1.9150605857372285 | Elapsed time: 106.93523716926575
Epoch: 116 | Training loss: 1.9155061415263586 | Elapsed time: 106.97748875617981
Epoch: 117 | Training loss: 1.9073665576321739 | Elapsed time: 106.89743685722351
Epoch: 118 | Training loss: 1.9025752825396403 | Elapsed time: 106.82675957679749
Epoch: 119 | Training loss: 1.9011417278221676 | Elapsed time: 106.78949403762817
Epoch: 120 | Training loss: 1.8965387540204184 | Elapsed time: 106.93096542358398
Epoch: 121 | Training loss: 1.8938905170985632 | Elapsed time: 106.96081948280334
Epoch: 122 | Training loss: 1.891438685144697 | Elapsed time: 106.91878986358643
Epoch: 123 | Training loss: 1.8875948122569493 | Elapsed time: 106.93705439567566
Epoch: 124 | Training loss: 1.8840009016650063 | Elapsed time: 106.82562065124512
Epoch: 125 | Training loss: 1.8861972783293044 | Elapsed time: 106.87529850006104
Epoch: 126 | Training loss: 1.879011628457478 | Elapsed time: 106.81663346290588
Epoch: 127 | Training loss: 1.875097016777311 | Elapsed time: 106.85421442985535
Epoch: 128 | Training loss: 1.8761287374155862 | Elapsed time: 106.81821990013123
Epoch: 129 | Training loss: 1.8722399183682032 | Elapsed time: 106.86323428153992
Epoch: 130 | Training loss: 1.8702683636120387 | Elapsed time: 106.91728115081787
Epoch: 131 | Training loss: 1.866608909198216 | Elapsed time: 106.81573367118835
Epoch: 132 | Training loss: 1.861934917313712 | Elapsed time: 106.85514283180237
Epoch: 133 | Training loss: 1.8586904568331581 | Elapsed time: 106.9172523021698
Epoch: 134 | Training loss: 1.8571509301662446 | Elapsed time: 106.8249249458313
Epoch: 135 | Training loss: 1.8539462081023625 | Elapsed time: 106.78925967216492
Epoch: 136 | Training loss: 1.8494008719921111 | Elapsed time: 106.79160904884338
Epoch: 137 | Training loss: 1.8527586570807866 | Elapsed time: 107.05854272842407
Epoch: 138 | Training loss: 1.8383973062038421 | Elapsed time: 106.82885193824768
Epoch: 139 | Training loss: 1.8425795231546676 | Elapsed time: 106.94521236419678
Epoch: 140 | Training loss: 1.8395814870085034 | Elapsed time: 106.92671823501587
Epoch: 141 | Training loss: 1.8397785305976868 | Elapsed time: 106.82620930671692
Epoch: 142 | Training loss: 1.836064967087337 | Elapsed time: 106.82460308074951
Epoch: 143 | Training loss: 1.8339675290243966 | Elapsed time: 107.04179906845093
Epoch: 144 | Training loss: 1.827409977572305 | Elapsed time: 106.83138084411621
Epoch: 145 | Training loss: 1.8280224297727858 | Elapsed time: 106.98759484291077
Epoch: 146 | Training loss: 1.8293447468961987 | Elapsed time: 106.97950577735901
Epoch: 147 | Training loss: 1.82055013690676 | Elapsed time: 106.91057538986206
Epoch: 148 | Training loss: 1.8208518419946944 | Elapsed time: 106.91601371765137
Epoch: 149 | Training loss: 1.814047122853143 | Elapsed time: 106.80645632743835
Epoch: 150 | Training loss: 1.815118727513722 | Elapsed time: 107.03538274765015
Epoch: 151 | Training loss: 1.8141756466456822 | Elapsed time: 106.78953289985657
Epoch: 152 | Training loss: 1.8093352479594094 | Elapsed time: 106.81940746307373
Epoch: 153 | Training loss: 1.8044510466711863 | Elapsed time: 107.06086945533752
Epoch: 154 | Training loss: 1.7978795383657729 | Elapsed time: 106.89944505691528
Epoch: 155 | Training loss: 1.8046955960137503 | Elapsed time: 106.78571343421936
Epoch: 156 | Training loss: 1.80300817830222 | Elapsed time: 106.84766912460327
Epoch: 157 | Training loss: 1.7997674397059849 | Elapsed time: 106.86192393302917
Epoch: 158 | Training loss: 1.7941088582788194 | Elapsed time: 106.79102635383606
Epoch: 159 | Training loss: 1.7922760954924992 | Elapsed time: 106.88486790657043
Epoch: 160 | Training loss: 1.79086674622127 | Elapsed time: 106.8608295917511
Epoch: 161 | Training loss: 1.787651117358889 | Elapsed time: 107.02550292015076
Epoch: 162 | Training loss: 1.7861951223441532 | Elapsed time: 106.81044173240662
Epoch: 163 | Training loss: 1.7836939488138472 | Elapsed time: 106.82201313972473
Epoch: 164 | Training loss: 1.7787417573588236 | Elapsed time: 106.80767154693604
Epoch: 165 | Training loss: 1.7788201127733503 | Elapsed time: 106.83695697784424
Epoch: 166 | Training loss: 1.777139528308596 | Elapsed time: 106.8220202922821
Epoch: 167 | Training loss: 1.77512959923063 | Elapsed time: 106.8705677986145
Epoch: 168 | Training loss: 1.769703278371266 | Elapsed time: 106.88132929801941
Epoch: 169 | Training loss: 1.7752045597348893 | Elapsed time: 106.87505054473877
Epoch: 170 | Training loss: 1.7724891228335244 | Elapsed time: 106.82943606376648
Epoch: 171 | Training loss: 1.7685761443206243 | Elapsed time: 106.94660425186157
Epoch: 172 | Training loss: 1.7631501478808267 | Elapsed time: 106.98882699012756
Epoch: 173 | Training loss: 1.7597478985786439 | Elapsed time: 106.88187313079834
Epoch: 174 | Training loss: 1.7573120219366891 | Elapsed time: 106.97240328788757
Epoch: 175 | Training loss: 1.7552662713187082 | Elapsed time: 106.84264349937439
Epoch: 176 | Training loss: 1.7527932286262513 | Elapsed time: 106.82493686676025
Epoch: 177 | Training loss: 1.7546032803399223 | Elapsed time: 106.93598961830139
Epoch: 178 | Training loss: 1.7523682951927184 | Elapsed time: 106.854252576828
Epoch: 179 | Training loss: 1.7463555710656302 | Elapsed time: 106.89670491218567
Epoch: 180 | Training loss: 1.742691549233028 | Elapsed time: 106.90510535240173
Epoch: 181 | Training loss: 1.7449183327811104 | Elapsed time: 107.01332235336304
Epoch: 182 | Training loss: 1.744988489151001 | Elapsed time: 106.84815216064453
Epoch: 183 | Training loss: 1.7433312680040087 | Elapsed time: 106.80136752128601
Epoch: 184 | Training loss: 1.7354122834546226 | Elapsed time: 106.8602945804596
Epoch: 185 | Training loss: 1.739087849855423 | Elapsed time: 106.98557734489441
Epoch: 186 | Training loss: 1.7338348635605403 | Elapsed time: 106.9877462387085
Epoch: 187 | Training loss: 1.7340762794017792 | Elapsed time: 106.89297986030579
Epoch: 188 | Training loss: 1.7291376548154014 | Elapsed time: 106.80272388458252
Epoch: 189 | Training loss: 1.7286854531083788 | Elapsed time: 106.88337421417236
Epoch: 190 | Training loss: 1.7287413052150182 | Elapsed time: 107.01117324829102
Epoch: 191 | Training loss: 1.7249837066446032 | Elapsed time: 106.83424496650696
Epoch: 192 | Training loss: 1.729266836813518 | Elapsed time: 106.89904117584229
Epoch: 193 | Training loss: 1.721080367054258 | Elapsed time: 106.84853100776672
Epoch: 194 | Training loss: 1.720418801477977 | Elapsed time: 106.93813896179199
Epoch: 195 | Training loss: 1.7205616661480494 | Elapsed time: 106.84218502044678
Epoch: 196 | Training loss: 1.7158141238348825 | Elapsed time: 106.87707352638245
Epoch: 197 | Training loss: 1.7183854937553407 | Elapsed time: 106.82352685928345
Epoch: 198 | Training loss: 1.7130969967160905 | Elapsed time: 106.83445692062378
Epoch: 199 | Training loss: 1.7170691643442426 | Elapsed time: 106.81099247932434
Epoch: 200 | Training loss: 1.7105474846703665 | Elapsed time: 106.94073343276978
Saving model to: /scratch/eo41/visual-recognition-memory/gpt_finetuned_models/imagenet1_gimel_konkle_nonvehicle_200.pt
Epoch: 201 | Training loss: 1.7087600673948016 | Elapsed time: 106.88783955574036
Epoch: 202 | Training loss: 1.7048532954284124 | Elapsed time: 106.88515591621399
Epoch: 203 | Training loss: 1.7071001963956016 | Elapsed time: 106.94241976737976
Epoch: 204 | Training loss: 1.7039859107562474 | Elapsed time: 106.80522918701172
Epoch: 205 | Training loss: 1.7017815334456308 | Elapsed time: 106.86503028869629
Epoch: 206 | Training loss: 1.701521451984133 | Elapsed time: 106.96421694755554
Epoch: 207 | Training loss: 1.6989224800041745 | Elapsed time: 106.91028952598572
Epoch: 208 | Training loss: 1.6943056906972613 | Elapsed time: 106.98365187644958
Epoch: 209 | Training loss: 1.695919644832611 | Elapsed time: 106.85517120361328
Epoch: 210 | Training loss: 1.6940424135753087 | Elapsed time: 106.86300492286682
Epoch: 211 | Training loss: 1.6927799608026233 | Elapsed time: 106.80061984062195
Epoch: 212 | Training loss: 1.6889303411756242 | Elapsed time: 106.8400821685791
Epoch: 213 | Training loss: 1.688013596194131 | Elapsed time: 106.84480929374695
Epoch: 214 | Training loss: 1.6866848536900112 | Elapsed time: 106.82727265357971
Epoch: 215 | Training loss: 1.6811556909765517 | Elapsed time: 106.8774425983429
Epoch: 216 | Training loss: 1.681273138523102 | Elapsed time: 106.89163088798523
Epoch: 217 | Training loss: 1.6839918136596679 | Elapsed time: 106.82037091255188
Epoch: 218 | Training loss: 1.6797768422535488 | Elapsed time: 106.94294738769531
Epoch: 219 | Training loss: 1.678139693396432 | Elapsed time: 106.90548753738403
Epoch: 220 | Training loss: 1.6764828877789633 | Elapsed time: 106.87218260765076
Epoch: 221 | Training loss: 1.6772947115557535 | Elapsed time: 106.99188733100891
Epoch: 222 | Training loss: 1.6744236860956465 | Elapsed time: 106.91455411911011
Epoch: 223 | Training loss: 1.679041257926396 | Elapsed time: 106.83616733551025
Epoch: 224 | Training loss: 1.6676509482519968 | Elapsed time: 106.87952709197998
Epoch: 225 | Training loss: 1.6663664042949677 | Elapsed time: 106.98681282997131
Epoch: 226 | Training loss: 1.6629458478518895 | Elapsed time: 106.91413402557373
Epoch: 227 | Training loss: 1.6693268213953292 | Elapsed time: 107.01979565620422
Epoch: 228 | Training loss: 1.6636558813708169 | Elapsed time: 106.88989305496216
Epoch: 229 | Training loss: 1.6605026875223432 | Elapsed time: 106.88901996612549
Epoch: 230 | Training loss: 1.6618184736796788 | Elapsed time: 106.94272017478943
Epoch: 231 | Training loss: 1.662758388689586 | Elapsed time: 106.91029667854309
Epoch: 232 | Training loss: 1.659163510799408 | Elapsed time: 106.99654221534729
Epoch: 233 | Training loss: 1.6583302216870444 | Elapsed time: 106.98531126976013
Epoch: 234 | Training loss: 1.6533968908446175 | Elapsed time: 106.92459058761597
Epoch: 235 | Training loss: 1.6518127449921198 | Elapsed time: 106.85102033615112
Epoch: 236 | Training loss: 1.6511238932609558 | Elapsed time: 106.83920860290527
Epoch: 237 | Training loss: 1.6528304730142866 | Elapsed time: 106.90177130699158
Epoch: 238 | Training loss: 1.654012964453016 | Elapsed time: 107.02391862869263
Epoch: 239 | Training loss: 1.6461817579610007 | Elapsed time: 106.86844658851624
Epoch: 240 | Training loss: 1.6455634696143013 | Elapsed time: 106.87084698677063
Epoch: 241 | Training loss: 1.650917832340513 | Elapsed time: 106.85115647315979
Epoch: 242 | Training loss: 1.6406538265092032 | Elapsed time: 106.8966612815857
Epoch: 243 | Training loss: 1.6446415543556214 | Elapsed time: 106.91869688034058
Epoch: 244 | Training loss: 1.6424541541508266 | Elapsed time: 106.91261196136475
Epoch: 245 | Training loss: 1.6393775412014553 | Elapsed time: 106.87935042381287
Epoch: 246 | Training loss: 1.6379642614296503 | Elapsed time: 106.99007678031921
Epoch: 247 | Training loss: 1.6367794096469879 | Elapsed time: 106.94852304458618
Epoch: 248 | Training loss: 1.63711154290608 | Elapsed time: 106.93311500549316
Epoch: 249 | Training loss: 1.6328492837292807 | Elapsed time: 106.84943008422852
Epoch: 250 | Training loss: 1.6307860638414111 | Elapsed time: 106.82481646537781
Epoch: 251 | Training loss: 1.631455407823835 | Elapsed time: 106.9568498134613
Epoch: 252 | Training loss: 1.6338025859424046 | Elapsed time: 106.9123694896698
Epoch: 253 | Training loss: 1.6309741199016572 | Elapsed time: 107.01488089561462
Epoch: 254 | Training loss: 1.6249573826789856 | Elapsed time: 106.83304500579834
Epoch: 255 | Training loss: 1.628513113941465 | Elapsed time: 106.87550926208496
Epoch: 256 | Training loss: 1.6259229872907912 | Elapsed time: 106.96398544311523
Epoch: 257 | Training loss: 1.6229431637695857 | Elapsed time: 106.83756709098816
Epoch: 258 | Training loss: 1.6228543775422233 | Elapsed time: 106.81918859481812
Epoch: 259 | Training loss: 1.6219701707363128 | Elapsed time: 107.00111675262451
Epoch: 260 | Training loss: 1.620742781673159 | Elapsed time: 106.89569997787476
Epoch: 261 | Training loss: 1.6210293778351375 | Elapsed time: 106.93192720413208
Epoch: 262 | Training loss: 1.6172389200755528 | Elapsed time: 106.94008803367615
Epoch: 263 | Training loss: 1.615520977122443 | Elapsed time: 106.97646307945251
Epoch: 264 | Training loss: 1.6136165159089224 | Elapsed time: 106.8864631652832
Epoch: 265 | Training loss: 1.6178827149527413 | Elapsed time: 106.84642291069031
Epoch: 266 | Training loss: 1.6104610792228153 | Elapsed time: 106.93202900886536
Epoch: 267 | Training loss: 1.6112826142992291 | Elapsed time: 106.86513781547546
Epoch: 268 | Training loss: 1.6076374454157694 | Elapsed time: 106.99656915664673
Epoch: 269 | Training loss: 1.612740420443671 | Elapsed time: 106.87683606147766
Epoch: 270 | Training loss: 1.608440534557615 | Elapsed time: 107.00526571273804
Epoch: 271 | Training loss: 1.6039323457649777 | Elapsed time: 106.88651657104492
Epoch: 272 | Training loss: 1.6062775450093405 | Elapsed time: 106.94414258003235
Epoch: 273 | Training loss: 1.6032980799674987 | Elapsed time: 107.02982759475708
Epoch: 274 | Training loss: 1.6015093863010406 | Elapsed time: 106.8390576839447
Epoch: 275 | Training loss: 1.6007011141095842 | Elapsed time: 106.8208966255188
Epoch: 276 | Training loss: 1.5987143303666795 | Elapsed time: 106.91601181030273
Epoch: 277 | Training loss: 1.599360682283129 | Elapsed time: 106.87658524513245
Epoch: 278 | Training loss: 1.5966972938605717 | Elapsed time: 106.95816016197205
Epoch: 279 | Training loss: 1.5950322500297 | Elapsed time: 106.89854884147644
Epoch: 280 | Training loss: 1.5971364412988935 | Elapsed time: 106.98238158226013
Epoch: 281 | Training loss: 1.5948388917105538 | Elapsed time: 106.97714185714722
Epoch: 282 | Training loss: 1.5915548622608184 | Elapsed time: 106.91789674758911
Epoch: 283 | Training loss: 1.5920612403324672 | Elapsed time: 106.78337073326111
Epoch: 284 | Training loss: 1.5894077505384172 | Elapsed time: 106.96350336074829
Epoch: 285 | Training loss: 1.5869600193841116 | Elapsed time: 106.99768924713135
Epoch: 286 | Training loss: 1.587051819052015 | Elapsed time: 106.80113482475281
Epoch: 287 | Training loss: 1.588277679681778 | Elapsed time: 106.82626867294312
Epoch: 288 | Training loss: 1.5835882885115486 | Elapsed time: 106.77762579917908
Epoch: 289 | Training loss: 1.5828287780284882 | Elapsed time: 106.85218930244446
Epoch: 290 | Training loss: 1.584727302619389 | Elapsed time: 106.77347254753113
Epoch: 291 | Training loss: 1.583141085931233 | Elapsed time: 106.8837821483612
Epoch: 292 | Training loss: 1.5803159424236843 | Elapsed time: 106.88597202301025
Epoch: 293 | Training loss: 1.5804483439241137 | Elapsed time: 106.93986415863037
Epoch: 294 | Training loss: 1.5778760484286718 | Elapsed time: 106.85888433456421
Epoch: 295 | Training loss: 1.5781284809112548 | Elapsed time: 106.96094298362732
Epoch: 296 | Training loss: 1.575471989597593 | Elapsed time: 106.90230703353882
Epoch: 297 | Training loss: 1.5764619018350328 | Elapsed time: 106.91383624076843
Epoch: 298 | Training loss: 1.575170316014971 | Elapsed time: 106.77751684188843
Epoch: 299 | Training loss: 1.5755689220769065 | Elapsed time: 106.94722127914429
Epoch: 300 | Training loss: 1.5709488366331372 | Elapsed time: 106.84614253044128
Saving model to: /scratch/eo41/visual-recognition-memory/gpt_finetuned_models/imagenet1_gimel_konkle_nonvehicle_300.pt
Epoch: 301 | Training loss: 1.5704627232892172 | Elapsed time: 106.85600328445435
Epoch: 302 | Training loss: 1.5699612941060748 | Elapsed time: 106.91899013519287
Epoch: 303 | Training loss: 1.5683985812323433 | Elapsed time: 106.98402428627014
Epoch: 304 | Training loss: 1.5684195714337485 | Elapsed time: 106.85824060440063
Epoch: 305 | Training loss: 1.5649716436862946 | Elapsed time: 106.83958077430725
Epoch: 306 | Training loss: 1.5689519805567604 | Elapsed time: 106.84317994117737
Epoch: 307 | Training loss: 1.5653934521334512 | Elapsed time: 106.81400227546692
Epoch: 308 | Training loss: 1.5626840165683202 | Elapsed time: 106.96554923057556
Epoch: 309 | Training loss: 1.5570736842496053 | Elapsed time: 106.80839395523071
Epoch: 310 | Training loss: 1.5607411699635643 | Elapsed time: 106.81179547309875
Epoch: 311 | Training loss: 1.5556363293102808 | Elapsed time: 106.81872296333313
Epoch: 312 | Training loss: 1.55816907116345 | Elapsed time: 106.80847597122192
Epoch: 313 | Training loss: 1.5590111213071005 | Elapsed time: 106.85894060134888
Epoch: 314 | Training loss: 1.5586320298058647 | Elapsed time: 106.8240213394165
Epoch: 315 | Training loss: 1.5591645291873386 | Elapsed time: 106.80369305610657
Epoch: 316 | Training loss: 1.5546855815819332 | Elapsed time: 106.77551889419556
Epoch: 317 | Training loss: 1.5521590667111533 | Elapsed time: 106.89177703857422
Epoch: 318 | Training loss: 1.5499427037579672 | Elapsed time: 106.83250999450684
Epoch: 319 | Training loss: 1.5548327139445715 | Elapsed time: 106.90329813957214
Epoch: 320 | Training loss: 1.5511588743754796 | Elapsed time: 106.82392144203186
Epoch: 321 | Training loss: 1.5483904072216579 | Elapsed time: 106.90394067764282
Epoch: 322 | Training loss: 1.55010969383376 | Elapsed time: 106.82934856414795
Epoch: 323 | Training loss: 1.5527420614446912 | Elapsed time: 106.91015481948853
Epoch: 324 | Training loss: 1.5469893659864153 | Elapsed time: 106.95839476585388
Epoch: 325 | Training loss: 1.5520198796476636 | Elapsed time: 106.90988731384277
Epoch: 326 | Training loss: 1.5436682513781956 | Elapsed time: 106.77848386764526
Epoch: 327 | Training loss: 1.542497991664069 | Elapsed time: 106.80726838111877
Epoch: 328 | Training loss: 1.544578811952046 | Elapsed time: 106.91514682769775
Epoch: 329 | Training loss: 1.539634074483599 | Elapsed time: 106.93820476531982
Epoch: 330 | Training loss: 1.5383738696575164 | Elapsed time: 106.90293145179749
Epoch: 331 | Training loss: 1.5387045758111135 | Elapsed time: 106.81487822532654
Epoch: 332 | Training loss: 1.540370603118624 | Elapsed time: 106.8598141670227
Epoch: 333 | Training loss: 1.5390172856194633 | Elapsed time: 106.95947194099426
Epoch: 334 | Training loss: 1.5382175351892198 | Elapsed time: 106.82666516304016
Epoch: 335 | Training loss: 1.538182382924216 | Elapsed time: 106.83730745315552
Epoch: 336 | Training loss: 1.5397409975528717 | Elapsed time: 106.8481502532959
Epoch: 337 | Training loss: 1.5353879272937774 | Elapsed time: 106.90461659431458
Epoch: 338 | Training loss: 1.5336584491389138 | Elapsed time: 106.7860369682312
Epoch: 339 | Training loss: 1.529050328050341 | Elapsed time: 106.78243374824524
Epoch: 340 | Training loss: 1.5350039890834264 | Elapsed time: 106.82798624038696
Epoch: 341 | Training loss: 1.523999491759709 | Elapsed time: 106.9428539276123
Epoch: 342 | Training loss: 1.5302296255316052 | Elapsed time: 106.8000020980835
Epoch: 343 | Training loss: 1.5281622792993272 | Elapsed time: 106.87721943855286
Epoch: 344 | Training loss: 1.5313269283090318 | Elapsed time: 106.96005296707153
Epoch: 345 | Training loss: 1.5259669593402319 | Elapsed time: 106.9364538192749
Epoch: 346 | Training loss: 1.5291963858263833 | Elapsed time: 106.7934181690216
Epoch: 347 | Training loss: 1.5204795496804373 | Elapsed time: 106.83781027793884
Epoch: 348 | Training loss: 1.5259241342544556 | Elapsed time: 106.83395099639893
Epoch: 349 | Training loss: 1.5278423190116883 | Elapsed time: 106.81477546691895
Epoch: 350 | Training loss: 1.519966368164335 | Elapsed time: 106.82406640052795
Epoch: 351 | Training loss: 1.5198074672903334 | Elapsed time: 106.97298645973206
Epoch: 352 | Training loss: 1.523382772718157 | Elapsed time: 106.9069435596466
Epoch: 353 | Training loss: 1.5154629341193608 | Elapsed time: 106.82573652267456
Epoch: 354 | Training loss: 1.523883934531893 | Elapsed time: 106.84506797790527
Epoch: 355 | Training loss: 1.5162535446030754 | Elapsed time: 106.80564665794373
Epoch: 356 | Training loss: 1.5172761491366795 | Elapsed time: 106.83172297477722
Epoch: 357 | Training loss: 1.517072205032621 | Elapsed time: 106.83715462684631
Epoch: 358 | Training loss: 1.5183473220893315 | Elapsed time: 106.85047674179077
Epoch: 359 | Training loss: 1.5126945768083846 | Elapsed time: 106.94117379188538
Epoch: 360 | Training loss: 1.5148250145571573 | Elapsed time: 106.98752188682556
Epoch: 361 | Training loss: 1.5109701676028116 | Elapsed time: 106.8172595500946
Epoch: 362 | Training loss: 1.5148097702435084 | Elapsed time: 106.82571482658386
Epoch: 363 | Training loss: 1.5122448444366454 | Elapsed time: 106.80964350700378
Epoch: 364 | Training loss: 1.5079414589064462 | Elapsed time: 106.82420992851257
Epoch: 365 | Training loss: 1.5109924903937748 | Elapsed time: 106.90769100189209
Epoch: 366 | Training loss: 1.5084175637790136 | Elapsed time: 106.79782009124756
Epoch: 367 | Training loss: 1.5050836988857814 | Elapsed time: 106.79024648666382
Epoch: 368 | Training loss: 1.5065162973744528 | Elapsed time: 106.95266032218933
Epoch: 369 | Training loss: 1.5066313811710903 | Elapsed time: 106.90067267417908
Epoch: 370 | Training loss: 1.5073967269488744 | Elapsed time: 106.88449668884277
Epoch: 371 | Training loss: 1.5040121819291796 | Elapsed time: 106.7458176612854
Epoch: 372 | Training loss: 1.5013941058090754 | Elapsed time: 106.77920937538147
Epoch: 373 | Training loss: 1.504962225471224 | Elapsed time: 106.89453506469727
Epoch: 374 | Training loss: 1.501419071640287 | Elapsed time: 106.80663847923279
Epoch: 375 | Training loss: 1.5008323856762478 | Elapsed time: 106.85644936561584
Epoch: 376 | Training loss: 1.4989329304013934 | Elapsed time: 106.8008680343628
Epoch: 377 | Training loss: 1.503145636831011 | Elapsed time: 106.86616134643555
Epoch: 378 | Training loss: 1.4997014897210257 | Elapsed time: 106.79363822937012
Epoch: 379 | Training loss: 1.4962723672389984 | Elapsed time: 106.79622054100037
Epoch: 380 | Training loss: 1.4984710957322802 | Elapsed time: 106.96259760856628
Epoch: 381 | Training loss: 1.4964988768100738 | Elapsed time: 106.86345362663269
Epoch: 382 | Training loss: 1.493698021343776 | Elapsed time: 106.97847485542297
Epoch: 383 | Training loss: 1.494134418453489 | Elapsed time: 106.82200217247009
Epoch: 384 | Training loss: 1.4974149550710405 | Elapsed time: 106.93125438690186
Epoch: 385 | Training loss: 1.4960899540356227 | Elapsed time: 106.80628824234009
Epoch: 386 | Training loss: 1.488448292868478 | Elapsed time: 106.85448980331421
Epoch: 387 | Training loss: 1.4879162175314766 | Elapsed time: 106.7933874130249
Epoch: 388 | Training loss: 1.4878796330520085 | Elapsed time: 106.94475650787354
Epoch: 389 | Training loss: 1.4890960020678383 | Elapsed time: 106.91529083251953
Epoch: 390 | Training loss: 1.4904451421328953 | Elapsed time: 106.91035723686218
Epoch: 391 | Training loss: 1.4889268500464303 | Elapsed time: 106.85773158073425
Epoch: 392 | Training loss: 1.4860636728150505 | Elapsed time: 106.9261724948883
Epoch: 393 | Training loss: 1.4850347587040493 | Elapsed time: 106.88948631286621
Epoch: 394 | Training loss: 1.4857360771724155 | Elapsed time: 106.84264540672302
Epoch: 395 | Training loss: 1.482989763362067 | Elapsed time: 106.9372808933258
Epoch: 396 | Training loss: 1.4833911759512766 | Elapsed time: 106.79753375053406
Epoch: 397 | Training loss: 1.4838480847222464 | Elapsed time: 106.81421971321106
Epoch: 398 | Training loss: 1.4813562912600382 | Elapsed time: 106.83247685432434
Epoch: 399 | Training loss: 1.479243928194046 | Elapsed time: 106.80151700973511
Epoch: 400 | Training loss: 1.4801059118338993 | Elapsed time: 106.76190686225891
Saving model to: /scratch/eo41/visual-recognition-memory/gpt_finetuned_models/imagenet1_gimel_konkle_nonvehicle_400.pt
Epoch: 401 | Training loss: 1.4798486156123025 | Elapsed time: 106.79998660087585
Epoch: 402 | Training loss: 1.4754402722631181 | Elapsed time: 106.97589159011841
Epoch: 403 | Training loss: 1.4784313099724906 | Elapsed time: 106.96571922302246
Epoch: 404 | Training loss: 1.4781061342784336 | Elapsed time: 106.91806983947754
Epoch: 405 | Training loss: 1.4798732825687952 | Elapsed time: 106.99053263664246
Epoch: 406 | Training loss: 1.4732010517801557 | Elapsed time: 106.83757066726685
Epoch: 407 | Training loss: 1.476174681527274 | Elapsed time: 106.92097640037537
Epoch: 408 | Training loss: 1.4691647265638623 | Elapsed time: 106.82459545135498
Epoch: 409 | Training loss: 1.4705530038901737 | Elapsed time: 106.78964948654175
Epoch: 410 | Training loss: 1.4711412344660078 | Elapsed time: 106.77095770835876
Epoch: 411 | Training loss: 1.4719637726034438 | Elapsed time: 106.95803213119507
Epoch: 412 | Training loss: 1.4685395164149149 | Elapsed time: 106.9032244682312
Epoch: 413 | Training loss: 1.4678934182439531 | Elapsed time: 106.78296732902527
Epoch: 414 | Training loss: 1.4646599973951067 | Elapsed time: 106.99194502830505
Epoch: 415 | Training loss: 1.469476853949683 | Elapsed time: 106.84856486320496
Epoch: 416 | Training loss: 1.4669417764459338 | Elapsed time: 106.87527084350586
Epoch: 417 | Training loss: 1.4662539260728018 | Elapsed time: 106.82531881332397
Epoch: 418 | Training loss: 1.4648067789418358 | Elapsed time: 106.79641604423523
Epoch: 419 | Training loss: 1.464685720205307 | Elapsed time: 106.87309527397156
Epoch: 420 | Training loss: 1.4651879719325474 | Elapsed time: 106.79739260673523
Epoch: 421 | Training loss: 1.4650904136044638 | Elapsed time: 106.79972887039185
Epoch: 422 | Training loss: 1.461786345073155 | Elapsed time: 106.83945608139038
Epoch: 423 | Training loss: 1.463358724117279 | Elapsed time: 106.85523343086243
Epoch: 424 | Training loss: 1.4628858753613063 | Elapsed time: 106.84045124053955
Epoch: 425 | Training loss: 1.4642555398600443 | Elapsed time: 106.93021154403687
Epoch: 426 | Training loss: 1.4609123919691358 | Elapsed time: 106.79917478561401
Epoch: 427 | Training loss: 1.459261167049408 | Elapsed time: 106.87565541267395
Epoch: 428 | Training loss: 1.4590859208788192 | Elapsed time: 106.79974150657654
Epoch: 429 | Training loss: 1.4575997139726367 | Elapsed time: 106.83582067489624
Epoch: 430 | Training loss: 1.4609484936509813 | Elapsed time: 106.86563467979431
Epoch: 431 | Training loss: 1.4560365966388158 | Elapsed time: 106.87270975112915
Epoch: 432 | Training loss: 1.455241164990834 | Elapsed time: 106.82430291175842
Epoch: 433 | Training loss: 1.4568441297326769 | Elapsed time: 106.88859486579895
Epoch: 434 | Training loss: 1.4531931391784123 | Elapsed time: 106.82037162780762
Epoch: 435 | Training loss: 1.4530602983066014 | Elapsed time: 106.83522963523865
Epoch: 436 | Training loss: 1.4480176533971514 | Elapsed time: 106.83544564247131
Epoch: 437 | Training loss: 1.4517141222953795 | Elapsed time: 106.81996417045593
Epoch: 438 | Training loss: 1.4496948659420013 | Elapsed time: 106.7715163230896
Epoch: 439 | Training loss: 1.4544899821281434 | Elapsed time: 106.78906726837158
Epoch: 440 | Training loss: 1.4503721943923404 | Elapsed time: 106.84800505638123
Epoch: 441 | Training loss: 1.4481019939695086 | Elapsed time: 106.90946459770203
Epoch: 442 | Training loss: 1.4488643935748509 | Elapsed time: 106.86019349098206
Epoch: 443 | Training loss: 1.4491247372967857 | Elapsed time: 106.84363150596619
Epoch: 444 | Training loss: 1.447731478725161 | Elapsed time: 106.82296085357666
Epoch: 445 | Training loss: 1.451019388437271 | Elapsed time: 106.79725503921509
Epoch: 446 | Training loss: 1.443811651638576 | Elapsed time: 106.86470580101013
Epoch: 447 | Training loss: 1.4436104604176112 | Elapsed time: 106.78854417800903
Epoch: 448 | Training loss: 1.4459962214742388 | Elapsed time: 106.79868364334106
Epoch: 449 | Training loss: 1.4430686814444407 | Elapsed time: 107.00095105171204
Epoch: 450 | Training loss: 1.4447544651372093 | Elapsed time: 106.93034601211548
Epoch: 451 | Training loss: 1.4468499021870749 | Elapsed time: 106.8246693611145
Epoch: 452 | Training loss: 1.4435608463627951 | Elapsed time: 106.8842043876648
Epoch: 453 | Training loss: 1.4395683458873203 | Elapsed time: 106.81375312805176
Epoch: 454 | Training loss: 1.4367459876196724 | Elapsed time: 106.94888377189636
Epoch: 455 | Training loss: 1.4447812420981272 | Elapsed time: 106.87574577331543
Epoch: 456 | Training loss: 1.4373838586466654 | Elapsed time: 106.89467000961304
Epoch: 457 | Training loss: 1.4393023729324341 | Elapsed time: 106.82944464683533
Epoch: 458 | Training loss: 1.4391525677272252 | Elapsed time: 106.89889740943909
Epoch: 459 | Training loss: 1.437921930210931 | Elapsed time: 106.80080366134644
Epoch: 460 | Training loss: 1.4355775449957167 | Elapsed time: 106.84420967102051
Epoch: 461 | Training loss: 1.4355595435414996 | Elapsed time: 106.9085841178894
Epoch: 462 | Training loss: 1.4370492671217237 | Elapsed time: 106.79856586456299
Epoch: 463 | Training loss: 1.4332433675016676 | Elapsed time: 106.8526873588562
Epoch: 464 | Training loss: 1.4347481931958879 | Elapsed time: 106.83780431747437
Epoch: 465 | Training loss: 1.4340373107365199 | Elapsed time: 106.83570075035095
Epoch: 466 | Training loss: 1.4360459515026638 | Elapsed time: 106.8473789691925
Epoch: 467 | Training loss: 1.4338335105351039 | Elapsed time: 106.86081433296204
Epoch: 468 | Training loss: 1.4279405287333897 | Elapsed time: 106.81007194519043
Epoch: 469 | Training loss: 1.4339412493365151 | Elapsed time: 106.89043068885803
Epoch: 470 | Training loss: 1.4284022910254341 | Elapsed time: 106.87009525299072
Epoch: 471 | Training loss: 1.4330492547580174 | Elapsed time: 106.85010886192322
Epoch: 472 | Training loss: 1.4300401747226714 | Elapsed time: 106.8518078327179
Epoch: 473 | Training loss: 1.4282052261488778 | Elapsed time: 106.9616904258728
Epoch: 474 | Training loss: 1.4296588046210152 | Elapsed time: 106.92848706245422
Epoch: 475 | Training loss: 1.4271129173891886 | Elapsed time: 107.00238800048828
Epoch: 476 | Training loss: 1.424288728407451 | Elapsed time: 106.94445466995239
Epoch: 477 | Training loss: 1.4245724439620973 | Elapsed time: 106.78026938438416
Epoch: 478 | Training loss: 1.4251625026975359 | Elapsed time: 106.8503725528717
Epoch: 479 | Training loss: 1.4270568992410386 | Elapsed time: 106.88787198066711
Epoch: 480 | Training loss: 1.4257281746183124 | Elapsed time: 106.90944910049438
Epoch: 481 | Training loss: 1.421459301028933 | Elapsed time: 107.02826499938965
Epoch: 482 | Training loss: 1.4225671291351318 | Elapsed time: 106.95320463180542
Epoch: 483 | Training loss: 1.4241885662078857 | Elapsed time: 106.80440068244934
Epoch: 484 | Training loss: 1.4250369557312557 | Elapsed time: 106.95516157150269
Epoch: 485 | Training loss: 1.4207817460809435 | Elapsed time: 106.8766257762909
Epoch: 486 | Training loss: 1.4202213491712297 | Elapsed time: 106.89765357971191
Epoch: 487 | Training loss: 1.4196609079837799 | Elapsed time: 106.81966042518616
Epoch: 488 | Training loss: 1.420583199603217 | Elapsed time: 106.8208372592926
Epoch: 489 | Training loss: 1.419832670688629 | Elapsed time: 106.96400427818298
Epoch: 490 | Training loss: 1.4215237149170468 | Elapsed time: 106.97326850891113
Epoch: 491 | Training loss: 1.4182843693665095 | Elapsed time: 106.94735527038574
Epoch: 492 | Training loss: 1.414903541122164 | Elapsed time: 106.82011127471924
Epoch: 493 | Training loss: 1.4182390230042594 | Elapsed time: 106.8358793258667
Epoch: 494 | Training loss: 1.4117773728711265 | Elapsed time: 106.87826991081238
Epoch: 495 | Training loss: 1.417603953395571 | Elapsed time: 106.95256876945496
Epoch: 496 | Training loss: 1.412141306911196 | Elapsed time: 106.93246364593506
Epoch: 497 | Training loss: 1.41347479224205 | Elapsed time: 106.90435218811035
Epoch: 498 | Training loss: 1.413436486039843 | Elapsed time: 106.94571733474731
Epoch: 499 | Training loss: 1.4112248488834926 | Elapsed time: 106.83385729789734
Epoch: 500 | Training loss: 1.4137218049594333 | Elapsed time: 106.93725800514221
Saving model to: /scratch/eo41/visual-recognition-memory/gpt_finetuned_models/imagenet1_gimel_konkle_nonvehicle_500.pt
Epoch: 501 | Training loss: 1.412877905368805 | Elapsed time: 106.85558867454529
Epoch: 502 | Training loss: 1.4135992612157549 | Elapsed time: 106.80560779571533
Epoch: 503 | Training loss: 1.4108110572610582 | Elapsed time: 106.85646939277649
Epoch: 504 | Training loss: 1.4114366965634482 | Elapsed time: 106.86304330825806
Epoch: 505 | Training loss: 1.4109203057629722 | Elapsed time: 106.89135479927063
Epoch: 506 | Training loss: 1.4098049555506025 | Elapsed time: 106.81478357315063
Epoch: 507 | Training loss: 1.4086778521537782 | Elapsed time: 106.94435620307922
Epoch: 508 | Training loss: 1.406091570854187 | Elapsed time: 106.90090537071228
Epoch: 509 | Training loss: 1.4011912550245011 | Elapsed time: 106.84763169288635
Epoch: 510 | Training loss: 1.403748790706907 | Elapsed time: 106.81521701812744
Epoch: 511 | Training loss: 1.4037677679743086 | Elapsed time: 106.8303894996643
Epoch: 512 | Training loss: 1.404361776794706 | Elapsed time: 106.790687084198
Epoch: 513 | Training loss: 1.4054797240665982 | Elapsed time: 106.95135974884033
Epoch: 514 | Training loss: 1.4037199207714626 | Elapsed time: 106.96739339828491
Epoch: 515 | Training loss: 1.4014518558979034 | Elapsed time: 106.98809623718262
Epoch: 516 | Training loss: 1.4024944518293654 | Elapsed time: 106.87670540809631
Epoch: 517 | Training loss: 1.4048671509538377 | Elapsed time: 106.80881357192993
Epoch: 518 | Training loss: 1.40151235972132 | Elapsed time: 106.79515099525452
Epoch: 519 | Training loss: 1.3989515015057155 | Elapsed time: 106.80691957473755
Epoch: 520 | Training loss: 1.401709051643099 | Elapsed time: 106.98667001724243
Epoch: 521 | Training loss: 1.3995554310934883 | Elapsed time: 106.80347943305969
Epoch: 522 | Training loss: 1.399287690435137 | Elapsed time: 106.81794166564941
Epoch: 523 | Training loss: 1.3973294462476458 | Elapsed time: 106.85841464996338
Epoch: 524 | Training loss: 1.3946953892707825 | Elapsed time: 106.85596323013306
Epoch: 525 | Training loss: 1.3949927031993865 | Elapsed time: 106.82402276992798
Epoch: 526 | Training loss: 1.3939147353172303 | Elapsed time: 106.80215382575989
Epoch: 527 | Training loss: 1.3952065697738103 | Elapsed time: 106.7935631275177
Epoch: 528 | Training loss: 1.3960449976580485 | Elapsed time: 106.80870294570923
Epoch: 529 | Training loss: 1.3974078025136676 | Elapsed time: 106.90788793563843
Epoch: 530 | Training loss: 1.3968518129416874 | Elapsed time: 106.90293288230896
Epoch: 531 | Training loss: 1.3917782766478402 | Elapsed time: 106.80648350715637
Epoch: 532 | Training loss: 1.396040439605713 | Elapsed time: 106.85446619987488
Epoch: 533 | Training loss: 1.3894968058381763 | Elapsed time: 106.83380579948425
Epoch: 534 | Training loss: 1.3901370440210614 | Elapsed time: 106.90975904464722
Epoch: 535 | Training loss: 1.3921236889702933 | Elapsed time: 106.85997295379639
Epoch: 536 | Training loss: 1.386714974471501 | Elapsed time: 106.86245131492615
Epoch: 537 | Training loss: 1.390406218596867 | Elapsed time: 106.95064496994019
Epoch: 538 | Training loss: 1.389770140818187 | Elapsed time: 106.99678468704224
Epoch: 539 | Training loss: 1.3888221374579839 | Elapsed time: 106.83753752708435
Epoch: 540 | Training loss: 1.390255616392408 | Elapsed time: 106.83760023117065
Epoch: 541 | Training loss: 1.3872967856270926 | Elapsed time: 106.9050657749176
Epoch: 542 | Training loss: 1.385157573223114 | Elapsed time: 106.87248587608337
Epoch: 543 | Training loss: 1.3869975175176348 | Elapsed time: 106.85209941864014
Epoch: 544 | Training loss: 1.3878810499395644 | Elapsed time: 106.79787230491638
Epoch: 545 | Training loss: 1.3875912530081613 | Elapsed time: 106.97245740890503
Epoch: 546 | Training loss: 1.3878346698624746 | Elapsed time: 106.82964444160461
Epoch: 547 | Training loss: 1.3877705122743333 | Elapsed time: 107.00978446006775
Epoch: 548 | Training loss: 1.3830010209764754 | Elapsed time: 106.79970240592957
Epoch: 549 | Training loss: 1.3853720213685716 | Elapsed time: 106.90049290657043
Epoch: 550 | Training loss: 1.3832671548639024 | Elapsed time: 106.8200991153717
Epoch: 551 | Training loss: 1.3829940106187548 | Elapsed time: 106.9355673789978
Epoch: 552 | Training loss: 1.385588949067252 | Elapsed time: 106.83086109161377
Epoch: 553 | Training loss: 1.3809390553406307 | Elapsed time: 106.89685797691345
Epoch: 554 | Training loss: 1.3792592338153293 | Elapsed time: 106.87731432914734
Epoch: 555 | Training loss: 1.3784740567207336 | Elapsed time: 106.84075784683228
Epoch: 556 | Training loss: 1.3812647581100463 | Elapsed time: 106.91089034080505
Epoch: 557 | Training loss: 1.3800845078059605 | Elapsed time: 106.81143689155579
Epoch: 558 | Training loss: 1.377427248443876 | Elapsed time: 106.82524037361145
Epoch: 559 | Training loss: 1.3820084018366678 | Elapsed time: 106.87843799591064
Epoch: 560 | Training loss: 1.377005330153874 | Elapsed time: 106.80758595466614
Epoch: 561 | Training loss: 1.3716583507401603 | Elapsed time: 106.82004737854004
Epoch: 562 | Training loss: 1.374221020085471 | Elapsed time: 106.81245684623718
Epoch: 563 | Training loss: 1.3755833421434676 | Elapsed time: 106.81238341331482
Epoch: 564 | Training loss: 1.3785223373344966 | Elapsed time: 106.87394189834595
Epoch: 565 | Training loss: 1.3718994438648224 | Elapsed time: 106.82076334953308
Epoch: 566 | Training loss: 1.3759984076023102 | Elapsed time: 106.81598949432373
Epoch: 567 | Training loss: 1.3723261305264065 | Elapsed time: 106.88843941688538
Epoch: 568 | Training loss: 1.3767910838127135 | Elapsed time: 106.84069108963013
Epoch: 569 | Training loss: 1.3748363946165358 | Elapsed time: 106.80019354820251
Epoch: 570 | Training loss: 1.3755665353366306 | Elapsed time: 106.82042264938354
Epoch: 571 | Training loss: 1.3706016336168563 | Elapsed time: 106.90167140960693
Epoch: 572 | Training loss: 1.3731850470815385 | Elapsed time: 106.79344773292542
Epoch: 573 | Training loss: 1.3675846031733923 | Elapsed time: 106.82051515579224
Epoch: 574 | Training loss: 1.3675241606576103 | Elapsed time: 106.8087956905365
Epoch: 575 | Training loss: 1.372146736724036 | Elapsed time: 106.81717538833618
Epoch: 576 | Training loss: 1.3709341006619589 | Elapsed time: 106.87885308265686
Epoch: 577 | Training loss: 1.370751485654286 | Elapsed time: 106.81303930282593
Epoch: 578 | Training loss: 1.3709517419338226 | Elapsed time: 106.9588053226471
Epoch: 579 | Training loss: 1.3659144920962198 | Elapsed time: 107.0468475818634
Epoch: 580 | Training loss: 1.3673438114779337 | Elapsed time: 106.83935379981995
Epoch: 581 | Training loss: 1.3648653319903783 | Elapsed time: 106.81883335113525
Epoch: 582 | Training loss: 1.3637806926454816 | Elapsed time: 106.84190464019775
Epoch: 583 | Training loss: 1.3657975937638964 | Elapsed time: 106.80310893058777
Epoch: 584 | Training loss: 1.364639525754111 | Elapsed time: 106.87596154212952
Epoch: 585 | Training loss: 1.3639133555548533 | Elapsed time: 106.94109201431274
Epoch: 586 | Training loss: 1.3670497664383479 | Elapsed time: 106.860524892807
Epoch: 587 | Training loss: 1.3667870674814497 | Elapsed time: 106.92103719711304
Epoch: 588 | Training loss: 1.3638069995812008 | Elapsed time: 106.99477529525757
Epoch: 589 | Training loss: 1.3619260515485492 | Elapsed time: 106.8556809425354
Epoch: 590 | Training loss: 1.3618604046957834 | Elapsed time: 106.81025338172913
Epoch: 591 | Training loss: 1.360523533821106 | Elapsed time: 106.82810044288635
Epoch: 592 | Training loss: 1.361644011735916 | Elapsed time: 106.80970907211304
Epoch: 593 | Training loss: 1.362240901163646 | Elapsed time: 106.81748747825623
Epoch: 594 | Training loss: 1.3616145593779427 | Elapsed time: 106.91469216346741
Epoch: 595 | Training loss: 1.35854212812015 | Elapsed time: 106.85711550712585
Epoch: 596 | Training loss: 1.3584784311907632 | Elapsed time: 106.9023425579071
Epoch: 597 | Training loss: 1.3620776304176876 | Elapsed time: 106.84068870544434
Epoch: 598 | Training loss: 1.3581249518053873 | Elapsed time: 106.88685846328735
Epoch: 599 | Training loss: 1.360282163960593 | Elapsed time: 106.84413170814514
Epoch: 600 | Training loss: 1.3584549844264984 | Elapsed time: 106.83771681785583
Saving model to: /scratch/eo41/visual-recognition-memory/gpt_finetuned_models/imagenet1_gimel_konkle_nonvehicle_600.pt
Epoch: 601 | Training loss: 1.3558016615254538 | Elapsed time: 106.7503604888916
Epoch: 602 | Training loss: 1.3559642706598554 | Elapsed time: 106.82669186592102
Epoch: 603 | Training loss: 1.3553936898708343 | Elapsed time: 106.88522720336914
Epoch: 604 | Training loss: 1.3543782949447631 | Elapsed time: 106.82508969306946
Epoch: 605 | Training loss: 1.3556758616651807 | Elapsed time: 106.81507301330566
Epoch: 606 | Training loss: 1.3515585133007595 | Elapsed time: 106.91935276985168
Epoch: 607 | Training loss: 1.3572958409786224 | Elapsed time: 106.91698908805847
Epoch: 608 | Training loss: 1.3544595624719347 | Elapsed time: 106.93316221237183
Epoch: 609 | Training loss: 1.3515517175197602 | Elapsed time: 106.9031035900116
Epoch: 610 | Training loss: 1.3512751170567103 | Elapsed time: 106.81898236274719
Epoch: 611 | Training loss: 1.3516024955681392 | Elapsed time: 106.98013758659363
Epoch: 612 | Training loss: 1.3548602836472647 | Elapsed time: 106.94138216972351
Epoch: 613 | Training loss: 1.3492231471197946 | Elapsed time: 106.84224939346313
Epoch: 614 | Training loss: 1.3503301663058145 | Elapsed time: 106.8193609714508
Epoch: 615 | Training loss: 1.3491454575742994 | Elapsed time: 106.97250509262085
Epoch: 616 | Training loss: 1.3503849378653936 | Elapsed time: 106.94328761100769
Epoch: 617 | Training loss: 1.351266952923366 | Elapsed time: 106.83404088020325
Epoch: 618 | Training loss: 1.3501741971288408 | Elapsed time: 106.99868106842041
Epoch: 619 | Training loss: 1.3522932665688652 | Elapsed time: 106.97667980194092
Epoch: 620 | Training loss: 1.3510913108076368 | Elapsed time: 106.82605624198914
Epoch: 621 | Training loss: 1.3463130627359663 | Elapsed time: 106.8321385383606
Epoch: 622 | Training loss: 1.3464755645820072 | Elapsed time: 107.03648042678833
Epoch: 623 | Training loss: 1.3498848591532027 | Elapsed time: 106.8264946937561
Epoch: 624 | Training loss: 1.3481569111347198 | Elapsed time: 106.96099877357483
Epoch: 625 | Training loss: 1.3414068281650544 | Elapsed time: 106.88379287719727
Epoch: 626 | Training loss: 1.345429995230266 | Elapsed time: 106.87418532371521
Epoch: 627 | Training loss: 1.3461237686020988 | Elapsed time: 106.81019163131714
Epoch: 628 | Training loss: 1.3459299274853298 | Elapsed time: 106.86641645431519
Epoch: 629 | Training loss: 1.3389414880956922 | Elapsed time: 106.80344557762146
Epoch: 630 | Training loss: 1.3428526086466652 | Elapsed time: 106.83680462837219
Epoch: 631 | Training loss: 1.3462870700018748 | Elapsed time: 107.1078155040741
Epoch: 632 | Training loss: 1.3412168724196298 | Elapsed time: 107.02076768875122
Epoch: 633 | Training loss: 1.342644374711173 | Elapsed time: 106.8086564540863
Epoch: 634 | Training loss: 1.3396175827298846 | Elapsed time: 106.87762331962585
Epoch: 635 | Training loss: 1.3414664047104972 | Elapsed time: 106.84899616241455
Epoch: 636 | Training loss: 1.3412236545767102 | Elapsed time: 106.80596327781677
Epoch: 637 | Training loss: 1.3407594314643314 | Elapsed time: 106.89623737335205
Epoch: 638 | Training loss: 1.3393296914441244 | Elapsed time: 106.79954862594604
Epoch: 639 | Training loss: 1.34413857289723 | Elapsed time: 106.91555857658386
Epoch: 640 | Training loss: 1.3412276940686363 | Elapsed time: 106.79159784317017
Epoch: 641 | Training loss: 1.339980583531516 | Elapsed time: 106.825932264328
Epoch: 642 | Training loss: 1.336780823128564 | Elapsed time: 107.03615117073059
Epoch: 643 | Training loss: 1.3382753389222282 | Elapsed time: 106.92160654067993
Epoch: 644 | Training loss: 1.3355551396097456 | Elapsed time: 106.87021660804749
Epoch: 645 | Training loss: 1.3389608298029219 | Elapsed time: 106.89744758605957
Epoch: 646 | Training loss: 1.3384418870721544 | Elapsed time: 106.82309198379517
Epoch: 647 | Training loss: 1.335449779885156 | Elapsed time: 106.82761740684509
Epoch: 648 | Training loss: 1.3379385207380567 | Elapsed time: 106.83380198478699
Epoch: 649 | Training loss: 1.3325584598949978 | Elapsed time: 106.89958143234253
Epoch: 650 | Training loss: 1.3360927181584494 | Elapsed time: 106.7804753780365
Epoch: 651 | Training loss: 1.3349768272468021 | Elapsed time: 106.89972949028015
Epoch: 652 | Training loss: 1.333156132698059 | Elapsed time: 106.8632264137268
Epoch: 653 | Training loss: 1.329960230418614 | Elapsed time: 106.84852385520935
Epoch: 654 | Training loss: 1.3342891480241503 | Elapsed time: 106.94393301010132
Epoch: 655 | Training loss: 1.3291011776242938 | Elapsed time: 106.81444883346558
Epoch: 656 | Training loss: 1.3326581708022527 | Elapsed time: 106.85496497154236
Epoch: 657 | Training loss: 1.3337622719151634 | Elapsed time: 106.968341588974
Epoch: 658 | Training loss: 1.3293887606688908 | Elapsed time: 106.83840799331665
Epoch: 659 | Training loss: 1.333561279944011 | Elapsed time: 106.91181302070618
Epoch: 660 | Training loss: 1.3265946984291077 | Elapsed time: 106.82080221176147
Epoch: 661 | Training loss: 1.3300977723939078 | Elapsed time: 106.86467671394348
Epoch: 662 | Training loss: 1.3302707842418127 | Elapsed time: 106.79389834403992
Epoch: 663 | Training loss: 1.3309759557247163 | Elapsed time: 106.92869591712952
Epoch: 664 | Training loss: 1.3260974364621299 | Elapsed time: 106.78469705581665
Epoch: 665 | Training loss: 1.325613533599036 | Elapsed time: 106.9624969959259
Epoch: 666 | Training loss: 1.328039116518838 | Elapsed time: 106.87477469444275
Epoch: 667 | Training loss: 1.3274906856673105 | Elapsed time: 106.8593099117279
Epoch: 668 | Training loss: 1.327128426517759 | Elapsed time: 106.85133790969849
Epoch: 669 | Training loss: 1.327203609262194 | Elapsed time: 106.9853127002716
Epoch: 670 | Training loss: 1.3285794522081102 | Elapsed time: 106.88398385047913
Epoch: 671 | Training loss: 1.3268560426575797 | Elapsed time: 107.04368877410889
Epoch: 672 | Training loss: 1.3243690090520042 | Elapsed time: 106.86324000358582
Epoch: 673 | Training loss: 1.3261225938796997 | Elapsed time: 106.89424228668213
Epoch: 674 | Training loss: 1.322765338420868 | Elapsed time: 106.80186891555786
Epoch: 675 | Training loss: 1.3203277741159711 | Elapsed time: 106.81385493278503
Epoch: 676 | Training loss: 1.3254110148974827 | Elapsed time: 106.87866234779358
Epoch: 677 | Training loss: 1.3201081829411643 | Elapsed time: 106.98916172981262
Epoch: 678 | Training loss: 1.3264405948775155 | Elapsed time: 106.96616959571838
Epoch: 679 | Training loss: 1.324908892597471 | Elapsed time: 106.81276416778564
Epoch: 680 | Training loss: 1.321682722227914 | Elapsed time: 106.82888722419739
Epoch: 681 | Training loss: 1.3209343578134265 | Elapsed time: 106.91056871414185
Epoch: 682 | Training loss: 1.3215991863182612 | Elapsed time: 106.85803604125977
Epoch: 683 | Training loss: 1.317250085728509 | Elapsed time: 107.05662393569946
Epoch: 684 | Training loss: 1.3226880405630383 | Elapsed time: 106.84241199493408
Epoch: 685 | Training loss: 1.3209283232688904 | Elapsed time: 106.83597707748413
Epoch: 686 | Training loss: 1.3172043868473597 | Elapsed time: 106.8479790687561
Epoch: 687 | Training loss: 1.320468862567629 | Elapsed time: 106.80426836013794
Epoch: 688 | Training loss: 1.3173000940254755 | Elapsed time: 106.83591294288635
Epoch: 689 | Training loss: 1.3195977917739323 | Elapsed time: 106.95240473747253
Epoch: 690 | Training loss: 1.3173010553632463 | Elapsed time: 106.8920111656189
Epoch: 691 | Training loss: 1.3197084818567548 | Elapsed time: 107.06439447402954
Epoch: 692 | Training loss: 1.3175165040152415 | Elapsed time: 107.03226780891418
Epoch: 693 | Training loss: 1.3167129712445396 | Elapsed time: 106.8347647190094
Epoch: 694 | Training loss: 1.3216291623456138 | Elapsed time: 107.0944275856018
Epoch: 695 | Training loss: 1.3161883745874678 | Elapsed time: 107.34101295471191
Epoch: 696 | Training loss: 1.3152497853551592 | Elapsed time: 107.35164308547974
Epoch: 697 | Training loss: 1.3136526150362833 | Elapsed time: 107.37911343574524
Epoch: 698 | Training loss: 1.3141899585723877 | Elapsed time: 107.36005806922913
Epoch: 699 | Training loss: 1.3148019748074669 | Elapsed time: 107.31087279319763
Epoch: 700 | Training loss: 1.3146107401166642 | Elapsed time: 107.26077890396118
Saving model to: /scratch/eo41/visual-recognition-memory/gpt_finetuned_models/imagenet1_gimel_konkle_nonvehicle_700.pt
Epoch: 701 | Training loss: 1.3144861766270228 | Elapsed time: 107.2524721622467
Epoch: 702 | Training loss: 1.314073187964303 | Elapsed time: 107.34080648422241
Epoch: 703 | Training loss: 1.3100965883050646 | Elapsed time: 107.26340579986572
Epoch: 704 | Training loss: 1.3092946657112667 | Elapsed time: 107.296147108078
Epoch: 705 | Training loss: 1.3106397194521768 | Elapsed time: 107.22868132591248
Epoch: 706 | Training loss: 1.3127218450818743 | Elapsed time: 107.28538870811462
Epoch: 707 | Training loss: 1.3109274983406067 | Elapsed time: 107.18421411514282
Epoch: 708 | Training loss: 1.3112159047807965 | Elapsed time: 107.40248560905457
Epoch: 709 | Training loss: 1.3102048064981189 | Elapsed time: 107.25418210029602
Epoch: 710 | Training loss: 1.3097385457583837 | Elapsed time: 107.40869164466858
Epoch: 711 | Training loss: 1.3088773488998413 | Elapsed time: 107.2399160861969
Epoch: 712 | Training loss: 1.309754329919815 | Elapsed time: 107.45843267440796
Epoch: 713 | Training loss: 1.312190671477999 | Elapsed time: 107.18528342247009
Epoch: 714 | Training loss: 1.3095594218799047 | Elapsed time: 107.19753861427307
Epoch: 715 | Training loss: 1.3038986725466593 | Elapsed time: 107.36384987831116
Epoch: 716 | Training loss: 1.3076149335929326 | Elapsed time: 107.26699161529541
Epoch: 717 | Training loss: 1.3046072372368405 | Elapsed time: 107.23653936386108
Epoch: 718 | Training loss: 1.3084963985851832 | Elapsed time: 107.25465440750122
Epoch: 719 | Training loss: 1.3064204718385424 | Elapsed time: 107.26629734039307
Epoch: 720 | Training loss: 1.3047034927776882 | Elapsed time: 106.86838054656982
Epoch: 721 | Training loss: 1.3086207951818194 | Elapsed time: 106.98899030685425
Epoch: 722 | Training loss: 1.3042722140039718 | Elapsed time: 107.06043004989624
Epoch: 723 | Training loss: 1.3053479288305556 | Elapsed time: 106.98278760910034
Epoch: 724 | Training loss: 1.3045269736221858 | Elapsed time: 106.97025609016418
Epoch: 725 | Training loss: 1.3020871809550694 | Elapsed time: 106.81494355201721
Epoch: 726 | Training loss: 1.3021082043647767 | Elapsed time: 106.84000396728516
Epoch: 727 | Training loss: 1.3009982790265764 | Elapsed time: 106.80055236816406
Epoch: 728 | Training loss: 1.3003777154854366 | Elapsed time: 106.83644437789917
Epoch: 729 | Training loss: 1.3040675052574702 | Elapsed time: 107.0221357345581
Epoch: 730 | Training loss: 1.3011486019407 | Elapsed time: 106.97268414497375
Epoch: 731 | Training loss: 1.3000993950026376 | Elapsed time: 106.84161829948425
Epoch: 732 | Training loss: 1.3035882532596588 | Elapsed time: 106.81316304206848
Epoch: 733 | Training loss: 1.3013774037361145 | Elapsed time: 106.82692360877991
Epoch: 734 | Training loss: 1.301946953364781 | Elapsed time: 107.03468465805054
Epoch: 735 | Training loss: 1.299964270421437 | Elapsed time: 106.84737062454224
Epoch: 736 | Training loss: 1.3005903363227844 | Elapsed time: 107.02604460716248
Epoch: 737 | Training loss: 1.2947666968618121 | Elapsed time: 106.82585144042969
Epoch: 738 | Training loss: 1.2958621059145246 | Elapsed time: 106.87062096595764
Epoch: 739 | Training loss: 1.2961472647530692 | Elapsed time: 106.90057682991028
Epoch: 740 | Training loss: 1.2938883977276938 | Elapsed time: 106.99783205986023
Epoch: 741 | Training loss: 1.298904161793845 | Elapsed time: 106.89220261573792
Epoch: 742 | Training loss: 1.297965544462204 | Elapsed time: 106.96805167198181
Epoch: 743 | Training loss: 1.2968195915222167 | Elapsed time: 106.83684039115906
Epoch: 744 | Training loss: 1.298751436812537 | Elapsed time: 106.8762423992157
Epoch: 745 | Training loss: 1.2939283336911882 | Elapsed time: 106.91784882545471
Epoch: 746 | Training loss: 1.2960688982691084 | Elapsed time: 106.98885941505432
Epoch: 747 | Training loss: 1.2982179479939597 | Elapsed time: 106.80607676506042
Epoch: 748 | Training loss: 1.2907419255801609 | Elapsed time: 106.86884713172913
Epoch: 749 | Training loss: 1.2965960383415223 | Elapsed time: 106.79861664772034
Epoch: 750 | Training loss: 1.2967902200562613 | Elapsed time: 106.83892774581909
Epoch: 751 | Training loss: 1.2920681187084744 | Elapsed time: 106.95359063148499
Epoch: 752 | Training loss: 1.2912520144666944 | Elapsed time: 106.96548986434937
Epoch: 753 | Training loss: 1.2942829975060055 | Elapsed time: 106.91481590270996
Epoch: 754 | Training loss: 1.2914523448262896 | Elapsed time: 106.85986137390137
Epoch: 755 | Training loss: 1.2909598052501678 | Elapsed time: 106.9245913028717
Epoch: 756 | Training loss: 1.2862961956432888 | Elapsed time: 106.79579877853394
Epoch: 757 | Training loss: 1.289820568050657 | Elapsed time: 106.95514726638794
Epoch: 758 | Training loss: 1.2923080589090075 | Elapsed time: 106.87256717681885
Epoch: 759 | Training loss: 1.2927229830196925 | Elapsed time: 106.81790328025818
Epoch: 760 | Training loss: 1.2882194697856904 | Elapsed time: 106.83029842376709
Epoch: 761 | Training loss: 1.287352842092514 | Elapsed time: 106.82912564277649
Epoch: 762 | Training loss: 1.2898866048880986 | Elapsed time: 106.8296890258789
Epoch: 763 | Training loss: 1.287149645601 | Elapsed time: 106.92103910446167
Epoch: 764 | Training loss: 1.2885221915585654 | Elapsed time: 106.86092114448547
Epoch: 765 | Training loss: 1.2909907732691084 | Elapsed time: 106.98083639144897
Epoch: 766 | Training loss: 1.2865434646606446 | Elapsed time: 106.83460354804993
Epoch: 767 | Training loss: 1.283805228982653 | Elapsed time: 106.85458278656006
Epoch: 768 | Training loss: 1.286737518651145 | Elapsed time: 106.9416184425354
Epoch: 769 | Training loss: 1.2843238881656103 | Elapsed time: 106.8468713760376
Epoch: 770 | Training loss: 1.2861039451190404 | Elapsed time: 106.97778701782227
Epoch: 771 | Training loss: 1.2851375716073172 | Elapsed time: 106.86935424804688
Epoch: 772 | Training loss: 1.2840606961931502 | Elapsed time: 106.82690334320068
Epoch: 773 | Training loss: 1.2857516603810446 | Elapsed time: 106.9329137802124
Epoch: 774 | Training loss: 1.287193637234824 | Elapsed time: 106.9473032951355
Epoch: 775 | Training loss: 1.2851611486503056 | Elapsed time: 106.80811166763306
Epoch: 776 | Training loss: 1.284463564838682 | Elapsed time: 106.89727020263672
Epoch: 777 | Training loss: 1.2864006723676409 | Elapsed time: 106.93378067016602
Epoch: 778 | Training loss: 1.2825523436069488 | Elapsed time: 106.84826898574829
Epoch: 779 | Training loss: 1.2796499141624995 | Elapsed time: 106.86955094337463
Epoch: 780 | Training loss: 1.2845497863633293 | Elapsed time: 106.82433843612671
Epoch: 781 | Training loss: 1.2829281568527222 | Elapsed time: 106.95350074768066
Epoch: 782 | Training loss: 1.2829970853669304 | Elapsed time: 107.0239622592926
Epoch: 783 | Training loss: 1.2802928975650243 | Elapsed time: 106.87187027931213
Epoch: 784 | Training loss: 1.2794871994427273 | Elapsed time: 107.03838610649109
Epoch: 785 | Training loss: 1.2819581653390613 | Elapsed time: 107.05606126785278
Epoch: 786 | Training loss: 1.2814294108322688 | Elapsed time: 106.88189268112183
Epoch: 787 | Training loss: 1.2791156658104488 | Elapsed time: 106.8992977142334
Epoch: 788 | Training loss: 1.2815371189798628 | Elapsed time: 106.95683240890503
Epoch: 789 | Training loss: 1.2848130072866166 | Elapsed time: 106.93342566490173
Epoch: 790 | Training loss: 1.2777321432318007 | Elapsed time: 106.80155277252197
Epoch: 791 | Training loss: 1.2771034376961845 | Elapsed time: 107.02113389968872
Epoch: 792 | Training loss: 1.2791136690548488 | Elapsed time: 106.83040070533752
Epoch: 793 | Training loss: 1.276384151833398 | Elapsed time: 106.86301040649414
Epoch: 794 | Training loss: 1.2812009496348244 | Elapsed time: 106.87541460990906
Epoch: 795 | Training loss: 1.275667291028159 | Elapsed time: 106.8052430152893
Epoch: 796 | Training loss: 1.276949712208339 | Elapsed time: 106.83334803581238
Epoch: 797 | Training loss: 1.2783412882259915 | Elapsed time: 106.8538703918457
Epoch: 798 | Training loss: 1.280822776045118 | Elapsed time: 106.83488082885742
Epoch: 799 | Training loss: 1.2735467416899544 | Elapsed time: 106.94899320602417
Epoch: 800 | Training loss: 1.2792112043925694 | Elapsed time: 107.01126289367676
Saving model to: /scratch/eo41/visual-recognition-memory/gpt_finetuned_models/imagenet1_gimel_konkle_nonvehicle_800.pt
Epoch: 801 | Training loss: 1.274079087802342 | Elapsed time: 106.87188076972961
Epoch: 802 | Training loss: 1.2714393658297403 | Elapsed time: 106.80799221992493
Epoch: 803 | Training loss: 1.274778116600854 | Elapsed time: 106.80774307250977
Epoch: 804 | Training loss: 1.2749115100928716 | Elapsed time: 106.77927327156067
Epoch: 805 | Training loss: 1.2765938171318598 | Elapsed time: 107.04051375389099
Epoch: 806 | Training loss: 1.2743407624108452 | Elapsed time: 106.82089900970459
Epoch: 807 | Training loss: 1.2706226757594516 | Elapsed time: 106.8870141506195
Epoch: 808 | Training loss: 1.2734316715172358 | Elapsed time: 106.85031509399414
Epoch: 809 | Training loss: 1.2732378695692335 | Elapsed time: 106.83365511894226
Epoch: 810 | Training loss: 1.2692667654582432 | Elapsed time: 107.00134015083313
Epoch: 811 | Training loss: 1.2733899397509438 | Elapsed time: 106.90041017532349
Epoch: 812 | Training loss: 1.2700646911348616 | Elapsed time: 106.84929585456848
Epoch: 813 | Training loss: 1.269704065152577 | Elapsed time: 106.84264302253723
Epoch: 814 | Training loss: 1.2719606970037733 | Elapsed time: 107.00504183769226
Epoch: 815 | Training loss: 1.2699511681284223 | Elapsed time: 106.85577964782715
Epoch: 816 | Training loss: 1.2694121071270534 | Elapsed time: 106.82402515411377
Epoch: 817 | Training loss: 1.2717785281794411 | Elapsed time: 107.0795681476593
Epoch: 818 | Training loss: 1.2675526687077114 | Elapsed time: 106.86427330970764
Epoch: 819 | Training loss: 1.2681742438248225 | Elapsed time: 106.99650931358337
Epoch: 820 | Training loss: 1.2678118118218014 | Elapsed time: 106.84442043304443
Epoch: 821 | Training loss: 1.271013581752777 | Elapsed time: 106.81735944747925
Epoch: 822 | Training loss: 1.265089293888637 | Elapsed time: 107.02770662307739
Epoch: 823 | Training loss: 1.269635444879532 | Elapsed time: 106.88290166854858
Epoch: 824 | Training loss: 1.2688008291380746 | Elapsed time: 106.88799405097961
Epoch: 825 | Training loss: 1.2634022048541478 | Elapsed time: 106.8767409324646
Epoch: 826 | Training loss: 1.2646736664431435 | Elapsed time: 106.98700094223022
Epoch: 827 | Training loss: 1.2670739335673196 | Elapsed time: 106.84708094596863
Epoch: 828 | Training loss: 1.2637546973569052 | Elapsed time: 106.94349551200867
Epoch: 829 | Training loss: 1.2647618114948274 | Elapsed time: 106.85731434822083
Epoch: 830 | Training loss: 1.2659363882882255 | Elapsed time: 106.9437665939331
Epoch: 831 | Training loss: 1.2625032467501505 | Elapsed time: 106.92798280715942
Epoch: 832 | Training loss: 1.2630663156509399 | Elapsed time: 106.98476982116699
Epoch: 833 | Training loss: 1.265683399779456 | Elapsed time: 106.80637192726135
Epoch: 834 | Training loss: 1.262524620124272 | Elapsed time: 106.94400191307068
Epoch: 835 | Training loss: 1.2639956865991866 | Elapsed time: 106.84343385696411
Epoch: 836 | Training loss: 1.264388702596937 | Elapsed time: 106.80922269821167
Epoch: 837 | Training loss: 1.262263660771506 | Elapsed time: 107.00842261314392
Epoch: 838 | Training loss: 1.2635819026402064 | Elapsed time: 106.93668127059937
Epoch: 839 | Training loss: 1.2625491448811121 | Elapsed time: 106.84878969192505
Epoch: 840 | Training loss: 1.2603404028075083 | Elapsed time: 106.87095046043396
Epoch: 841 | Training loss: 1.2621459560734885 | Elapsed time: 107.09078359603882
Epoch: 842 | Training loss: 1.2587700664997101 | Elapsed time: 106.82692337036133
Epoch: 843 | Training loss: 1.2614683747291564 | Elapsed time: 106.9669246673584
Epoch: 844 | Training loss: 1.2609541748251234 | Elapsed time: 106.84924578666687
Epoch: 845 | Training loss: 1.2605177521705628 | Elapsed time: 106.81621932983398
Epoch: 846 | Training loss: 1.259442698104041 | Elapsed time: 106.86623001098633
Epoch: 847 | Training loss: 1.2605993015425545 | Elapsed time: 106.96701669692993
Epoch: 848 | Training loss: 1.2556269024099622 | Elapsed time: 106.88201189041138
Epoch: 849 | Training loss: 1.257954158953258 | Elapsed time: 106.88681244850159
Epoch: 850 | Training loss: 1.2549991531031472 | Elapsed time: 106.91160106658936
Epoch: 851 | Training loss: 1.257380095549992 | Elapsed time: 106.83084726333618
Epoch: 852 | Training loss: 1.2582597034318106 | Elapsed time: 106.8590919971466
Epoch: 853 | Training loss: 1.25975518482072 | Elapsed time: 106.88896942138672
Epoch: 854 | Training loss: 1.259755961384092 | Elapsed time: 106.88820171356201
Epoch: 855 | Training loss: 1.2587859996727535 | Elapsed time: 106.92726802825928
Epoch: 856 | Training loss: 1.255500375373023 | Elapsed time: 106.84552311897278
Epoch: 857 | Training loss: 1.2544417713369642 | Elapsed time: 106.86467027664185
Epoch: 858 | Training loss: 1.2571165331772396 | Elapsed time: 106.88727235794067
Epoch: 859 | Training loss: 1.2556928660188402 | Elapsed time: 106.96180033683777
Epoch: 860 | Training loss: 1.2567541931356703 | Elapsed time: 106.90066885948181
Epoch: 861 | Training loss: 1.2531855344772338 | Elapsed time: 106.87343692779541
Epoch: 862 | Training loss: 1.254361913033894 | Elapsed time: 106.88433861732483
Epoch: 863 | Training loss: 1.2505122576441083 | Elapsed time: 106.84416842460632
Epoch: 864 | Training loss: 1.250792726448604 | Elapsed time: 106.88703966140747
Epoch: 865 | Training loss: 1.2539650057043348 | Elapsed time: 106.83511710166931
Epoch: 866 | Training loss: 1.2525144474846976 | Elapsed time: 107.03786492347717
Epoch: 867 | Training loss: 1.2548415848187038 | Elapsed time: 107.0385148525238
Epoch: 868 | Training loss: 1.2548804581165314 | Elapsed time: 106.79953837394714
Epoch: 869 | Training loss: 1.2551694546427046 | Elapsed time: 106.78985643386841
Epoch: 870 | Training loss: 1.2517238514763969 | Elapsed time: 106.98500037193298
Epoch: 871 | Training loss: 1.2498920840876444 | Elapsed time: 107.05606436729431
Epoch: 872 | Training loss: 1.2513693724359785 | Elapsed time: 107.00591611862183
Epoch: 873 | Training loss: 1.253702003615243 | Elapsed time: 106.97477602958679
Epoch: 874 | Training loss: 1.2509604973452433 | Elapsed time: 106.81737875938416
Epoch: 875 | Training loss: 1.2478528610297612 | Elapsed time: 107.00696444511414
Epoch: 876 | Training loss: 1.2527751667158944 | Elapsed time: 106.8786268234253
Epoch: 877 | Training loss: 1.2526104177747455 | Elapsed time: 106.89122128486633
Epoch: 878 | Training loss: 1.251172638790948 | Elapsed time: 107.04917645454407
Epoch: 879 | Training loss: 1.2498759261199406 | Elapsed time: 106.8820583820343
Epoch: 880 | Training loss: 1.2479839154652186 | Elapsed time: 106.90210056304932
Epoch: 881 | Training loss: 1.2493326127529145 | Elapsed time: 107.00884509086609
Epoch: 882 | Training loss: 1.2496787411825998 | Elapsed time: 107.03682708740234
Epoch: 883 | Training loss: 1.2457414661134993 | Elapsed time: 106.9376072883606
Epoch: 884 | Training loss: 1.248203354222434 | Elapsed time: 106.92108249664307
Epoch: 885 | Training loss: 1.2463603036744253 | Elapsed time: 106.9316668510437
Epoch: 886 | Training loss: 1.2466176816395351 | Elapsed time: 106.95120787620544
Epoch: 887 | Training loss: 1.2491967575890677 | Elapsed time: 106.94471955299377
Epoch: 888 | Training loss: 1.2479094675609044 | Elapsed time: 106.90014386177063
Epoch: 889 | Training loss: 1.2480222983019693 | Elapsed time: 106.91954684257507
Epoch: 890 | Training loss: 1.241079798766545 | Elapsed time: 106.90678524971008
Epoch: 891 | Training loss: 1.2468107623713358 | Elapsed time: 106.97952699661255
Epoch: 892 | Training loss: 1.2464788505009243 | Elapsed time: 106.90915393829346
Epoch: 893 | Training loss: 1.2453765954290117 | Elapsed time: 106.89841675758362
Epoch: 894 | Training loss: 1.2477847380297524 | Elapsed time: 106.81037330627441
Epoch: 895 | Training loss: 1.2453825039522988 | Elapsed time: 106.91338086128235
Epoch: 896 | Training loss: 1.2434242027146476 | Elapsed time: 106.84420275688171
Epoch: 897 | Training loss: 1.247391048499516 | Elapsed time: 107.07817077636719
Epoch: 898 | Training loss: 1.2434975922107696 | Elapsed time: 106.9023859500885
Epoch: 899 | Training loss: 1.241622544186456 | Elapsed time: 106.97846341133118
Epoch: 900 | Training loss: 1.2443431104932512 | Elapsed time: 106.9103171825409
Saving model to: /scratch/eo41/visual-recognition-memory/gpt_finetuned_models/imagenet1_gimel_konkle_nonvehicle_900.pt
Epoch: 901 | Training loss: 1.2455683623041425 | Elapsed time: 107.0184497833252
Epoch: 902 | Training loss: 1.2410183233874186 | Elapsed time: 106.98602795600891
Epoch: 903 | Training loss: 1.2437103279999324 | Elapsed time: 106.90127968788147
Epoch: 904 | Training loss: 1.2419537944453103 | Elapsed time: 106.87906670570374
Epoch: 905 | Training loss: 1.2421875093664443 | Elapsed time: 107.01636791229248
Epoch: 906 | Training loss: 1.244150047642844 | Elapsed time: 106.90454769134521
Epoch: 907 | Training loss: 1.2393741462911878 | Elapsed time: 106.89445424079895
Epoch: 908 | Training loss: 1.2400866891656603 | Elapsed time: 106.85938787460327
Epoch: 909 | Training loss: 1.240146655695779 | Elapsed time: 106.91476082801819
Epoch: 910 | Training loss: 1.2367283659321922 | Elapsed time: 106.7823851108551
Epoch: 911 | Training loss: 1.2406520077160426 | Elapsed time: 106.82830786705017
Epoch: 912 | Training loss: 1.2379353650978633 | Elapsed time: 106.8511393070221
Epoch: 913 | Training loss: 1.2386282469545091 | Elapsed time: 106.93703889846802
Epoch: 914 | Training loss: 1.2414574640137808 | Elapsed time: 107.01902461051941
Epoch: 915 | Training loss: 1.2367100639002664 | Elapsed time: 106.83931303024292
Epoch: 916 | Training loss: 1.2407478366579328 | Elapsed time: 106.8617775440216
Epoch: 917 | Training loss: 1.2400974443980626 | Elapsed time: 106.87486481666565
Epoch: 918 | Training loss: 1.2410725738321031 | Elapsed time: 106.85744333267212
Epoch: 919 | Training loss: 1.2389297919613975 | Elapsed time: 106.90415382385254
Epoch: 920 | Training loss: 1.234565680367606 | Elapsed time: 106.88738369941711
Epoch: 921 | Training loss: 1.2369671038218908 | Elapsed time: 106.91676068305969
Epoch: 922 | Training loss: 1.2340068076338087 | Elapsed time: 106.8768630027771
Epoch: 923 | Training loss: 1.2359135900224958 | Elapsed time: 106.80087089538574
Epoch: 924 | Training loss: 1.2333295498575483 | Elapsed time: 106.82512378692627
Epoch: 925 | Training loss: 1.2369127358709062 | Elapsed time: 106.83009433746338
Epoch: 926 | Training loss: 1.2356934291975838 | Elapsed time: 107.00417280197144
Epoch: 927 | Training loss: 1.2333618351391384 | Elapsed time: 106.84904670715332
Epoch: 928 | Training loss: 1.235091165133885 | Elapsed time: 106.93635177612305
Epoch: 929 | Training loss: 1.2385676043374199 | Elapsed time: 106.93034958839417
Epoch: 930 | Training loss: 1.2371844189507621 | Elapsed time: 106.89109659194946
Epoch: 931 | Training loss: 1.2355629520756857 | Elapsed time: 106.86351442337036
Epoch: 932 | Training loss: 1.2275244116783142 | Elapsed time: 106.98938727378845
Epoch: 933 | Training loss: 1.2350350150040217 | Elapsed time: 106.82061767578125
Epoch: 934 | Training loss: 1.23538322022983 | Elapsed time: 106.85094785690308
Epoch: 935 | Training loss: 1.23081779054233 | Elapsed time: 106.94075393676758
Epoch: 936 | Training loss: 1.23113055229187 | Elapsed time: 106.87263607978821
Epoch: 937 | Training loss: 1.2307274230888912 | Elapsed time: 107.0609359741211
Epoch: 938 | Training loss: 1.2307681586061205 | Elapsed time: 106.88208365440369
Epoch: 939 | Training loss: 1.2311449646949768 | Elapsed time: 106.86438751220703
Epoch: 940 | Training loss: 1.2273853617055075 | Elapsed time: 106.95660924911499
Epoch: 941 | Training loss: 1.231100907070296 | Elapsed time: 106.85769128799438
Epoch: 942 | Training loss: 1.2318087552274977 | Elapsed time: 106.8577892780304
Epoch: 943 | Training loss: 1.23014355131558 | Elapsed time: 106.99890208244324
Epoch: 944 | Training loss: 1.2277216953890664 | Elapsed time: 106.88878870010376
Epoch: 945 | Training loss: 1.2302148716790335 | Elapsed time: 106.82643151283264
Epoch: 946 | Training loss: 1.2301793200629099 | Elapsed time: 106.9166669845581
Epoch: 947 | Training loss: 1.2305885025433132 | Elapsed time: 106.91116786003113
Epoch: 948 | Training loss: 1.2288221171924045 | Elapsed time: 106.888662815094
Epoch: 949 | Training loss: 1.231376292875835 | Elapsed time: 106.8588285446167
Epoch: 950 | Training loss: 1.2229333800928934 | Elapsed time: 107.07100415229797
Epoch: 951 | Training loss: 1.229707339831761 | Elapsed time: 106.8631956577301
Epoch: 952 | Training loss: 1.2292983489377158 | Elapsed time: 106.88704943656921
Epoch: 953 | Training loss: 1.227453339099884 | Elapsed time: 107.08738398551941
Epoch: 954 | Training loss: 1.2255577955927168 | Elapsed time: 107.04680562019348
Epoch: 955 | Training loss: 1.2287045640604837 | Elapsed time: 106.97680377960205
Epoch: 956 | Training loss: 1.227911914246423 | Elapsed time: 106.9633047580719
Epoch: 957 | Training loss: 1.2279110414641243 | Elapsed time: 106.8326370716095
Epoch: 958 | Training loss: 1.2248082186494555 | Elapsed time: 106.85298991203308
Epoch: 959 | Training loss: 1.2232039196150644 | Elapsed time: 106.85660290718079
Epoch: 960 | Training loss: 1.2267095472131457 | Elapsed time: 107.0799970626831
Epoch: 961 | Training loss: 1.225844908612115 | Elapsed time: 106.86160469055176
Epoch: 962 | Training loss: 1.2248828181198665 | Elapsed time: 106.90515375137329
Epoch: 963 | Training loss: 1.224171883719308 | Elapsed time: 106.92399263381958
Epoch: 964 | Training loss: 1.2288323044776917 | Elapsed time: 107.02003526687622
Epoch: 965 | Training loss: 1.2277405849524907 | Elapsed time: 106.8933835029602
Epoch: 966 | Training loss: 1.2262821895735605 | Elapsed time: 106.86481046676636
Epoch: 967 | Training loss: 1.2218086515154158 | Elapsed time: 107.06893014907837
Epoch: 968 | Training loss: 1.2233154722622464 | Elapsed time: 106.9818422794342
Epoch: 969 | Training loss: 1.2243533160005298 | Elapsed time: 106.91755151748657
Epoch: 970 | Training loss: 1.225028271334512 | Elapsed time: 106.96387386322021
Epoch: 971 | Training loss: 1.2217880385262625 | Elapsed time: 106.89270520210266
Epoch: 972 | Training loss: 1.2214057888303484 | Elapsed time: 106.93717741966248
Epoch: 973 | Training loss: 1.2209796675613949 | Elapsed time: 107.02048540115356
Epoch: 974 | Training loss: 1.2203411195959364 | Elapsed time: 106.97291135787964
Epoch: 975 | Training loss: 1.2224901820932115 | Elapsed time: 106.95583939552307
Epoch: 976 | Training loss: 1.223497863326754 | Elapsed time: 106.95299005508423
Epoch: 977 | Training loss: 1.2193694966179984 | Elapsed time: 107.01111793518066
Epoch: 978 | Training loss: 1.2226930507591793 | Elapsed time: 106.83962631225586
Epoch: 979 | Training loss: 1.2233181536197661 | Elapsed time: 106.8961431980133
Epoch: 980 | Training loss: 1.2181414502007621 | Elapsed time: 107.03286647796631
Epoch: 981 | Training loss: 1.2213316534246716 | Elapsed time: 107.02033066749573
Epoch: 982 | Training loss: 1.2175013533660344 | Elapsed time: 107.02502417564392
Epoch: 983 | Training loss: 1.2203819828374045 | Elapsed time: 106.99986505508423
Epoch: 984 | Training loss: 1.2179526260920934 | Elapsed time: 106.91457486152649
Epoch: 985 | Training loss: 1.217346387250083 | Elapsed time: 107.0194046497345
Epoch: 986 | Training loss: 1.2176765024662017 | Elapsed time: 106.88398098945618
Epoch: 987 | Training loss: 1.2226127667086466 | Elapsed time: 106.86055064201355
Epoch: 988 | Training loss: 1.2166765970843179 | Elapsed time: 106.93132138252258
Epoch: 989 | Training loss: 1.2202041591916766 | Elapsed time: 106.97070169448853
Epoch: 990 | Training loss: 1.2208496621676854 | Elapsed time: 107.14612007141113
Epoch: 991 | Training loss: 1.2123544143778937 | Elapsed time: 106.89310193061829
Epoch: 992 | Training loss: 1.2128522370542798 | Elapsed time: 106.8762788772583
Epoch: 993 | Training loss: 1.2161013858658927 | Elapsed time: 106.94731593132019
Epoch: 994 | Training loss: 1.210325596162251 | Elapsed time: 106.85675883293152
Epoch: 995 | Training loss: 1.2168202340602874 | Elapsed time: 106.86073517799377
Epoch: 996 | Training loss: 1.2170875234263283 | Elapsed time: 106.96917700767517
Epoch: 997 | Training loss: 1.21549665587289 | Elapsed time: 106.89658522605896
Epoch: 998 | Training loss: 1.2150165489741733 | Elapsed time: 107.06814575195312
Epoch: 999 | Training loss: 1.214617999962398 | Elapsed time: 106.94707655906677
Done
