Namespace(data_path='/vast/eo41/data/konkle_iid/train', vqconfig_path='/scratch/eo41/visual-recognition-memory/vqgan_pretrained_models/imagenet_16x16_16384.yaml', vqmodel_path='/scratch/eo41/visual-recognition-memory/vqgan_pretrained_models/imagenet_16x16_16384.ckpt', num_workers=16, seed=0, save_dir='/scratch/eo41/visual-recognition-memory/gpt_finetuned_models', save_freq=50, save_prefix='imagenet100_gimel_konkle_iid', gpt_config='GPT_gimel', vocab_size=16384, block_size=255, batch_size=32, lr=0.0003, optimizer='Adam', epochs=1000, subsample=1.0, resume='/scratch/eo41/visual-recognition-memory/gpt_pretrained_models/imagenet_gimel.pt', gpu=None, world_size=-1, rank=-1, dist_url='env://', dist_backend='nccl', local_rank=-1)
model:
  base_learning_rate: 4.5e-06
  params:
    ddconfig:
      attn_resolutions:
      - 16
      ch: 128
      ch_mult:
      - 1
      - 1
      - 2
      - 2
      - 4
      double_z: false
      dropout: 0.0
      in_channels: 3
      num_res_blocks: 2
      out_ch: 3
      resolution: 256
      z_channels: 256
    embed_dim: 256
    lossconfig:
      params:
        codebook_weight: 1.0
        disc_conditional: false
        disc_in_channels: 3
        disc_num_layers: 2
        disc_start: 0
        disc_weight: 0.75
      target: vqloss.VQLPIPSWithDiscriminator
    monitor: val/rec_loss
    n_embed: 16384
  target: vqmodel.VQModel

Working with z of shape (1, 256, 16, 16) = 65536 dimensions.
/scratch/eo41/miniconda3/lib/python3.10/site-packages/torchvision/models/_utils.py:208: UserWarning: The parameter 'pretrained' is deprecated since 0.13 and may be removed in the future, please use 'weights' instead.
  warnings.warn(
/scratch/eo41/miniconda3/lib/python3.10/site-packages/torchvision/models/_utils.py:223: UserWarning: Arguments other than a weight enum or `None` for 'weights' are deprecated since 0.13 and may be removed in the future. The current behavior is equivalent to passing `weights=VGG16_Weights.IMAGENET1K_V1`. You can also use `weights=VGG16_Weights.DEFAULT` to get the most up-to-date weights.
  warnings.warn(msg)
loaded pretrained LPIPS loss from taming/modules/autoencoder/lpips/vgg.pth
VQLPIPSWithDiscriminator running with hinge loss.
Loaded VQ encoder.
Data loaded: dataset contains 2121 images, and takes 67 training iterations per epoch.
Number of parameters: 750659840
Running on 1 GPUs total
=> loaded model weights and optimizer state at checkpoint '/scratch/eo41/visual-recognition-memory/gpt_pretrained_models/imagenet_gimel.pt'
/scratch/eo41/miniconda3/lib/python3.10/site-packages/torch/nn/_reduction.py:42: UserWarning: size_average and reduce args will be deprecated, please use reduction='none' instead.
  warnings.warn(warning.format(ret))
Epoch: 0 | Training loss: 3.547493187349234 | Elapsed time: 170.89117980003357
Saving model to: /scratch/eo41/visual-recognition-memory/gpt_finetuned_models/imagenet100_gimel_konkle_iid_0.pt
Epoch: 1 | Training loss: 3.4748055258793618 | Elapsed time: 165.73292231559753
Epoch: 2 | Training loss: 3.422000707085453 | Elapsed time: 165.92822337150574
Epoch: 3 | Training loss: 3.3680674140133076 | Elapsed time: 165.9728639125824
Epoch: 4 | Training loss: 3.317606527413895 | Elapsed time: 165.8356068134308
Epoch: 5 | Training loss: 3.265213941460225 | Elapsed time: 165.76092505455017
Epoch: 6 | Training loss: 3.2242826952863095 | Elapsed time: 166.03783655166626
Epoch: 7 | Training loss: 3.184237280888344 | Elapsed time: 166.0637538433075
Epoch: 8 | Training loss: 3.1403247135788646 | Elapsed time: 166.00157260894775
Epoch: 9 | Training loss: 3.0983591222051365 | Elapsed time: 165.8857831954956
Epoch: 10 | Training loss: 3.0662918411084075 | Elapsed time: 165.86414694786072
Epoch: 11 | Training loss: 3.0294922358954133 | Elapsed time: 166.0466821193695
Epoch: 12 | Training loss: 2.9965830596525276 | Elapsed time: 165.8018388748169
Epoch: 13 | Training loss: 2.9594997932661826 | Elapsed time: 165.89657950401306
Epoch: 14 | Training loss: 2.9299103430847624 | Elapsed time: 166.044287443161
Epoch: 15 | Training loss: 2.9027022710487023 | Elapsed time: 165.7020275592804
Epoch: 16 | Training loss: 2.8734147797769576 | Elapsed time: 165.89052176475525
Epoch: 17 | Training loss: 2.855056851657469 | Elapsed time: 165.86036729812622
Epoch: 18 | Training loss: 2.83682177315897 | Elapsed time: 165.68612003326416
Epoch: 19 | Training loss: 2.8039304356076826 | Elapsed time: 165.77480626106262
Epoch: 20 | Training loss: 2.7818709558515406 | Elapsed time: 165.85916662216187
Epoch: 21 | Training loss: 2.7551443754737055 | Elapsed time: 165.99265313148499
Epoch: 22 | Training loss: 2.7390965312274536 | Elapsed time: 165.93381261825562
Epoch: 23 | Training loss: 2.713504431852654 | Elapsed time: 165.85068464279175
Epoch: 24 | Training loss: 2.6927684883573164 | Elapsed time: 165.85509276390076
Epoch: 25 | Training loss: 2.675830325083946 | Elapsed time: 165.91621112823486
Epoch: 26 | Training loss: 2.6662053741625886 | Elapsed time: 165.99229216575623
Epoch: 27 | Training loss: 2.6387602535646355 | Elapsed time: 165.96669101715088
Epoch: 28 | Training loss: 2.6186911490426135 | Elapsed time: 166.03964042663574
Epoch: 29 | Training loss: 2.605114435082051 | Elapsed time: 165.93169927597046
Epoch: 30 | Training loss: 2.579383711316692 | Elapsed time: 166.00931334495544
Epoch: 31 | Training loss: 2.56798203667598 | Elapsed time: 165.74601411819458
Epoch: 32 | Training loss: 2.547655215903894 | Elapsed time: 165.89460921287537
Epoch: 33 | Training loss: 2.5436741914322125 | Elapsed time: 166.01226043701172
Epoch: 34 | Training loss: 2.526722929370937 | Elapsed time: 166.12634587287903
Epoch: 35 | Training loss: 2.5153528612051437 | Elapsed time: 165.97203278541565
Epoch: 36 | Training loss: 2.4939835783260973 | Elapsed time: 166.23262190818787
Epoch: 37 | Training loss: 2.4860306818093827 | Elapsed time: 166.0675892829895
Epoch: 38 | Training loss: 2.4733211994171143 | Elapsed time: 165.7257182598114
Epoch: 39 | Training loss: 2.4602807030748965 | Elapsed time: 165.8115782737732
Epoch: 40 | Training loss: 2.4461252013249184 | Elapsed time: 166.01492714881897
Epoch: 41 | Training loss: 2.432510297689865 | Elapsed time: 165.6912326812744
Epoch: 42 | Training loss: 2.4254952651351247 | Elapsed time: 165.6862394809723
Epoch: 43 | Training loss: 2.414463758468628 | Elapsed time: 165.78171968460083
Epoch: 44 | Training loss: 2.403912330741313 | Elapsed time: 165.88688969612122
Epoch: 45 | Training loss: 2.395923169691171 | Elapsed time: 165.73250150680542
Epoch: 46 | Training loss: 2.3854098782610538 | Elapsed time: 165.86319875717163
Epoch: 47 | Training loss: 2.372080738864728 | Elapsed time: 165.8044445514679
Epoch: 48 | Training loss: 2.357833310739318 | Elapsed time: 165.78607821464539
Epoch: 49 | Training loss: 2.3480391395625784 | Elapsed time: 165.77185535430908
Epoch: 50 | Training loss: 2.343690583954996 | Elapsed time: 165.84046077728271
Saving model to: /scratch/eo41/visual-recognition-memory/gpt_finetuned_models/imagenet100_gimel_konkle_iid_50.pt
Epoch: 51 | Training loss: 2.3363378759640367 | Elapsed time: 166.0199511051178
Epoch: 52 | Training loss: 2.323115505389313 | Elapsed time: 165.94013953208923
Epoch: 53 | Training loss: 2.313165436929731 | Elapsed time: 166.03284120559692
Epoch: 54 | Training loss: 2.3014157708011456 | Elapsed time: 165.79402875900269
Epoch: 55 | Training loss: 2.30272436853665 | Elapsed time: 165.69748997688293
Epoch: 56 | Training loss: 2.2842783145050505 | Elapsed time: 165.8843343257904
Epoch: 57 | Training loss: 2.275648092156026 | Elapsed time: 166.24015736579895
Epoch: 58 | Training loss: 2.269854065197617 | Elapsed time: 165.92319750785828
Epoch: 59 | Training loss: 2.256222490054458 | Elapsed time: 166.1722912788391
Epoch: 60 | Training loss: 2.2603162189028154 | Elapsed time: 166.12153244018555
Epoch: 61 | Training loss: 2.241779071181568 | Elapsed time: 166.03733944892883
Epoch: 62 | Training loss: 2.2385748624801636 | Elapsed time: 165.97921299934387
Epoch: 63 | Training loss: 2.236490107294339 | Elapsed time: 165.99209547042847
Epoch: 64 | Training loss: 2.224944956267058 | Elapsed time: 166.25674986839294
Epoch: 65 | Training loss: 2.2173600268008102 | Elapsed time: 166.0114505290985
Epoch: 66 | Training loss: 2.208435966007745 | Elapsed time: 165.99735617637634
Epoch: 67 | Training loss: 2.2011498283984055 | Elapsed time: 166.06266331672668
Epoch: 68 | Training loss: 2.1963443097783557 | Elapsed time: 165.85217094421387
Epoch: 69 | Training loss: 2.196106204346045 | Elapsed time: 165.87397956848145
Epoch: 70 | Training loss: 2.1853516635610095 | Elapsed time: 165.95192885398865
Epoch: 71 | Training loss: 2.177902323096546 | Elapsed time: 166.05631375312805
Epoch: 72 | Training loss: 2.16897760220428 | Elapsed time: 165.96694493293762
Epoch: 73 | Training loss: 2.1617220230956575 | Elapsed time: 166.12497305870056
Epoch: 74 | Training loss: 2.1542969764168585 | Elapsed time: 166.1584095954895
Epoch: 75 | Training loss: 2.1485308817963102 | Elapsed time: 166.20083475112915
Epoch: 76 | Training loss: 2.1381134381934777 | Elapsed time: 166.101548910141
Epoch: 77 | Training loss: 2.1359923722139045 | Elapsed time: 165.88242292404175
Epoch: 78 | Training loss: 2.1224674822679206 | Elapsed time: 165.90524649620056
Epoch: 79 | Training loss: 2.125664614919406 | Elapsed time: 165.89703178405762
Epoch: 80 | Training loss: 2.1173427976779085 | Elapsed time: 166.09739780426025
Epoch: 81 | Training loss: 2.111383731685468 | Elapsed time: 165.875257730484
Epoch: 82 | Training loss: 2.1115714667448358 | Elapsed time: 165.88376665115356
Epoch: 83 | Training loss: 2.10769250855517 | Elapsed time: 165.76951026916504
Epoch: 84 | Training loss: 2.099116433912249 | Elapsed time: 166.18208813667297
Epoch: 85 | Training loss: 2.0949771350889064 | Elapsed time: 166.1385200023651
Epoch: 86 | Training loss: 2.087338159333414 | Elapsed time: 166.20561408996582
Epoch: 87 | Training loss: 2.0750180571826538 | Elapsed time: 166.12919855117798
Epoch: 88 | Training loss: 2.075790608107154 | Elapsed time: 166.13427662849426
Epoch: 89 | Training loss: 2.0659402644456324 | Elapsed time: 166.2739245891571
Epoch: 90 | Training loss: 2.0687495025236213 | Elapsed time: 166.05884528160095
Epoch: 91 | Training loss: 2.0557251599297595 | Elapsed time: 166.26758861541748
Epoch: 92 | Training loss: 2.054619075647041 | Elapsed time: 165.94717264175415
Epoch: 93 | Training loss: 2.0489073796058768 | Elapsed time: 166.24597883224487
Epoch: 94 | Training loss: 2.047931781455652 | Elapsed time: 166.24089932441711
Epoch: 95 | Training loss: 2.0392866045681397 | Elapsed time: 166.09240555763245
Epoch: 96 | Training loss: 2.034293516358333 | Elapsed time: 166.3349735736847
Epoch: 97 | Training loss: 2.028206213196712 | Elapsed time: 166.11794686317444
Epoch: 98 | Training loss: 2.021347149094539 | Elapsed time: 166.04669189453125
Epoch: 99 | Training loss: 2.0202782705648623 | Elapsed time: 165.97061705589294
Epoch: 100 | Training loss: 2.0160571585840255 | Elapsed time: 166.15285730361938
Saving model to: /scratch/eo41/visual-recognition-memory/gpt_finetuned_models/imagenet100_gimel_konkle_iid_100.pt
Epoch: 101 | Training loss: 2.0136737093996646 | Elapsed time: 166.3372461795807
Epoch: 102 | Training loss: 2.009008905780849 | Elapsed time: 165.9755265712738
Epoch: 103 | Training loss: 1.9970920014737257 | Elapsed time: 165.94382762908936
Epoch: 104 | Training loss: 1.9987940414627987 | Elapsed time: 166.04634380340576
Epoch: 105 | Training loss: 1.9895480052748722 | Elapsed time: 166.2459261417389
Epoch: 106 | Training loss: 1.9857395869582446 | Elapsed time: 166.14101219177246
Epoch: 107 | Training loss: 1.9765073434630436 | Elapsed time: 166.22338461875916
Epoch: 108 | Training loss: 1.9822191498172816 | Elapsed time: 166.18783402442932
Epoch: 109 | Training loss: 1.9790519849577946 | Elapsed time: 166.3629755973816
Epoch: 110 | Training loss: 1.9692272161369893 | Elapsed time: 166.39969778060913
Epoch: 111 | Training loss: 1.9673026408722152 | Elapsed time: 166.2842197418213
Epoch: 112 | Training loss: 1.9656566078983135 | Elapsed time: 166.04666566848755
Epoch: 113 | Training loss: 1.9619128579524026 | Elapsed time: 166.1823925971985
Epoch: 114 | Training loss: 1.9620058981340323 | Elapsed time: 166.10639548301697
Epoch: 115 | Training loss: 1.9549856452799554 | Elapsed time: 166.2098364830017
Epoch: 116 | Training loss: 1.9512805298193177 | Elapsed time: 166.22896599769592
Epoch: 117 | Training loss: 1.9433043109836863 | Elapsed time: 166.20317006111145
Epoch: 118 | Training loss: 1.9463342499377123 | Elapsed time: 166.19015383720398
Epoch: 119 | Training loss: 1.9377157901650044 | Elapsed time: 166.06111478805542
Epoch: 120 | Training loss: 1.9309970460720915 | Elapsed time: 166.10832524299622
Epoch: 121 | Training loss: 1.9322928457117792 | Elapsed time: 165.94305658340454
Epoch: 122 | Training loss: 1.9322536792328109 | Elapsed time: 165.9214301109314
Epoch: 123 | Training loss: 1.9199618955156696 | Elapsed time: 166.12429332733154
Epoch: 124 | Training loss: 1.9201356314901095 | Elapsed time: 165.95850920677185
Epoch: 125 | Training loss: 1.91090176176669 | Elapsed time: 165.93887567520142
Epoch: 126 | Training loss: 1.9166403813148611 | Elapsed time: 166.14603972434998
Epoch: 127 | Training loss: 1.9043908154786522 | Elapsed time: 166.0922908782959
Epoch: 128 | Training loss: 1.9069698675354916 | Elapsed time: 166.1473205089569
Epoch: 129 | Training loss: 1.901596955399015 | Elapsed time: 166.0708510875702
Epoch: 130 | Training loss: 1.9032665615651145 | Elapsed time: 166.37333631515503
Epoch: 131 | Training loss: 1.8975977630757574 | Elapsed time: 166.1024672985077
Epoch: 132 | Training loss: 1.8913090335789011 | Elapsed time: 166.20919847488403
Epoch: 133 | Training loss: 1.886974866710492 | Elapsed time: 166.05737447738647
Epoch: 134 | Training loss: 1.885904379745028 | Elapsed time: 166.24555158615112
Epoch: 135 | Training loss: 1.8866108531382546 | Elapsed time: 166.2816379070282
Epoch: 136 | Training loss: 1.8817243878521137 | Elapsed time: 166.26510572433472
Epoch: 137 | Training loss: 1.8800721648913712 | Elapsed time: 166.13437032699585
Epoch: 138 | Training loss: 1.870813181151205 | Elapsed time: 166.27766275405884
Epoch: 139 | Training loss: 1.8691405040114673 | Elapsed time: 166.13578271865845
Epoch: 140 | Training loss: 1.8626270009510553 | Elapsed time: 166.09274649620056
Epoch: 141 | Training loss: 1.8650902171633137 | Elapsed time: 165.94948840141296
Epoch: 142 | Training loss: 1.8623942901839072 | Elapsed time: 166.02972269058228
Epoch: 143 | Training loss: 1.855193967249856 | Elapsed time: 166.16915941238403
Epoch: 144 | Training loss: 1.8566863696966598 | Elapsed time: 166.12927722930908
Epoch: 145 | Training loss: 1.8499771232035622 | Elapsed time: 165.97103023529053
Epoch: 146 | Training loss: 1.8448292159322481 | Elapsed time: 165.73207783699036
Epoch: 147 | Training loss: 1.8395720097556043 | Elapsed time: 165.93294262886047
Epoch: 148 | Training loss: 1.8372310755857781 | Elapsed time: 165.8751664161682
Epoch: 149 | Training loss: 1.8391717334291828 | Elapsed time: 165.91707110404968
Epoch: 150 | Training loss: 1.8345114900105035 | Elapsed time: 165.75087690353394
Saving model to: /scratch/eo41/visual-recognition-memory/gpt_finetuned_models/imagenet100_gimel_konkle_iid_150.pt
Epoch: 151 | Training loss: 1.8362775667389828 | Elapsed time: 165.97154021263123
Epoch: 152 | Training loss: 1.8338387670801646 | Elapsed time: 165.94821166992188
Epoch: 153 | Training loss: 1.8231651516103033 | Elapsed time: 165.86368465423584
Epoch: 154 | Training loss: 1.8211101489280588 | Elapsed time: 165.8754665851593
Epoch: 155 | Training loss: 1.8179086322215066 | Elapsed time: 166.00825333595276
Epoch: 156 | Training loss: 1.8170435179525346 | Elapsed time: 165.9066879749298
Epoch: 157 | Training loss: 1.8182652103367136 | Elapsed time: 166.00727534294128
Epoch: 158 | Training loss: 1.8158209181543608 | Elapsed time: 165.917245388031
Epoch: 159 | Training loss: 1.8158716870777643 | Elapsed time: 166.03377747535706
Epoch: 160 | Training loss: 1.8113658214682964 | Elapsed time: 166.0710198879242
Epoch: 161 | Training loss: 1.8019623222635752 | Elapsed time: 166.0609073638916
Epoch: 162 | Training loss: 1.8075790067217243 | Elapsed time: 166.12060260772705
Epoch: 163 | Training loss: 1.798501073424496 | Elapsed time: 166.0129976272583
Epoch: 164 | Training loss: 1.7981152107466514 | Elapsed time: 166.15396404266357
Epoch: 165 | Training loss: 1.7961745351108152 | Elapsed time: 166.00701880455017
Epoch: 166 | Training loss: 1.7929135400857499 | Elapsed time: 166.03010487556458
Epoch: 167 | Training loss: 1.7888271434983212 | Elapsed time: 165.9711434841156
Epoch: 168 | Training loss: 1.7856695972271819 | Elapsed time: 166.02519702911377
Epoch: 169 | Training loss: 1.7876682032400102 | Elapsed time: 165.75618505477905
Epoch: 170 | Training loss: 1.7820483570668235 | Elapsed time: 165.7193124294281
Epoch: 171 | Training loss: 1.7757733259628068 | Elapsed time: 166.0299620628357
Epoch: 172 | Training loss: 1.7811022676638704 | Elapsed time: 165.91359114646912
Epoch: 173 | Training loss: 1.7709691649052635 | Elapsed time: 165.85051774978638
Epoch: 174 | Training loss: 1.7750483039599747 | Elapsed time: 166.16245675086975
Epoch: 175 | Training loss: 1.7730675882367946 | Elapsed time: 165.98575091362
Epoch: 176 | Training loss: 1.769240112447027 | Elapsed time: 166.04229378700256
Epoch: 177 | Training loss: 1.7655813818547264 | Elapsed time: 165.8328995704651
Epoch: 178 | Training loss: 1.7710949894207626 | Elapsed time: 165.95487546920776
Epoch: 179 | Training loss: 1.7544022442689582 | Elapsed time: 165.9550850391388
Epoch: 180 | Training loss: 1.7612456599278237 | Elapsed time: 166.05555319786072
Epoch: 181 | Training loss: 1.7643822520526486 | Elapsed time: 166.0898621082306
Epoch: 182 | Training loss: 1.7522912897280793 | Elapsed time: 166.2444818019867
Epoch: 183 | Training loss: 1.7580801390889864 | Elapsed time: 166.23324155807495
Epoch: 184 | Training loss: 1.7514894026428907 | Elapsed time: 166.10009050369263
Epoch: 185 | Training loss: 1.7508103135806412 | Elapsed time: 166.10711669921875
Epoch: 186 | Training loss: 1.747830298409533 | Elapsed time: 166.13683414459229
Epoch: 187 | Training loss: 1.7457071347023123 | Elapsed time: 165.99775910377502
Epoch: 188 | Training loss: 1.7406732644607772 | Elapsed time: 166.0041470527649
Epoch: 189 | Training loss: 1.7371640579024357 | Elapsed time: 165.9353015422821
Epoch: 190 | Training loss: 1.7358947049325972 | Elapsed time: 166.04666757583618
Epoch: 191 | Training loss: 1.7294877233789927 | Elapsed time: 166.03884649276733
Epoch: 192 | Training loss: 1.7355172776464205 | Elapsed time: 166.12146639823914
Epoch: 193 | Training loss: 1.7269647210391599 | Elapsed time: 166.21613454818726
Epoch: 194 | Training loss: 1.7255862239581437 | Elapsed time: 166.1095311641693
Epoch: 195 | Training loss: 1.7288940397661123 | Elapsed time: 165.93096470832825
Epoch: 196 | Training loss: 1.7274761413460347 | Elapsed time: 166.03255343437195
Epoch: 197 | Training loss: 1.723323343405083 | Elapsed time: 165.95939087867737
Epoch: 198 | Training loss: 1.7184052520723485 | Elapsed time: 165.84368252754211
Epoch: 199 | Training loss: 1.711488350113826 | Elapsed time: 165.9218418598175
Epoch: 200 | Training loss: 1.719400824005924 | Elapsed time: 165.95153880119324
Saving model to: /scratch/eo41/visual-recognition-memory/gpt_finetuned_models/imagenet100_gimel_konkle_iid_200.pt
Epoch: 201 | Training loss: 1.7136527709106901 | Elapsed time: 165.74192762374878
Epoch: 202 | Training loss: 1.7105180772382822 | Elapsed time: 165.92348861694336
Epoch: 203 | Training loss: 1.704272231059288 | Elapsed time: 165.8551390171051
Epoch: 204 | Training loss: 1.7057368595208695 | Elapsed time: 166.130713224411
Epoch: 205 | Training loss: 1.7075770595180455 | Elapsed time: 166.04877161979675
Epoch: 206 | Training loss: 1.6981833336958245 | Elapsed time: 165.8200023174286
Epoch: 207 | Training loss: 1.7022475075365893 | Elapsed time: 166.11852955818176
Epoch: 208 | Training loss: 1.7023442752325713 | Elapsed time: 165.94020891189575
Epoch: 209 | Training loss: 1.6971845502284035 | Elapsed time: 165.90926361083984
Epoch: 210 | Training loss: 1.6968769475595276 | Elapsed time: 165.99033904075623
Epoch: 211 | Training loss: 1.6899449807494433 | Elapsed time: 165.81757426261902
Epoch: 212 | Training loss: 1.690822905568934 | Elapsed time: 165.99025869369507
Epoch: 213 | Training loss: 1.6878007810507247 | Elapsed time: 165.85928583145142
Epoch: 214 | Training loss: 1.697281602603286 | Elapsed time: 165.87351083755493
Epoch: 215 | Training loss: 1.6833439567195836 | Elapsed time: 165.76102709770203
Epoch: 216 | Training loss: 1.6839992590804598 | Elapsed time: 165.8627336025238
Epoch: 217 | Training loss: 1.6836915016174316 | Elapsed time: 165.77482748031616
Epoch: 218 | Training loss: 1.6838662161755917 | Elapsed time: 165.8505139350891
Epoch: 219 | Training loss: 1.6801253486035475 | Elapsed time: 165.89479112625122
Epoch: 220 | Training loss: 1.6790396811357184 | Elapsed time: 165.90410923957825
Epoch: 221 | Training loss: 1.6740439062687889 | Elapsed time: 166.00461339950562
Epoch: 222 | Training loss: 1.6728649299536178 | Elapsed time: 166.04727792739868
Epoch: 223 | Training loss: 1.6751279154820229 | Elapsed time: 165.7718367576599
Epoch: 224 | Training loss: 1.6706035759911608 | Elapsed time: 166.0262758731842
Epoch: 225 | Training loss: 1.6700649617323235 | Elapsed time: 165.80659914016724
Epoch: 226 | Training loss: 1.671283801989769 | Elapsed time: 165.7891721725464
Epoch: 227 | Training loss: 1.6693497718270145 | Elapsed time: 165.85318064689636
Epoch: 228 | Training loss: 1.659498889054825 | Elapsed time: 165.80964159965515
Epoch: 229 | Training loss: 1.6605772580673446 | Elapsed time: 166.08492302894592
Epoch: 230 | Training loss: 1.6615299840471638 | Elapsed time: 165.69688606262207
Epoch: 231 | Training loss: 1.649691355762197 | Elapsed time: 165.816890001297
Epoch: 232 | Training loss: 1.6546324900726774 | Elapsed time: 166.14588236808777
Epoch: 233 | Training loss: 1.6564636301638476 | Elapsed time: 166.01215815544128
Epoch: 234 | Training loss: 1.652409653165447 | Elapsed time: 165.9638156890869
Epoch: 235 | Training loss: 1.6522018179964664 | Elapsed time: 166.01974868774414
Epoch: 236 | Training loss: 1.6467243290659208 | Elapsed time: 165.82182216644287
Epoch: 237 | Training loss: 1.6484438785866125 | Elapsed time: 165.86976218223572
Epoch: 238 | Training loss: 1.6481861178554706 | Elapsed time: 165.872807264328
Epoch: 239 | Training loss: 1.6438895766414814 | Elapsed time: 166.04126143455505
Epoch: 240 | Training loss: 1.6436946374266894 | Elapsed time: 165.72237133979797
Epoch: 241 | Training loss: 1.637611997661306 | Elapsed time: 165.69959354400635
Epoch: 242 | Training loss: 1.6408571058244847 | Elapsed time: 165.98712253570557
Epoch: 243 | Training loss: 1.6411679769629863 | Elapsed time: 165.88237190246582
Epoch: 244 | Training loss: 1.6328816111408062 | Elapsed time: 166.05459213256836
Epoch: 245 | Training loss: 1.6313898296498541 | Elapsed time: 165.76958084106445
Epoch: 246 | Training loss: 1.6281825357408666 | Elapsed time: 165.7631378173828
Epoch: 247 | Training loss: 1.6295615114382844 | Elapsed time: 165.90827107429504
Epoch: 248 | Training loss: 1.6288659163375399 | Elapsed time: 165.8731300830841
Epoch: 249 | Training loss: 1.6228310990689405 | Elapsed time: 165.76884150505066
Epoch: 250 | Training loss: 1.630372364129593 | Elapsed time: 165.79649591445923
Saving model to: /scratch/eo41/visual-recognition-memory/gpt_finetuned_models/imagenet100_gimel_konkle_iid_250.pt
Epoch: 251 | Training loss: 1.6320574835165222 | Elapsed time: 165.84381437301636
Epoch: 252 | Training loss: 1.622233008270833 | Elapsed time: 165.8210084438324
Epoch: 253 | Training loss: 1.6158559553658784 | Elapsed time: 165.63546323776245
Epoch: 254 | Training loss: 1.6198929566055982 | Elapsed time: 165.61026620864868
Epoch: 255 | Training loss: 1.6198840301428268 | Elapsed time: 165.82493901252747
Epoch: 256 | Training loss: 1.6144380782967183 | Elapsed time: 165.6678020954132
Epoch: 257 | Training loss: 1.6200233715683667 | Elapsed time: 165.8216826915741
Epoch: 258 | Training loss: 1.6150290094204802 | Elapsed time: 165.77831411361694
Epoch: 259 | Training loss: 1.6154166531206957 | Elapsed time: 165.9596586227417
Epoch: 260 | Training loss: 1.6084361165317136 | Elapsed time: 165.83921885490417
Epoch: 261 | Training loss: 1.6112287578298086 | Elapsed time: 165.8853690624237
Epoch: 262 | Training loss: 1.6038021151699238 | Elapsed time: 165.93653559684753
Epoch: 263 | Training loss: 1.6061028633544694 | Elapsed time: 165.8299970626831
Epoch: 264 | Training loss: 1.6028044419502145 | Elapsed time: 165.96143865585327
Epoch: 265 | Training loss: 1.5976547412018278 | Elapsed time: 165.87551188468933
Epoch: 266 | Training loss: 1.5997826643844149 | Elapsed time: 165.873432636261
Epoch: 267 | Training loss: 1.597346234677443 | Elapsed time: 165.8363528251648
Epoch: 268 | Training loss: 1.6017949563353808 | Elapsed time: 165.8211350440979
Epoch: 269 | Training loss: 1.5964318869718865 | Elapsed time: 165.7343864440918
Epoch: 270 | Training loss: 1.5983551206873423 | Elapsed time: 165.84334921836853
Epoch: 271 | Training loss: 1.5955545653158159 | Elapsed time: 166.10958671569824
Epoch: 272 | Training loss: 1.5931423012890034 | Elapsed time: 165.77609038352966
Epoch: 273 | Training loss: 1.5858262474857159 | Elapsed time: 165.81616973876953
Epoch: 274 | Training loss: 1.5938911455780713 | Elapsed time: 166.0514543056488
Epoch: 275 | Training loss: 1.583991442153703 | Elapsed time: 166.08695268630981
Epoch: 276 | Training loss: 1.5866984289083907 | Elapsed time: 165.78218579292297
Epoch: 277 | Training loss: 1.5887823852140512 | Elapsed time: 165.8530375957489
Epoch: 278 | Training loss: 1.5820630539709062 | Elapsed time: 165.8042025566101
Epoch: 279 | Training loss: 1.5797379123630808 | Elapsed time: 166.03607726097107
Epoch: 280 | Training loss: 1.5806882363646777 | Elapsed time: 165.9852318763733
Epoch: 281 | Training loss: 1.5854333265503842 | Elapsed time: 166.0007679462433
Epoch: 282 | Training loss: 1.5757709439121075 | Elapsed time: 165.99715566635132
Epoch: 283 | Training loss: 1.5789742451995166 | Elapsed time: 165.70411491394043
Epoch: 284 | Training loss: 1.5714361489708744 | Elapsed time: 165.8120732307434
Epoch: 285 | Training loss: 1.5777056092646584 | Elapsed time: 165.7917456626892
Epoch: 286 | Training loss: 1.5723410542331524 | Elapsed time: 165.80969405174255
Epoch: 287 | Training loss: 1.5745385458220298 | Elapsed time: 165.73891830444336
Epoch: 288 | Training loss: 1.5709778141619555 | Elapsed time: 165.97891855239868
Epoch: 289 | Training loss: 1.5673752204695743 | Elapsed time: 165.75297904014587
Epoch: 290 | Training loss: 1.5706537463771764 | Elapsed time: 165.7864146232605
Epoch: 291 | Training loss: 1.5746636372893603 | Elapsed time: 165.90882420539856
Epoch: 292 | Training loss: 1.5662457942962646 | Elapsed time: 165.89914727210999
Epoch: 293 | Training loss: 1.5602133612134563 | Elapsed time: 166.0773229598999
Epoch: 294 | Training loss: 1.5609262808045345 | Elapsed time: 166.20333886146545
Epoch: 295 | Training loss: 1.5602767805554973 | Elapsed time: 165.96174788475037
Epoch: 296 | Training loss: 1.5565132347505484 | Elapsed time: 166.115571975708
Epoch: 297 | Training loss: 1.5578468913462624 | Elapsed time: 166.2479705810547
Epoch: 298 | Training loss: 1.5581984199694734 | Elapsed time: 166.03653264045715
Epoch: 299 | Training loss: 1.5538320790475875 | Elapsed time: 165.91581106185913
Epoch: 300 | Training loss: 1.554998029523821 | Elapsed time: 165.86394619941711
Saving model to: /scratch/eo41/visual-recognition-memory/gpt_finetuned_models/imagenet100_gimel_konkle_iid_300.pt
Epoch: 301 | Training loss: 1.5567178388140095 | Elapsed time: 165.75807094573975
Epoch: 302 | Training loss: 1.5518207923689884 | Elapsed time: 165.648619890213
Epoch: 303 | Training loss: 1.551724855579547 | Elapsed time: 165.918532371521
Epoch: 304 | Training loss: 1.5502519856637984 | Elapsed time: 165.8612551689148
Epoch: 305 | Training loss: 1.5458814599620763 | Elapsed time: 165.89208602905273
Epoch: 306 | Training loss: 1.544441943737998 | Elapsed time: 165.8401165008545
Epoch: 307 | Training loss: 1.542559307012985 | Elapsed time: 165.74802994728088
Epoch: 308 | Training loss: 1.5456998277066358 | Elapsed time: 165.73384952545166
Epoch: 309 | Training loss: 1.541425066207772 | Elapsed time: 165.64172339439392
Epoch: 310 | Training loss: 1.5411748441297617 | Elapsed time: 165.76239919662476
Epoch: 311 | Training loss: 1.5403520367038783 | Elapsed time: 165.90965580940247
Epoch: 312 | Training loss: 1.5363646870228782 | Elapsed time: 165.9990541934967
Epoch: 313 | Training loss: 1.5419149007370223 | Elapsed time: 165.9037492275238
Epoch: 314 | Training loss: 1.5360087369804951 | Elapsed time: 165.90245866775513
Epoch: 315 | Training loss: 1.5360948096460372 | Elapsed time: 165.96081161499023
Epoch: 316 | Training loss: 1.526725003968424 | Elapsed time: 165.81061434745789
Epoch: 317 | Training loss: 1.5385445178444705 | Elapsed time: 166.134783744812
Epoch: 318 | Training loss: 1.5354529583632057 | Elapsed time: 165.89370584487915
Epoch: 319 | Training loss: 1.5364389259423783 | Elapsed time: 165.73238325119019
Epoch: 320 | Training loss: 1.5318126198071151 | Elapsed time: 165.71902203559875
Epoch: 321 | Training loss: 1.5304497213505988 | Elapsed time: 165.80964374542236
Epoch: 322 | Training loss: 1.5284522896382347 | Elapsed time: 165.94192814826965
Epoch: 323 | Training loss: 1.5295670548481728 | Elapsed time: 165.81560468673706
Epoch: 324 | Training loss: 1.521033359997308 | Elapsed time: 165.79107022285461
Epoch: 325 | Training loss: 1.5243155493665097 | Elapsed time: 165.7337040901184
Epoch: 326 | Training loss: 1.514632988331923 | Elapsed time: 165.82901406288147
Epoch: 327 | Training loss: 1.5243185064685878 | Elapsed time: 165.96343350410461
Epoch: 328 | Training loss: 1.5182026998320621 | Elapsed time: 165.93481016159058
Epoch: 329 | Training loss: 1.5218273792693864 | Elapsed time: 165.92491126060486
Epoch: 330 | Training loss: 1.5188369911108444 | Elapsed time: 166.02445244789124
Epoch: 331 | Training loss: 1.5172877881064344 | Elapsed time: 165.9851896762848
Epoch: 332 | Training loss: 1.513965966096565 | Elapsed time: 165.89582228660583
Epoch: 333 | Training loss: 1.516372871043077 | Elapsed time: 165.63486433029175
Epoch: 334 | Training loss: 1.5165657908169192 | Elapsed time: 165.87378811836243
Epoch: 335 | Training loss: 1.5123586209852304 | Elapsed time: 165.73663878440857
Epoch: 336 | Training loss: 1.5172306815190102 | Elapsed time: 165.8585274219513
Epoch: 337 | Training loss: 1.5080547670819866 | Elapsed time: 165.7815260887146
Epoch: 338 | Training loss: 1.506910300966519 | Elapsed time: 165.71299195289612
Epoch: 339 | Training loss: 1.507117773169902 | Elapsed time: 165.9224603176117
Epoch: 340 | Training loss: 1.513255879060546 | Elapsed time: 165.7901005744934
Epoch: 341 | Training loss: 1.5097691763692827 | Elapsed time: 165.90240025520325
Epoch: 342 | Training loss: 1.5096635693934426 | Elapsed time: 166.1620283126831
Epoch: 343 | Training loss: 1.5076333640226678 | Elapsed time: 166.2640278339386
Epoch: 344 | Training loss: 1.506779350451569 | Elapsed time: 166.15036749839783
Epoch: 345 | Training loss: 1.5010345604882311 | Elapsed time: 166.1860020160675
Epoch: 346 | Training loss: 1.4977660321477633 | Elapsed time: 166.1374328136444
Epoch: 347 | Training loss: 1.5002681710826817 | Elapsed time: 165.97880148887634
Epoch: 348 | Training loss: 1.5053117275238037 | Elapsed time: 166.05422139167786
Epoch: 349 | Training loss: 1.4977848085004892 | Elapsed time: 166.05705547332764
Epoch: 350 | Training loss: 1.4956051680579114 | Elapsed time: 166.0751621723175
Saving model to: /scratch/eo41/visual-recognition-memory/gpt_finetuned_models/imagenet100_gimel_konkle_iid_350.pt
Epoch: 351 | Training loss: 1.4929925238908226 | Elapsed time: 166.0643527507782
Epoch: 352 | Training loss: 1.4937964321962043 | Elapsed time: 165.97375416755676
Epoch: 353 | Training loss: 1.4942970560557807 | Elapsed time: 165.96848011016846
Epoch: 354 | Training loss: 1.4888641407240684 | Elapsed time: 165.99747967720032
Epoch: 355 | Training loss: 1.4891278049839076 | Elapsed time: 166.03948163986206
Epoch: 356 | Training loss: 1.4940141991003235 | Elapsed time: 165.99287796020508
Epoch: 357 | Training loss: 1.4857620410065153 | Elapsed time: 165.98504900932312
Epoch: 358 | Training loss: 1.488890235103778 | Elapsed time: 166.17240476608276
Epoch: 359 | Training loss: 1.4871063125667288 | Elapsed time: 165.98683905601501
Epoch: 360 | Training loss: 1.489060014041502 | Elapsed time: 166.39438724517822
Epoch: 361 | Training loss: 1.490385345558622 | Elapsed time: 166.30643820762634
Epoch: 362 | Training loss: 1.4825960664606805 | Elapsed time: 166.17194938659668
Epoch: 363 | Training loss: 1.4772330718253976 | Elapsed time: 166.20331454277039
Epoch: 364 | Training loss: 1.4806230833281333 | Elapsed time: 166.3055613040924
Epoch: 365 | Training loss: 1.483629039864042 | Elapsed time: 166.02547597885132
Epoch: 366 | Training loss: 1.479759664677862 | Elapsed time: 166.08675861358643
Epoch: 367 | Training loss: 1.4815728717775487 | Elapsed time: 166.1151864528656
Epoch: 368 | Training loss: 1.4837079759853988 | Elapsed time: 166.0710072517395
Epoch: 369 | Training loss: 1.4762642525914889 | Elapsed time: 166.19227957725525
Epoch: 370 | Training loss: 1.4800040116950648 | Elapsed time: 166.09021401405334
Epoch: 371 | Training loss: 1.478486641129451 | Elapsed time: 166.09312534332275
Epoch: 372 | Training loss: 1.4735101621542404 | Elapsed time: 165.92573595046997
Epoch: 373 | Training loss: 1.4768289380998754 | Elapsed time: 165.95361971855164
Epoch: 374 | Training loss: 1.475594273254053 | Elapsed time: 165.99739980697632
Epoch: 375 | Training loss: 1.4787903632690658 | Elapsed time: 165.9380292892456
Epoch: 376 | Training loss: 1.4731053985766511 | Elapsed time: 166.06257820129395
Epoch: 377 | Training loss: 1.4709157089688885 | Elapsed time: 165.9183111190796
Epoch: 378 | Training loss: 1.4715193154206916 | Elapsed time: 165.88336420059204
Epoch: 379 | Training loss: 1.472712310392465 | Elapsed time: 166.0711739063263
Epoch: 380 | Training loss: 1.471560488885908 | Elapsed time: 165.95627188682556
Epoch: 381 | Training loss: 1.4688168372680892 | Elapsed time: 165.77966046333313
Epoch: 382 | Training loss: 1.4638116217371244 | Elapsed time: 165.99730825424194
Epoch: 383 | Training loss: 1.4669589640489265 | Elapsed time: 165.89239263534546
Epoch: 384 | Training loss: 1.4589676928164355 | Elapsed time: 165.98463344573975
Epoch: 385 | Training loss: 1.4682442519202161 | Elapsed time: 166.08810114860535
Epoch: 386 | Training loss: 1.4598438063664223 | Elapsed time: 166.01125979423523
Epoch: 387 | Training loss: 1.453076848343237 | Elapsed time: 165.89669609069824
Epoch: 388 | Training loss: 1.4654412589856047 | Elapsed time: 165.67916822433472
Epoch: 389 | Training loss: 1.4546309318115462 | Elapsed time: 165.6922676563263
Epoch: 390 | Training loss: 1.4539408915078462 | Elapsed time: 165.7922019958496
Epoch: 391 | Training loss: 1.4596649710811787 | Elapsed time: 165.75508570671082
Epoch: 392 | Training loss: 1.4584146150902135 | Elapsed time: 165.71406650543213
Epoch: 393 | Training loss: 1.4573273391865973 | Elapsed time: 165.87923550605774
Epoch: 394 | Training loss: 1.4584263758872873 | Elapsed time: 166.0639946460724
Epoch: 395 | Training loss: 1.4516690293354775 | Elapsed time: 165.70149731636047
Epoch: 396 | Training loss: 1.4520534543848749 | Elapsed time: 165.85032725334167
Epoch: 397 | Training loss: 1.449171909645422 | Elapsed time: 165.79843282699585
Epoch: 398 | Training loss: 1.451308095633094 | Elapsed time: 165.7970952987671
Epoch: 399 | Training loss: 1.4537747529015612 | Elapsed time: 165.93461084365845
Epoch: 400 | Training loss: 1.4494979096882379 | Elapsed time: 165.78662943840027
Saving model to: /scratch/eo41/visual-recognition-memory/gpt_finetuned_models/imagenet100_gimel_konkle_iid_400.pt
Epoch: 401 | Training loss: 1.4519580300174542 | Elapsed time: 165.65936636924744
Epoch: 402 | Training loss: 1.4465745082542079 | Elapsed time: 165.95211625099182
Epoch: 403 | Training loss: 1.4444159820898255 | Elapsed time: 165.86145496368408
Epoch: 404 | Training loss: 1.4437677273109777 | Elapsed time: 165.68796801567078
Epoch: 405 | Training loss: 1.4473955079690735 | Elapsed time: 165.7156298160553
Epoch: 406 | Training loss: 1.4470746072370615 | Elapsed time: 165.85534977912903
Epoch: 407 | Training loss: 1.4426459518831167 | Elapsed time: 166.0082664489746
Epoch: 408 | Training loss: 1.441584907360931 | Elapsed time: 165.75685954093933
Epoch: 409 | Training loss: 1.4376577672673696 | Elapsed time: 166.07176041603088
Epoch: 410 | Training loss: 1.4327628630310743 | Elapsed time: 165.99988102912903
Epoch: 411 | Training loss: 1.4421674689250206 | Elapsed time: 166.01046085357666
Epoch: 412 | Training loss: 1.439930545749949 | Elapsed time: 166.00404357910156
Epoch: 413 | Training loss: 1.4422694071015316 | Elapsed time: 165.7194058895111
Epoch: 414 | Training loss: 1.4396203347106478 | Elapsed time: 165.75975155830383
Epoch: 415 | Training loss: 1.4364766149378534 | Elapsed time: 165.73649787902832
Epoch: 416 | Training loss: 1.4326596722674014 | Elapsed time: 166.05214595794678
Epoch: 417 | Training loss: 1.4314075619427127 | Elapsed time: 165.86711978912354
Epoch: 418 | Training loss: 1.4358028529295281 | Elapsed time: 165.74851512908936
Epoch: 419 | Training loss: 1.439431766965496 | Elapsed time: 165.9905755519867
Epoch: 420 | Training loss: 1.4354935421872494 | Elapsed time: 165.94811415672302
Epoch: 421 | Training loss: 1.432504678840068 | Elapsed time: 165.81192636489868
Epoch: 422 | Training loss: 1.4333609911932874 | Elapsed time: 165.98035526275635
Epoch: 423 | Training loss: 1.4286550550318475 | Elapsed time: 165.91430854797363
Epoch: 424 | Training loss: 1.427510142326355 | Elapsed time: 165.9431915283203
Epoch: 425 | Training loss: 1.428445369450014 | Elapsed time: 165.69930839538574
Epoch: 426 | Training loss: 1.4265505698189807 | Elapsed time: 165.85192918777466
Epoch: 427 | Training loss: 1.426282162096963 | Elapsed time: 165.88512110710144
Epoch: 428 | Training loss: 1.4210646828608726 | Elapsed time: 165.6953272819519
Epoch: 429 | Training loss: 1.425753967085881 | Elapsed time: 165.62970280647278
Epoch: 430 | Training loss: 1.4252602982876905 | Elapsed time: 165.74631547927856
Epoch: 431 | Training loss: 1.4227638671647256 | Elapsed time: 165.73923587799072
Epoch: 432 | Training loss: 1.426711207005515 | Elapsed time: 165.8072669506073
Epoch: 433 | Training loss: 1.4250411933927394 | Elapsed time: 165.9395351409912
Epoch: 434 | Training loss: 1.4245261879109625 | Elapsed time: 165.74076437950134
Epoch: 435 | Training loss: 1.425323251468032 | Elapsed time: 165.7650990486145
Epoch: 436 | Training loss: 1.4230479055376195 | Elapsed time: 165.801198720932
Epoch: 437 | Training loss: 1.4204274362592555 | Elapsed time: 166.01256799697876
Epoch: 438 | Training loss: 1.419136965452735 | Elapsed time: 165.82851433753967
Epoch: 439 | Training loss: 1.4195554203061915 | Elapsed time: 165.8227903842926
Epoch: 440 | Training loss: 1.4197406128271302 | Elapsed time: 165.8580322265625
Epoch: 441 | Training loss: 1.4129183007710016 | Elapsed time: 165.93191838264465
Epoch: 442 | Training loss: 1.4162585895452926 | Elapsed time: 165.76150608062744
Epoch: 443 | Training loss: 1.4144502255453992 | Elapsed time: 165.9998481273651
Epoch: 444 | Training loss: 1.4158409922870236 | Elapsed time: 165.85608553886414
Epoch: 445 | Training loss: 1.4122637367960234 | Elapsed time: 165.97645807266235
Epoch: 446 | Training loss: 1.4119853421823303 | Elapsed time: 166.25927877426147
Epoch: 447 | Training loss: 1.412257724733495 | Elapsed time: 165.8025505542755
Epoch: 448 | Training loss: 1.4087070013160137 | Elapsed time: 165.76274299621582
Epoch: 449 | Training loss: 1.4053608001168094 | Elapsed time: 165.803795337677
Epoch: 450 | Training loss: 1.4100715099875607 | Elapsed time: 166.1185052394867
Saving model to: /scratch/eo41/visual-recognition-memory/gpt_finetuned_models/imagenet100_gimel_konkle_iid_450.pt
Epoch: 451 | Training loss: 1.407728492324032 | Elapsed time: 165.86143612861633
Epoch: 452 | Training loss: 1.4042794846776705 | Elapsed time: 165.90996527671814
Epoch: 453 | Training loss: 1.401265653211679 | Elapsed time: 166.0847029685974
Epoch: 454 | Training loss: 1.4031504143529863 | Elapsed time: 165.91316413879395
Epoch: 455 | Training loss: 1.407907457494024 | Elapsed time: 165.81426978111267
Epoch: 456 | Training loss: 1.4079873223802937 | Elapsed time: 165.94260144233704
Epoch: 457 | Training loss: 1.40151001624207 | Elapsed time: 165.71042799949646
Epoch: 458 | Training loss: 1.4022984860548333 | Elapsed time: 165.91213631629944
Epoch: 459 | Training loss: 1.3999390762243697 | Elapsed time: 166.00460958480835
Epoch: 460 | Training loss: 1.3989431021818475 | Elapsed time: 165.91075015068054
Epoch: 461 | Training loss: 1.3960243054290316 | Elapsed time: 165.92191076278687
Epoch: 462 | Training loss: 1.3990630516365392 | Elapsed time: 165.8791732788086
Epoch: 463 | Training loss: 1.4042574612062368 | Elapsed time: 165.8854546546936
Epoch: 464 | Training loss: 1.4022065863680484 | Elapsed time: 166.00772190093994
Epoch: 465 | Training loss: 1.400515191590608 | Elapsed time: 166.0069284439087
Epoch: 466 | Training loss: 1.3965607347773081 | Elapsed time: 165.75988936424255
Epoch: 467 | Training loss: 1.3925319020427875 | Elapsed time: 165.87400484085083
Epoch: 468 | Training loss: 1.3913147823134464 | Elapsed time: 165.85503840446472
Epoch: 469 | Training loss: 1.3970251581562099 | Elapsed time: 165.78594422340393
Epoch: 470 | Training loss: 1.392180154572672 | Elapsed time: 165.69641780853271
Epoch: 471 | Training loss: 1.393254294324277 | Elapsed time: 165.80296921730042
Epoch: 472 | Training loss: 1.3853872035866353 | Elapsed time: 165.9093668460846
Epoch: 473 | Training loss: 1.3911188556187188 | Elapsed time: 165.6237027645111
Epoch: 474 | Training loss: 1.3865223108832516 | Elapsed time: 165.67264676094055
Epoch: 475 | Training loss: 1.391116362899097 | Elapsed time: 165.95720863342285
Epoch: 476 | Training loss: 1.3894896311546439 | Elapsed time: 166.08141112327576
Epoch: 477 | Training loss: 1.3878011934792818 | Elapsed time: 165.8897304534912
Epoch: 478 | Training loss: 1.3835997990707853 | Elapsed time: 166.01776361465454
Epoch: 479 | Training loss: 1.3802129368283855 | Elapsed time: 165.88300848007202
Epoch: 480 | Training loss: 1.3816787556036194 | Elapsed time: 166.01021528244019
Epoch: 481 | Training loss: 1.3837336408558176 | Elapsed time: 166.25906133651733
Epoch: 482 | Training loss: 1.3863151375927143 | Elapsed time: 165.99522423744202
Epoch: 483 | Training loss: 1.3851589462650356 | Elapsed time: 166.22608947753906
Epoch: 484 | Training loss: 1.3776574721976893 | Elapsed time: 165.86570930480957
Epoch: 485 | Training loss: 1.383286547304979 | Elapsed time: 166.1883249282837
Epoch: 486 | Training loss: 1.3855236003647988 | Elapsed time: 166.0606029033661
Epoch: 487 | Training loss: 1.3851544163120326 | Elapsed time: 165.90898323059082
Epoch: 488 | Training loss: 1.3785045929809114 | Elapsed time: 165.86712217330933
Epoch: 489 | Training loss: 1.3766498619051122 | Elapsed time: 165.78584933280945
Epoch: 490 | Training loss: 1.3810243695529538 | Elapsed time: 165.76802229881287
Epoch: 491 | Training loss: 1.3818792905380477 | Elapsed time: 165.84096884727478
Epoch: 492 | Training loss: 1.3806011214185117 | Elapsed time: 166.01897811889648
Epoch: 493 | Training loss: 1.3800382560758448 | Elapsed time: 165.94937801361084
Epoch: 494 | Training loss: 1.379643956227089 | Elapsed time: 165.9147641658783
Epoch: 495 | Training loss: 1.3763040962503916 | Elapsed time: 165.80549383163452
Epoch: 496 | Training loss: 1.3751224226026393 | Elapsed time: 165.8566815853119
Epoch: 497 | Training loss: 1.3774666074496598 | Elapsed time: 165.72460627555847
Epoch: 498 | Training loss: 1.3740159575618915 | Elapsed time: 166.01315784454346
Epoch: 499 | Training loss: 1.3756009108984648 | Elapsed time: 166.13107991218567
Epoch: 500 | Training loss: 1.3751777268167753 | Elapsed time: 166.0118682384491
Saving model to: /scratch/eo41/visual-recognition-memory/gpt_finetuned_models/imagenet100_gimel_konkle_iid_500.pt
Epoch: 501 | Training loss: 1.374364957880618 | Elapsed time: 165.9102475643158
Epoch: 502 | Training loss: 1.3683577135427674 | Elapsed time: 165.86120200157166
Epoch: 503 | Training loss: 1.3705575483948438 | Elapsed time: 165.84100699424744
Epoch: 504 | Training loss: 1.3696852762307694 | Elapsed time: 166.46415758132935
Epoch: 505 | Training loss: 1.3678898028473356 | Elapsed time: 166.0644690990448
Epoch: 506 | Training loss: 1.3699914003486064 | Elapsed time: 166.32962822914124
Epoch: 507 | Training loss: 1.3695402643573817 | Elapsed time: 166.06418704986572
Epoch: 508 | Training loss: 1.3670593695854074 | Elapsed time: 165.85546565055847
Epoch: 509 | Training loss: 1.3589033333223257 | Elapsed time: 166.21324276924133
Epoch: 510 | Training loss: 1.3646939708225763 | Elapsed time: 166.202330827713
Epoch: 511 | Training loss: 1.3690040022579593 | Elapsed time: 165.90039086341858
Epoch: 512 | Training loss: 1.3647389874529483 | Elapsed time: 165.95302867889404
Epoch: 513 | Training loss: 1.3603018113036653 | Elapsed time: 166.28066492080688
Epoch: 514 | Training loss: 1.3618912945932418 | Elapsed time: 166.1154556274414
Epoch: 515 | Training loss: 1.3598319345445775 | Elapsed time: 166.07966661453247
Epoch: 516 | Training loss: 1.3723098591192444 | Elapsed time: 165.98835229873657
Epoch: 517 | Training loss: 1.3626933969668489 | Elapsed time: 166.2203631401062
Epoch: 518 | Training loss: 1.3651310525723357 | Elapsed time: 166.0847201347351
Epoch: 519 | Training loss: 1.3586178288530948 | Elapsed time: 166.30041527748108
Epoch: 520 | Training loss: 1.3647314737092202 | Elapsed time: 166.31722593307495
Epoch: 521 | Training loss: 1.358209629557026 | Elapsed time: 166.0962851047516
Epoch: 522 | Training loss: 1.3516559885508979 | Elapsed time: 165.93727922439575
Epoch: 523 | Training loss: 1.356034545756098 | Elapsed time: 165.91010975837708
Epoch: 524 | Training loss: 1.3607793210157708 | Elapsed time: 166.1236572265625
Epoch: 525 | Training loss: 1.355097701300436 | Elapsed time: 166.13782811164856
Epoch: 526 | Training loss: 1.3579617685346461 | Elapsed time: 166.18227362632751
Epoch: 527 | Training loss: 1.3530188354093637 | Elapsed time: 165.9593141078949
Epoch: 528 | Training loss: 1.3505058199612063 | Elapsed time: 165.904399394989
Epoch: 529 | Training loss: 1.3602792220329172 | Elapsed time: 165.99602341651917
Epoch: 530 | Training loss: 1.3536141399127335 | Elapsed time: 166.0848228931427
Epoch: 531 | Training loss: 1.3501215070041257 | Elapsed time: 166.11421608924866
Epoch: 532 | Training loss: 1.346786280176533 | Elapsed time: 166.1117992401123
Epoch: 533 | Training loss: 1.3522844830555703 | Elapsed time: 165.9585256576538
Epoch: 534 | Training loss: 1.3470258428089654 | Elapsed time: 166.0438311100006
Epoch: 535 | Training loss: 1.34760666071479 | Elapsed time: 165.85231375694275
Epoch: 536 | Training loss: 1.3501108012982268 | Elapsed time: 165.96165561676025
Epoch: 537 | Training loss: 1.3491552338671329 | Elapsed time: 165.8812804222107
Epoch: 538 | Training loss: 1.3479283798986406 | Elapsed time: 166.0082859992981
Epoch: 539 | Training loss: 1.3487037242348514 | Elapsed time: 166.05944657325745
Epoch: 540 | Training loss: 1.3505240856711545 | Elapsed time: 166.13530850410461
Epoch: 541 | Training loss: 1.3420832459606342 | Elapsed time: 166.18061184883118
Epoch: 542 | Training loss: 1.3452157333715637 | Elapsed time: 165.81976771354675
Epoch: 543 | Training loss: 1.3455655734930465 | Elapsed time: 165.80270051956177
Epoch: 544 | Training loss: 1.3427642566054614 | Elapsed time: 165.65607619285583
Epoch: 545 | Training loss: 1.3413117216594184 | Elapsed time: 165.96348977088928
Epoch: 546 | Training loss: 1.341500093687826 | Elapsed time: 165.83333158493042
Epoch: 547 | Training loss: 1.34750958698899 | Elapsed time: 165.95428442955017
Epoch: 548 | Training loss: 1.3412224410185174 | Elapsed time: 166.00666499137878
Epoch: 549 | Training loss: 1.3388520959597916 | Elapsed time: 166.31561636924744
Epoch: 550 | Training loss: 1.341988124064545 | Elapsed time: 166.11313319206238
Saving model to: /scratch/eo41/visual-recognition-memory/gpt_finetuned_models/imagenet100_gimel_konkle_iid_550.pt
Epoch: 551 | Training loss: 1.3373715681816214 | Elapsed time: 166.19045782089233
Epoch: 552 | Training loss: 1.341986015661439 | Elapsed time: 165.96261501312256
Epoch: 553 | Training loss: 1.3388970165110345 | Elapsed time: 166.25728225708008
Epoch: 554 | Training loss: 1.3329995977344797 | Elapsed time: 166.22279739379883
Epoch: 555 | Training loss: 1.3365029132188255 | Elapsed time: 166.39616417884827
Epoch: 556 | Training loss: 1.3377567867734539 | Elapsed time: 166.1334843635559
Epoch: 557 | Training loss: 1.336796271267222 | Elapsed time: 166.21576809883118
Epoch: 558 | Training loss: 1.3381223536249418 | Elapsed time: 166.16975355148315
Epoch: 559 | Training loss: 1.339860857422672 | Elapsed time: 166.0822787284851
Epoch: 560 | Training loss: 1.3381495191090143 | Elapsed time: 166.18441700935364
Epoch: 561 | Training loss: 1.3364552739840836 | Elapsed time: 166.39308905601501
Epoch: 562 | Training loss: 1.333006821461578 | Elapsed time: 166.47824215888977
Epoch: 563 | Training loss: 1.333083624270425 | Elapsed time: 166.22064638137817
Epoch: 564 | Training loss: 1.334510187604534 | Elapsed time: 166.3520736694336
Epoch: 565 | Training loss: 1.3328541677389572 | Elapsed time: 166.51019287109375
Epoch: 566 | Training loss: 1.3330509876137349 | Elapsed time: 166.2922534942627
Epoch: 567 | Training loss: 1.3310820344668717 | Elapsed time: 166.278067111969
Epoch: 568 | Training loss: 1.330598916580428 | Elapsed time: 166.35182976722717
Epoch: 569 | Training loss: 1.327273685540726 | Elapsed time: 166.5269455909729
Epoch: 570 | Training loss: 1.3294544896083091 | Elapsed time: 166.25358271598816
Epoch: 571 | Training loss: 1.332266010455231 | Elapsed time: 166.32804322242737
Epoch: 572 | Training loss: 1.324314473280266 | Elapsed time: 166.3183434009552
Epoch: 573 | Training loss: 1.3293528450069143 | Elapsed time: 166.46971535682678
Epoch: 574 | Training loss: 1.328967364866342 | Elapsed time: 166.4779930114746
Epoch: 575 | Training loss: 1.3287013164207118 | Elapsed time: 166.20842671394348
Epoch: 576 | Training loss: 1.3226609906153892 | Elapsed time: 166.34833335876465
Epoch: 577 | Training loss: 1.3268238572932 | Elapsed time: 166.3896369934082
Epoch: 578 | Training loss: 1.3284735110268664 | Elapsed time: 166.50571155548096
Epoch: 579 | Training loss: 1.3221474974902707 | Elapsed time: 166.1676037311554
Epoch: 580 | Training loss: 1.3215597405362485 | Elapsed time: 166.29863119125366
Epoch: 581 | Training loss: 1.3246007517202576 | Elapsed time: 166.36159563064575
Epoch: 582 | Training loss: 1.3167484749608964 | Elapsed time: 166.47864890098572
Epoch: 583 | Training loss: 1.3213537824687673 | Elapsed time: 166.44262504577637
Epoch: 584 | Training loss: 1.3265600453561812 | Elapsed time: 166.22328400611877
Epoch: 585 | Training loss: 1.3214968923312516 | Elapsed time: 166.5898129940033
Epoch: 586 | Training loss: 1.3229093747352487 | Elapsed time: 166.3314266204834
Epoch: 587 | Training loss: 1.3192854674894419 | Elapsed time: 166.2309513092041
Epoch: 588 | Training loss: 1.3202374942267119 | Elapsed time: 166.3791310787201
Epoch: 589 | Training loss: 1.3173162937164307 | Elapsed time: 166.6636447906494
Epoch: 590 | Training loss: 1.3137874496516897 | Elapsed time: 166.4135251045227
Epoch: 591 | Training loss: 1.3197785010978358 | Elapsed time: 166.3433964252472
Epoch: 592 | Training loss: 1.3106865064421696 | Elapsed time: 166.36041402816772
Epoch: 593 | Training loss: 1.3154676067295359 | Elapsed time: 166.39771056175232
Epoch: 594 | Training loss: 1.317634299619874 | Elapsed time: 166.36213278770447
Epoch: 595 | Training loss: 1.3216643867207998 | Elapsed time: 166.32319712638855
Epoch: 596 | Training loss: 1.3182223252396086 | Elapsed time: 166.57634115219116
Epoch: 597 | Training loss: 1.3109191104547302 | Elapsed time: 166.42501282691956
Epoch: 598 | Training loss: 1.3068321872113355 | Elapsed time: 166.32984852790833
Epoch: 599 | Training loss: 1.3132878986757193 | Elapsed time: 166.47908759117126
Epoch: 600 | Training loss: 1.3166245880411631 | Elapsed time: 166.428649187088
Saving model to: /scratch/eo41/visual-recognition-memory/gpt_finetuned_models/imagenet100_gimel_konkle_iid_600.pt
Epoch: 601 | Training loss: 1.3100334797332536 | Elapsed time: 166.2433476448059
Epoch: 602 | Training loss: 1.3144743335780813 | Elapsed time: 166.56600165367126
Epoch: 603 | Training loss: 1.3132747838746255 | Elapsed time: 166.23682713508606
Epoch: 604 | Training loss: 1.3096795633657654 | Elapsed time: 166.30240201950073
Epoch: 605 | Training loss: 1.315262029420084 | Elapsed time: 166.0810911655426
Epoch: 606 | Training loss: 1.3100120238403776 | Elapsed time: 166.41183948516846
Epoch: 607 | Training loss: 1.3107564164631402 | Elapsed time: 166.1901457309723
Epoch: 608 | Training loss: 1.3120721952239078 | Elapsed time: 166.48073816299438
Epoch: 609 | Training loss: 1.3111934910959273 | Elapsed time: 166.23556661605835
Epoch: 610 | Training loss: 1.3090235243982344 | Elapsed time: 166.4901089668274
Epoch: 611 | Training loss: 1.3091198277117602 | Elapsed time: 166.40379667282104
Epoch: 612 | Training loss: 1.3061099034636767 | Elapsed time: 166.39172053337097
Epoch: 613 | Training loss: 1.3018912219289522 | Elapsed time: 166.38313102722168
Epoch: 614 | Training loss: 1.3007944644387088 | Elapsed time: 166.3971631526947
Epoch: 615 | Training loss: 1.3034896352397862 | Elapsed time: 166.32875061035156
Epoch: 616 | Training loss: 1.309849248003604 | Elapsed time: 166.3701069355011
Epoch: 617 | Training loss: 1.310006803541041 | Elapsed time: 166.47792553901672
Epoch: 618 | Training loss: 1.3013737112728518 | Elapsed time: 166.49361562728882
Epoch: 619 | Training loss: 1.2993718955054212 | Elapsed time: 166.42662405967712
Epoch: 620 | Training loss: 1.3065985031981966 | Elapsed time: 166.31188893318176
Epoch: 621 | Training loss: 1.3029178238626737 | Elapsed time: 166.47100281715393
Epoch: 622 | Training loss: 1.3048044069489437 | Elapsed time: 166.3454463481903
Epoch: 623 | Training loss: 1.303415004886798 | Elapsed time: 166.483402967453
Epoch: 624 | Training loss: 1.2986597801322368 | Elapsed time: 166.5342676639557
Epoch: 625 | Training loss: 1.2975213438717288 | Elapsed time: 166.24348998069763
Epoch: 626 | Training loss: 1.2947840014500405 | Elapsed time: 166.42119193077087
Epoch: 627 | Training loss: 1.2957846566812317 | Elapsed time: 166.31749486923218
Epoch: 628 | Training loss: 1.300827939118912 | Elapsed time: 166.30168342590332
Epoch: 629 | Training loss: 1.2956207189986955 | Elapsed time: 166.4086320400238
Epoch: 630 | Training loss: 1.2929618269649905 | Elapsed time: 166.30857467651367
Epoch: 631 | Training loss: 1.297762991777107 | Elapsed time: 166.40353226661682
Epoch: 632 | Training loss: 1.2941145665610014 | Elapsed time: 166.38198614120483
Epoch: 633 | Training loss: 1.2938084228714901 | Elapsed time: 166.58742904663086
Epoch: 634 | Training loss: 1.2945692112196738 | Elapsed time: 166.2939486503601
Epoch: 635 | Training loss: 1.292995643259874 | Elapsed time: 166.4771695137024
Epoch: 636 | Training loss: 1.2929121006780595 | Elapsed time: 166.53734278678894
Epoch: 637 | Training loss: 1.2910775533363001 | Elapsed time: 166.36848902702332
Epoch: 638 | Training loss: 1.2874565195681444 | Elapsed time: 166.3563268184662
Epoch: 639 | Training loss: 1.2910021205446613 | Elapsed time: 166.24889969825745
Epoch: 640 | Training loss: 1.282304034304263 | Elapsed time: 166.5763077735901
Epoch: 641 | Training loss: 1.2869707950905187 | Elapsed time: 166.2717204093933
Epoch: 642 | Training loss: 1.284702082178486 | Elapsed time: 166.3560631275177
Epoch: 643 | Training loss: 1.2922352196565314 | Elapsed time: 166.33284783363342
Epoch: 644 | Training loss: 1.2921187770900442 | Elapsed time: 166.32451844215393
Epoch: 645 | Training loss: 1.2929555355612912 | Elapsed time: 166.32400226593018
Epoch: 646 | Training loss: 1.2896990811646873 | Elapsed time: 166.50944447517395
Epoch: 647 | Training loss: 1.2864802275130998 | Elapsed time: 166.48003840446472
Epoch: 648 | Training loss: 1.2856248190153892 | Elapsed time: 166.22421383857727
Epoch: 649 | Training loss: 1.2875183286951548 | Elapsed time: 166.57554745674133
Epoch: 650 | Training loss: 1.2875523104596494 | Elapsed time: 166.41909980773926
Saving model to: /scratch/eo41/visual-recognition-memory/gpt_finetuned_models/imagenet100_gimel_konkle_iid_650.pt
Epoch: 651 | Training loss: 1.2836760424855929 | Elapsed time: 166.3038306236267
Epoch: 652 | Training loss: 1.2806612502283126 | Elapsed time: 166.5133993625641
Epoch: 653 | Training loss: 1.2828779238373487 | Elapsed time: 166.62287092208862
Epoch: 654 | Training loss: 1.2811933186516833 | Elapsed time: 166.21261835098267
Epoch: 655 | Training loss: 1.2822667716154412 | Elapsed time: 166.49840354919434
Epoch: 656 | Training loss: 1.2845245448511038 | Elapsed time: 166.41409468650818
Epoch: 657 | Training loss: 1.2878524242942013 | Elapsed time: 166.49937319755554
Epoch: 658 | Training loss: 1.2838453677163195 | Elapsed time: 166.44771242141724
Epoch: 659 | Training loss: 1.2819784523835822 | Elapsed time: 166.36691045761108
Epoch: 660 | Training loss: 1.2825874659552503 | Elapsed time: 166.36590766906738
Epoch: 661 | Training loss: 1.2774815950820695 | Elapsed time: 166.49108290672302
Epoch: 662 | Training loss: 1.2779766392351977 | Elapsed time: 166.5235185623169
Epoch: 663 | Training loss: 1.2851120945233017 | Elapsed time: 166.44195938110352
Epoch: 664 | Training loss: 1.28147332525965 | Elapsed time: 166.25741028785706
Epoch: 665 | Training loss: 1.276805587668917 | Elapsed time: 166.31219744682312
Epoch: 666 | Training loss: 1.2782398373333377 | Elapsed time: 166.77167558670044
Epoch: 667 | Training loss: 1.2769086165214651 | Elapsed time: 166.55473351478577
Epoch: 668 | Training loss: 1.2747040506619125 | Elapsed time: 166.55570340156555
Epoch: 669 | Training loss: 1.276924981999753 | Elapsed time: 166.55504631996155
Epoch: 670 | Training loss: 1.2779529094696045 | Elapsed time: 166.43860173225403
Epoch: 671 | Training loss: 1.277564817400121 | Elapsed time: 166.48025155067444
Epoch: 672 | Training loss: 1.278980210645875 | Elapsed time: 166.4394724369049
Epoch: 673 | Training loss: 1.2751348534626747 | Elapsed time: 166.48497653007507
Epoch: 674 | Training loss: 1.274199448414703 | Elapsed time: 166.5979609489441
Epoch: 675 | Training loss: 1.2758465685061555 | Elapsed time: 166.21664333343506
Epoch: 676 | Training loss: 1.271735529401409 | Elapsed time: 166.3608684539795
Epoch: 677 | Training loss: 1.2713655909495567 | Elapsed time: 166.36562275886536
Epoch: 678 | Training loss: 1.2735434058886856 | Elapsed time: 166.30828976631165
Epoch: 679 | Training loss: 1.270351908100185 | Elapsed time: 166.43745279312134
Epoch: 680 | Training loss: 1.2705885100720533 | Elapsed time: 166.29077696800232
Epoch: 681 | Training loss: 1.2650152124575715 | Elapsed time: 166.42479491233826
Epoch: 682 | Training loss: 1.2724273969878013 | Elapsed time: 166.64831948280334
Epoch: 683 | Training loss: 1.271274641378602 | Elapsed time: 166.43141841888428
Epoch: 684 | Training loss: 1.266209895931073 | Elapsed time: 166.49245882034302
Epoch: 685 | Training loss: 1.2704866430652675 | Elapsed time: 166.59152698516846
Epoch: 686 | Training loss: 1.2701616465155758 | Elapsed time: 166.49512887001038
Epoch: 687 | Training loss: 1.2688605216012072 | Elapsed time: 166.32679867744446
Epoch: 688 | Training loss: 1.270955680021599 | Elapsed time: 166.5091152191162
Epoch: 689 | Training loss: 1.2689142547436614 | Elapsed time: 166.35276818275452
Epoch: 690 | Training loss: 1.2659024658487803 | Elapsed time: 166.3269019126892
Epoch: 691 | Training loss: 1.265574183037032 | Elapsed time: 166.28383874893188
Epoch: 692 | Training loss: 1.2615993743512168 | Elapsed time: 166.3849048614502
Epoch: 693 | Training loss: 1.2657945102720118 | Elapsed time: 166.34256291389465
Epoch: 694 | Training loss: 1.2621641532698673 | Elapsed time: 166.54554080963135
Epoch: 695 | Training loss: 1.2592497245589298 | Elapsed time: 166.34383511543274
Epoch: 696 | Training loss: 1.2684867132955522 | Elapsed time: 166.64034962654114
Epoch: 697 | Training loss: 1.2615655714006566 | Elapsed time: 166.35714840888977
Epoch: 698 | Training loss: 1.2647979010396928 | Elapsed time: 166.36844897270203
Epoch: 699 | Training loss: 1.2619048712858514 | Elapsed time: 166.30226397514343
Epoch: 700 | Training loss: 1.2610757155204886 | Elapsed time: 166.27512526512146
Saving model to: /scratch/eo41/visual-recognition-memory/gpt_finetuned_models/imagenet100_gimel_konkle_iid_700.pt
Epoch: 701 | Training loss: 1.2677018268784481 | Elapsed time: 166.1726429462433
Epoch: 702 | Training loss: 1.2582877216054433 | Elapsed time: 166.2488148212433
Epoch: 703 | Training loss: 1.2557396337167541 | Elapsed time: 166.39566802978516
Epoch: 704 | Training loss: 1.2648863436570807 | Elapsed time: 166.2146327495575
Epoch: 705 | Training loss: 1.2623779026430044 | Elapsed time: 166.49936389923096
Epoch: 706 | Training loss: 1.2581282925249926 | Elapsed time: 166.24881744384766
Epoch: 707 | Training loss: 1.2589082201915 | Elapsed time: 166.29011917114258
Epoch: 708 | Training loss: 1.2534314233865311 | Elapsed time: 166.36819744110107
Epoch: 709 | Training loss: 1.2622783237428807 | Elapsed time: 166.45526313781738
Epoch: 710 | Training loss: 1.2583311386962435 | Elapsed time: 166.7183711528778
Epoch: 711 | Training loss: 1.2591808020178952 | Elapsed time: 166.37167406082153
Epoch: 712 | Training loss: 1.2595939298174275 | Elapsed time: 166.24719667434692
Epoch: 713 | Training loss: 1.2571466858707256 | Elapsed time: 166.27886962890625
Epoch: 714 | Training loss: 1.2530237382917262 | Elapsed time: 166.40932965278625
Epoch: 715 | Training loss: 1.2548732864322947 | Elapsed time: 166.31306648254395
Epoch: 716 | Training loss: 1.2563019866374001 | Elapsed time: 166.4348258972168
Epoch: 717 | Training loss: 1.2563507023142344 | Elapsed time: 166.28293919563293
Epoch: 718 | Training loss: 1.257268955458456 | Elapsed time: 166.4173276424408
Epoch: 719 | Training loss: 1.2562949728609911 | Elapsed time: 166.36065340042114
Epoch: 720 | Training loss: 1.2533335205334335 | Elapsed time: 166.47756147384644
Epoch: 721 | Training loss: 1.2520898562758715 | Elapsed time: 166.36455941200256
Epoch: 722 | Training loss: 1.2552590174461478 | Elapsed time: 166.47438097000122
Epoch: 723 | Training loss: 1.2528119407483 | Elapsed time: 166.44401454925537
Epoch: 724 | Training loss: 1.25432248257879 | Elapsed time: 166.5283420085907
Epoch: 725 | Training loss: 1.2491946060266068 | Elapsed time: 166.6988809108734
Epoch: 726 | Training loss: 1.2502167385015914 | Elapsed time: 166.31298732757568
Epoch: 727 | Training loss: 1.2530017415089394 | Elapsed time: 166.37273573875427
Epoch: 728 | Training loss: 1.2479048380211217 | Elapsed time: 166.33170008659363
Epoch: 729 | Training loss: 1.2530012646717812 | Elapsed time: 166.46733260154724
Epoch: 730 | Training loss: 1.2521072804038205 | Elapsed time: 166.31632566452026
Epoch: 731 | Training loss: 1.2509509182688017 | Elapsed time: 166.78751921653748
Epoch: 732 | Training loss: 1.249141951105488 | Elapsed time: 166.8032488822937
Epoch: 733 | Training loss: 1.2513819470334409 | Elapsed time: 166.43486332893372
Epoch: 734 | Training loss: 1.2489726721350827 | Elapsed time: 166.37888717651367
Epoch: 735 | Training loss: 1.2487124862955576 | Elapsed time: 166.2461452484131
Epoch: 736 | Training loss: 1.2465668827740115 | Elapsed time: 166.27260875701904
Epoch: 737 | Training loss: 1.251446314712069 | Elapsed time: 166.2532081604004
Epoch: 738 | Training loss: 1.24825200749867 | Elapsed time: 166.4786729812622
Epoch: 739 | Training loss: 1.240659489560483 | Elapsed time: 166.232577085495
Epoch: 740 | Training loss: 1.245639208537429 | Elapsed time: 166.25787162780762
Epoch: 741 | Training loss: 1.2455258885426308 | Elapsed time: 166.2887237071991
Epoch: 742 | Training loss: 1.246764843143634 | Elapsed time: 166.3457727432251
Epoch: 743 | Training loss: 1.2448999205631996 | Elapsed time: 166.35684728622437
Epoch: 744 | Training loss: 1.2445413995144972 | Elapsed time: 166.24360966682434
Epoch: 745 | Training loss: 1.2433512726826454 | Elapsed time: 166.05576252937317
Epoch: 746 | Training loss: 1.2423966571466247 | Elapsed time: 166.3267047405243
Epoch: 747 | Training loss: 1.2455881246879918 | Elapsed time: 166.48148941993713
Epoch: 748 | Training loss: 1.2450044760063512 | Elapsed time: 166.47543787956238
Epoch: 749 | Training loss: 1.2409722947362642 | Elapsed time: 166.38885474205017
Epoch: 750 | Training loss: 1.2390170115143506 | Elapsed time: 166.44300270080566
Saving model to: /scratch/eo41/visual-recognition-memory/gpt_finetuned_models/imagenet100_gimel_konkle_iid_750.pt
Epoch: 751 | Training loss: 1.2430946471086188 | Elapsed time: 166.40445637702942
Epoch: 752 | Training loss: 1.2363139978095667 | Elapsed time: 166.32239532470703
Epoch: 753 | Training loss: 1.2347162018960982 | Elapsed time: 166.38596534729004
Epoch: 754 | Training loss: 1.2330105820698525 | Elapsed time: 166.43895602226257
Epoch: 755 | Training loss: 1.2432513895319468 | Elapsed time: 166.38578748703003
Epoch: 756 | Training loss: 1.2395158703647442 | Elapsed time: 166.32740473747253
Epoch: 757 | Training loss: 1.238591332933796 | Elapsed time: 166.5556025505066
Epoch: 758 | Training loss: 1.2403020787594923 | Elapsed time: 166.52589392662048
Epoch: 759 | Training loss: 1.2353225982011253 | Elapsed time: 166.38023495674133
Epoch: 760 | Training loss: 1.2325742992002573 | Elapsed time: 166.39357686042786
Epoch: 761 | Training loss: 1.2406990741615864 | Elapsed time: 166.44701385498047
Epoch: 762 | Training loss: 1.237180608422009 | Elapsed time: 166.4827742576599
Epoch: 763 | Training loss: 1.2388428325083718 | Elapsed time: 166.234557390213
Epoch: 764 | Training loss: 1.2359270159877949 | Elapsed time: 166.24081683158875
Epoch: 765 | Training loss: 1.23553766599342 | Elapsed time: 166.24262046813965
Epoch: 766 | Training loss: 1.2353754897615803 | Elapsed time: 166.28437781333923
Epoch: 767 | Training loss: 1.2360271998305818 | Elapsed time: 166.19627690315247
Epoch: 768 | Training loss: 1.239512311878489 | Elapsed time: 166.38079690933228
Epoch: 769 | Training loss: 1.2351933646557935 | Elapsed time: 166.82337307929993
Epoch: 770 | Training loss: 1.2338358946700594 | Elapsed time: 166.6405713558197
Epoch: 771 | Training loss: 1.234762821624528 | Elapsed time: 166.26539587974548
Epoch: 772 | Training loss: 1.2275983753489024 | Elapsed time: 166.54467153549194
Epoch: 773 | Training loss: 1.2355878032855134 | Elapsed time: 166.3253996372223
Epoch: 774 | Training loss: 1.230524196553586 | Elapsed time: 166.31305932998657
Epoch: 775 | Training loss: 1.232026929285989 | Elapsed time: 166.4245855808258
Epoch: 776 | Training loss: 1.2341576191916395 | Elapsed time: 166.29842281341553
Epoch: 777 | Training loss: 1.2274301496904287 | Elapsed time: 166.26995635032654
Epoch: 778 | Training loss: 1.2312272644754667 | Elapsed time: 166.21032190322876
Epoch: 779 | Training loss: 1.235105986025796 | Elapsed time: 166.28353333473206
Epoch: 780 | Training loss: 1.2319959028443295 | Elapsed time: 166.2650454044342
Epoch: 781 | Training loss: 1.231049043029102 | Elapsed time: 166.07544493675232
Epoch: 782 | Training loss: 1.2324476722461075 | Elapsed time: 166.44725561141968
Epoch: 783 | Training loss: 1.2274382025448245 | Elapsed time: 166.37991428375244
Epoch: 784 | Training loss: 1.2232431724889954 | Elapsed time: 166.3141644001007
Epoch: 785 | Training loss: 1.2292426895739428 | Elapsed time: 166.52009081840515
Epoch: 786 | Training loss: 1.2286491376250537 | Elapsed time: 166.57580518722534
Epoch: 787 | Training loss: 1.2260268001414056 | Elapsed time: 166.38102412223816
Epoch: 788 | Training loss: 1.2295441680879735 | Elapsed time: 166.38318586349487
Epoch: 789 | Training loss: 1.2236382036066766 | Elapsed time: 166.40339994430542
Epoch: 790 | Training loss: 1.223786642302328 | Elapsed time: 166.45481276512146
Epoch: 791 | Training loss: 1.2250418805364351 | Elapsed time: 166.20167875289917
Epoch: 792 | Training loss: 1.2248938279365427 | Elapsed time: 166.3019881248474
Epoch: 793 | Training loss: 1.225318638246451 | Elapsed time: 166.50411438941956
Epoch: 794 | Training loss: 1.2264444525562115 | Elapsed time: 166.5628538131714
Epoch: 795 | Training loss: 1.2214219926008538 | Elapsed time: 166.25751161575317
Epoch: 796 | Training loss: 1.22352259194673 | Elapsed time: 166.39392375946045
Epoch: 797 | Training loss: 1.2243123570484902 | Elapsed time: 166.37657713890076
Epoch: 798 | Training loss: 1.2251031576697506 | Elapsed time: 166.37230396270752
Epoch: 799 | Training loss: 1.2232416654700664 | Elapsed time: 166.35066962242126
Epoch: 800 | Training loss: 1.2184839906977183 | Elapsed time: 166.59773921966553
Saving model to: /scratch/eo41/visual-recognition-memory/gpt_finetuned_models/imagenet100_gimel_konkle_iid_800.pt
Epoch: 801 | Training loss: 1.2284965604098874 | Elapsed time: 166.50702738761902
Epoch: 802 | Training loss: 1.2217558942623992 | Elapsed time: 166.44488334655762
Epoch: 803 | Training loss: 1.2217195656762194 | Elapsed time: 166.38261079788208
Epoch: 804 | Training loss: 1.2163997568301301 | Elapsed time: 166.4362494945526
Epoch: 805 | Training loss: 1.2250419641608623 | Elapsed time: 166.45677542686462
Epoch: 806 | Training loss: 1.217406626957566 | Elapsed time: 166.37153387069702
Epoch: 807 | Training loss: 1.216001702778375 | Elapsed time: 166.48038721084595
Epoch: 808 | Training loss: 1.219491707744883 | Elapsed time: 166.33051776885986
Epoch: 809 | Training loss: 1.2182343041718895 | Elapsed time: 166.33090829849243
Epoch: 810 | Training loss: 1.2155420815766746 | Elapsed time: 166.45669531822205
Epoch: 811 | Training loss: 1.2192394608881936 | Elapsed time: 166.3898057937622
Epoch: 812 | Training loss: 1.215382385609755 | Elapsed time: 166.46912622451782
Epoch: 813 | Training loss: 1.2155228426207358 | Elapsed time: 166.32066345214844
Epoch: 814 | Training loss: 1.2176521002356686 | Elapsed time: 166.35445737838745
Epoch: 815 | Training loss: 1.2193106306132986 | Elapsed time: 166.41764068603516
Epoch: 816 | Training loss: 1.2100004954124564 | Elapsed time: 166.40026235580444
Epoch: 817 | Training loss: 1.2173455135146183 | Elapsed time: 166.47919368743896
Epoch: 818 | Training loss: 1.2114935579584605 | Elapsed time: 166.29318737983704
Epoch: 819 | Training loss: 1.2156214287031943 | Elapsed time: 166.62589240074158
Epoch: 820 | Training loss: 1.2163597274182447 | Elapsed time: 166.24171710014343
Epoch: 821 | Training loss: 1.2163294037776207 | Elapsed time: 166.3449785709381
Epoch: 822 | Training loss: 1.2174448237490298 | Elapsed time: 166.37571048736572
Epoch: 823 | Training loss: 1.2119922246505965 | Elapsed time: 166.32314896583557
Epoch: 824 | Training loss: 1.2080537401028533 | Elapsed time: 166.33689951896667
Epoch: 825 | Training loss: 1.2151530981063843 | Elapsed time: 166.61251139640808
Epoch: 826 | Training loss: 1.219029707695121 | Elapsed time: 166.1366684436798
Epoch: 827 | Training loss: 1.2154324036925586 | Elapsed time: 166.3748905658722
Epoch: 828 | Training loss: 1.2086815104555728 | Elapsed time: 166.23051619529724
Epoch: 829 | Training loss: 1.2165936018103984 | Elapsed time: 166.24582648277283
Epoch: 830 | Training loss: 1.2048034276535262 | Elapsed time: 166.50551056861877
Epoch: 831 | Training loss: 1.2085372832284045 | Elapsed time: 166.26422667503357
Epoch: 832 | Training loss: 1.2101493771396465 | Elapsed time: 166.87292289733887
Epoch: 833 | Training loss: 1.2113602463878803 | Elapsed time: 166.3750023841858
Epoch: 834 | Training loss: 1.2057940746421245 | Elapsed time: 166.4282329082489
Epoch: 835 | Training loss: 1.2124837245514144 | Elapsed time: 166.20941853523254
Epoch: 836 | Training loss: 1.2055846256996268 | Elapsed time: 166.3595907688141
Epoch: 837 | Training loss: 1.2109027193553412 | Elapsed time: 166.35953164100647
Epoch: 838 | Training loss: 1.213288218227785 | Elapsed time: 166.19842290878296
Epoch: 839 | Training loss: 1.2146326819462563 | Elapsed time: 166.25613021850586
Epoch: 840 | Training loss: 1.2108443975448608 | Elapsed time: 166.47884702682495
Epoch: 841 | Training loss: 1.209211185796937 | Elapsed time: 166.30618333816528
Epoch: 842 | Training loss: 1.1992670537820502 | Elapsed time: 166.39272665977478
Epoch: 843 | Training loss: 1.2056547314373416 | Elapsed time: 166.41656398773193
Epoch: 844 | Training loss: 1.206439539567748 | Elapsed time: 166.51093578338623
Epoch: 845 | Training loss: 1.1999918925228403 | Elapsed time: 166.31669855117798
Epoch: 846 | Training loss: 1.2006214216573914 | Elapsed time: 166.37413620948792
Epoch: 847 | Training loss: 1.2064490798693985 | Elapsed time: 166.26640558242798
Epoch: 848 | Training loss: 1.2089769502184284 | Elapsed time: 166.5411319732666
Epoch: 849 | Training loss: 1.2061772951439245 | Elapsed time: 166.5273187160492
Epoch: 850 | Training loss: 1.2085741402497931 | Elapsed time: 166.43417119979858
Saving model to: /scratch/eo41/visual-recognition-memory/gpt_finetuned_models/imagenet100_gimel_konkle_iid_850.pt
Epoch: 851 | Training loss: 1.2028374209332822 | Elapsed time: 166.25288081169128
Epoch: 852 | Training loss: 1.202586738031302 | Elapsed time: 166.34445881843567
Epoch: 853 | Training loss: 1.2030857641305497 | Elapsed time: 166.4397644996643
Epoch: 854 | Training loss: 1.203909142693477 | Elapsed time: 166.25155973434448
Epoch: 855 | Training loss: 1.2034656859155912 | Elapsed time: 166.35718631744385
Epoch: 856 | Training loss: 1.2015371856404775 | Elapsed time: 166.23673367500305
Epoch: 857 | Training loss: 1.1972672974885399 | Elapsed time: 166.45294308662415
Epoch: 858 | Training loss: 1.2020180776937683 | Elapsed time: 166.27732920646667
Epoch: 859 | Training loss: 1.2027559565074408 | Elapsed time: 166.42115139961243
Epoch: 860 | Training loss: 1.2030209516411396 | Elapsed time: 166.43516731262207
Epoch: 861 | Training loss: 1.1999371816862876 | Elapsed time: 166.47325229644775
Epoch: 862 | Training loss: 1.2035935707946321 | Elapsed time: 166.32571578025818
Epoch: 863 | Training loss: 1.1968258245667416 | Elapsed time: 166.30105018615723
Epoch: 864 | Training loss: 1.2039125428270938 | Elapsed time: 166.21677660942078
Epoch: 865 | Training loss: 1.2004643981136494 | Elapsed time: 166.50042343139648
Epoch: 866 | Training loss: 1.1974208141440776 | Elapsed time: 166.22410440444946
Epoch: 867 | Training loss: 1.1977960689743954 | Elapsed time: 166.44727325439453
Epoch: 868 | Training loss: 1.2053389709387252 | Elapsed time: 166.23779559135437
Epoch: 869 | Training loss: 1.198664594052443 | Elapsed time: 166.41065382957458
Epoch: 870 | Training loss: 1.1947699046846647 | Elapsed time: 166.4361412525177
Epoch: 871 | Training loss: 1.1947995388685768 | Elapsed time: 166.4486541748047
Epoch: 872 | Training loss: 1.191495557329548 | Elapsed time: 166.3436198234558
Epoch: 873 | Training loss: 1.199073496149547 | Elapsed time: 166.4868860244751
Epoch: 874 | Training loss: 1.194940798318208 | Elapsed time: 166.25598406791687
Epoch: 875 | Training loss: 1.1919003760636742 | Elapsed time: 166.6013946533203
Epoch: 876 | Training loss: 1.2024949486575909 | Elapsed time: 166.30693888664246
Epoch: 877 | Training loss: 1.2005950497157538 | Elapsed time: 166.52940893173218
Epoch: 878 | Training loss: 1.191856973206819 | Elapsed time: 166.35013580322266
Epoch: 879 | Training loss: 1.1926850222829561 | Elapsed time: 166.4359860420227
Epoch: 880 | Training loss: 1.1940372150335739 | Elapsed time: 166.28717350959778
Epoch: 881 | Training loss: 1.196214058505955 | Elapsed time: 166.42368388175964
Epoch: 882 | Training loss: 1.19184834387765 | Elapsed time: 166.33339524269104
Epoch: 883 | Training loss: 1.1891291194887303 | Elapsed time: 166.34449458122253
Epoch: 884 | Training loss: 1.1934666758152976 | Elapsed time: 166.26139616966248
Epoch: 885 | Training loss: 1.1937879234997195 | Elapsed time: 166.22700333595276
Epoch: 886 | Training loss: 1.1948714861229284 | Elapsed time: 166.28797125816345
Epoch: 887 | Training loss: 1.1892623332009387 | Elapsed time: 166.38062191009521
Epoch: 888 | Training loss: 1.1941923401248988 | Elapsed time: 166.2502086162567
Epoch: 889 | Training loss: 1.18851097395171 | Elapsed time: 166.35159277915955
Epoch: 890 | Training loss: 1.187293782163022 | Elapsed time: 166.33985805511475
Epoch: 891 | Training loss: 1.1891145546044877 | Elapsed time: 166.22286653518677
Epoch: 892 | Training loss: 1.1879443321655045 | Elapsed time: 166.5862946510315
Epoch: 893 | Training loss: 1.1886228803378434 | Elapsed time: 166.3044056892395
Epoch: 894 | Training loss: 1.188761663081041 | Elapsed time: 166.4045226573944
Epoch: 895 | Training loss: 1.1931631120283213 | Elapsed time: 166.5209460258484
Epoch: 896 | Training loss: 1.1931267745459258 | Elapsed time: 166.4056842327118
Epoch: 897 | Training loss: 1.1874252353141557 | Elapsed time: 166.37751746177673
Epoch: 898 | Training loss: 1.192333767663187 | Elapsed time: 166.41232919692993
Epoch: 899 | Training loss: 1.187201446561671 | Elapsed time: 166.49161410331726
Epoch: 900 | Training loss: 1.1905603533360496 | Elapsed time: 166.29401898384094
Saving model to: /scratch/eo41/visual-recognition-memory/gpt_finetuned_models/imagenet100_gimel_konkle_iid_900.pt
Epoch: 901 | Training loss: 1.190704329689937 | Elapsed time: 166.37747287750244
Epoch: 902 | Training loss: 1.187939320037614 | Elapsed time: 166.39882278442383
Epoch: 903 | Training loss: 1.1875670970375858 | Elapsed time: 166.28832912445068
Epoch: 904 | Training loss: 1.1823504504872793 | Elapsed time: 166.40040850639343
Epoch: 905 | Training loss: 1.184916448237291 | Elapsed time: 166.50233149528503
Epoch: 906 | Training loss: 1.189750466773759 | Elapsed time: 166.25591206550598
Epoch: 907 | Training loss: 1.1847965486014067 | Elapsed time: 166.80415654182434
Epoch: 908 | Training loss: 1.1839156079648145 | Elapsed time: 166.334947347641
Epoch: 909 | Training loss: 1.1847977015509534 | Elapsed time: 166.51651906967163
Epoch: 910 | Training loss: 1.178176132600699 | Elapsed time: 166.55423879623413
Epoch: 911 | Training loss: 1.1863163175867564 | Elapsed time: 166.25376200675964
Epoch: 912 | Training loss: 1.1823730023939218 | Elapsed time: 166.43099093437195
Epoch: 913 | Training loss: 1.1847418955902556 | Elapsed time: 166.3598599433899
Epoch: 914 | Training loss: 1.1801090774251455 | Elapsed time: 166.4520559310913
Epoch: 915 | Training loss: 1.1825426051865762 | Elapsed time: 166.3102250099182
Epoch: 916 | Training loss: 1.186736281238385 | Elapsed time: 166.31157660484314
Epoch: 917 | Training loss: 1.186601129930411 | Elapsed time: 166.34420251846313
Epoch: 918 | Training loss: 1.1852612708931538 | Elapsed time: 166.3914189338684
Epoch: 919 | Training loss: 1.179050116396662 | Elapsed time: 166.27050018310547
Epoch: 920 | Training loss: 1.1829888108950943 | Elapsed time: 166.32441663742065
Epoch: 921 | Training loss: 1.182584524154663 | Elapsed time: 166.50896620750427
Epoch: 922 | Training loss: 1.1812714427264768 | Elapsed time: 166.27046394348145
Epoch: 923 | Training loss: 1.1870615517915184 | Elapsed time: 166.36327171325684
Epoch: 924 | Training loss: 1.1802619642286158 | Elapsed time: 166.34863805770874
Epoch: 925 | Training loss: 1.1770050810344184 | Elapsed time: 166.56506824493408
Epoch: 926 | Training loss: 1.1797945873061222 | Elapsed time: 166.4056785106659
Epoch: 927 | Training loss: 1.1727454644530566 | Elapsed time: 166.2454056739807
Epoch: 928 | Training loss: 1.1763280478876028 | Elapsed time: 166.24439334869385
Epoch: 929 | Training loss: 1.179928993111226 | Elapsed time: 166.5247552394867
Epoch: 930 | Training loss: 1.1834684023216588 | Elapsed time: 166.48657989501953
Epoch: 931 | Training loss: 1.1773180943816455 | Elapsed time: 166.36077094078064
Epoch: 932 | Training loss: 1.1736314777118058 | Elapsed time: 166.44592094421387
Epoch: 933 | Training loss: 1.1824197182014806 | Elapsed time: 166.32189750671387
Epoch: 934 | Training loss: 1.1783274056306525 | Elapsed time: 166.27162218093872
Epoch: 935 | Training loss: 1.1753045622982197 | Elapsed time: 166.3917007446289
Epoch: 936 | Training loss: 1.1725107342449588 | Elapsed time: 166.4765546321869
Epoch: 937 | Training loss: 1.1804710679979467 | Elapsed time: 166.29759049415588
Epoch: 938 | Training loss: 1.177503397215658 | Elapsed time: 166.33428502082825
Epoch: 939 | Training loss: 1.1790536873376192 | Elapsed time: 166.42098236083984
Epoch: 940 | Training loss: 1.1724564886804838 | Elapsed time: 166.36354064941406
Epoch: 941 | Training loss: 1.1721659542909308 | Elapsed time: 166.3268666267395
Epoch: 942 | Training loss: 1.1738848454916655 | Elapsed time: 166.4248743057251
Epoch: 943 | Training loss: 1.1711588297317277 | Elapsed time: 166.51275849342346
Epoch: 944 | Training loss: 1.1736667476483245 | Elapsed time: 166.39298248291016
Epoch: 945 | Training loss: 1.1736184456455174 | Elapsed time: 166.3305606842041
Epoch: 946 | Training loss: 1.17219211094415 | Elapsed time: 166.57849431037903
Epoch: 947 | Training loss: 1.1710751056671143 | Elapsed time: 166.36762404441833
Epoch: 948 | Training loss: 1.1727112229190655 | Elapsed time: 166.50582027435303
Epoch: 949 | Training loss: 1.17306395964836 | Elapsed time: 166.3792266845703
Epoch: 950 | Training loss: 1.1758313303563133 | Elapsed time: 166.40948629379272
Saving model to: /scratch/eo41/visual-recognition-memory/gpt_finetuned_models/imagenet100_gimel_konkle_iid_950.pt
Epoch: 951 | Training loss: 1.1709520905765134 | Elapsed time: 166.4346261024475
Epoch: 952 | Training loss: 1.1771320567202213 | Elapsed time: 166.41835641860962
Epoch: 953 | Training loss: 1.169732817962988 | Elapsed time: 166.26694107055664
Epoch: 954 | Training loss: 1.1735907810837476 | Elapsed time: 166.34050750732422
Epoch: 955 | Training loss: 1.1748630715839898 | Elapsed time: 166.51807951927185
Epoch: 956 | Training loss: 1.1719685997535934 | Elapsed time: 166.37936973571777
Epoch: 957 | Training loss: 1.1744784276876876 | Elapsed time: 166.50515389442444
Epoch: 958 | Training loss: 1.1766707238866323 | Elapsed time: 166.33805060386658
Epoch: 959 | Training loss: 1.172201103238917 | Elapsed time: 166.36182117462158
Epoch: 960 | Training loss: 1.1703569906861035 | Elapsed time: 166.3794994354248
Epoch: 961 | Training loss: 1.1658591619178431 | Elapsed time: 166.41328811645508
Epoch: 962 | Training loss: 1.1706210107945685 | Elapsed time: 166.56943273544312
Epoch: 963 | Training loss: 1.1725178743476299 | Elapsed time: 166.33684277534485
Epoch: 964 | Training loss: 1.1716256497511224 | Elapsed time: 166.30852627754211
Epoch: 965 | Training loss: 1.1687256987415142 | Elapsed time: 166.23414707183838
Epoch: 966 | Training loss: 1.1710713639188168 | Elapsed time: 166.47331190109253
Epoch: 967 | Training loss: 1.1614459165886266 | Elapsed time: 166.46721482276917
Epoch: 968 | Training loss: 1.1674986241468743 | Elapsed time: 166.3730411529541
Epoch: 969 | Training loss: 1.1619140897224198 | Elapsed time: 166.42548871040344
Epoch: 970 | Training loss: 1.167571407645496 | Elapsed time: 166.45847845077515
Epoch: 971 | Training loss: 1.1698811988332378 | Elapsed time: 166.48183393478394
Epoch: 972 | Training loss: 1.1657742119547148 | Elapsed time: 166.32238101959229
Epoch: 973 | Training loss: 1.1673443762224112 | Elapsed time: 166.36004853248596
Epoch: 974 | Training loss: 1.166038627055154 | Elapsed time: 166.3221893310547
Epoch: 975 | Training loss: 1.1624582098491156 | Elapsed time: 166.4207067489624
Epoch: 976 | Training loss: 1.1637238602140056 | Elapsed time: 166.52817368507385
Epoch: 977 | Training loss: 1.1680382810421843 | Elapsed time: 166.38886213302612
Epoch: 978 | Training loss: 1.1685414794665665 | Elapsed time: 166.35721492767334
Epoch: 979 | Training loss: 1.1670817243519114 | Elapsed time: 166.4494867324829
Epoch: 980 | Training loss: 1.1624253178710369 | Elapsed time: 166.30933213233948
Epoch: 981 | Training loss: 1.1665349202369577 | Elapsed time: 166.34854984283447
Epoch: 982 | Training loss: 1.165665793774733 | Elapsed time: 166.27964758872986
Epoch: 983 | Training loss: 1.16275230628341 | Elapsed time: 166.44225144386292
Epoch: 984 | Training loss: 1.1688665489652263 | Elapsed time: 166.32381582260132
Epoch: 985 | Training loss: 1.158478327651522 | Elapsed time: 166.50920796394348
Epoch: 986 | Training loss: 1.155004202429928 | Elapsed time: 166.412255525589
Epoch: 987 | Training loss: 1.160364423225175 | Elapsed time: 166.28129863739014
Epoch: 988 | Training loss: 1.1640439549488808 | Elapsed time: 166.53831815719604
Epoch: 989 | Training loss: 1.1589473432569362 | Elapsed time: 166.39341187477112
Epoch: 990 | Training loss: 1.158743712439466 | Elapsed time: 166.48666143417358
Epoch: 991 | Training loss: 1.1611826535481125 | Elapsed time: 166.55189180374146
Epoch: 992 | Training loss: 1.1589600737415142 | Elapsed time: 166.23341965675354
Epoch: 993 | Training loss: 1.1623306834875649 | Elapsed time: 166.24138259887695
Epoch: 994 | Training loss: 1.157026867368328 | Elapsed time: 166.60019540786743
Epoch: 995 | Training loss: 1.1593193563062754 | Elapsed time: 166.39711928367615
Epoch: 996 | Training loss: 1.160131700003325 | Elapsed time: 166.59028005599976
Epoch: 997 | Training loss: 1.1614675237171685 | Elapsed time: 166.70140433311462
Epoch: 998 | Training loss: 1.1566689761716928 | Elapsed time: 166.48413062095642
Epoch: 999 | Training loss: 1.158331258973079 | Elapsed time: 166.53691053390503
Done
