Namespace(data_path='/vast/eo41/data/konkle_iid/train', vqconfig_path='/scratch/eo41/visual-recognition-memory/vqgan_pretrained_models/imagenet_16x16_16384.yaml', vqmodel_path='/scratch/eo41/visual-recognition-memory/vqgan_pretrained_models/imagenet_16x16_16384.ckpt', num_workers=16, seed=0, save_dir='/scratch/eo41/visual-recognition-memory/gpt_finetuned_models', save_freq=50, save_prefix='imagenet10_gimel_konkle_iid', gpt_config='GPT_gimel', vocab_size=16384, block_size=255, batch_size=32, lr=0.0003, optimizer='Adam', epochs=1000, subsample=1.0, resume='/scratch/eo41/visual-recognition-memory/gpt_pretrained_models/imagenet_10_gimel.pt', gpu=None, world_size=-1, rank=-1, dist_url='env://', dist_backend='nccl', local_rank=-1)
model:
  base_learning_rate: 4.5e-06
  params:
    ddconfig:
      attn_resolutions:
      - 16
      ch: 128
      ch_mult:
      - 1
      - 1
      - 2
      - 2
      - 4
      double_z: false
      dropout: 0.0
      in_channels: 3
      num_res_blocks: 2
      out_ch: 3
      resolution: 256
      z_channels: 256
    embed_dim: 256
    lossconfig:
      params:
        codebook_weight: 1.0
        disc_conditional: false
        disc_in_channels: 3
        disc_num_layers: 2
        disc_start: 0
        disc_weight: 0.75
      target: vqloss.VQLPIPSWithDiscriminator
    monitor: val/rec_loss
    n_embed: 16384
  target: vqmodel.VQModel

Working with z of shape (1, 256, 16, 16) = 65536 dimensions.
/scratch/eo41/miniconda3/lib/python3.10/site-packages/torchvision/models/_utils.py:208: UserWarning: The parameter 'pretrained' is deprecated since 0.13 and may be removed in the future, please use 'weights' instead.
  warnings.warn(
/scratch/eo41/miniconda3/lib/python3.10/site-packages/torchvision/models/_utils.py:223: UserWarning: Arguments other than a weight enum or `None` for 'weights' are deprecated since 0.13 and may be removed in the future. The current behavior is equivalent to passing `weights=VGG16_Weights.IMAGENET1K_V1`. You can also use `weights=VGG16_Weights.DEFAULT` to get the most up-to-date weights.
  warnings.warn(msg)
loaded pretrained LPIPS loss from taming/modules/autoencoder/lpips/vgg.pth
VQLPIPSWithDiscriminator running with hinge loss.
Loaded VQ encoder.
Data loaded: dataset contains 2121 images, and takes 67 training iterations per epoch.
Number of parameters: 750659840
Running on 1 GPUs total
=> loaded model weights and optimizer state at checkpoint '/scratch/eo41/visual-recognition-memory/gpt_pretrained_models/imagenet_10_gimel.pt'
/scratch/eo41/miniconda3/lib/python3.10/site-packages/torch/nn/_reduction.py:42: UserWarning: size_average and reduce args will be deprecated, please use reduction='none' instead.
  warnings.warn(warning.format(ret))
Epoch: 0 | Training loss: 3.812164274614249 | Elapsed time: 180.3752601146698
Saving model to: /scratch/eo41/visual-recognition-memory/gpt_finetuned_models/imagenet10_gimel_konkle_iid_0.pt
Epoch: 1 | Training loss: 3.6917081448569227 | Elapsed time: 166.12479519844055
Epoch: 2 | Training loss: 3.6201876490863403 | Elapsed time: 166.25405287742615
Epoch: 3 | Training loss: 3.549830475849892 | Elapsed time: 166.32130360603333
Epoch: 4 | Training loss: 3.4792971717777537 | Elapsed time: 166.24969005584717
Epoch: 5 | Training loss: 3.401213080135744 | Elapsed time: 166.37165093421936
Epoch: 6 | Training loss: 3.3334017226945107 | Elapsed time: 166.24826288223267
Epoch: 7 | Training loss: 3.2645412772449096 | Elapsed time: 166.06426739692688
Epoch: 8 | Training loss: 3.192258635563637 | Elapsed time: 166.2891275882721
Epoch: 9 | Training loss: 3.1214192874396027 | Elapsed time: 166.17684078216553
Epoch: 10 | Training loss: 3.063737182474848 | Elapsed time: 166.41427326202393
Epoch: 11 | Training loss: 3.006544323109869 | Elapsed time: 166.08043026924133
Epoch: 12 | Training loss: 2.955214301152016 | Elapsed time: 166.14318943023682
Epoch: 13 | Training loss: 2.901821865964292 | Elapsed time: 166.24142861366272
Epoch: 14 | Training loss: 2.8531117403685156 | Elapsed time: 166.41919946670532
Epoch: 15 | Training loss: 2.816045280712754 | Elapsed time: 165.91126704216003
Epoch: 16 | Training loss: 2.7724231641684005 | Elapsed time: 166.046954870224
Epoch: 17 | Training loss: 2.743800024488079 | Elapsed time: 166.19783473014832
Epoch: 18 | Training loss: 2.713533921028251 | Elapsed time: 166.25796484947205
Epoch: 19 | Training loss: 2.6734693406233148 | Elapsed time: 166.26691675186157
Epoch: 20 | Training loss: 2.6420269332714934 | Elapsed time: 166.20773792266846
Epoch: 21 | Training loss: 2.6163485299295455 | Elapsed time: 166.3144884109497
Epoch: 22 | Training loss: 2.5907164118183195 | Elapsed time: 166.0536811351776
Epoch: 23 | Training loss: 2.559339569575751 | Elapsed time: 166.02607679367065
Epoch: 24 | Training loss: 2.536949079428146 | Elapsed time: 165.82246565818787
Epoch: 25 | Training loss: 2.5135836992690814 | Elapsed time: 165.96679878234863
Epoch: 26 | Training loss: 2.49651851582883 | Elapsed time: 165.9603328704834
Epoch: 27 | Training loss: 2.4651629960359034 | Elapsed time: 165.70664167404175
Epoch: 28 | Training loss: 2.4458814983937276 | Elapsed time: 165.63887286186218
Epoch: 29 | Training loss: 2.428531354932643 | Elapsed time: 166.01045942306519
Epoch: 30 | Training loss: 2.3995240161668008 | Elapsed time: 165.96491980552673
Epoch: 31 | Training loss: 2.3888529521315847 | Elapsed time: 165.77941751480103
Epoch: 32 | Training loss: 2.3644755705079037 | Elapsed time: 165.63376784324646
Epoch: 33 | Training loss: 2.3552965939934576 | Elapsed time: 165.75230193138123
Epoch: 34 | Training loss: 2.3407305105408627 | Elapsed time: 165.88598108291626
Epoch: 35 | Training loss: 2.3307223213252737 | Elapsed time: 166.02441239356995
Epoch: 36 | Training loss: 2.3054497918086265 | Elapsed time: 165.87054896354675
Epoch: 37 | Training loss: 2.296609408819853 | Elapsed time: 165.79507780075073
Epoch: 38 | Training loss: 2.2881926387103637 | Elapsed time: 165.84908962249756
Epoch: 39 | Training loss: 2.2705539126894365 | Elapsed time: 165.45220732688904
Epoch: 40 | Training loss: 2.255846340264847 | Elapsed time: 165.88278794288635
Epoch: 41 | Training loss: 2.2390035586570627 | Elapsed time: 165.93218541145325
Epoch: 42 | Training loss: 2.234110572444859 | Elapsed time: 165.9190058708191
Epoch: 43 | Training loss: 2.221701212783358 | Elapsed time: 165.9860007762909
Epoch: 44 | Training loss: 2.209281368042106 | Elapsed time: 165.93854188919067
Epoch: 45 | Training loss: 2.201288310449515 | Elapsed time: 165.87966442108154
Epoch: 46 | Training loss: 2.1906696344489482 | Elapsed time: 165.91243982315063
Epoch: 47 | Training loss: 2.1817007171573923 | Elapsed time: 165.69139289855957
Epoch: 48 | Training loss: 2.1628274152527993 | Elapsed time: 165.92507243156433
Epoch: 49 | Training loss: 2.1574992048206614 | Elapsed time: 165.91976928710938
Epoch: 50 | Training loss: 2.1495705647255057 | Elapsed time: 165.90162014961243
Saving model to: /scratch/eo41/visual-recognition-memory/gpt_finetuned_models/imagenet10_gimel_konkle_iid_50.pt
Epoch: 51 | Training loss: 2.144831728579393 | Elapsed time: 165.9114158153534
Epoch: 52 | Training loss: 2.124411791118223 | Elapsed time: 166.06011533737183
Epoch: 53 | Training loss: 2.119843404684494 | Elapsed time: 166.1034700870514
Epoch: 54 | Training loss: 2.108062801076405 | Elapsed time: 166.56608819961548
Epoch: 55 | Training loss: 2.107158554134084 | Elapsed time: 166.24816393852234
Epoch: 56 | Training loss: 2.0923541054796817 | Elapsed time: 166.2549228668213
Epoch: 57 | Training loss: 2.08304909627829 | Elapsed time: 166.0673348903656
Epoch: 58 | Training loss: 2.0800179332049926 | Elapsed time: 166.3142294883728
Epoch: 59 | Training loss: 2.0651733697350347 | Elapsed time: 165.9206953048706
Epoch: 60 | Training loss: 2.0720580211326256 | Elapsed time: 166.24892783164978
Epoch: 61 | Training loss: 2.051472948558295 | Elapsed time: 166.26136541366577
Epoch: 62 | Training loss: 2.0507143113150526 | Elapsed time: 165.8967261314392
Epoch: 63 | Training loss: 2.045393228530884 | Elapsed time: 166.16581439971924
Epoch: 64 | Training loss: 2.034763200959163 | Elapsed time: 165.9326252937317
Epoch: 65 | Training loss: 2.024679392131407 | Elapsed time: 166.01091289520264
Epoch: 66 | Training loss: 2.0179744460689486 | Elapsed time: 166.17437052726746
Epoch: 67 | Training loss: 2.0130635339822343 | Elapsed time: 165.78480315208435
Epoch: 68 | Training loss: 2.009911001618229 | Elapsed time: 166.1149287223816
Epoch: 69 | Training loss: 2.0088016168395084 | Elapsed time: 166.129465341568
Epoch: 70 | Training loss: 1.9965111177359054 | Elapsed time: 165.90699696540833
Epoch: 71 | Training loss: 1.987687808364185 | Elapsed time: 166.0380139350891
Epoch: 72 | Training loss: 1.9843431035084511 | Elapsed time: 165.98764991760254
Epoch: 73 | Training loss: 1.975709988110101 | Elapsed time: 165.98092436790466
Epoch: 74 | Training loss: 1.9736020084637313 | Elapsed time: 166.17939138412476
Epoch: 75 | Training loss: 1.9652278120837994 | Elapsed time: 165.99843549728394
Epoch: 76 | Training loss: 1.9550367415840946 | Elapsed time: 166.0750482082367
Epoch: 77 | Training loss: 1.952922918903294 | Elapsed time: 166.0654420852661
Epoch: 78 | Training loss: 1.9435949752579873 | Elapsed time: 166.12192344665527
Epoch: 79 | Training loss: 1.943581180786019 | Elapsed time: 166.17837715148926
Epoch: 80 | Training loss: 1.9377084294361855 | Elapsed time: 166.10980653762817
Epoch: 81 | Training loss: 1.9301024960048163 | Elapsed time: 166.1412854194641
Epoch: 82 | Training loss: 1.9299749883253183 | Elapsed time: 166.15238237380981
Epoch: 83 | Training loss: 1.9231052007248153 | Elapsed time: 166.05927157402039
Epoch: 84 | Training loss: 1.9214324791039994 | Elapsed time: 166.11072850227356
Epoch: 85 | Training loss: 1.9129125680496444 | Elapsed time: 166.20806789398193
Epoch: 86 | Training loss: 1.9092868299626593 | Elapsed time: 165.65975689888
Epoch: 87 | Training loss: 1.897821419274629 | Elapsed time: 166.02610731124878
Epoch: 88 | Training loss: 1.8989163797293136 | Elapsed time: 165.95450282096863
Epoch: 89 | Training loss: 1.8879688533384409 | Elapsed time: 165.9661295413971
Epoch: 90 | Training loss: 1.8955363764691708 | Elapsed time: 165.97911953926086
Epoch: 91 | Training loss: 1.881666034015257 | Elapsed time: 165.87882280349731
Epoch: 92 | Training loss: 1.8807106035858838 | Elapsed time: 166.00348782539368
Epoch: 93 | Training loss: 1.8747990665151113 | Elapsed time: 165.79806876182556
Epoch: 94 | Training loss: 1.8728125824857114 | Elapsed time: 166.16208362579346
Epoch: 95 | Training loss: 1.8645124577764254 | Elapsed time: 166.11521363258362
Epoch: 96 | Training loss: 1.8632052620845054 | Elapsed time: 166.05763816833496
Epoch: 97 | Training loss: 1.85845024550139 | Elapsed time: 165.9546673297882
Epoch: 98 | Training loss: 1.8492679827248872 | Elapsed time: 165.9630446434021
Epoch: 99 | Training loss: 1.8515425013072455 | Elapsed time: 165.99534964561462
Epoch: 100 | Training loss: 1.840691744391598 | Elapsed time: 165.94159650802612
Saving model to: /scratch/eo41/visual-recognition-memory/gpt_finetuned_models/imagenet10_gimel_konkle_iid_100.pt
Epoch: 101 | Training loss: 1.8470153826386182 | Elapsed time: 166.034241437912
Epoch: 102 | Training loss: 1.8423700973169128 | Elapsed time: 166.07122421264648
Epoch: 103 | Training loss: 1.8311597607029018 | Elapsed time: 165.97866368293762
Epoch: 104 | Training loss: 1.8288361972837306 | Elapsed time: 166.07546663284302
Epoch: 105 | Training loss: 1.8199552724610513 | Elapsed time: 166.01377630233765
Epoch: 106 | Training loss: 1.8204562681824414 | Elapsed time: 165.98876667022705
Epoch: 107 | Training loss: 1.8107446289774198 | Elapsed time: 165.9466347694397
Epoch: 108 | Training loss: 1.8156806337299631 | Elapsed time: 166.1388750076294
Epoch: 109 | Training loss: 1.8129407309774141 | Elapsed time: 166.08054447174072
Epoch: 110 | Training loss: 1.8028984283333394 | Elapsed time: 166.09826636314392
Epoch: 111 | Training loss: 1.80670592678127 | Elapsed time: 166.17721462249756
Epoch: 112 | Training loss: 1.8034278545806657 | Elapsed time: 165.99492812156677
Epoch: 113 | Training loss: 1.7985344057652488 | Elapsed time: 165.93948936462402
Epoch: 114 | Training loss: 1.7984965754978692 | Elapsed time: 165.99196243286133
Epoch: 115 | Training loss: 1.7915607210415512 | Elapsed time: 165.99648761749268
Epoch: 116 | Training loss: 1.7882950110221976 | Elapsed time: 166.12691235542297
Epoch: 117 | Training loss: 1.782641779130964 | Elapsed time: 166.07998490333557
Epoch: 118 | Training loss: 1.7831662768748269 | Elapsed time: 166.2391083240509
Epoch: 119 | Training loss: 1.778706557715117 | Elapsed time: 166.03917503356934
Epoch: 120 | Training loss: 1.7725191401011908 | Elapsed time: 166.01439237594604
Epoch: 121 | Training loss: 1.7729190730336886 | Elapsed time: 166.01211524009705
Epoch: 122 | Training loss: 1.7741336021850358 | Elapsed time: 165.97217059135437
Epoch: 123 | Training loss: 1.7593527302813174 | Elapsed time: 166.13621401786804
Epoch: 124 | Training loss: 1.7593958360045703 | Elapsed time: 166.0139787197113
Epoch: 125 | Training loss: 1.7555315067519004 | Elapsed time: 165.79400086402893
Epoch: 126 | Training loss: 1.7613155414809043 | Elapsed time: 166.23067498207092
Epoch: 127 | Training loss: 1.7467765487841707 | Elapsed time: 166.12374639511108
Epoch: 128 | Training loss: 1.7497340529712277 | Elapsed time: 166.06110072135925
Epoch: 129 | Training loss: 1.7472308856337817 | Elapsed time: 166.13779091835022
Epoch: 130 | Training loss: 1.746125328007029 | Elapsed time: 166.10014367103577
Epoch: 131 | Training loss: 1.742526052603081 | Elapsed time: 165.99511122703552
Epoch: 132 | Training loss: 1.7380129045514918 | Elapsed time: 165.8261914253235
Epoch: 133 | Training loss: 1.7315099470650972 | Elapsed time: 165.82996916770935
Epoch: 134 | Training loss: 1.7338897630349914 | Elapsed time: 165.5450747013092
Epoch: 135 | Training loss: 1.7317703659854717 | Elapsed time: 165.97961926460266
Epoch: 136 | Training loss: 1.7293786130734343 | Elapsed time: 166.12770581245422
Epoch: 137 | Training loss: 1.728103546953913 | Elapsed time: 166.0273141860962
Epoch: 138 | Training loss: 1.7216719050905598 | Elapsed time: 165.49352049827576
Epoch: 139 | Training loss: 1.7205122175501353 | Elapsed time: 165.97705245018005
Epoch: 140 | Training loss: 1.7104515922603323 | Elapsed time: 165.83969640731812
Epoch: 141 | Training loss: 1.715331097147358 | Elapsed time: 165.94546604156494
Epoch: 142 | Training loss: 1.7140251095615215 | Elapsed time: 166.14018034934998
Epoch: 143 | Training loss: 1.7081974993890792 | Elapsed time: 165.7081389427185
Epoch: 144 | Training loss: 1.706399970979833 | Elapsed time: 166.00436091423035
Epoch: 145 | Training loss: 1.7040620366139199 | Elapsed time: 165.7965385913849
Epoch: 146 | Training loss: 1.6983664925418682 | Elapsed time: 166.04429697990417
Epoch: 147 | Training loss: 1.6925283794972434 | Elapsed time: 166.017338514328
Epoch: 148 | Training loss: 1.6938491223463372 | Elapsed time: 165.55325055122375
Epoch: 149 | Training loss: 1.6916499636066493 | Elapsed time: 166.16231536865234
Epoch: 150 | Training loss: 1.6907375303666983 | Elapsed time: 166.03317737579346
Saving model to: /scratch/eo41/visual-recognition-memory/gpt_finetuned_models/imagenet10_gimel_konkle_iid_150.pt
Epoch: 151 | Training loss: 1.693007399786764 | Elapsed time: 166.13368105888367
Epoch: 152 | Training loss: 1.6871569352363474 | Elapsed time: 165.9871277809143
Epoch: 153 | Training loss: 1.6767424149299734 | Elapsed time: 166.0574688911438
Epoch: 154 | Training loss: 1.6807693136272146 | Elapsed time: 165.63208413124084
Epoch: 155 | Training loss: 1.6753168586474747 | Elapsed time: 165.8430211544037
Epoch: 156 | Training loss: 1.6731873341460726 | Elapsed time: 166.02832794189453
Epoch: 157 | Training loss: 1.6755105079109989 | Elapsed time: 166.03330063819885
Epoch: 158 | Training loss: 1.6722482620780148 | Elapsed time: 165.91716361045837
Epoch: 159 | Training loss: 1.672042239957781 | Elapsed time: 165.83189630508423
Epoch: 160 | Training loss: 1.6718926002730186 | Elapsed time: 165.88287949562073
Epoch: 161 | Training loss: 1.6621921489487832 | Elapsed time: 165.87952399253845
Epoch: 162 | Training loss: 1.6683768745678573 | Elapsed time: 166.04854607582092
Epoch: 163 | Training loss: 1.6575134120770354 | Elapsed time: 165.96511960029602
Epoch: 164 | Training loss: 1.6612910993063628 | Elapsed time: 166.14418625831604
Epoch: 165 | Training loss: 1.6613287694418608 | Elapsed time: 166.0115613937378
Epoch: 166 | Training loss: 1.6553647945176309 | Elapsed time: 166.04682898521423
Epoch: 167 | Training loss: 1.6510819659304263 | Elapsed time: 165.84577894210815
Epoch: 168 | Training loss: 1.6489666397891827 | Elapsed time: 166.06270098686218
Epoch: 169 | Training loss: 1.6500536007667654 | Elapsed time: 166.10572338104248
Epoch: 170 | Training loss: 1.6451753146612822 | Elapsed time: 166.0068337917328
Epoch: 171 | Training loss: 1.6371305326917278 | Elapsed time: 165.90510511398315
Epoch: 172 | Training loss: 1.6433884972956643 | Elapsed time: 166.0504231452942
Epoch: 173 | Training loss: 1.6340693769170278 | Elapsed time: 166.16732716560364
Epoch: 174 | Training loss: 1.6430780958773485 | Elapsed time: 166.13505816459656
Epoch: 175 | Training loss: 1.6367915779797 | Elapsed time: 166.14268040657043
Epoch: 176 | Training loss: 1.6316759728673678 | Elapsed time: 165.98001194000244
Epoch: 177 | Training loss: 1.629243185271078 | Elapsed time: 166.09244394302368
Epoch: 178 | Training loss: 1.6368226560194101 | Elapsed time: 166.083153963089
Epoch: 179 | Training loss: 1.6201452906452007 | Elapsed time: 166.2447793483734
Epoch: 180 | Training loss: 1.6299454133902023 | Elapsed time: 165.93318438529968
Epoch: 181 | Training loss: 1.6322328225890201 | Elapsed time: 165.9467613697052
Epoch: 182 | Training loss: 1.6197381446610635 | Elapsed time: 166.22040343284607
Epoch: 183 | Training loss: 1.6239543832949739 | Elapsed time: 166.01677131652832
Epoch: 184 | Training loss: 1.620568136670696 | Elapsed time: 166.28927302360535
Epoch: 185 | Training loss: 1.616697572950107 | Elapsed time: 166.1829218864441
Epoch: 186 | Training loss: 1.6145877944889353 | Elapsed time: 166.09812760353088
Epoch: 187 | Training loss: 1.6140159012666389 | Elapsed time: 165.94544100761414
Epoch: 188 | Training loss: 1.6101980849878113 | Elapsed time: 165.94412326812744
Epoch: 189 | Training loss: 1.605140347978962 | Elapsed time: 166.1870722770691
Epoch: 190 | Training loss: 1.6059763840774992 | Elapsed time: 166.11846351623535
Epoch: 191 | Training loss: 1.6004823001463022 | Elapsed time: 166.09686756134033
Epoch: 192 | Training loss: 1.6064696027271783 | Elapsed time: 165.9497425556183
Epoch: 193 | Training loss: 1.5958025846908341 | Elapsed time: 166.25131011009216
Epoch: 194 | Training loss: 1.5962295194170368 | Elapsed time: 166.13424706459045
Epoch: 195 | Training loss: 1.5997990939154554 | Elapsed time: 166.1293601989746
Epoch: 196 | Training loss: 1.6020381948841151 | Elapsed time: 166.0156409740448
Epoch: 197 | Training loss: 1.593704789432127 | Elapsed time: 166.0664074420929
Epoch: 198 | Training loss: 1.5912609207096384 | Elapsed time: 165.6191463470459
Epoch: 199 | Training loss: 1.5816994389491295 | Elapsed time: 166.10457277297974
Epoch: 200 | Training loss: 1.5917610054585472 | Elapsed time: 165.8209569454193
Saving model to: /scratch/eo41/visual-recognition-memory/gpt_finetuned_models/imagenet10_gimel_konkle_iid_200.pt
Epoch: 201 | Training loss: 1.5885410184290871 | Elapsed time: 166.01740026474
Epoch: 202 | Training loss: 1.585388311699255 | Elapsed time: 166.10157442092896
Epoch: 203 | Training loss: 1.5781502830448435 | Elapsed time: 165.99057579040527
Epoch: 204 | Training loss: 2.5872487915096 | Elapsed time: 165.95991921424866
Epoch: 205 | Training loss: 6.1569269877761155 | Elapsed time: 165.9027636051178
Epoch: 206 | Training loss: 5.54684441125215 | Elapsed time: 165.87446331977844
Epoch: 207 | Training loss: 5.264362591416089 | Elapsed time: 166.2030725479126
Epoch: 208 | Training loss: 5.097072359341294 | Elapsed time: 166.15785932540894
Epoch: 209 | Training loss: 5.009564371251348 | Elapsed time: 166.05080127716064
Epoch: 210 | Training loss: 4.961126377333456 | Elapsed time: 166.025319814682
Epoch: 211 | Training loss: 4.90760124975176 | Elapsed time: 165.95409679412842
Epoch: 212 | Training loss: 4.875460425419594 | Elapsed time: 166.06174635887146
Epoch: 213 | Training loss: 4.858409262415188 | Elapsed time: 166.07109761238098
Epoch: 214 | Training loss: 4.833747778365861 | Elapsed time: 166.07330679893494
Epoch: 215 | Training loss: 4.805318220337825 | Elapsed time: 166.10431241989136
Epoch: 216 | Training loss: 4.798862549796033 | Elapsed time: 166.22792077064514
Epoch: 217 | Training loss: 4.775151053471352 | Elapsed time: 165.97685146331787
Epoch: 218 | Training loss: 4.767088861607793 | Elapsed time: 166.04730534553528
Epoch: 219 | Training loss: 4.746001336111951 | Elapsed time: 166.03062081336975
Epoch: 220 | Training loss: 4.732823201079867 | Elapsed time: 165.9909873008728
Epoch: 221 | Training loss: 4.717797414580388 | Elapsed time: 165.8735749721527
Epoch: 222 | Training loss: 4.694237324728895 | Elapsed time: 166.08652186393738
Epoch: 223 | Training loss: 4.671015098913392 | Elapsed time: 166.04272198677063
Epoch: 224 | Training loss: 4.645588397979736 | Elapsed time: 165.91852355003357
Epoch: 225 | Training loss: 4.598878205712162 | Elapsed time: 166.02339553833008
Epoch: 226 | Training loss: 4.556335698312788 | Elapsed time: 166.0028052330017
Epoch: 227 | Training loss: 4.498892392685164 | Elapsed time: 166.14372277259827
Epoch: 228 | Training loss: 4.412759300488145 | Elapsed time: 166.222722530365
Epoch: 229 | Training loss: 4.315759007610492 | Elapsed time: 166.08732223510742
Epoch: 230 | Training loss: 4.12869858030063 | Elapsed time: 165.96636295318604
Epoch: 231 | Training loss: 3.868686209863691 | Elapsed time: 165.9872272014618
Epoch: 232 | Training loss: 3.655579196872996 | Elapsed time: 166.15686416625977
Epoch: 233 | Training loss: 3.4684262631544427 | Elapsed time: 166.07850003242493
Epoch: 234 | Training loss: 3.3378602533198114 | Elapsed time: 166.16706013679504
Epoch: 235 | Training loss: 3.2394298154916337 | Elapsed time: 165.98559069633484
Epoch: 236 | Training loss: 3.156184054132718 | Elapsed time: 166.1379828453064
Epoch: 237 | Training loss: 3.0841057585246525 | Elapsed time: 165.95623874664307
Epoch: 238 | Training loss: 3.0228494886142103 | Elapsed time: 166.12936639785767
Epoch: 239 | Training loss: 2.963675609275476 | Elapsed time: 166.07339143753052
Epoch: 240 | Training loss: 2.906421686286357 | Elapsed time: 165.95477747917175
Epoch: 241 | Training loss: 2.860248227617634 | Elapsed time: 165.84831976890564
Epoch: 242 | Training loss: 2.8211111808890728 | Elapsed time: 165.92890310287476
Epoch: 243 | Training loss: 2.7785109690765837 | Elapsed time: 166.02298998832703
Epoch: 244 | Training loss: 2.731699295897982 | Elapsed time: 166.08165955543518
Epoch: 245 | Training loss: 2.6971413626599667 | Elapsed time: 166.09558582305908
Epoch: 246 | Training loss: 2.66020540692913 | Elapsed time: 165.99597573280334
Epoch: 247 | Training loss: 2.6333834911460308 | Elapsed time: 166.1071858406067
Epoch: 248 | Training loss: 2.599985873521264 | Elapsed time: 166.0231602191925
Epoch: 249 | Training loss: 2.5645659005464014 | Elapsed time: 166.11093544960022
Epoch: 250 | Training loss: 2.544871141661459 | Elapsed time: 166.2066056728363
Saving model to: /scratch/eo41/visual-recognition-memory/gpt_finetuned_models/imagenet10_gimel_konkle_iid_250.pt
Epoch: 251 | Training loss: 2.5180823162420474 | Elapsed time: 166.04523158073425
Epoch: 252 | Training loss: 2.4918887223770367 | Elapsed time: 165.96937346458435
Epoch: 253 | Training loss: 2.461914482401378 | Elapsed time: 166.01673674583435
Epoch: 254 | Training loss: 2.4461353394522596 | Elapsed time: 165.85182118415833
Epoch: 255 | Training loss: 2.427332710863939 | Elapsed time: 165.87789583206177
Epoch: 256 | Training loss: 2.3975223854406558 | Elapsed time: 166.00034523010254
Epoch: 257 | Training loss: 2.3842988156560643 | Elapsed time: 166.0410749912262
Epoch: 258 | Training loss: 2.360308522608743 | Elapsed time: 166.1434097290039
Epoch: 259 | Training loss: 2.3414970867669402 | Elapsed time: 166.10850930213928
Epoch: 260 | Training loss: 2.319995260950345 | Elapsed time: 166.08794450759888
Epoch: 261 | Training loss: 2.30853268637586 | Elapsed time: 166.21590399742126
Epoch: 262 | Training loss: 2.2830133189016313 | Elapsed time: 166.16267275810242
Epoch: 263 | Training loss: 2.268782846963228 | Elapsed time: 166.0740852355957
Epoch: 264 | Training loss: 2.25707915647706 | Elapsed time: 166.1817524433136
Epoch: 265 | Training loss: 2.23750295923717 | Elapsed time: 166.05729794502258
Epoch: 266 | Training loss: 2.225670864332968 | Elapsed time: 166.01703810691833
Epoch: 267 | Training loss: 2.208184021622387 | Elapsed time: 166.1560184955597
Epoch: 268 | Training loss: 2.1961178566092876 | Elapsed time: 166.27565026283264
Epoch: 269 | Training loss: 2.1834592641289556 | Elapsed time: 166.0715672969818
Epoch: 270 | Training loss: 2.167797583252636 | Elapsed time: 165.9394462108612
Epoch: 271 | Training loss: 2.158338552090659 | Elapsed time: 166.0318055152893
Epoch: 272 | Training loss: 2.1430422637000013 | Elapsed time: 165.7075526714325
Epoch: 273 | Training loss: 2.1237187599068257 | Elapsed time: 165.95685243606567
Epoch: 274 | Training loss: 2.125820462383441 | Elapsed time: 165.9436194896698
Epoch: 275 | Training loss: 2.109454564194181 | Elapsed time: 165.9983367919922
Epoch: 276 | Training loss: 2.1009707130602937 | Elapsed time: 166.11350393295288
Epoch: 277 | Training loss: 2.0963032654861906 | Elapsed time: 165.78013801574707
Epoch: 278 | Training loss: 2.079690735731552 | Elapsed time: 166.11651849746704
Epoch: 279 | Training loss: 2.065928364867595 | Elapsed time: 165.87660813331604
Epoch: 280 | Training loss: 2.0641846496667435 | Elapsed time: 165.9770429134369
Epoch: 281 | Training loss: 2.061126484799741 | Elapsed time: 165.9971730709076
Epoch: 282 | Training loss: 2.040964292056525 | Elapsed time: 166.10396528244019
Epoch: 283 | Training loss: 2.038156923963063 | Elapsed time: 166.07844591140747
Epoch: 284 | Training loss: 2.0253833514540944 | Elapsed time: 166.0819594860077
Epoch: 285 | Training loss: 2.020659243882592 | Elapsed time: 166.23292446136475
Epoch: 286 | Training loss: 2.0154506519659243 | Elapsed time: 166.00541424751282
Epoch: 287 | Training loss: 2.0071863309660953 | Elapsed time: 165.9912965297699
Epoch: 288 | Training loss: 1.995801678344385 | Elapsed time: 165.97618651390076
Epoch: 289 | Training loss: 1.9892294887286515 | Elapsed time: 165.93763327598572
Epoch: 290 | Training loss: 1.9903470580257587 | Elapsed time: 166.178204536438
Epoch: 291 | Training loss: 1.9840193186233293 | Elapsed time: 166.03739643096924
Epoch: 292 | Training loss: 1.9766159840484163 | Elapsed time: 166.08168959617615
Epoch: 293 | Training loss: 1.9657304500465962 | Elapsed time: 166.0172860622406
Epoch: 294 | Training loss: 1.9575171826490716 | Elapsed time: 166.21070504188538
Epoch: 295 | Training loss: 1.9553581280494803 | Elapsed time: 166.1978268623352
Epoch: 296 | Training loss: 1.9475680198242415 | Elapsed time: 165.97425770759583
Epoch: 297 | Training loss: 1.9461948960574704 | Elapsed time: 166.05120611190796
Epoch: 298 | Training loss: 1.9435960552585658 | Elapsed time: 166.20366406440735
Epoch: 299 | Training loss: 1.9369565995771494 | Elapsed time: 165.73540663719177
Epoch: 300 | Training loss: 1.9291766686226004 | Elapsed time: 166.09549856185913
Saving model to: /scratch/eo41/visual-recognition-memory/gpt_finetuned_models/imagenet10_gimel_konkle_iid_300.pt
Epoch: 301 | Training loss: 1.9269598455571417 | Elapsed time: 166.42932534217834
Epoch: 302 | Training loss: 1.9216240911341425 | Elapsed time: 166.27528715133667
Epoch: 303 | Training loss: 1.9201030482107133 | Elapsed time: 165.90194582939148
Epoch: 304 | Training loss: 1.9115639996172777 | Elapsed time: 165.9786560535431
Epoch: 305 | Training loss: 1.907754366077594 | Elapsed time: 166.01634573936462
Epoch: 306 | Training loss: 1.9017561620740748 | Elapsed time: 166.06216311454773
Epoch: 307 | Training loss: 1.898754288901144 | Elapsed time: 166.24585938453674
Epoch: 308 | Training loss: 1.8986031582106406 | Elapsed time: 166.08295798301697
Epoch: 309 | Training loss: 1.8960082353051029 | Elapsed time: 166.14697241783142
Epoch: 310 | Training loss: 1.8918723348361344 | Elapsed time: 165.92120051383972
Epoch: 311 | Training loss: 1.8870578986495288 | Elapsed time: 166.1177864074707
Epoch: 312 | Training loss: 1.8795852394246344 | Elapsed time: 166.0177083015442
Epoch: 313 | Training loss: 1.8831203357497257 | Elapsed time: 165.96748900413513
Epoch: 314 | Training loss: 1.875132861422069 | Elapsed time: 166.05114841461182
Epoch: 315 | Training loss: 1.8717591869297312 | Elapsed time: 166.0682830810547
Epoch: 316 | Training loss: 1.860535602071392 | Elapsed time: 166.03276753425598
Epoch: 317 | Training loss: 1.8724187559156276 | Elapsed time: 166.1218295097351
Epoch: 318 | Training loss: 1.868185922281066 | Elapsed time: 166.07945656776428
Epoch: 319 | Training loss: 1.8671163534050557 | Elapsed time: 165.99496698379517
Epoch: 320 | Training loss: 1.8582608610836429 | Elapsed time: 166.06317830085754
Epoch: 321 | Training loss: 1.855795575611627 | Elapsed time: 166.01831579208374
Epoch: 322 | Training loss: 1.8544303374503976 | Elapsed time: 165.9291591644287
Epoch: 323 | Training loss: 1.8514802776165862 | Elapsed time: 166.0458106994629
Epoch: 324 | Training loss: 1.8416027862634232 | Elapsed time: 166.14890718460083
Epoch: 325 | Training loss: 1.845954222465629 | Elapsed time: 166.0542552471161
Epoch: 326 | Training loss: 1.8284825958422761 | Elapsed time: 165.91503882408142
Epoch: 327 | Training loss: 1.8394655256129022 | Elapsed time: 166.07368922233582
Epoch: 328 | Training loss: 1.8317208272307666 | Elapsed time: 166.2098217010498
Epoch: 329 | Training loss: 1.8334387184968635 | Elapsed time: 165.64414167404175
Epoch: 330 | Training loss: 1.827638462408265 | Elapsed time: 166.08935499191284
Epoch: 331 | Training loss: 1.8289135249693003 | Elapsed time: 166.24463653564453
Epoch: 332 | Training loss: 1.8256049814508921 | Elapsed time: 165.90837979316711
Epoch: 333 | Training loss: 1.8230461469337123 | Elapsed time: 165.9108898639679
Epoch: 334 | Training loss: 1.8213990072705852 | Elapsed time: 166.1392891407013
Epoch: 335 | Training loss: 1.819381998546088 | Elapsed time: 165.91936588287354
Epoch: 336 | Training loss: 1.8224095106124878 | Elapsed time: 166.1698353290558
Epoch: 337 | Training loss: 1.808316232553169 | Elapsed time: 165.99006366729736
Epoch: 338 | Training loss: 1.809324360605496 | Elapsed time: 166.14534330368042
Epoch: 339 | Training loss: 1.8090265277606339 | Elapsed time: 165.8447527885437
Epoch: 340 | Training loss: 1.8138448444765005 | Elapsed time: 165.85482478141785
Epoch: 341 | Training loss: 1.8101841816261632 | Elapsed time: 165.99170422554016
Epoch: 342 | Training loss: 1.809874064886748 | Elapsed time: 166.09281396865845
Epoch: 343 | Training loss: 1.8046468015926986 | Elapsed time: 166.08232021331787
Epoch: 344 | Training loss: 1.8039599639266284 | Elapsed time: 166.14956188201904
Epoch: 345 | Training loss: 1.7957375885835334 | Elapsed time: 166.2074544429779
Epoch: 346 | Training loss: 1.7912659591703273 | Elapsed time: 166.0544250011444
Epoch: 347 | Training loss: 1.7965617482341938 | Elapsed time: 166.01473021507263
Epoch: 348 | Training loss: 1.7983360468451657 | Elapsed time: 165.99954748153687
Epoch: 349 | Training loss: 1.786071163504871 | Elapsed time: 165.92608189582825
Epoch: 350 | Training loss: 1.7839453291537157 | Elapsed time: 166.01807713508606
Saving model to: /scratch/eo41/visual-recognition-memory/gpt_finetuned_models/imagenet10_gimel_konkle_iid_350.pt
Epoch: 351 | Training loss: 1.782104855153098 | Elapsed time: 166.04423093795776
Epoch: 352 | Training loss: 1.7847297049280424 | Elapsed time: 165.67097282409668
Epoch: 353 | Training loss: 1.7812947426269303 | Elapsed time: 165.98727822303772
Epoch: 354 | Training loss: 1.780912635931328 | Elapsed time: 166.04489922523499
Epoch: 355 | Training loss: 1.770626815397348 | Elapsed time: 166.1028118133545
Epoch: 356 | Training loss: 1.7742213046372826 | Elapsed time: 166.08135104179382
Epoch: 357 | Training loss: 1.765932841087455 | Elapsed time: 165.98539447784424
Epoch: 358 | Training loss: 1.7675448531535134 | Elapsed time: 166.053941488266
Epoch: 359 | Training loss: 1.7668504875097701 | Elapsed time: 166.15596342086792
Epoch: 360 | Training loss: 1.7676910802499572 | Elapsed time: 165.97183299064636
Epoch: 361 | Training loss: 1.768339249625135 | Elapsed time: 166.1417739391327
Epoch: 362 | Training loss: 1.7617129461089176 | Elapsed time: 166.09504294395447
Epoch: 363 | Training loss: 1.7576712779144743 | Elapsed time: 165.9572365283966
Epoch: 364 | Training loss: 1.755337021244106 | Elapsed time: 166.18078303337097
Epoch: 365 | Training loss: 1.7630626052173215 | Elapsed time: 165.9935121536255
Epoch: 366 | Training loss: 1.7527076948934526 | Elapsed time: 166.0675027370453
Epoch: 367 | Training loss: 1.754534041703637 | Elapsed time: 166.11153411865234
Epoch: 368 | Training loss: 1.760254854586587 | Elapsed time: 166.18406224250793
Epoch: 369 | Training loss: 1.7455120495895842 | Elapsed time: 166.15150046348572
Epoch: 370 | Training loss: 1.7497075707165164 | Elapsed time: 166.2474286556244
Epoch: 371 | Training loss: 1.7472127551463112 | Elapsed time: 165.9783685207367
Epoch: 372 | Training loss: 1.7424174671742454 | Elapsed time: 166.14543199539185
Epoch: 373 | Training loss: 1.7395800618983026 | Elapsed time: 165.60716891288757
Epoch: 374 | Training loss: 1.7431442488485307 | Elapsed time: 165.99664425849915
Epoch: 375 | Training loss: 1.7428493837812054 | Elapsed time: 166.21024918556213
Epoch: 376 | Training loss: 1.7348152167761504 | Elapsed time: 166.00153231620789
Epoch: 377 | Training loss: 1.7373326500849937 | Elapsed time: 165.36151766777039
Epoch: 378 | Training loss: 1.7309725996273666 | Elapsed time: 165.72946310043335
Epoch: 379 | Training loss: 1.7316278788580823 | Elapsed time: 166.18188381195068
Epoch: 380 | Training loss: 1.7303230104161733 | Elapsed time: 165.64909744262695
Epoch: 381 | Training loss: 1.7286610265276325 | Elapsed time: 165.97091102600098
Epoch: 382 | Training loss: 1.7231723799634335 | Elapsed time: 165.80038356781006
Epoch: 383 | Training loss: 1.7273100792472043 | Elapsed time: 165.82232093811035
Epoch: 384 | Training loss: 1.7159902231017155 | Elapsed time: 165.9209017753601
Epoch: 385 | Training loss: 1.7226184499797537 | Elapsed time: 165.51006364822388
Epoch: 386 | Training loss: 1.7164670015448955 | Elapsed time: 165.92411494255066
Epoch: 387 | Training loss: 1.7095454771127274 | Elapsed time: 165.88902831077576
Epoch: 388 | Training loss: 1.7190760338484352 | Elapsed time: 166.23070669174194
Epoch: 389 | Training loss: 1.7057177629043807 | Elapsed time: 166.20267915725708
Epoch: 390 | Training loss: 1.7080844533977224 | Elapsed time: 166.13296604156494
Epoch: 391 | Training loss: 1.7033825347672646 | Elapsed time: 165.83137798309326
Epoch: 392 | Training loss: 1.7046477492175884 | Elapsed time: 165.83415627479553
Epoch: 393 | Training loss: 1.7051694980308192 | Elapsed time: 165.58876371383667
Epoch: 394 | Training loss: 1.7051619522607149 | Elapsed time: 165.82127141952515
Epoch: 395 | Training loss: 1.7013770003816975 | Elapsed time: 165.76494526863098
Epoch: 396 | Training loss: 1.6990739783244346 | Elapsed time: 165.8161814212799
Epoch: 397 | Training loss: 1.6923660431335221 | Elapsed time: 165.5031454563141
Epoch: 398 | Training loss: 1.6940918733824546 | Elapsed time: 165.65941739082336
Epoch: 399 | Training loss: 1.6916526947448502 | Elapsed time: 165.91824460029602
Epoch: 400 | Training loss: 1.6946561229762747 | Elapsed time: 166.06671667099
Saving model to: /scratch/eo41/visual-recognition-memory/gpt_finetuned_models/imagenet10_gimel_konkle_iid_400.pt
Epoch: 401 | Training loss: 1.6934203069601486 | Elapsed time: 165.49769759178162
Epoch: 402 | Training loss: 1.687610387802124 | Elapsed time: 165.69526529312134
Epoch: 403 | Training loss: 1.6856084652801058 | Elapsed time: 165.99812245368958
Epoch: 404 | Training loss: 1.679525807722291 | Elapsed time: 166.1295464038849
Epoch: 405 | Training loss: 1.6840348154751223 | Elapsed time: 165.93721866607666
Epoch: 406 | Training loss: 1.6844873552891746 | Elapsed time: 165.59360790252686
Epoch: 407 | Training loss: 1.6779230957600608 | Elapsed time: 165.7845058441162
Epoch: 408 | Training loss: 1.674859130560462 | Elapsed time: 165.42573809623718
Epoch: 409 | Training loss: 1.6743662642009223 | Elapsed time: 165.50644993782043
Epoch: 410 | Training loss: 1.6678561292477507 | Elapsed time: 165.6378366947174
Epoch: 411 | Training loss: 1.672046447867778 | Elapsed time: 166.22745656967163
Epoch: 412 | Training loss: 1.6703104990631787 | Elapsed time: 165.4787313938141
Epoch: 413 | Training loss: 1.6713552830824212 | Elapsed time: 165.61837339401245
Epoch: 414 | Training loss: 1.667830465444878 | Elapsed time: 165.83777904510498
Epoch: 415 | Training loss: 1.6653550436247642 | Elapsed time: 165.92022824287415
Epoch: 416 | Training loss: 1.6617190891237401 | Elapsed time: 165.79929614067078
Epoch: 417 | Training loss: 1.6588028064414637 | Elapsed time: 165.69497203826904
Epoch: 418 | Training loss: 1.6595617123504183 | Elapsed time: 166.0945417881012
Epoch: 419 | Training loss: 1.6675377763918977 | Elapsed time: 165.58167672157288
Epoch: 420 | Training loss: 1.6589630966755882 | Elapsed time: 165.62845301628113
Epoch: 421 | Training loss: 1.652561721517079 | Elapsed time: 165.61915397644043
Epoch: 422 | Training loss: 1.6580835420693925 | Elapsed time: 165.78038048744202
Epoch: 423 | Training loss: 1.6509949858508892 | Elapsed time: 166.00539207458496
Epoch: 424 | Training loss: 1.6497812555797065 | Elapsed time: 165.6945140361786
Epoch: 425 | Training loss: 1.6513497900606982 | Elapsed time: 165.4366307258606
Epoch: 426 | Training loss: 1.6449899940348383 | Elapsed time: 166.37839913368225
Epoch: 427 | Training loss: 1.6454419982967092 | Elapsed time: 165.65838885307312
Epoch: 428 | Training loss: 1.639247203940776 | Elapsed time: 165.9780170917511
Epoch: 429 | Training loss: 1.6439758236728497 | Elapsed time: 165.7851710319519
Epoch: 430 | Training loss: 1.6435189656357267 | Elapsed time: 165.5832166671753
Epoch: 431 | Training loss: 1.6368619523831267 | Elapsed time: 167.04300737380981
Epoch: 432 | Training loss: 1.6394458849038651 | Elapsed time: 165.9466588497162
Epoch: 433 | Training loss: 1.639043135429496 | Elapsed time: 166.04598879814148
Epoch: 434 | Training loss: 1.6400932553988785 | Elapsed time: 166.9496169090271
Epoch: 435 | Training loss: 1.6355997163857987 | Elapsed time: 166.95878076553345
Epoch: 436 | Training loss: 1.6372997120245179 | Elapsed time: 166.4780080318451
Epoch: 437 | Training loss: 1.6317478560689669 | Elapsed time: 166.70021843910217
Epoch: 438 | Training loss: 1.6300428625363022 | Elapsed time: 165.82259464263916
Epoch: 439 | Training loss: 1.626178656051408 | Elapsed time: 167.08628511428833
Epoch: 440 | Training loss: 1.632691769457575 | Elapsed time: 165.52830743789673
Epoch: 441 | Training loss: 1.6203053762663657 | Elapsed time: 165.9117078781128
Epoch: 442 | Training loss: 1.6227083757742127 | Elapsed time: 166.2846188545227
Epoch: 443 | Training loss: 1.6176959916726867 | Elapsed time: 166.47357630729675
Epoch: 444 | Training loss: 1.6194120520976052 | Elapsed time: 165.81637692451477
Epoch: 445 | Training loss: 1.6147039737274398 | Elapsed time: 167.0393841266632
Epoch: 446 | Training loss: 1.6162180598102398 | Elapsed time: 166.54029488563538
Epoch: 447 | Training loss: 1.6145393172306801 | Elapsed time: 165.53222131729126
Epoch: 448 | Training loss: 1.6117420979400179 | Elapsed time: 166.50025010108948
Epoch: 449 | Training loss: 1.6044688438301655 | Elapsed time: 165.84256887435913
Epoch: 450 | Training loss: 1.6117602889217548 | Elapsed time: 165.63885641098022
Saving model to: /scratch/eo41/visual-recognition-memory/gpt_finetuned_models/imagenet10_gimel_konkle_iid_450.pt
Epoch: 451 | Training loss: 1.608964580208508 | Elapsed time: 166.292133808136
Epoch: 452 | Training loss: 1.6048877079095414 | Elapsed time: 165.83849906921387
Epoch: 453 | Training loss: 1.6036393980481731 | Elapsed time: 166.2661337852478
Epoch: 454 | Training loss: 1.6026599371611183 | Elapsed time: 166.50221610069275
Epoch: 455 | Training loss: 1.6082431789654403 | Elapsed time: 165.99391984939575
Epoch: 456 | Training loss: 1.6096413936187972 | Elapsed time: 166.76559782028198
Epoch: 457 | Training loss: 1.6011795890865042 | Elapsed time: 165.8517143726349
Epoch: 458 | Training loss: 1.601574614866456 | Elapsed time: 165.80547785758972
Epoch: 459 | Training loss: 1.5954378202779969 | Elapsed time: 166.93854331970215
Epoch: 460 | Training loss: 1.596640791465987 | Elapsed time: 166.83308506011963
Epoch: 461 | Training loss: 1.5935436504990308 | Elapsed time: 166.72753524780273
Epoch: 462 | Training loss: 1.5918143774146465 | Elapsed time: 166.8039276599884
Epoch: 463 | Training loss: 1.5969480418447237 | Elapsed time: 167.01308298110962
Epoch: 464 | Training loss: 1.5919399030173003 | Elapsed time: 165.9278883934021
Epoch: 465 | Training loss: 1.5916700594460786 | Elapsed time: 165.63341665267944
Epoch: 466 | Training loss: 1.5911523708656652 | Elapsed time: 165.8945791721344
Epoch: 467 | Training loss: 1.5863448986366613 | Elapsed time: 166.20482444763184
Epoch: 468 | Training loss: 1.5812560818088588 | Elapsed time: 165.8647174835205
Epoch: 469 | Training loss: 1.5884746046208624 | Elapsed time: 165.73860883712769
Epoch: 470 | Training loss: 1.5822809294088562 | Elapsed time: 165.64138770103455
Epoch: 471 | Training loss: 1.5816278795697796 | Elapsed time: 166.71275806427002
Epoch: 472 | Training loss: 1.5768419415203494 | Elapsed time: 166.37766671180725
Epoch: 473 | Training loss: 1.5815834020500752 | Elapsed time: 165.59012722969055
Epoch: 474 | Training loss: 1.5727829150299528 | Elapsed time: 165.9976212978363
Epoch: 475 | Training loss: 1.579519649050129 | Elapsed time: 165.62239146232605
Epoch: 476 | Training loss: 1.5797134246399154 | Elapsed time: 166.0714466571808
Epoch: 477 | Training loss: 1.575403944769902 | Elapsed time: 166.20720767974854
Epoch: 478 | Training loss: 1.5685827749878614 | Elapsed time: 166.81037425994873
Epoch: 479 | Training loss: 1.5638724209657355 | Elapsed time: 165.62256908416748
Epoch: 480 | Training loss: 1.567935657145372 | Elapsed time: 165.4008584022522
Epoch: 481 | Training loss: 1.5639476028840933 | Elapsed time: 166.28423953056335
Epoch: 482 | Training loss: 1.5711807742047665 | Elapsed time: 165.84672093391418
Epoch: 483 | Training loss: 1.572696580815671 | Elapsed time: 165.75792527198792
Epoch: 484 | Training loss: 1.5602850380228526 | Elapsed time: 165.62847328186035
Epoch: 485 | Training loss: 1.5637531209347852 | Elapsed time: 165.31476044654846
Epoch: 486 | Training loss: 1.5657678806959694 | Elapsed time: 166.05639672279358
Epoch: 487 | Training loss: 1.564017331422265 | Elapsed time: 167.07990336418152
Epoch: 488 | Training loss: 1.560623763212517 | Elapsed time: 166.1679403781891
Epoch: 489 | Training loss: 1.556385248454649 | Elapsed time: 165.68197536468506
Epoch: 490 | Training loss: 1.559556872097414 | Elapsed time: 166.81325721740723
Epoch: 491 | Training loss: 1.5630934451943013 | Elapsed time: 166.5525403022766
Epoch: 492 | Training loss: 1.5603780675290235 | Elapsed time: 165.70774340629578
Epoch: 493 | Training loss: 1.5519416759263223 | Elapsed time: 167.27089190483093
Epoch: 494 | Training loss: 1.5579315032531966 | Elapsed time: 166.47920274734497
Epoch: 495 | Training loss: 1.5516679802937294 | Elapsed time: 165.60862398147583
Epoch: 496 | Training loss: 1.5526644703167587 | Elapsed time: 166.27593278884888
Epoch: 497 | Training loss: 1.5534739227437262 | Elapsed time: 165.84553480148315
Epoch: 498 | Training loss: 1.5531486094887577 | Elapsed time: 167.30257892608643
Epoch: 499 | Training loss: 1.5516454479587611 | Elapsed time: 166.86652445793152
Epoch: 500 | Training loss: 1.5480848355079764 | Elapsed time: 166.67115139961243
Saving model to: /scratch/eo41/visual-recognition-memory/gpt_finetuned_models/imagenet10_gimel_konkle_iid_500.pt
Epoch: 501 | Training loss: 1.5502650470875983 | Elapsed time: 167.0143165588379
Epoch: 502 | Training loss: 1.5415761933397891 | Elapsed time: 165.87127590179443
Epoch: 503 | Training loss: 1.5447731836518246 | Elapsed time: 166.02258133888245
Epoch: 504 | Training loss: 1.5461701528349918 | Elapsed time: 166.7841944694519
Epoch: 505 | Training loss: 1.5406303067705525 | Elapsed time: 165.6469898223877
Epoch: 506 | Training loss: 1.5403190691079667 | Elapsed time: 165.5327603816986
Epoch: 507 | Training loss: 1.5420579767938871 | Elapsed time: 166.045095205307
Epoch: 508 | Training loss: 1.5382873638352352 | Elapsed time: 166.6075930595398
Epoch: 509 | Training loss: 1.5276327720328944 | Elapsed time: 165.8903410434723
Epoch: 510 | Training loss: 1.535155134414559 | Elapsed time: 166.87791872024536
Epoch: 511 | Training loss: 1.5394030844987328 | Elapsed time: 165.94631671905518
Epoch: 512 | Training loss: 1.5334105918656533 | Elapsed time: 167.00974488258362
Epoch: 513 | Training loss: 1.5324030420673427 | Elapsed time: 166.93332529067993
Epoch: 514 | Training loss: 1.5308012357398646 | Elapsed time: 165.8985984325409
Epoch: 515 | Training loss: 1.531310618813358 | Elapsed time: 165.87958574295044
Epoch: 516 | Training loss: 1.5394872480363988 | Elapsed time: 166.33058381080627
Epoch: 517 | Training loss: 1.5301529204667503 | Elapsed time: 165.83623552322388
Epoch: 518 | Training loss: 1.5303207457955204 | Elapsed time: 166.73829340934753
Epoch: 519 | Training loss: 1.5263679294443842 | Elapsed time: 167.0640218257904
Epoch: 520 | Training loss: 1.5343824838524434 | Elapsed time: 166.26035380363464
Epoch: 521 | Training loss: 1.5258628094374245 | Elapsed time: 166.5966637134552
Epoch: 522 | Training loss: 1.5181364906367971 | Elapsed time: 166.67044067382812
Epoch: 523 | Training loss: 1.522601789502955 | Elapsed time: 165.79187893867493
Epoch: 524 | Training loss: 1.5272466015459887 | Elapsed time: 166.45214819908142
Epoch: 525 | Training loss: 1.5211245978056496 | Elapsed time: 165.92816138267517
Epoch: 526 | Training loss: 1.5216705692348196 | Elapsed time: 165.8802306652069
Epoch: 527 | Training loss: 1.5184365955751333 | Elapsed time: 165.5409996509552
Epoch: 528 | Training loss: 1.514855955963704 | Elapsed time: 165.676696062088
Epoch: 529 | Training loss: 1.522822239505711 | Elapsed time: 166.52681589126587
Epoch: 530 | Training loss: 1.517719112225433 | Elapsed time: 165.7811930179596
Epoch: 531 | Training loss: 1.5128324174169283 | Elapsed time: 165.67301750183105
Epoch: 532 | Training loss: 1.5091516615739509 | Elapsed time: 166.43618822097778
Epoch: 533 | Training loss: 1.5145109696174734 | Elapsed time: 166.08599185943604
Epoch: 534 | Training loss: 1.5078699232927009 | Elapsed time: 166.71062588691711
Epoch: 535 | Training loss: 1.5078892138466906 | Elapsed time: 165.88858580589294
Epoch: 536 | Training loss: 1.511032335793794 | Elapsed time: 167.38877511024475
Epoch: 537 | Training loss: 1.513048961981019 | Elapsed time: 167.2338206768036
Epoch: 538 | Training loss: 1.506677673823798 | Elapsed time: 165.93490386009216
Epoch: 539 | Training loss: 1.5079664561285901 | Elapsed time: 165.7951455116272
Epoch: 540 | Training loss: 1.5089789255341488 | Elapsed time: 166.1724100112915
Epoch: 541 | Training loss: 1.5008205976059188 | Elapsed time: 166.23137259483337
Epoch: 542 | Training loss: 1.506599018822855 | Elapsed time: 166.78118348121643
Epoch: 543 | Training loss: 1.5032140319027119 | Elapsed time: 165.67878651618958
Epoch: 544 | Training loss: 1.50071339286975 | Elapsed time: 165.507385969162
Epoch: 545 | Training loss: 1.4961664196270614 | Elapsed time: 166.39449191093445
Epoch: 546 | Training loss: 1.4990961160232772 | Elapsed time: 166.56749820709229
Epoch: 547 | Training loss: 1.502589323627415 | Elapsed time: 165.72774076461792
Epoch: 548 | Training loss: 1.4987716336748493 | Elapsed time: 167.36423754692078
Epoch: 549 | Training loss: 1.4973916206786881 | Elapsed time: 165.66048908233643
Epoch: 550 | Training loss: 1.499194985005393 | Elapsed time: 166.9798092842102
Saving model to: /scratch/eo41/visual-recognition-memory/gpt_finetuned_models/imagenet10_gimel_konkle_iid_550.pt
Epoch: 551 | Training loss: 1.4925284172171978 | Elapsed time: 167.26260328292847
Epoch: 552 | Training loss: 1.4950023017712493 | Elapsed time: 165.62884306907654
Epoch: 553 | Training loss: 1.491963616058008 | Elapsed time: 167.27099704742432
Epoch: 554 | Training loss: 1.490979593191574 | Elapsed time: 166.90029096603394
Epoch: 555 | Training loss: 1.4894694338983565 | Elapsed time: 166.09388828277588
Epoch: 556 | Training loss: 1.4934575771217915 | Elapsed time: 166.48071670532227
Epoch: 557 | Training loss: 1.4900276874428364 | Elapsed time: 166.68054962158203
Epoch: 558 | Training loss: 1.4919954218081575 | Elapsed time: 167.77027225494385
Epoch: 559 | Training loss: 1.495811368102458 | Elapsed time: 167.3483603000641
Epoch: 560 | Training loss: 1.4906097525980935 | Elapsed time: 167.46181535720825
Epoch: 561 | Training loss: 1.4890747390576262 | Elapsed time: 167.91227316856384
Epoch: 562 | Training loss: 1.4819672143281395 | Elapsed time: 168.12276768684387
Epoch: 563 | Training loss: 1.4850730540147468 | Elapsed time: 167.61482071876526
Epoch: 564 | Training loss: 1.4819986962560396 | Elapsed time: 168.02619767189026
Epoch: 565 | Training loss: 1.4832487853605356 | Elapsed time: 167.92910981178284
Epoch: 566 | Training loss: 1.4836593439329917 | Elapsed time: 168.02383136749268
Epoch: 567 | Training loss: 1.4796128949122642 | Elapsed time: 167.5184931755066
Epoch: 568 | Training loss: 1.47988423126847 | Elapsed time: 167.56403827667236
Epoch: 569 | Training loss: 1.4783887222631653 | Elapsed time: 167.92533826828003
Epoch: 570 | Training loss: 1.4772487398403793 | Elapsed time: 167.14235305786133
Epoch: 571 | Training loss: 1.4808456221623207 | Elapsed time: 166.07614660263062
Epoch: 572 | Training loss: 1.4736947977720802 | Elapsed time: 166.70677757263184
Epoch: 573 | Training loss: 1.4798171982836368 | Elapsed time: 165.68342328071594
Epoch: 574 | Training loss: 1.4767451766711563 | Elapsed time: 166.02103877067566
Epoch: 575 | Training loss: 1.4771439584333506 | Elapsed time: 166.36984968185425
Epoch: 576 | Training loss: 1.4711335737313798 | Elapsed time: 166.85495352745056
Epoch: 577 | Training loss: 1.478633247204681 | Elapsed time: 166.56880497932434
Epoch: 578 | Training loss: 1.4734639925743216 | Elapsed time: 166.61637783050537
Epoch: 579 | Training loss: 1.4696870899912138 | Elapsed time: 166.63179063796997
Epoch: 580 | Training loss: 1.468261037299882 | Elapsed time: 165.7998390197754
Epoch: 581 | Training loss: 1.4717041431967892 | Elapsed time: 165.51508021354675
Epoch: 582 | Training loss: 1.465372713644113 | Elapsed time: 165.73204493522644
Epoch: 583 | Training loss: 1.470193610262515 | Elapsed time: 165.81293940544128
Epoch: 584 | Training loss: 1.4739350507508462 | Elapsed time: 165.7203254699707
Epoch: 585 | Training loss: 1.467794083837253 | Elapsed time: 166.2468786239624
Epoch: 586 | Training loss: 1.4690798271947831 | Elapsed time: 165.776442527771
Epoch: 587 | Training loss: 1.4664852779303024 | Elapsed time: 167.02601099014282
Epoch: 588 | Training loss: 1.4638212118575822 | Elapsed time: 165.52974152565002
Epoch: 589 | Training loss: 1.4615771930609176 | Elapsed time: 166.64479327201843
Epoch: 590 | Training loss: 1.4606383896585722 | Elapsed time: 166.94368624687195
Epoch: 591 | Training loss: 1.465055351826682 | Elapsed time: 167.04031085968018
Epoch: 592 | Training loss: 1.4554979391952059 | Elapsed time: 166.88168168067932
Epoch: 593 | Training loss: 1.4612043152994185 | Elapsed time: 166.69344544410706
Epoch: 594 | Training loss: 1.462549371505851 | Elapsed time: 166.80682468414307
Epoch: 595 | Training loss: 1.4630849147910503 | Elapsed time: 167.11002397537231
Epoch: 596 | Training loss: 1.4600037549858662 | Elapsed time: 167.86760330200195
Epoch: 597 | Training loss: 1.4520617456578497 | Elapsed time: 167.684561252594
Epoch: 598 | Training loss: 1.4509120005280225 | Elapsed time: 167.43027901649475
Epoch: 599 | Training loss: 1.4565541157081945 | Elapsed time: 167.9684476852417
Epoch: 600 | Training loss: 1.4592008039132873 | Elapsed time: 167.7100851535797
Saving model to: /scratch/eo41/visual-recognition-memory/gpt_finetuned_models/imagenet10_gimel_konkle_iid_600.pt
Epoch: 601 | Training loss: 1.4528175699177073 | Elapsed time: 165.54867601394653
Epoch: 602 | Training loss: 1.451209863620018 | Elapsed time: 165.52633786201477
Epoch: 603 | Training loss: 1.4546632410875007 | Elapsed time: 166.2948455810547
Epoch: 604 | Training loss: 1.450060235920237 | Elapsed time: 165.9105203151703
Epoch: 605 | Training loss: 1.4579635591649298 | Elapsed time: 165.6028037071228
Epoch: 606 | Training loss: 1.4526955031636934 | Elapsed time: 166.5983920097351
Epoch: 607 | Training loss: 1.4517561410790059 | Elapsed time: 165.78231048583984
Epoch: 608 | Training loss: 1.4540151393235619 | Elapsed time: 165.76801657676697
Epoch: 609 | Training loss: 1.4512612054597085 | Elapsed time: 165.75284028053284
Epoch: 610 | Training loss: 1.4494183953128643 | Elapsed time: 166.78404760360718
Epoch: 611 | Training loss: 1.450683828610093 | Elapsed time: 165.64569640159607
Epoch: 612 | Training loss: 1.448198580030185 | Elapsed time: 166.1177306175232
Epoch: 613 | Training loss: 1.4415486072426411 | Elapsed time: 166.75791835784912
Epoch: 614 | Training loss: 1.437945118590967 | Elapsed time: 165.7259964942932
Epoch: 615 | Training loss: 1.4422833670431108 | Elapsed time: 166.6825635433197
Epoch: 616 | Training loss: 1.4500321790353576 | Elapsed time: 166.71573066711426
Epoch: 617 | Training loss: 1.4456877228039413 | Elapsed time: 166.07578015327454
Epoch: 618 | Training loss: 1.4426522486245454 | Elapsed time: 166.22719144821167
Epoch: 619 | Training loss: 1.4362459325078707 | Elapsed time: 165.75164151191711
Epoch: 620 | Training loss: 1.4449521498893625 | Elapsed time: 165.63531684875488
Epoch: 621 | Training loss: 1.441394914442034 | Elapsed time: 165.6168873310089
Epoch: 622 | Training loss: 1.4402045936726813 | Elapsed time: 166.35023474693298
Epoch: 623 | Training loss: 1.4396584069550926 | Elapsed time: 165.88610863685608
Epoch: 624 | Training loss: 1.4351397521460234 | Elapsed time: 165.68995761871338
Epoch: 625 | Training loss: 1.4335277205082908 | Elapsed time: 165.76130390167236
Epoch: 626 | Training loss: 1.4313969558744288 | Elapsed time: 166.77102661132812
Epoch: 627 | Training loss: 1.43422575317212 | Elapsed time: 166.0480980873108
Epoch: 628 | Training loss: 1.4336675654596358 | Elapsed time: 165.55064988136292
Epoch: 629 | Training loss: 1.4318502162819478 | Elapsed time: 166.15560913085938
Epoch: 630 | Training loss: 1.4272308171685062 | Elapsed time: 166.46403241157532
Epoch: 631 | Training loss: 1.4325666000593955 | Elapsed time: 166.32080578804016
Epoch: 632 | Training loss: 1.430796210445575 | Elapsed time: 166.19365429878235
Epoch: 633 | Training loss: 1.4308583380571052 | Elapsed time: 166.46499967575073
Epoch: 634 | Training loss: 1.4303900003433228 | Elapsed time: 165.63812160491943
Epoch: 635 | Training loss: 1.4288417047529078 | Elapsed time: 165.33332872390747
Epoch: 636 | Training loss: 1.4261857093270145 | Elapsed time: 165.9158833026886
Epoch: 637 | Training loss: 1.426499743959797 | Elapsed time: 165.46480894088745
Epoch: 638 | Training loss: 1.4215070009231567 | Elapsed time: 165.92643857002258
Epoch: 639 | Training loss: 1.4229019969256955 | Elapsed time: 165.45327281951904
Epoch: 640 | Training loss: 1.4153493856316182 | Elapsed time: 165.63155245780945
Epoch: 641 | Training loss: 1.4224065560013501 | Elapsed time: 165.3936312198639
Epoch: 642 | Training loss: 1.420026880591663 | Elapsed time: 165.29938864707947
Epoch: 643 | Training loss: 1.425727408323715 | Elapsed time: 165.3777506351471
Epoch: 644 | Training loss: 1.4242858548662556 | Elapsed time: 165.86880469322205
Epoch: 645 | Training loss: 1.4279252842291077 | Elapsed time: 165.9860644340515
Epoch: 646 | Training loss: 1.4241121722691095 | Elapsed time: 165.88933801651
Epoch: 647 | Training loss: 1.4171088809397683 | Elapsed time: 166.73219966888428
Epoch: 648 | Training loss: 1.417700379642088 | Elapsed time: 166.79351377487183
Epoch: 649 | Training loss: 1.4172438952460218 | Elapsed time: 165.65072512626648
Epoch: 650 | Training loss: 1.4191606720881675 | Elapsed time: 165.9033215045929
Saving model to: /scratch/eo41/visual-recognition-memory/gpt_finetuned_models/imagenet10_gimel_konkle_iid_650.pt
Epoch: 651 | Training loss: 1.4136341009567033 | Elapsed time: 165.9553337097168
Epoch: 652 | Training loss: 1.40988953611744 | Elapsed time: 165.47722387313843
Epoch: 653 | Training loss: 1.414362878941778 | Elapsed time: 165.7178978919983
Epoch: 654 | Training loss: 1.4158011052145887 | Elapsed time: 165.88492798805237
Epoch: 655 | Training loss: 1.4146022138310903 | Elapsed time: 166.16154599189758
Epoch: 656 | Training loss: 1.4145414384443369 | Elapsed time: 165.99318313598633
Epoch: 657 | Training loss: 1.4186769207911705 | Elapsed time: 165.69716215133667
Epoch: 658 | Training loss: 1.4158309929406465 | Elapsed time: 166.65580248832703
Epoch: 659 | Training loss: 1.413312093535466 | Elapsed time: 165.57718920707703
Epoch: 660 | Training loss: 1.412947679633525 | Elapsed time: 166.87519717216492
Epoch: 661 | Training loss: 1.4065597662285192 | Elapsed time: 166.53815031051636
Epoch: 662 | Training loss: 1.4092365894744645 | Elapsed time: 167.30901265144348
Epoch: 663 | Training loss: 1.4125405781304659 | Elapsed time: 166.9620282649994
Epoch: 664 | Training loss: 1.4087393550730463 | Elapsed time: 166.59337186813354
Epoch: 665 | Training loss: 1.4065545281367515 | Elapsed time: 165.85232996940613
Epoch: 666 | Training loss: 1.4069588433450728 | Elapsed time: 166.8707823753357
Epoch: 667 | Training loss: 1.4047697213158679 | Elapsed time: 167.42779803276062
Epoch: 668 | Training loss: 1.4021225882999933 | Elapsed time: 165.98497676849365
Epoch: 669 | Training loss: 1.4079155050106902 | Elapsed time: 166.9429304599762
Epoch: 670 | Training loss: 1.4067895394652636 | Elapsed time: 166.6951596736908
Epoch: 671 | Training loss: 1.4081944938915878 | Elapsed time: 166.08662247657776
Epoch: 672 | Training loss: 1.407710061144473 | Elapsed time: 166.1906909942627
Epoch: 673 | Training loss: 1.4019079884486412 | Elapsed time: 167.9148304462433
Epoch: 674 | Training loss: 1.402841859789037 | Elapsed time: 167.02435994148254
Epoch: 675 | Training loss: 1.40538149627287 | Elapsed time: 167.36296033859253
Epoch: 676 | Training loss: 1.4006861732966864 | Elapsed time: 167.30718445777893
Epoch: 677 | Training loss: 1.3983470290454465 | Elapsed time: 167.42151641845703
Epoch: 678 | Training loss: 1.4004879051180028 | Elapsed time: 167.3938307762146
Epoch: 679 | Training loss: 1.3997259086637355 | Elapsed time: 166.89145231246948
Epoch: 680 | Training loss: 1.39822694614752 | Elapsed time: 166.45795011520386
Epoch: 681 | Training loss: 1.393178733427133 | Elapsed time: 166.47868728637695
Epoch: 682 | Training loss: 1.4003732684832901 | Elapsed time: 165.9360113143921
Epoch: 683 | Training loss: 1.3981353880754157 | Elapsed time: 165.91167163848877
Epoch: 684 | Training loss: 1.3901899270157316 | Elapsed time: 165.57157921791077
Epoch: 685 | Training loss: 1.3988246472913828 | Elapsed time: 166.03513550758362
Epoch: 686 | Training loss: 1.3955677267330795 | Elapsed time: 166.61756563186646
Epoch: 687 | Training loss: 1.395202859124141 | Elapsed time: 166.83333015441895
Epoch: 688 | Training loss: 1.3972453786366021 | Elapsed time: 165.76463437080383
Epoch: 689 | Training loss: 1.392109470580941 | Elapsed time: 166.09786367416382
Epoch: 690 | Training loss: 1.3933783271419469 | Elapsed time: 167.27838516235352
Epoch: 691 | Training loss: 1.3891449561759608 | Elapsed time: 167.04100966453552
Epoch: 692 | Training loss: 1.3874767235855558 | Elapsed time: 167.07909846305847
Epoch: 693 | Training loss: 1.3912276154133811 | Elapsed time: 167.06114149093628
Epoch: 694 | Training loss: 1.3873993016001005 | Elapsed time: 165.93555355072021
Epoch: 695 | Training loss: 1.3811358658235464 | Elapsed time: 167.5185112953186
Epoch: 696 | Training loss: 1.3903211177285038 | Elapsed time: 166.895987033844
Epoch: 697 | Training loss: 1.3850411247851244 | Elapsed time: 166.28518867492676
Epoch: 698 | Training loss: 1.3899635183277415 | Elapsed time: 166.32099390029907
Epoch: 699 | Training loss: 1.3857105507779477 | Elapsed time: 166.13270044326782
Epoch: 700 | Training loss: 1.3840966313632566 | Elapsed time: 166.56480741500854
Saving model to: /scratch/eo41/visual-recognition-memory/gpt_finetuned_models/imagenet10_gimel_konkle_iid_700.pt
Epoch: 701 | Training loss: 1.392402422961904 | Elapsed time: 167.3327374458313
Epoch: 702 | Training loss: 1.3818315249770434 | Elapsed time: 166.643705368042
Epoch: 703 | Training loss: 1.3818992216195634 | Elapsed time: 166.4026277065277
Epoch: 704 | Training loss: 1.389629073997042 | Elapsed time: 166.05879831314087
Epoch: 705 | Training loss: 1.383758238892057 | Elapsed time: 167.2126407623291
Epoch: 706 | Training loss: 1.380317182683233 | Elapsed time: 166.43046832084656
Epoch: 707 | Training loss: 1.3852167307440915 | Elapsed time: 166.14262127876282
Epoch: 708 | Training loss: 1.3764049206207047 | Elapsed time: 167.22287154197693
Epoch: 709 | Training loss: 1.3843025840930085 | Elapsed time: 166.1725459098816
Epoch: 710 | Training loss: 1.3794492127290412 | Elapsed time: 166.7759404182434
Epoch: 711 | Training loss: 1.3817792436969814 | Elapsed time: 166.6198890209198
Epoch: 712 | Training loss: 1.3805123122770395 | Elapsed time: 166.5314280986786
Epoch: 713 | Training loss: 1.3808277382779477 | Elapsed time: 165.7431526184082
Epoch: 714 | Training loss: 1.3734312751399937 | Elapsed time: 165.67616152763367
Epoch: 715 | Training loss: 1.3777921520062346 | Elapsed time: 166.001323223114
Epoch: 716 | Training loss: 1.3777782650136237 | Elapsed time: 165.91880559921265
Epoch: 717 | Training loss: 1.3765596329276242 | Elapsed time: 165.89479994773865
Epoch: 718 | Training loss: 1.3750876579711686 | Elapsed time: 165.59922003746033
Epoch: 719 | Training loss: 1.3792871201216286 | Elapsed time: 165.96081471443176
Epoch: 720 | Training loss: 1.3730980122267311 | Elapsed time: 165.55079460144043
Epoch: 721 | Training loss: 1.3769104907761758 | Elapsed time: 165.8074038028717
Epoch: 722 | Training loss: 1.3760424443145296 | Elapsed time: 165.72587871551514
Epoch: 723 | Training loss: 1.3735773065196935 | Elapsed time: 166.13276267051697
Epoch: 724 | Training loss: 1.372987917999723 | Elapsed time: 165.50583267211914
Epoch: 725 | Training loss: 1.3715906285527926 | Elapsed time: 166.11212754249573
Epoch: 726 | Training loss: 1.370920346744025 | Elapsed time: 167.29582905769348
Epoch: 727 | Training loss: 1.3722396750948322 | Elapsed time: 166.43290400505066
Epoch: 728 | Training loss: 1.3709126444005255 | Elapsed time: 165.4303493499756
Epoch: 729 | Training loss: 1.3720301994636876 | Elapsed time: 165.65981769561768
Epoch: 730 | Training loss: 1.373519123490177 | Elapsed time: 166.21343302726746
Epoch: 731 | Training loss: 1.3697727776285429 | Elapsed time: 166.0032114982605
Epoch: 732 | Training loss: 1.3671785059259898 | Elapsed time: 165.5912857055664
Epoch: 733 | Training loss: 1.3718836716751555 | Elapsed time: 165.52093815803528
Epoch: 734 | Training loss: 1.3659700955917586 | Elapsed time: 165.72659277915955
Epoch: 735 | Training loss: 1.3694154291010614 | Elapsed time: 165.4729974269867
Epoch: 736 | Training loss: 1.3647756131727304 | Elapsed time: 165.52020454406738
Epoch: 737 | Training loss: 1.3707858893408704 | Elapsed time: 165.49263286590576
Epoch: 738 | Training loss: 1.3651938029189608 | Elapsed time: 165.84913086891174
Epoch: 739 | Training loss: 1.3602426870545345 | Elapsed time: 165.5698344707489
Epoch: 740 | Training loss: 1.3635131903548738 | Elapsed time: 165.99675035476685
Epoch: 741 | Training loss: 1.3678452043390985 | Elapsed time: 166.90980410575867
Epoch: 742 | Training loss: 1.3647576303624396 | Elapsed time: 165.5000295639038
Epoch: 743 | Training loss: 1.3617873227418358 | Elapsed time: 166.02429747581482
Epoch: 744 | Training loss: 1.3620324028072073 | Elapsed time: 166.5142424106598
Epoch: 745 | Training loss: 1.3628943464649257 | Elapsed time: 165.976411819458
Epoch: 746 | Training loss: 1.3603379495108305 | Elapsed time: 166.17897844314575
Epoch: 747 | Training loss: 1.361683267266003 | Elapsed time: 166.02043843269348
Epoch: 748 | Training loss: 1.3619520183819442 | Elapsed time: 166.08773970603943
Epoch: 749 | Training loss: 1.3587112747021575 | Elapsed time: 166.069655418396
Epoch: 750 | Training loss: 1.3565025614268744 | Elapsed time: 166.98382425308228
Saving model to: /scratch/eo41/visual-recognition-memory/gpt_finetuned_models/imagenet10_gimel_konkle_iid_750.pt
Epoch: 751 | Training loss: 1.362674174024098 | Elapsed time: 166.1183922290802
Epoch: 752 | Training loss: 1.3548186216781388 | Elapsed time: 166.21179223060608
Epoch: 753 | Training loss: 1.3528778677556053 | Elapsed time: 165.4765248298645
Epoch: 754 | Training loss: 1.3486552274049217 | Elapsed time: 166.00488257408142
Epoch: 755 | Training loss: 1.3606798292985602 | Elapsed time: 165.7218587398529
Epoch: 756 | Training loss: 1.358409591575167 | Elapsed time: 165.5438630580902
Epoch: 757 | Training loss: 1.3547115859700674 | Elapsed time: 166.00418853759766
Epoch: 758 | Training loss: 1.354518242736361 | Elapsed time: 165.57089471817017
Epoch: 759 | Training loss: 1.351367905958375 | Elapsed time: 165.76173043251038
Epoch: 760 | Training loss: 1.3511789770268683 | Elapsed time: 165.69564127922058
Epoch: 761 | Training loss: 1.3568494675764398 | Elapsed time: 165.55051255226135
Epoch: 762 | Training loss: 1.3546566642932039 | Elapsed time: 166.01375794410706
Epoch: 763 | Training loss: 1.356507338694672 | Elapsed time: 165.75004076957703
Epoch: 764 | Training loss: 1.348943772600658 | Elapsed time: 165.99694657325745
Epoch: 765 | Training loss: 1.351029353355294 | Elapsed time: 166.05105447769165
Epoch: 766 | Training loss: 1.3531450993979155 | Elapsed time: 165.46246647834778
Epoch: 767 | Training loss: 1.3516594634127261 | Elapsed time: 165.6273636817932
Epoch: 768 | Training loss: 1.3543462806673192 | Elapsed time: 165.40161538124084
Epoch: 769 | Training loss: 1.3473039207173818 | Elapsed time: 165.7889277935028
Epoch: 770 | Training loss: 1.350118345289088 | Elapsed time: 165.867919921875
Epoch: 771 | Training loss: 1.3511214345248777 | Elapsed time: 165.83809232711792
Epoch: 772 | Training loss: 1.3415411159173767 | Elapsed time: 166.01786541938782
Epoch: 773 | Training loss: 1.3526195821477407 | Elapsed time: 165.65710926055908
Epoch: 774 | Training loss: 1.344737268205899 | Elapsed time: 165.520583152771
Epoch: 775 | Training loss: 1.3473803481059288 | Elapsed time: 165.55886554718018
Epoch: 776 | Training loss: 1.3477576010262788 | Elapsed time: 165.85981631278992
Epoch: 777 | Training loss: 1.3440432388391068 | Elapsed time: 166.0922167301178
Epoch: 778 | Training loss: 1.344816344887463 | Elapsed time: 165.79048109054565
Epoch: 779 | Training loss: 1.3475860143775371 | Elapsed time: 165.68299984931946
Epoch: 780 | Training loss: 1.3477376058920105 | Elapsed time: 165.50439286231995
Epoch: 781 | Training loss: 1.34540224431166 | Elapsed time: 165.53112983703613
Epoch: 782 | Training loss: 1.3449734609518478 | Elapsed time: 165.50765824317932
Epoch: 783 | Training loss: 1.3422212262651814 | Elapsed time: 165.4496796131134
Epoch: 784 | Training loss: 1.3379605225662687 | Elapsed time: 165.52351641654968
Epoch: 785 | Training loss: 1.341743983439545 | Elapsed time: 165.50308227539062
Epoch: 786 | Training loss: 1.3405020005667387 | Elapsed time: 165.6016457080841
Epoch: 787 | Training loss: 1.336625255755524 | Elapsed time: 165.47493648529053
Epoch: 788 | Training loss: 1.346150560165519 | Elapsed time: 165.78664088249207
Epoch: 789 | Training loss: 1.336307474036715 | Elapsed time: 165.60560250282288
Epoch: 790 | Training loss: 1.3383850588727353 | Elapsed time: 166.22047114372253
Epoch: 791 | Training loss: 1.3408184336192572 | Elapsed time: 165.53863644599915
Epoch: 792 | Training loss: 1.3383058718780974 | Elapsed time: 165.46287035942078
Epoch: 793 | Training loss: 1.3380193140969348 | Elapsed time: 165.81958436965942
Epoch: 794 | Training loss: 1.3399228889550736 | Elapsed time: 166.12754034996033
Epoch: 795 | Training loss: 1.3297483654164557 | Elapsed time: 165.49546241760254
Epoch: 796 | Training loss: 1.3386150189300081 | Elapsed time: 165.47273516654968
Epoch: 797 | Training loss: 1.3380647399532262 | Elapsed time: 165.8573033809662
Epoch: 798 | Training loss: 1.3371284346082317 | Elapsed time: 165.5329930782318
Epoch: 799 | Training loss: 1.3378162437410497 | Elapsed time: 166.02582836151123
Epoch: 800 | Training loss: 1.3306468778581761 | Elapsed time: 165.97622060775757
Saving model to: /scratch/eo41/visual-recognition-memory/gpt_finetuned_models/imagenet10_gimel_konkle_iid_800.pt
Epoch: 801 | Training loss: 1.3380516091389443 | Elapsed time: 166.14173460006714
Epoch: 802 | Training loss: 1.3310432789930657 | Elapsed time: 165.79042267799377
Epoch: 803 | Training loss: 1.335078894202389 | Elapsed time: 166.09101271629333
Epoch: 804 | Training loss: 1.3283126158500784 | Elapsed time: 165.92175221443176
Epoch: 805 | Training loss: 1.3357530778913356 | Elapsed time: 165.78546977043152
Epoch: 806 | Training loss: 1.3284307985163446 | Elapsed time: 165.94686555862427
Epoch: 807 | Training loss: 1.329323245518243 | Elapsed time: 165.7624168395996
Epoch: 808 | Training loss: 1.3304381761977921 | Elapsed time: 165.5924289226532
Epoch: 809 | Training loss: 1.3282361083955907 | Elapsed time: 166.07699918746948
Epoch: 810 | Training loss: 1.3268366927531228 | Elapsed time: 166.00119757652283
Epoch: 811 | Training loss: 1.3311125378110515 | Elapsed time: 165.80580735206604
Epoch: 812 | Training loss: 1.3256019834262223 | Elapsed time: 166.04364657402039
Epoch: 813 | Training loss: 1.3266562401358761 | Elapsed time: 166.25861382484436
Epoch: 814 | Training loss: 1.3272486106673282 | Elapsed time: 166.0629861354828
Epoch: 815 | Training loss: 1.3294557350784986 | Elapsed time: 165.57063841819763
Epoch: 816 | Training loss: 1.3240838637992518 | Elapsed time: 165.60665273666382
Epoch: 817 | Training loss: 1.3286589864474625 | Elapsed time: 165.888037443161
Epoch: 818 | Training loss: 1.3216575135045976 | Elapsed time: 165.85296201705933
Epoch: 819 | Training loss: 1.3260556263710135 | Elapsed time: 165.803786277771
Epoch: 820 | Training loss: 1.3275485430190812 | Elapsed time: 166.0155942440033
Epoch: 821 | Training loss: 1.3264416456222534 | Elapsed time: 165.96556639671326
Epoch: 822 | Training loss: 1.3285019077471834 | Elapsed time: 165.6814250946045
Epoch: 823 | Training loss: 1.3220932465880664 | Elapsed time: 165.37906908988953
Epoch: 824 | Training loss: 1.319414957245784 | Elapsed time: 165.7604582309723
Epoch: 825 | Training loss: 1.3223256388706948 | Elapsed time: 165.6731822490692
Epoch: 826 | Training loss: 1.3256278322703803 | Elapsed time: 165.8926420211792
Epoch: 827 | Training loss: 1.326260251785392 | Elapsed time: 166.03451776504517
Epoch: 828 | Training loss: 1.319683482397848 | Elapsed time: 165.58496236801147
Epoch: 829 | Training loss: 1.3240755280451988 | Elapsed time: 165.9216649532318
Epoch: 830 | Training loss: 1.3130040738120008 | Elapsed time: 165.82547807693481
Epoch: 831 | Training loss: 1.3189161962537623 | Elapsed time: 165.53245401382446
Epoch: 832 | Training loss: 1.3190169209864602 | Elapsed time: 165.50381135940552
Epoch: 833 | Training loss: 1.3206030557404702 | Elapsed time: 165.40955257415771
Epoch: 834 | Training loss: 1.3152612963719155 | Elapsed time: 166.18006372451782
Epoch: 835 | Training loss: 1.3226907466774556 | Elapsed time: 165.64325523376465
Epoch: 836 | Training loss: 1.3159607435340313 | Elapsed time: 166.12268328666687
Epoch: 837 | Training loss: 1.3205952252914657 | Elapsed time: 166.000563621521
Epoch: 838 | Training loss: 1.3217133710633462 | Elapsed time: 165.5537464618683
Epoch: 839 | Training loss: 1.3244615882190305 | Elapsed time: 165.58392643928528
Epoch: 840 | Training loss: 1.3194843210391145 | Elapsed time: 165.7033040523529
Epoch: 841 | Training loss: 1.3202840000835818 | Elapsed time: 165.7559175491333
Epoch: 842 | Training loss: 1.3083075738664884 | Elapsed time: 165.781751871109
Epoch: 843 | Training loss: 1.3175504901515904 | Elapsed time: 165.81805229187012
Epoch: 844 | Training loss: 1.315744174060537 | Elapsed time: 165.57609963417053
Epoch: 845 | Training loss: 1.3102375713746939 | Elapsed time: 165.62909173965454
Epoch: 846 | Training loss: 1.3104760931498969 | Elapsed time: 165.88484859466553
Epoch: 847 | Training loss: 1.3141302617628183 | Elapsed time: 165.4441819190979
Epoch: 848 | Training loss: 1.315657795365177 | Elapsed time: 165.32717394828796
Epoch: 849 | Training loss: 1.3131760607904464 | Elapsed time: 165.78879308700562
Epoch: 850 | Training loss: 1.3136050807895945 | Elapsed time: 165.41475772857666
Saving model to: /scratch/eo41/visual-recognition-memory/gpt_finetuned_models/imagenet10_gimel_konkle_iid_850.pt
Epoch: 851 | Training loss: 1.3138361279644184 | Elapsed time: 165.7490520477295
Epoch: 852 | Training loss: 1.310124786932077 | Elapsed time: 165.75311088562012
Epoch: 853 | Training loss: 1.3100643335883297 | Elapsed time: 165.35733914375305
Epoch: 854 | Training loss: 1.3128375170835809 | Elapsed time: 165.6027021408081
Epoch: 855 | Training loss: 1.3072159628369915 | Elapsed time: 165.4574978351593
Epoch: 856 | Training loss: 1.3105992007611402 | Elapsed time: 165.48407816886902
Epoch: 857 | Training loss: 1.3050868137558895 | Elapsed time: 165.88510155677795
Epoch: 858 | Training loss: 1.3107716859276615 | Elapsed time: 165.45999312400818
Epoch: 859 | Training loss: 1.3113709955073114 | Elapsed time: 165.87132215499878
Epoch: 860 | Training loss: 1.3108287836188701 | Elapsed time: 165.686621427536
Epoch: 861 | Training loss: 1.3060991337050254 | Elapsed time: 165.7083559036255
Epoch: 862 | Training loss: 1.3091238576974442 | Elapsed time: 165.8901469707489
Epoch: 863 | Training loss: 1.3036397055013855 | Elapsed time: 165.9447145462036
Epoch: 864 | Training loss: 1.3136771152268594 | Elapsed time: 165.53287267684937
Epoch: 865 | Training loss: 1.3045302896357294 | Elapsed time: 165.7111463546753
Epoch: 866 | Training loss: 1.3060519161509043 | Elapsed time: 165.73619985580444
Epoch: 867 | Training loss: 1.3028597653801761 | Elapsed time: 165.92103505134583
Epoch: 868 | Training loss: 1.310509694156362 | Elapsed time: 165.7898874282837
Epoch: 869 | Training loss: 1.30255380673195 | Elapsed time: 165.79330492019653
Epoch: 870 | Training loss: 1.3013061729829702 | Elapsed time: 165.53422331809998
Epoch: 871 | Training loss: 1.3041079400190667 | Elapsed time: 165.43625783920288
Epoch: 872 | Training loss: 1.2993604425174088 | Elapsed time: 165.43815159797668
Epoch: 873 | Training loss: 1.3054996764481956 | Elapsed time: 165.9126853942871
Epoch: 874 | Training loss: 1.3023683188566522 | Elapsed time: 165.66806030273438
Epoch: 875 | Training loss: 1.2963454741150586 | Elapsed time: 165.57742619514465
Epoch: 876 | Training loss: 1.3066283802487957 | Elapsed time: 165.85072588920593
Epoch: 877 | Training loss: 1.3077831784291054 | Elapsed time: 165.76428651809692
Epoch: 878 | Training loss: 1.2992872622475695 | Elapsed time: 165.47551345825195
Epoch: 879 | Training loss: 1.2985031177748496 | Elapsed time: 165.41373896598816
Epoch: 880 | Training loss: 1.3003886831340505 | Elapsed time: 165.90472960472107
Epoch: 881 | Training loss: 1.3029653901484475 | Elapsed time: 165.36185908317566
Epoch: 882 | Training loss: 1.2979810540355854 | Elapsed time: 165.87297892570496
Epoch: 883 | Training loss: 1.2939721737334977 | Elapsed time: 166.008780002594
Epoch: 884 | Training loss: 1.2982221966359153 | Elapsed time: 165.41113758087158
Epoch: 885 | Training loss: 1.299460740231756 | Elapsed time: 165.84064960479736
Epoch: 886 | Training loss: 1.30192814656158 | Elapsed time: 165.67413330078125
Epoch: 887 | Training loss: 1.2915783978220243 | Elapsed time: 165.61521935462952
Epoch: 888 | Training loss: 1.2994947131000347 | Elapsed time: 165.9643805027008
Epoch: 889 | Training loss: 1.2934094400548224 | Elapsed time: 166.0495729446411
Epoch: 890 | Training loss: 1.29487689929222 | Elapsed time: 165.99163675308228
Epoch: 891 | Training loss: 1.292191396898298 | Elapsed time: 165.62015986442566
Epoch: 892 | Training loss: 1.292998151992684 | Elapsed time: 165.3628625869751
Epoch: 893 | Training loss: 1.29710348506472 | Elapsed time: 165.83777117729187
Epoch: 894 | Training loss: 1.2963135189084865 | Elapsed time: 165.59062266349792
Epoch: 895 | Training loss: 1.2980517487027752 | Elapsed time: 165.6128215789795
Epoch: 896 | Training loss: 1.297308491237128 | Elapsed time: 166.01432752609253
Epoch: 897 | Training loss: 1.2941250623162113 | Elapsed time: 166.2257308959961
Epoch: 898 | Training loss: 1.2965928529625508 | Elapsed time: 165.86756873130798
Epoch: 899 | Training loss: 1.2951896795585973 | Elapsed time: 165.50161051750183
Epoch: 900 | Training loss: 1.2938543006555359 | Elapsed time: 165.6258692741394
Saving model to: /scratch/eo41/visual-recognition-memory/gpt_finetuned_models/imagenet10_gimel_konkle_iid_900.pt
Epoch: 901 | Training loss: 1.2935051259709829 | Elapsed time: 165.7424499988556
Epoch: 902 | Training loss: 1.2887357544543139 | Elapsed time: 165.6584451198578
Epoch: 903 | Training loss: 1.2908774881220575 | Elapsed time: 165.97911596298218
Epoch: 904 | Training loss: 1.2873660308211596 | Elapsed time: 165.71508479118347
Epoch: 905 | Training loss: 1.287879269514511 | Elapsed time: 165.4499454498291
Epoch: 906 | Training loss: 1.2931634241075658 | Elapsed time: 165.79837131500244
Epoch: 907 | Training loss: 1.2875256627353269 | Elapsed time: 165.8329315185547
Epoch: 908 | Training loss: 1.2887181737529698 | Elapsed time: 165.5216314792633
Epoch: 909 | Training loss: 1.2900644024806236 | Elapsed time: 165.7258837223053
Epoch: 910 | Training loss: 1.280561424013394 | Elapsed time: 166.01114153862
Epoch: 911 | Training loss: 1.2911782549388373 | Elapsed time: 165.7972822189331
Epoch: 912 | Training loss: 1.288586180601547 | Elapsed time: 165.5411515235901
Epoch: 913 | Training loss: 1.2881002248223148 | Elapsed time: 165.3306164741516
Epoch: 914 | Training loss: 1.2858527062544183 | Elapsed time: 165.56723165512085
Epoch: 915 | Training loss: 1.287525845997369 | Elapsed time: 165.8733823299408
Epoch: 916 | Training loss: 1.2899297974002895 | Elapsed time: 165.954359292984
Epoch: 917 | Training loss: 1.287096509292944 | Elapsed time: 165.71831226348877
Epoch: 918 | Training loss: 1.287760309318998 | Elapsed time: 165.57128143310547
Epoch: 919 | Training loss: 1.2848347158574347 | Elapsed time: 165.59967184066772
Epoch: 920 | Training loss: 1.2869290878523643 | Elapsed time: 165.84821701049805
Epoch: 921 | Training loss: 1.285689574569019 | Elapsed time: 165.55399823188782
Epoch: 922 | Training loss: 1.2852729203096076 | Elapsed time: 166.0853395462036
Epoch: 923 | Training loss: 1.2924521716672983 | Elapsed time: 165.3184459209442
Epoch: 924 | Training loss: 1.283224233940466 | Elapsed time: 165.3622591495514
Epoch: 925 | Training loss: 1.2823281643995599 | Elapsed time: 165.98512530326843
Epoch: 926 | Training loss: 1.2815178294680012 | Elapsed time: 165.6612753868103
Epoch: 927 | Training loss: 1.2751513274747934 | Elapsed time: 165.60032486915588
Epoch: 928 | Training loss: 1.2778886823511835 | Elapsed time: 166.13041472434998
Epoch: 929 | Training loss: 1.2804985224311032 | Elapsed time: 165.38718485832214
Epoch: 930 | Training loss: 1.2828883751114804 | Elapsed time: 165.7059736251831
Epoch: 931 | Training loss: 1.2788298859525082 | Elapsed time: 165.35748481750488
Epoch: 932 | Training loss: 1.2777619166160696 | Elapsed time: 165.6534550189972
Epoch: 933 | Training loss: 1.282829220615216 | Elapsed time: 165.43427395820618
Epoch: 934 | Training loss: 1.27920798757183 | Elapsed time: 165.41354823112488
Epoch: 935 | Training loss: 1.2787169823006017 | Elapsed time: 165.78601551055908
Epoch: 936 | Training loss: 1.2732638387537714 | Elapsed time: 165.74500107765198
Epoch: 937 | Training loss: 1.2802237539149042 | Elapsed time: 165.80611944198608
Epoch: 938 | Training loss: 1.2785995095523435 | Elapsed time: 166.0470564365387
Epoch: 939 | Training loss: 1.2803589941850348 | Elapsed time: 165.21784710884094
Epoch: 940 | Training loss: 1.274566234047733 | Elapsed time: 165.43648600578308
Epoch: 941 | Training loss: 1.274055141121594 | Elapsed time: 165.42163372039795
Epoch: 942 | Training loss: 1.2767211074259743 | Elapsed time: 165.43191385269165
Epoch: 943 | Training loss: 1.2756492397678432 | Elapsed time: 165.25932836532593
Epoch: 944 | Training loss: 1.277256673841334 | Elapsed time: 165.54075622558594
Epoch: 945 | Training loss: 1.274641919491896 | Elapsed time: 165.39679980278015
Epoch: 946 | Training loss: 1.2764530626695547 | Elapsed time: 165.13745045661926
Epoch: 947 | Training loss: 1.2728549544490986 | Elapsed time: 165.41616415977478
Epoch: 948 | Training loss: 1.2757384510182623 | Elapsed time: 165.41932010650635
Epoch: 949 | Training loss: 1.274463262130965 | Elapsed time: 165.32694125175476
Epoch: 950 | Training loss: 1.2760408600764488 | Elapsed time: 165.15402126312256
Saving model to: /scratch/eo41/visual-recognition-memory/gpt_finetuned_models/imagenet10_gimel_konkle_iid_950.pt
Epoch: 951 | Training loss: 1.2734743819307925 | Elapsed time: 165.44651317596436
Epoch: 952 | Training loss: 1.2774186330055124 | Elapsed time: 165.25016736984253
Epoch: 953 | Training loss: 1.2712322491318433 | Elapsed time: 165.310364484787
Epoch: 954 | Training loss: 1.272932725166207 | Elapsed time: 165.4732403755188
Epoch: 955 | Training loss: 1.27654302831906 | Elapsed time: 165.21340346336365
Epoch: 956 | Training loss: 1.2717800691946228 | Elapsed time: 165.439382314682
Epoch: 957 | Training loss: 1.275149466386482 | Elapsed time: 165.43583226203918
Epoch: 958 | Training loss: 1.2782125063796541 | Elapsed time: 165.53875064849854
Epoch: 959 | Training loss: 1.273914502627814 | Elapsed time: 165.54504561424255
Epoch: 960 | Training loss: 1.2718213992332346 | Elapsed time: 165.64289021492004
Epoch: 961 | Training loss: 1.2696856989789365 | Elapsed time: 166.02667760849
Epoch: 962 | Training loss: 1.2719213179687956 | Elapsed time: 165.79716682434082
Epoch: 963 | Training loss: 1.2744915805645842 | Elapsed time: 165.23504424095154
Epoch: 964 | Training loss: 1.2710606251189958 | Elapsed time: 165.3478982448578
Epoch: 965 | Training loss: 1.2710441190805009 | Elapsed time: 165.6351716518402
Epoch: 966 | Training loss: 1.2713604151312985 | Elapsed time: 165.51355910301208
Epoch: 967 | Training loss: 1.2633033190200578 | Elapsed time: 165.53466081619263
Epoch: 968 | Training loss: 1.2680546934924908 | Elapsed time: 165.34041619300842
Epoch: 969 | Training loss: 1.2650977604424776 | Elapsed time: 165.33337116241455
Epoch: 970 | Training loss: 1.269006375056594 | Elapsed time: 165.62710309028625
Epoch: 971 | Training loss: 1.2690798809279258 | Elapsed time: 165.4552891254425
Epoch: 972 | Training loss: 1.2674351948410718 | Elapsed time: 165.4314649105072
Epoch: 973 | Training loss: 1.26688223098641 | Elapsed time: 165.29535484313965
Epoch: 974 | Training loss: 1.2636007123918676 | Elapsed time: 165.55044722557068
Epoch: 975 | Training loss: 1.263469824150427 | Elapsed time: 165.41451787948608
Epoch: 976 | Training loss: 1.2640440197133307 | Elapsed time: 165.64956498146057
Epoch: 977 | Training loss: 1.2676749140468997 | Elapsed time: 165.4776918888092
Epoch: 978 | Training loss: 1.2643906091576191 | Elapsed time: 165.58755898475647
Epoch: 979 | Training loss: 1.265235007698856 | Elapsed time: 165.05239987373352
Epoch: 980 | Training loss: 1.2621548371528513 | Elapsed time: 165.51194190979004
Epoch: 981 | Training loss: 1.2645712094520456 | Elapsed time: 165.68191051483154
Epoch: 982 | Training loss: 1.26501640632971 | Elapsed time: 165.4886713027954
Epoch: 983 | Training loss: 1.262121739672191 | Elapsed time: 165.8163619041443
Epoch: 984 | Training loss: 1.2664730424311623 | Elapsed time: 165.89295768737793
Epoch: 985 | Training loss: 1.2599882777057476 | Elapsed time: 166.44116878509521
Epoch: 986 | Training loss: 1.2554314874891024 | Elapsed time: 166.0233883857727
Epoch: 987 | Training loss: 1.2619405362143445 | Elapsed time: 165.39037656784058
Epoch: 988 | Training loss: 1.263769379302637 | Elapsed time: 165.52009057998657
Epoch: 989 | Training loss: 1.26027434619505 | Elapsed time: 165.50920939445496
Epoch: 990 | Training loss: 1.2550316871102176 | Elapsed time: 165.30561470985413
Epoch: 991 | Training loss: 1.2606219782758115 | Elapsed time: 165.3727433681488
Epoch: 992 | Training loss: 1.2575571465848097 | Elapsed time: 165.37992072105408
Epoch: 993 | Training loss: 1.2616897341030746 | Elapsed time: 165.34341263771057
Epoch: 994 | Training loss: 1.2576510568163288 | Elapsed time: 165.2325894832611
Epoch: 995 | Training loss: 1.2604027381583827 | Elapsed time: 165.46584725379944
Epoch: 996 | Training loss: 1.2584033368238763 | Elapsed time: 165.3638060092926
Epoch: 997 | Training loss: 1.2576189877381965 | Elapsed time: 165.50468492507935
Epoch: 998 | Training loss: 1.2552524102267935 | Elapsed time: 165.48072814941406
Epoch: 999 | Training loss: 1.2601166945784839 | Elapsed time: 165.62103819847107
Done
