Namespace(batch_size=32, block_size=255, data_path='/vast/eo41/data/konkle_ood/vehicle_vs_nonvehicle/nonvehicle', dist_backend='nccl', dist_url='env://', epochs=1000, gpt_config='GPT_gimel', gpu=None, local_rank=-1, lr=0.0003, num_workers=16, optimizer='Adam', rank=-1, resume='/scratch/eo41/visual-recognition-memory/gpt_pretrained_models/imagenet_gimel.pt', save_dir='/scratch/eo41/visual-recognition-memory/gpt_finetuned_models', save_freq=100, save_prefix='imagenet100_gimel_konkle_nonvehicle', seed=0, subsample=1.0, vocab_size=16384, vqconfig_path='/scratch/eo41/visual-recognition-memory/vqgan_pretrained_models/imagenet_16x16_16384.yaml', vqmodel_path='/scratch/eo41/visual-recognition-memory/vqgan_pretrained_models/imagenet_16x16_16384.ckpt', world_size=-1)
model:
  base_learning_rate: 4.5e-06
  params:
    ddconfig:
      attn_resolutions:
      - 16
      ch: 128
      ch_mult:
      - 1
      - 1
      - 2
      - 2
      - 4
      double_z: false
      dropout: 0.0
      in_channels: 3
      num_res_blocks: 2
      out_ch: 3
      resolution: 256
      z_channels: 256
    embed_dim: 256
    lossconfig:
      params:
        codebook_weight: 1.0
        disc_conditional: false
        disc_in_channels: 3
        disc_num_layers: 2
        disc_start: 0
        disc_weight: 0.75
      target: vqloss.VQLPIPSWithDiscriminator
    monitor: val/rec_loss
    n_embed: 16384
  target: vqmodel.VQModel

Working with z of shape (1, 256, 16, 16) = 65536 dimensions.
loaded pretrained LPIPS loss from taming/modules/autoencoder/lpips/vgg.pth
VQLPIPSWithDiscriminator running with hinge loss.
Loaded VQ encoder.
Data loaded: dataset contains 4462 images, and takes 140 training iterations per epoch.
Number of parameters: 750659840
Running on 1 GPUs total
=> loaded model weights and optimizer state at checkpoint '/scratch/eo41/visual-recognition-memory/gpt_pretrained_models/imagenet_gimel.pt'
/scratch/eo41/miniconda3/lib/python3.7/site-packages/torch/nn/_reduction.py:42: UserWarning: size_average and reduce args will be deprecated, please use reduction='none' instead.
  warnings.warn(warning.format(ret))
Epoch: 0 | Training loss: 3.5504088044166564 | Elapsed time: 115.27275896072388
Saving model to: /scratch/eo41/visual-recognition-memory/gpt_finetuned_models/imagenet100_gimel_konkle_nonvehicle_0.pt
Epoch: 1 | Training loss: 3.481023757798331 | Elapsed time: 107.1202871799469
Epoch: 2 | Training loss: 3.4287209851401195 | Elapsed time: 107.28059315681458
Epoch: 3 | Training loss: 3.3841236659458707 | Elapsed time: 107.23921585083008
Epoch: 4 | Training loss: 3.3443717837333677 | Elapsed time: 107.21213173866272
Epoch: 5 | Training loss: 3.2986950874328613 | Elapsed time: 107.28806972503662
Epoch: 6 | Training loss: 3.265345871448517 | Elapsed time: 107.33302712440491
Epoch: 7 | Training loss: 3.2291507720947266 | Elapsed time: 107.07951545715332
Epoch: 8 | Training loss: 3.1987696869032725 | Elapsed time: 107.19758343696594
Epoch: 9 | Training loss: 3.1650936927114213 | Elapsed time: 107.1971709728241
Epoch: 10 | Training loss: 3.136730360984802 | Elapsed time: 107.3980987071991
Epoch: 11 | Training loss: 3.103993787084307 | Elapsed time: 107.30550909042358
Epoch: 12 | Training loss: 3.0782864144870214 | Elapsed time: 107.16170573234558
Epoch: 13 | Training loss: 3.046864722456251 | Elapsed time: 107.31081652641296
Epoch: 14 | Training loss: 3.021598882334573 | Elapsed time: 107.1836199760437
Epoch: 15 | Training loss: 3.0025226967675347 | Elapsed time: 107.17978692054749
Epoch: 16 | Training loss: 2.9741202899387904 | Elapsed time: 107.21837830543518
Epoch: 17 | Training loss: 2.954290429183415 | Elapsed time: 107.2500593662262
Epoch: 18 | Training loss: 2.9276405300412858 | Elapsed time: 107.25636959075928
Epoch: 19 | Training loss: 2.9083470157214575 | Elapsed time: 107.16844844818115
Epoch: 20 | Training loss: 2.888640878881727 | Elapsed time: 107.27161884307861
Epoch: 21 | Training loss: 2.86455386025565 | Elapsed time: 107.20647144317627
Epoch: 22 | Training loss: 2.847909242766244 | Elapsed time: 107.25772356987
Epoch: 23 | Training loss: 2.8277479205812726 | Elapsed time: 107.21440601348877
Epoch: 24 | Training loss: 2.812577017715999 | Elapsed time: 107.19957947731018
Epoch: 25 | Training loss: 2.7888426729610987 | Elapsed time: 107.23086905479431
Epoch: 26 | Training loss: 2.7757261071886337 | Elapsed time: 107.37666749954224
Epoch: 27 | Training loss: 2.75777542420796 | Elapsed time: 107.3318681716919
Epoch: 28 | Training loss: 2.741096074240548 | Elapsed time: 107.28700280189514
Epoch: 29 | Training loss: 2.726985607828413 | Elapsed time: 107.30208921432495
Epoch: 30 | Training loss: 2.7096076812062946 | Elapsed time: 107.1735188961029
Epoch: 31 | Training loss: 2.6949075835091727 | Elapsed time: 107.2382161617279
Epoch: 32 | Training loss: 2.6799146243504115 | Elapsed time: 107.27233862876892
Epoch: 33 | Training loss: 2.6693823150226046 | Elapsed time: 107.14699506759644
Epoch: 34 | Training loss: 2.657530200481415 | Elapsed time: 107.38108086585999
Epoch: 35 | Training loss: 2.6400508795465742 | Elapsed time: 107.37304663658142
Epoch: 36 | Training loss: 2.627958171708243 | Elapsed time: 107.29577898979187
Epoch: 37 | Training loss: 2.6102931533540996 | Elapsed time: 107.25771045684814
Epoch: 38 | Training loss: 2.599521165234702 | Elapsed time: 107.21336030960083
Epoch: 39 | Training loss: 2.5902321287563868 | Elapsed time: 107.20561027526855
Epoch: 40 | Training loss: 2.5758979950632366 | Elapsed time: 107.24352884292603
Epoch: 41 | Training loss: 2.567044600418636 | Elapsed time: 107.18175673484802
Epoch: 42 | Training loss: 2.551152968406677 | Elapsed time: 107.20126438140869
Epoch: 43 | Training loss: 2.5437333515712193 | Elapsed time: 107.40668797492981
Epoch: 44 | Training loss: 2.534344034535544 | Elapsed time: 107.14783811569214
Epoch: 45 | Training loss: 2.5188755324908665 | Elapsed time: 107.20013475418091
Epoch: 46 | Training loss: 2.5075054287910463 | Elapsed time: 107.38851475715637
Epoch: 47 | Training loss: 2.4998206513268606 | Elapsed time: 107.22218871116638
Epoch: 48 | Training loss: 2.489240789413452 | Elapsed time: 107.31946349143982
Epoch: 49 | Training loss: 2.4797047359602793 | Elapsed time: 107.18747544288635
Epoch: 50 | Training loss: 2.4729466029575895 | Elapsed time: 107.17290210723877
Epoch: 51 | Training loss: 2.46480769940785 | Elapsed time: 107.33810615539551
Epoch: 52 | Training loss: 2.4491856013025557 | Elapsed time: 107.32268238067627
Epoch: 53 | Training loss: 2.443662859712328 | Elapsed time: 107.28500699996948
Epoch: 54 | Training loss: 2.4333232964788163 | Elapsed time: 107.2880449295044
Epoch: 55 | Training loss: 2.421758437156677 | Elapsed time: 107.2952229976654
Epoch: 56 | Training loss: 2.4153333425521852 | Elapsed time: 107.24719142913818
Epoch: 57 | Training loss: 2.403069964476994 | Elapsed time: 107.16018486022949
Epoch: 58 | Training loss: 2.400368597677776 | Elapsed time: 107.28315591812134
Epoch: 59 | Training loss: 2.3884583217757087 | Elapsed time: 107.36872243881226
Epoch: 60 | Training loss: 2.380836829968861 | Elapsed time: 107.2160108089447
Epoch: 61 | Training loss: 2.3735745923859732 | Elapsed time: 107.20164203643799
Epoch: 62 | Training loss: 2.3673187945570264 | Elapsed time: 107.25967311859131
Epoch: 63 | Training loss: 2.3599859442029683 | Elapsed time: 107.25563073158264
Epoch: 64 | Training loss: 2.3508571113858903 | Elapsed time: 107.21670508384705
Epoch: 65 | Training loss: 2.3424427356038775 | Elapsed time: 107.24462461471558
Epoch: 66 | Training loss: 2.3364452498299735 | Elapsed time: 107.34755754470825
Epoch: 67 | Training loss: 2.3279845203672136 | Elapsed time: 107.2467315196991
Epoch: 68 | Training loss: 2.321762944970812 | Elapsed time: 107.27062916755676
Epoch: 69 | Training loss: 2.316432295526777 | Elapsed time: 107.28250169754028
Epoch: 70 | Training loss: 2.300106626749039 | Elapsed time: 107.21863746643066
Epoch: 71 | Training loss: 2.3024605674403054 | Elapsed time: 107.18458104133606
Epoch: 72 | Training loss: 2.294270616769791 | Elapsed time: 107.23637318611145
Epoch: 73 | Training loss: 2.2853554666042326 | Elapsed time: 107.31223940849304
Epoch: 74 | Training loss: 2.2808099584920067 | Elapsed time: 107.29081845283508
Epoch: 75 | Training loss: 2.2716365218162538 | Elapsed time: 107.23227524757385
Epoch: 76 | Training loss: 2.2654409561838422 | Elapsed time: 107.2704873085022
Epoch: 77 | Training loss: 2.2651409702641625 | Elapsed time: 107.21270275115967
Epoch: 78 | Training loss: 2.255340599162238 | Elapsed time: 107.23785495758057
Epoch: 79 | Training loss: 2.2534022893224446 | Elapsed time: 107.32849764823914
Epoch: 80 | Training loss: 2.242221564905984 | Elapsed time: 107.2223162651062
Epoch: 81 | Training loss: 2.2365889506680623 | Elapsed time: 107.22555184364319
Epoch: 82 | Training loss: 2.231533864566258 | Elapsed time: 107.30358004570007
Epoch: 83 | Training loss: 2.2272605538368224 | Elapsed time: 107.20103096961975
Epoch: 84 | Training loss: 2.2225435427256994 | Elapsed time: 107.22919368743896
Epoch: 85 | Training loss: 2.2120097160339354 | Elapsed time: 107.28121995925903
Epoch: 86 | Training loss: 2.2085047372749873 | Elapsed time: 107.19603967666626
Epoch: 87 | Training loss: 2.2068079786641257 | Elapsed time: 107.18660044670105
Epoch: 88 | Training loss: 2.197493530171258 | Elapsed time: 107.26719689369202
Epoch: 89 | Training loss: 2.195144269296101 | Elapsed time: 107.39060640335083
Epoch: 90 | Training loss: 2.1911619492939542 | Elapsed time: 107.25340676307678
Epoch: 91 | Training loss: 2.1849520981311796 | Elapsed time: 107.25173687934875
Epoch: 92 | Training loss: 2.1749819891793387 | Elapsed time: 107.32315492630005
Epoch: 93 | Training loss: 2.17160867197173 | Elapsed time: 107.19375920295715
Epoch: 94 | Training loss: 2.1691124754292623 | Elapsed time: 107.25978493690491
Epoch: 95 | Training loss: 2.1603524148464204 | Elapsed time: 107.22938513755798
Epoch: 96 | Training loss: 2.153687974384853 | Elapsed time: 107.27136015892029
Epoch: 97 | Training loss: 2.154430218253817 | Elapsed time: 107.34871864318848
Epoch: 98 | Training loss: 2.1459355447973523 | Elapsed time: 107.18434691429138
Epoch: 99 | Training loss: 2.1431340915816173 | Elapsed time: 107.2829532623291
Epoch: 100 | Training loss: 2.1374589213303157 | Elapsed time: 107.40719151496887
Saving model to: /scratch/eo41/visual-recognition-memory/gpt_finetuned_models/imagenet100_gimel_konkle_nonvehicle_100.pt
Epoch: 101 | Training loss: 2.1351189826216017 | Elapsed time: 107.2813823223114
Epoch: 102 | Training loss: 2.1299522953374046 | Elapsed time: 107.2158989906311
Epoch: 103 | Training loss: 2.122467915500913 | Elapsed time: 107.21878719329834
Epoch: 104 | Training loss: 2.1178491371018544 | Elapsed time: 107.24470567703247
Epoch: 105 | Training loss: 2.115115143571581 | Elapsed time: 107.15576648712158
Epoch: 106 | Training loss: 2.1112741862024578 | Elapsed time: 107.26887226104736
Epoch: 107 | Training loss: 2.1020584191594804 | Elapsed time: 107.20394039154053
Epoch: 108 | Training loss: 2.1019069356577735 | Elapsed time: 107.23250007629395
Epoch: 109 | Training loss: 2.096492390973227 | Elapsed time: 107.21251034736633
Epoch: 110 | Training loss: 2.091128865310124 | Elapsed time: 107.24582552909851
Epoch: 111 | Training loss: 2.0895174273422787 | Elapsed time: 107.17692470550537
Epoch: 112 | Training loss: 2.07965390256473 | Elapsed time: 107.20917987823486
Epoch: 113 | Training loss: 2.0792938223906927 | Elapsed time: 107.27047681808472
Epoch: 114 | Training loss: 2.073502301318305 | Elapsed time: 107.26364874839783
Epoch: 115 | Training loss: 2.072584015130997 | Elapsed time: 107.33182621002197
Epoch: 116 | Training loss: 2.0702346427100045 | Elapsed time: 107.32749891281128
Epoch: 117 | Training loss: 2.063783767393657 | Elapsed time: 107.38068222999573
Epoch: 118 | Training loss: 2.056426588126591 | Elapsed time: 107.40835452079773
Epoch: 119 | Training loss: 2.0543849400111607 | Elapsed time: 107.24863409996033
Epoch: 120 | Training loss: 2.049808876003538 | Elapsed time: 107.40278387069702
Epoch: 121 | Training loss: 2.047460526227951 | Elapsed time: 107.23448848724365
Epoch: 122 | Training loss: 2.043642887047359 | Elapsed time: 107.25792050361633
Epoch: 123 | Training loss: 2.038871249130794 | Elapsed time: 107.30299925804138
Epoch: 124 | Training loss: 2.034333851507732 | Elapsed time: 107.26326084136963
Epoch: 125 | Training loss: 2.0351661895002637 | Elapsed time: 107.32768535614014
Epoch: 126 | Training loss: 2.0281273433140345 | Elapsed time: 107.25938868522644
Epoch: 127 | Training loss: 2.0245457070214408 | Elapsed time: 107.25046014785767
Epoch: 128 | Training loss: 2.024148214714868 | Elapsed time: 107.20389223098755
Epoch: 129 | Training loss: 2.0191361546516418 | Elapsed time: 107.20530271530151
Epoch: 130 | Training loss: 2.014864274433681 | Elapsed time: 107.2284140586853
Epoch: 131 | Training loss: 2.01055286186082 | Elapsed time: 107.25927996635437
Epoch: 132 | Training loss: 2.006466714824949 | Elapsed time: 107.20335006713867
Epoch: 133 | Training loss: 2.0040688327380587 | Elapsed time: 107.19032740592957
Epoch: 134 | Training loss: 2.001642075606755 | Elapsed time: 107.28635811805725
Epoch: 135 | Training loss: 1.9964871542794365 | Elapsed time: 107.24453353881836
Epoch: 136 | Training loss: 1.9919730348246438 | Elapsed time: 107.25290989875793
Epoch: 137 | Training loss: 1.9960479250976018 | Elapsed time: 107.24953770637512
Epoch: 138 | Training loss: 1.98301351581301 | Elapsed time: 107.3137538433075
Epoch: 139 | Training loss: 1.985534998348781 | Elapsed time: 107.37141370773315
Epoch: 140 | Training loss: 1.9813037642410822 | Elapsed time: 107.39704012870789
Epoch: 141 | Training loss: 1.9793467351368494 | Elapsed time: 107.26008415222168
Epoch: 142 | Training loss: 1.9775031353746142 | Elapsed time: 107.26669311523438
Epoch: 143 | Training loss: 1.9714955866336823 | Elapsed time: 107.41504573822021
Epoch: 144 | Training loss: 1.9676829363618578 | Elapsed time: 107.28867554664612
Epoch: 145 | Training loss: 1.9690151563712528 | Elapsed time: 107.32784152030945
Epoch: 146 | Training loss: 1.9671663122517722 | Elapsed time: 107.45851397514343
Epoch: 147 | Training loss: 1.9589315942355565 | Elapsed time: 107.29172968864441
Epoch: 148 | Training loss: 1.9578185081481934 | Elapsed time: 107.18292212486267
Epoch: 149 | Training loss: 1.950712686777115 | Elapsed time: 107.22865986824036
Epoch: 150 | Training loss: 1.9516655581338065 | Elapsed time: 107.37879371643066
Epoch: 151 | Training loss: 1.9495337273393358 | Elapsed time: 107.42148947715759
Epoch: 152 | Training loss: 1.9455644752298082 | Elapsed time: 107.29125046730042
Epoch: 153 | Training loss: 1.9407816197190966 | Elapsed time: 107.37355542182922
Epoch: 154 | Training loss: 1.9333372942038944 | Elapsed time: 107.27475166320801
Epoch: 155 | Training loss: 1.9399410622460502 | Elapsed time: 107.39416790008545
Epoch: 156 | Training loss: 1.936110862663814 | Elapsed time: 107.40482115745544
Epoch: 157 | Training loss: 1.9318606887544905 | Elapsed time: 107.44416046142578
Epoch: 158 | Training loss: 1.9264094063213892 | Elapsed time: 107.2961642742157
Epoch: 159 | Training loss: 1.9258341039930071 | Elapsed time: 107.45476412773132
Epoch: 160 | Training loss: 1.9239684394427707 | Elapsed time: 107.38405203819275
Epoch: 161 | Training loss: 1.920302997316633 | Elapsed time: 107.5449891090393
Epoch: 162 | Training loss: 1.9164832830429077 | Elapsed time: 107.38677287101746
Epoch: 163 | Training loss: 1.9148795826094491 | Elapsed time: 107.28357267379761
Epoch: 164 | Training loss: 1.9096639028617315 | Elapsed time: 107.41273212432861
Epoch: 165 | Training loss: 1.907946357556752 | Elapsed time: 107.41573786735535
Epoch: 166 | Training loss: 1.9050569934504373 | Elapsed time: 107.29882621765137
Epoch: 167 | Training loss: 1.904034388916833 | Elapsed time: 107.33910131454468
Epoch: 168 | Training loss: 1.8971479569162641 | Elapsed time: 107.32813811302185
Epoch: 169 | Training loss: 1.90401828118733 | Elapsed time: 107.40115141868591
Epoch: 170 | Training loss: 1.8991460706506456 | Elapsed time: 107.4316132068634
Epoch: 171 | Training loss: 1.8968766680785587 | Elapsed time: 107.3758385181427
Epoch: 172 | Training loss: 1.8881991692951747 | Elapsed time: 107.45235300064087
Epoch: 173 | Training loss: 1.886132686478751 | Elapsed time: 107.31672954559326
Epoch: 174 | Training loss: 1.8833549082279206 | Elapsed time: 107.33349180221558
Epoch: 175 | Training loss: 1.8802010663918087 | Elapsed time: 107.43004894256592
Epoch: 176 | Training loss: 1.8770022775445665 | Elapsed time: 107.26948118209839
Epoch: 177 | Training loss: 1.8797449682440077 | Elapsed time: 107.2414481639862
Epoch: 178 | Training loss: 1.8756507226399013 | Elapsed time: 107.41710257530212
Epoch: 179 | Training loss: 1.87012728367533 | Elapsed time: 107.41960883140564
Epoch: 180 | Training loss: 1.867607708488192 | Elapsed time: 107.43318939208984
Epoch: 181 | Training loss: 1.8690574884414672 | Elapsed time: 107.25098729133606
Epoch: 182 | Training loss: 1.8660067711557662 | Elapsed time: 107.26194620132446
Epoch: 183 | Training loss: 1.864107744182859 | Elapsed time: 107.10918498039246
Epoch: 184 | Training loss: 1.859013763495854 | Elapsed time: 107.2273256778717
Epoch: 185 | Training loss: 1.8584560930728913 | Elapsed time: 107.3477954864502
Epoch: 186 | Training loss: 1.8540797863687788 | Elapsed time: 107.26298499107361
Epoch: 187 | Training loss: 1.8537772493703024 | Elapsed time: 107.25193786621094
Epoch: 188 | Training loss: 1.8491014182567596 | Elapsed time: 107.37640810012817
Epoch: 189 | Training loss: 1.8476537449019297 | Elapsed time: 107.23824834823608
Epoch: 190 | Training loss: 1.8476016300065177 | Elapsed time: 107.27727198600769
Epoch: 191 | Training loss: 1.8430380293301174 | Elapsed time: 107.3300552368164
Epoch: 192 | Training loss: 1.8472603184836252 | Elapsed time: 107.30501365661621
Epoch: 193 | Training loss: 1.8382879095418112 | Elapsed time: 107.19556450843811
Epoch: 194 | Training loss: 1.837234116452081 | Elapsed time: 107.25189518928528
Epoch: 195 | Training loss: 1.8377774775028228 | Elapsed time: 107.20500874519348
Epoch: 196 | Training loss: 1.8320204760347094 | Elapsed time: 107.11231684684753
Epoch: 197 | Training loss: 1.8341403492859432 | Elapsed time: 107.28771781921387
Epoch: 198 | Training loss: 1.8291333879743303 | Elapsed time: 107.28782367706299
Epoch: 199 | Training loss: 1.8305111961705345 | Elapsed time: 107.20704483985901
Epoch: 200 | Training loss: 1.8245204193251474 | Elapsed time: 107.27161693572998
Saving model to: /scratch/eo41/visual-recognition-memory/gpt_finetuned_models/imagenet100_gimel_konkle_nonvehicle_200.pt
Epoch: 201 | Training loss: 1.8230826369353703 | Elapsed time: 107.22090291976929
Epoch: 202 | Training loss: 1.8187279488359178 | Elapsed time: 107.17459774017334
Epoch: 203 | Training loss: 1.820575179372515 | Elapsed time: 107.20830845832825
Epoch: 204 | Training loss: 1.819847217627934 | Elapsed time: 107.4179060459137
Epoch: 205 | Training loss: 1.8153549637113298 | Elapsed time: 107.1925733089447
Epoch: 206 | Training loss: 1.814438213620867 | Elapsed time: 107.24263596534729
Epoch: 207 | Training loss: 1.8093803014074052 | Elapsed time: 107.27162909507751
Epoch: 208 | Training loss: 1.8077626347541809 | Elapsed time: 107.2086021900177
Epoch: 209 | Training loss: 1.8050338923931122 | Elapsed time: 107.20274353027344
Epoch: 210 | Training loss: 1.8063344512666974 | Elapsed time: 107.19039106369019
Epoch: 211 | Training loss: 1.8039126898561204 | Elapsed time: 107.27026176452637
Epoch: 212 | Training loss: 1.8006610793726785 | Elapsed time: 107.20986700057983
Epoch: 213 | Training loss: 1.8007125377655029 | Elapsed time: 107.40057253837585
Epoch: 214 | Training loss: 1.7984630065304892 | Elapsed time: 107.30083513259888
Epoch: 215 | Training loss: 1.7940190272671837 | Elapsed time: 107.20292377471924
Epoch: 216 | Training loss: 1.7924712870802197 | Elapsed time: 107.36688351631165
Epoch: 217 | Training loss: 1.7946582538740976 | Elapsed time: 107.28347539901733
Epoch: 218 | Training loss: 1.789351407119206 | Elapsed time: 107.24657702445984
Epoch: 219 | Training loss: 1.787872564792633 | Elapsed time: 107.30978560447693
Epoch: 220 | Training loss: 1.7857014213289533 | Elapsed time: 107.13389778137207
Epoch: 221 | Training loss: 1.7864279065813338 | Elapsed time: 107.23710322380066
Epoch: 222 | Training loss: 1.7801486253738403 | Elapsed time: 107.17513751983643
Epoch: 223 | Training loss: 1.7825994891779764 | Elapsed time: 107.22606682777405
Epoch: 224 | Training loss: 1.7762446216174534 | Elapsed time: 107.35852432250977
Epoch: 225 | Training loss: 1.7749889075756073 | Elapsed time: 107.3261501789093
Epoch: 226 | Training loss: 1.770612531048911 | Elapsed time: 107.34564161300659
Epoch: 227 | Training loss: 1.7756811729499271 | Elapsed time: 107.30059003829956
Epoch: 228 | Training loss: 1.7713779773030962 | Elapsed time: 107.16665029525757
Epoch: 229 | Training loss: 1.769557958841324 | Elapsed time: 107.2594268321991
Epoch: 230 | Training loss: 1.765327606030873 | Elapsed time: 107.29378819465637
Epoch: 231 | Training loss: 1.769273693220956 | Elapsed time: 107.21229314804077
Epoch: 232 | Training loss: 1.763441881963185 | Elapsed time: 107.27532243728638
Epoch: 233 | Training loss: 1.7619786032608578 | Elapsed time: 107.29835224151611
Epoch: 234 | Training loss: 1.758906556027276 | Elapsed time: 107.32160019874573
Epoch: 235 | Training loss: 1.7574374624661038 | Elapsed time: 107.21010518074036
Epoch: 236 | Training loss: 1.757375477893012 | Elapsed time: 107.17511296272278
Epoch: 237 | Training loss: 1.7560090073517391 | Elapsed time: 107.20860981941223
Epoch: 238 | Training loss: 1.7560259929725102 | Elapsed time: 107.20857310295105
Epoch: 239 | Training loss: 1.7512912818363735 | Elapsed time: 107.10997200012207
Epoch: 240 | Training loss: 1.7498526981898717 | Elapsed time: 107.1735303401947
Epoch: 241 | Training loss: 1.749910248177392 | Elapsed time: 107.27693796157837
Epoch: 242 | Training loss: 1.7437835540090287 | Elapsed time: 107.17224192619324
Epoch: 243 | Training loss: 1.745278994526182 | Elapsed time: 107.22994804382324
Epoch: 244 | Training loss: 1.7428572535514832 | Elapsed time: 107.31305074691772
Epoch: 245 | Training loss: 1.7410139713968549 | Elapsed time: 107.18554639816284
Epoch: 246 | Training loss: 1.7411863906042917 | Elapsed time: 107.24095225334167
Epoch: 247 | Training loss: 1.7408649776663099 | Elapsed time: 107.37671208381653
Epoch: 248 | Training loss: 1.7367720425128936 | Elapsed time: 107.25950884819031
Epoch: 249 | Training loss: 1.7336054146289825 | Elapsed time: 107.36178159713745
Epoch: 250 | Training loss: 1.7338565349578858 | Elapsed time: 107.21728563308716
Epoch: 251 | Training loss: 1.731371488741466 | Elapsed time: 107.21452021598816
Epoch: 252 | Training loss: 1.7307060411998203 | Elapsed time: 107.25606989860535
Epoch: 253 | Training loss: 1.732014924287796 | Elapsed time: 107.23453950881958
Epoch: 254 | Training loss: 1.725957807472774 | Elapsed time: 107.07479214668274
Epoch: 255 | Training loss: 1.7255443683692386 | Elapsed time: 107.34725737571716
Epoch: 256 | Training loss: 1.722917046717235 | Elapsed time: 107.08826851844788
Epoch: 257 | Training loss: 1.7209364184311458 | Elapsed time: 107.1995222568512
Epoch: 258 | Training loss: 1.7207830548286438 | Elapsed time: 107.23076152801514
Epoch: 259 | Training loss: 1.718217784166336 | Elapsed time: 107.25678563117981
Epoch: 260 | Training loss: 1.719737811599459 | Elapsed time: 107.21759843826294
Epoch: 261 | Training loss: 1.7163593522139957 | Elapsed time: 107.21791887283325
Epoch: 262 | Training loss: 1.7152245257581984 | Elapsed time: 107.39813828468323
Epoch: 263 | Training loss: 1.7130401364394596 | Elapsed time: 107.26556277275085
Epoch: 264 | Training loss: 1.711919718980789 | Elapsed time: 107.34047603607178
Epoch: 265 | Training loss: 1.7136868638651712 | Elapsed time: 107.23364639282227
Epoch: 266 | Training loss: 1.70956614954131 | Elapsed time: 107.23519921302795
Epoch: 267 | Training loss: 1.7062767156532832 | Elapsed time: 107.21713662147522
Epoch: 268 | Training loss: 1.7038392875875745 | Elapsed time: 107.19936609268188
Epoch: 269 | Training loss: 1.7070692752088819 | Elapsed time: 107.32160544395447
Epoch: 270 | Training loss: 1.7024861114365715 | Elapsed time: 107.19000840187073
Epoch: 271 | Training loss: 1.6998389754976546 | Elapsed time: 107.39511919021606
Epoch: 272 | Training loss: 1.7008773105485098 | Elapsed time: 107.21144580841064
Epoch: 273 | Training loss: 1.6985409455639975 | Elapsed time: 107.29624128341675
Epoch: 274 | Training loss: 1.695943421976907 | Elapsed time: 107.26082253456116
Epoch: 275 | Training loss: 1.6948959078107562 | Elapsed time: 107.31922316551208
Epoch: 276 | Training loss: 1.6928536994116647 | Elapsed time: 107.24990320205688
Epoch: 277 | Training loss: 1.6937672989709036 | Elapsed time: 107.23236799240112
Epoch: 278 | Training loss: 1.690649460894721 | Elapsed time: 107.26535034179688
Epoch: 279 | Training loss: 1.688782366684505 | Elapsed time: 107.3077700138092
Epoch: 280 | Training loss: 1.690015608923776 | Elapsed time: 107.23229503631592
Epoch: 281 | Training loss: 1.6891291686466763 | Elapsed time: 107.2327036857605
Epoch: 282 | Training loss: 1.6845182478427887 | Elapsed time: 107.24880814552307
Epoch: 283 | Training loss: 1.6863493144512176 | Elapsed time: 107.24427509307861
Epoch: 284 | Training loss: 1.6828956867967333 | Elapsed time: 107.49367260932922
Epoch: 285 | Training loss: 1.680292637859072 | Elapsed time: 107.45409178733826
Epoch: 286 | Training loss: 1.680571083511625 | Elapsed time: 107.50350165367126
Epoch: 287 | Training loss: 1.6806372037955692 | Elapsed time: 107.3533296585083
Epoch: 288 | Training loss: 1.6757055384772164 | Elapsed time: 107.28208684921265
Epoch: 289 | Training loss: 1.6759816816874913 | Elapsed time: 107.41359758377075
Epoch: 290 | Training loss: 1.6756745627948215 | Elapsed time: 107.53543663024902
Epoch: 291 | Training loss: 1.673491942031043 | Elapsed time: 107.46284317970276
Epoch: 292 | Training loss: 1.670272250686373 | Elapsed time: 107.44170212745667
Epoch: 293 | Training loss: 1.6723976135253906 | Elapsed time: 107.42131495475769
Epoch: 294 | Training loss: 1.6749825145517077 | Elapsed time: 107.3848237991333
Epoch: 295 | Training loss: 1.6685947912079948 | Elapsed time: 107.3195333480835
Epoch: 296 | Training loss: 1.6666380141462598 | Elapsed time: 107.40257406234741
Epoch: 297 | Training loss: 1.6651872328349522 | Elapsed time: 107.43648934364319
Epoch: 298 | Training loss: 1.6665673468794142 | Elapsed time: 107.39104962348938
Epoch: 299 | Training loss: 1.6656785896846227 | Elapsed time: 107.49594831466675
Epoch: 300 | Training loss: 1.6593715846538544 | Elapsed time: 107.45410442352295
Saving model to: /scratch/eo41/visual-recognition-memory/gpt_finetuned_models/imagenet100_gimel_konkle_nonvehicle_300.pt
Epoch: 301 | Training loss: 1.6588652372360229 | Elapsed time: 107.53316926956177
Epoch: 302 | Training loss: 1.659379175731114 | Elapsed time: 107.58808732032776
Epoch: 303 | Training loss: 1.6579868521009173 | Elapsed time: 107.39642310142517
Epoch: 304 | Training loss: 1.6576624146529606 | Elapsed time: 107.4350757598877
Epoch: 305 | Training loss: 1.654875898361206 | Elapsed time: 107.40557909011841
Epoch: 306 | Training loss: 1.6580313299383436 | Elapsed time: 107.40820026397705
Epoch: 307 | Training loss: 1.6547412863799504 | Elapsed time: 107.28950619697571
Epoch: 308 | Training loss: 1.6518334465367452 | Elapsed time: 107.3370475769043
Epoch: 309 | Training loss: 1.6470637210777828 | Elapsed time: 107.41576814651489
Epoch: 310 | Training loss: 1.6501113389219557 | Elapsed time: 107.27463984489441
Epoch: 311 | Training loss: 1.6442910833018167 | Elapsed time: 107.17566919326782
Epoch: 312 | Training loss: 1.6455304673739841 | Elapsed time: 107.39218163490295
Epoch: 313 | Training loss: 1.6453452050685882 | Elapsed time: 107.21365070343018
Epoch: 314 | Training loss: 1.645113000699452 | Elapsed time: 107.26920104026794
Epoch: 315 | Training loss: 1.6442393141133445 | Elapsed time: 107.35116672515869
Epoch: 316 | Training loss: 1.6408422436032977 | Elapsed time: 107.20931482315063
Epoch: 317 | Training loss: 1.6374119758605956 | Elapsed time: 107.1928346157074
Epoch: 318 | Training loss: 1.6348331800528935 | Elapsed time: 107.30338048934937
Epoch: 319 | Training loss: 1.642796038729804 | Elapsed time: 107.19676041603088
Epoch: 320 | Training loss: 1.636278633560453 | Elapsed time: 107.22579097747803
Epoch: 321 | Training loss: 1.6343002489634924 | Elapsed time: 107.38755440711975
Epoch: 322 | Training loss: 1.6347163345132556 | Elapsed time: 107.29685091972351
Epoch: 323 | Training loss: 1.638052658523832 | Elapsed time: 107.39054679870605
Epoch: 324 | Training loss: 1.6337629905768802 | Elapsed time: 107.28468179702759
Epoch: 325 | Training loss: 1.6336527611528124 | Elapsed time: 107.20920133590698
Epoch: 326 | Training loss: 1.6289545808519637 | Elapsed time: 107.17904305458069
Epoch: 327 | Training loss: 1.6259449422359467 | Elapsed time: 107.19094252586365
Epoch: 328 | Training loss: 1.6292968026229313 | Elapsed time: 107.0965507030487
Epoch: 329 | Training loss: 1.6255553577627455 | Elapsed time: 107.16541790962219
Epoch: 330 | Training loss: 1.62368141242436 | Elapsed time: 107.1879894733429
Epoch: 331 | Training loss: 1.6227429713521684 | Elapsed time: 107.24804258346558
Epoch: 332 | Training loss: 1.6228655542646135 | Elapsed time: 107.29231405258179
Epoch: 333 | Training loss: 1.6222535133361817 | Elapsed time: 107.22658896446228
Epoch: 334 | Training loss: 1.6233114583151682 | Elapsed time: 107.27718925476074
Epoch: 335 | Training loss: 1.621859551327569 | Elapsed time: 107.33471989631653
Epoch: 336 | Training loss: 1.6199901504176004 | Elapsed time: 107.26671004295349
Epoch: 337 | Training loss: 1.6215133896895817 | Elapsed time: 107.2688660621643
Epoch: 338 | Training loss: 1.6159586804253714 | Elapsed time: 107.15479707717896
Epoch: 339 | Training loss: 1.6119645629610335 | Elapsed time: 107.19503736495972
Epoch: 340 | Training loss: 1.6172942297799247 | Elapsed time: 107.19804644584656
Epoch: 341 | Training loss: 1.6098724731377192 | Elapsed time: 107.25097918510437
Epoch: 342 | Training loss: 1.612306261062622 | Elapsed time: 107.19754076004028
Epoch: 343 | Training loss: 1.6103636613913945 | Elapsed time: 107.21680426597595
Epoch: 344 | Training loss: 1.6131501640592303 | Elapsed time: 107.24235153198242
Epoch: 345 | Training loss: 1.6087139998163495 | Elapsed time: 107.2741367816925
Epoch: 346 | Training loss: 1.610345768077033 | Elapsed time: 107.21548795700073
Epoch: 347 | Training loss: 1.6040857579026904 | Elapsed time: 107.24113464355469
Epoch: 348 | Training loss: 1.6088755599090032 | Elapsed time: 107.2047381401062
Epoch: 349 | Training loss: 1.6066625245979853 | Elapsed time: 107.33797430992126
Epoch: 350 | Training loss: 1.6019637158938818 | Elapsed time: 107.23220348358154
Epoch: 351 | Training loss: 1.6026121182101114 | Elapsed time: 107.38358092308044
Epoch: 352 | Training loss: 1.602973542043141 | Elapsed time: 107.28501605987549
Epoch: 353 | Training loss: 1.5971183810915266 | Elapsed time: 107.21401500701904
Epoch: 354 | Training loss: 1.6032971918582917 | Elapsed time: 107.35791516304016
Epoch: 355 | Training loss: 1.5993231168815067 | Elapsed time: 107.26823353767395
Epoch: 356 | Training loss: 1.5981464283806937 | Elapsed time: 107.10346245765686
Epoch: 357 | Training loss: 1.5966340345995766 | Elapsed time: 107.31964612007141
Epoch: 358 | Training loss: 1.5978240064212255 | Elapsed time: 107.31890320777893
Epoch: 359 | Training loss: 1.5936283213751656 | Elapsed time: 107.21969604492188
Epoch: 360 | Training loss: 1.5944233468600681 | Elapsed time: 107.26491189002991
Epoch: 361 | Training loss: 1.5931706173079354 | Elapsed time: 107.20415186882019
Epoch: 362 | Training loss: 1.5930170817034586 | Elapsed time: 107.23376107215881
Epoch: 363 | Training loss: 1.590916691507612 | Elapsed time: 107.16862344741821
Epoch: 364 | Training loss: 1.5866904037339347 | Elapsed time: 107.37339353561401
Epoch: 365 | Training loss: 1.588430690765381 | Elapsed time: 107.27864933013916
Epoch: 366 | Training loss: 1.587555855512619 | Elapsed time: 107.23939418792725
Epoch: 367 | Training loss: 1.5846161655017308 | Elapsed time: 107.18599128723145
Epoch: 368 | Training loss: 1.5846427381038666 | Elapsed time: 107.20032572746277
Epoch: 369 | Training loss: 1.5856265681130546 | Elapsed time: 107.2591986656189
Epoch: 370 | Training loss: 1.585934398855482 | Elapsed time: 107.26065444946289
Epoch: 371 | Training loss: 1.5835881905896323 | Elapsed time: 107.1809024810791
Epoch: 372 | Training loss: 1.5810405688626425 | Elapsed time: 107.2416627407074
Epoch: 373 | Training loss: 1.5830736441271647 | Elapsed time: 107.21041297912598
Epoch: 374 | Training loss: 1.5792336208479745 | Elapsed time: 107.19814729690552
Epoch: 375 | Training loss: 1.5795858706746781 | Elapsed time: 107.22551989555359
Epoch: 376 | Training loss: 1.578179040125438 | Elapsed time: 107.20689034461975
Epoch: 377 | Training loss: 1.5814204931259155 | Elapsed time: 107.25656294822693
Epoch: 378 | Training loss: 1.5765790241105215 | Elapsed time: 107.1091103553772
Epoch: 379 | Training loss: 1.5744685062340327 | Elapsed time: 107.29286980628967
Epoch: 380 | Training loss: 1.575224620955331 | Elapsed time: 107.22133898735046
Epoch: 381 | Training loss: 1.5739678706441607 | Elapsed time: 107.33611965179443
Epoch: 382 | Training loss: 1.5718480093138558 | Elapsed time: 107.37285017967224
Epoch: 383 | Training loss: 1.571067714691162 | Elapsed time: 107.25444865226746
Epoch: 384 | Training loss: 1.573588433435985 | Elapsed time: 107.19964814186096
Epoch: 385 | Training loss: 1.5719102638108389 | Elapsed time: 107.23628211021423
Epoch: 386 | Training loss: 1.56608624288014 | Elapsed time: 107.21539688110352
Epoch: 387 | Training loss: 1.5651857248374395 | Elapsed time: 107.2198965549469
Epoch: 388 | Training loss: 1.562962578875678 | Elapsed time: 107.23381304740906
Epoch: 389 | Training loss: 1.5665887773036957 | Elapsed time: 107.41467642784119
Epoch: 390 | Training loss: 1.5638922078268869 | Elapsed time: 107.28146314620972
Epoch: 391 | Training loss: 1.5632852154118675 | Elapsed time: 107.27152156829834
Epoch: 392 | Training loss: 1.5630119485514504 | Elapsed time: 107.33653378486633
Epoch: 393 | Training loss: 1.5606881388596126 | Elapsed time: 107.20253300666809
Epoch: 394 | Training loss: 1.5627401896885462 | Elapsed time: 107.24032258987427
Epoch: 395 | Training loss: 1.5589062835489 | Elapsed time: 107.287100315094
Epoch: 396 | Training loss: 1.5588117667606898 | Elapsed time: 107.36095905303955
Epoch: 397 | Training loss: 1.5575696953705378 | Elapsed time: 107.22567915916443
Epoch: 398 | Training loss: 1.5540241241455077 | Elapsed time: 107.2684314250946
Epoch: 399 | Training loss: 1.5555420628615788 | Elapsed time: 107.20681357383728
Epoch: 400 | Training loss: 1.5558885480676379 | Elapsed time: 107.19139432907104
Saving model to: /scratch/eo41/visual-recognition-memory/gpt_finetuned_models/imagenet100_gimel_konkle_nonvehicle_400.pt
Epoch: 401 | Training loss: 1.5559481697423116 | Elapsed time: 107.20477032661438
Epoch: 402 | Training loss: 1.5513135577951158 | Elapsed time: 107.24058389663696
Epoch: 403 | Training loss: 1.5522371343203953 | Elapsed time: 107.32983541488647
Epoch: 404 | Training loss: 1.5515239306858608 | Elapsed time: 107.2618100643158
Epoch: 405 | Training loss: 1.5536062802587236 | Elapsed time: 107.24855995178223
Epoch: 406 | Training loss: 1.5478794830186027 | Elapsed time: 107.23567032814026
Epoch: 407 | Training loss: 1.5518862554005215 | Elapsed time: 107.26558637619019
Epoch: 408 | Training loss: 1.5438133639948708 | Elapsed time: 107.25501155853271
Epoch: 409 | Training loss: 1.5455457619258335 | Elapsed time: 107.18622183799744
Epoch: 410 | Training loss: 1.545377516746521 | Elapsed time: 107.1550817489624
Epoch: 411 | Training loss: 1.547048144681113 | Elapsed time: 107.26889777183533
Epoch: 412 | Training loss: 1.5442482590675355 | Elapsed time: 107.1546037197113
Epoch: 413 | Training loss: 1.5434625676700047 | Elapsed time: 107.24341821670532
Epoch: 414 | Training loss: 1.5399893632956914 | Elapsed time: 107.39618921279907
Epoch: 415 | Training loss: 1.541612924848284 | Elapsed time: 107.24126076698303
Epoch: 416 | Training loss: 1.5413873698030198 | Elapsed time: 107.28848385810852
Epoch: 417 | Training loss: 1.5412773839065006 | Elapsed time: 107.38358640670776
Epoch: 418 | Training loss: 1.5397207745483943 | Elapsed time: 107.32766008377075
Epoch: 419 | Training loss: 1.5364758014678954 | Elapsed time: 107.54012656211853
Epoch: 420 | Training loss: 1.5393266677856445 | Elapsed time: 107.38343667984009
Epoch: 421 | Training loss: 1.5380533286503384 | Elapsed time: 107.45652270317078
Epoch: 422 | Training loss: 1.5340951476778304 | Elapsed time: 107.41474771499634
Epoch: 423 | Training loss: 1.53616857613836 | Elapsed time: 107.56291365623474
Epoch: 424 | Training loss: 1.5344417938164303 | Elapsed time: 107.56611323356628
Epoch: 425 | Training loss: 1.5355105314935957 | Elapsed time: 107.42582869529724
Epoch: 426 | Training loss: 1.5318992623261043 | Elapsed time: 107.44898843765259
Epoch: 427 | Training loss: 1.5335836853299822 | Elapsed time: 107.43901181221008
Epoch: 428 | Training loss: 1.5297537003244672 | Elapsed time: 107.26789140701294
Epoch: 429 | Training loss: 1.5303203795637403 | Elapsed time: 107.38470983505249
Epoch: 430 | Training loss: 1.532872039931161 | Elapsed time: 107.42043995857239
Epoch: 431 | Training loss: 1.5274448164871761 | Elapsed time: 107.38511562347412
Epoch: 432 | Training loss: 1.5286228656768799 | Elapsed time: 107.54107165336609
Epoch: 433 | Training loss: 1.5281166740826198 | Elapsed time: 107.54587197303772
Epoch: 434 | Training loss: 1.5247128861291068 | Elapsed time: 107.52397084236145
Epoch: 435 | Training loss: 1.5242661476135253 | Elapsed time: 107.38498139381409
Epoch: 436 | Training loss: 1.5209278728280748 | Elapsed time: 107.30176854133606
Epoch: 437 | Training loss: 1.5235769058976854 | Elapsed time: 107.38651776313782
Epoch: 438 | Training loss: 1.5213075246129717 | Elapsed time: 107.39790320396423
Epoch: 439 | Training loss: 1.5243643156119755 | Elapsed time: 107.43462705612183
Epoch: 440 | Training loss: 1.5216103672981263 | Elapsed time: 107.44059228897095
Epoch: 441 | Training loss: 1.5184398242405484 | Elapsed time: 107.41297173500061
Epoch: 442 | Training loss: 1.5192449382373265 | Elapsed time: 107.4165587425232
Epoch: 443 | Training loss: 1.5199161674295152 | Elapsed time: 107.47476243972778
Epoch: 444 | Training loss: 1.5199436170714242 | Elapsed time: 107.39125347137451
Epoch: 445 | Training loss: 1.5198960985456194 | Elapsed time: 107.47796559333801
Epoch: 446 | Training loss: 1.5154220291546412 | Elapsed time: 107.28175711631775
Epoch: 447 | Training loss: 1.5154848686286382 | Elapsed time: 107.38088417053223
Epoch: 448 | Training loss: 1.5181265132767814 | Elapsed time: 107.18209767341614
Epoch: 449 | Training loss: 1.5132240448679244 | Elapsed time: 107.22291779518127
Epoch: 450 | Training loss: 1.5152978556496757 | Elapsed time: 107.28306651115417
Epoch: 451 | Training loss: 1.5149035811424256 | Elapsed time: 107.18549466133118
Epoch: 452 | Training loss: 1.5146967036383492 | Elapsed time: 107.22710108757019
Epoch: 453 | Training loss: 1.5111208924225399 | Elapsed time: 107.20620346069336
Epoch: 454 | Training loss: 1.5070931937013354 | Elapsed time: 107.21902513504028
Epoch: 455 | Training loss: 1.5137673088482448 | Elapsed time: 107.37860321998596
Epoch: 456 | Training loss: 1.5076888467584337 | Elapsed time: 107.24976372718811
Epoch: 457 | Training loss: 1.508894862447466 | Elapsed time: 107.29896998405457
Epoch: 458 | Training loss: 1.5093429011957986 | Elapsed time: 107.22706365585327
Epoch: 459 | Training loss: 1.507254662684032 | Elapsed time: 107.33102345466614
Epoch: 460 | Training loss: 1.5062186343329294 | Elapsed time: 107.2641236782074
Epoch: 461 | Training loss: 1.5058610609599523 | Elapsed time: 107.22933435440063
Epoch: 462 | Training loss: 1.5068266630172729 | Elapsed time: 107.23345446586609
Epoch: 463 | Training loss: 1.5022290783269066 | Elapsed time: 107.27813673019409
Epoch: 464 | Training loss: 1.5047364098685128 | Elapsed time: 107.23459839820862
Epoch: 465 | Training loss: 1.503830199582236 | Elapsed time: 107.20072627067566
Epoch: 466 | Training loss: 1.5028632913317 | Elapsed time: 107.22130918502808
Epoch: 467 | Training loss: 1.5037182978221348 | Elapsed time: 107.21274471282959
Epoch: 468 | Training loss: 1.5000623404979705 | Elapsed time: 107.18278479576111
Epoch: 469 | Training loss: 1.5015177037034715 | Elapsed time: 109.80869030952454
Epoch: 470 | Training loss: 1.4989528868879591 | Elapsed time: 107.11620426177979
Epoch: 471 | Training loss: 1.5013011642864773 | Elapsed time: 107.3247640132904
Epoch: 472 | Training loss: 1.497832019839968 | Elapsed time: 107.32477855682373
Epoch: 473 | Training loss: 1.4961727448872157 | Elapsed time: 107.2881293296814
Epoch: 474 | Training loss: 1.495673120873315 | Elapsed time: 107.23509240150452
Epoch: 475 | Training loss: 1.4946936096463885 | Elapsed time: 107.3603355884552
Epoch: 476 | Training loss: 1.4942400463989802 | Elapsed time: 107.2626941204071
Epoch: 477 | Training loss: 1.4912228345870973 | Elapsed time: 107.21940922737122
Epoch: 478 | Training loss: 1.4945211955479214 | Elapsed time: 107.276193857193
Epoch: 479 | Training loss: 1.4949548397745405 | Elapsed time: 107.2801992893219
Epoch: 480 | Training loss: 1.492877940620695 | Elapsed time: 107.24830055236816
Epoch: 481 | Training loss: 1.4897626723561967 | Elapsed time: 107.27128148078918
Epoch: 482 | Training loss: 1.4893920872892652 | Elapsed time: 107.2039647102356
Epoch: 483 | Training loss: 1.49150898371424 | Elapsed time: 107.23913931846619
Epoch: 484 | Training loss: 1.4918017268180848 | Elapsed time: 107.22953677177429
Epoch: 485 | Training loss: 1.4891841667039054 | Elapsed time: 107.21450161933899
Epoch: 486 | Training loss: 1.4860961701188768 | Elapsed time: 107.29385924339294
Epoch: 487 | Training loss: 1.48687595810209 | Elapsed time: 107.30114412307739
Epoch: 488 | Training loss: 1.4879617205687932 | Elapsed time: 107.24910116195679
Epoch: 489 | Training loss: 1.4872379217829024 | Elapsed time: 107.26639294624329
Epoch: 490 | Training loss: 1.4861219355038233 | Elapsed time: 107.36952352523804
Epoch: 491 | Training loss: 1.4855644813605717 | Elapsed time: 107.30421257019043
Epoch: 492 | Training loss: 1.4829149101461683 | Elapsed time: 107.41620659828186
Epoch: 493 | Training loss: 1.4851671218872071 | Elapsed time: 107.3538465499878
Epoch: 494 | Training loss: 1.4801079843725478 | Elapsed time: 107.29906511306763
Epoch: 495 | Training loss: 1.4849795367036547 | Elapsed time: 107.34550166130066
Epoch: 496 | Training loss: 1.4814455449581145 | Elapsed time: 107.31639981269836
Epoch: 497 | Training loss: 1.4793533410344806 | Elapsed time: 107.37539339065552
Epoch: 498 | Training loss: 1.4788529685565404 | Elapsed time: 107.39662528038025
Epoch: 499 | Training loss: 1.4779840511935098 | Elapsed time: 107.1110475063324
Epoch: 500 | Training loss: 1.4788358603205 | Elapsed time: 107.16335344314575
Saving model to: /scratch/eo41/visual-recognition-memory/gpt_finetuned_models/imagenet100_gimel_konkle_nonvehicle_500.pt
Epoch: 501 | Training loss: 1.4800447685377938 | Elapsed time: 107.18763470649719
Epoch: 502 | Training loss: 1.4778588329042708 | Elapsed time: 107.40614485740662
Epoch: 503 | Training loss: 1.476753169298172 | Elapsed time: 107.18456244468689
Epoch: 504 | Training loss: 1.4775962616716112 | Elapsed time: 107.39235615730286
Epoch: 505 | Training loss: 1.475301217181342 | Elapsed time: 107.24418950080872
Epoch: 506 | Training loss: 1.473431908232825 | Elapsed time: 107.38098788261414
Epoch: 507 | Training loss: 1.4744820765086584 | Elapsed time: 107.22474789619446
Epoch: 508 | Training loss: 1.4732280373573303 | Elapsed time: 107.2678656578064
Epoch: 509 | Training loss: 1.470010565859931 | Elapsed time: 107.16624617576599
Epoch: 510 | Training loss: 1.4698320252554757 | Elapsed time: 107.08530735969543
Epoch: 511 | Training loss: 1.471078372853143 | Elapsed time: 107.27202033996582
Epoch: 512 | Training loss: 1.4691595068999699 | Elapsed time: 107.16470742225647
Epoch: 513 | Training loss: 1.4693508063043867 | Elapsed time: 107.25051379203796
Epoch: 514 | Training loss: 1.4698615108217512 | Elapsed time: 107.38229441642761
Epoch: 515 | Training loss: 1.4677477061748505 | Elapsed time: 107.26298403739929
Epoch: 516 | Training loss: 1.4678380378655025 | Elapsed time: 107.42677021026611
Epoch: 517 | Training loss: 1.470096333537783 | Elapsed time: 107.36755514144897
Epoch: 518 | Training loss: 1.4670846862452371 | Elapsed time: 107.4211015701294
Epoch: 519 | Training loss: 1.4658320810113634 | Elapsed time: 107.28077006340027
Epoch: 520 | Training loss: 1.4656987598964146 | Elapsed time: 107.43489074707031
Epoch: 521 | Training loss: 1.4648697452885764 | Elapsed time: 107.31911873817444
Epoch: 522 | Training loss: 1.4653842619487218 | Elapsed time: 107.44593548774719
Epoch: 523 | Training loss: 1.4629101089068821 | Elapsed time: 107.40441751480103
Epoch: 524 | Training loss: 1.4593098895890373 | Elapsed time: 107.32894325256348
Epoch: 525 | Training loss: 1.4599005562918528 | Elapsed time: 107.31212282180786
Epoch: 526 | Training loss: 1.459287610224315 | Elapsed time: 107.36094546318054
Epoch: 527 | Training loss: 1.458825046675546 | Elapsed time: 107.33854222297668
Epoch: 528 | Training loss: 1.4601789942809513 | Elapsed time: 107.41062903404236
Epoch: 529 | Training loss: 1.4619444285120282 | Elapsed time: 107.41828727722168
Epoch: 530 | Training loss: 1.4611633837223053 | Elapsed time: 107.48521256446838
Epoch: 531 | Training loss: 1.4571555324963161 | Elapsed time: 107.37546730041504
Epoch: 532 | Training loss: 1.4599731070654733 | Elapsed time: 107.27016234397888
Epoch: 533 | Training loss: 1.4565581049237932 | Elapsed time: 107.37690329551697
Epoch: 534 | Training loss: 1.4550924752439771 | Elapsed time: 107.27023482322693
Epoch: 535 | Training loss: 1.4546986290386745 | Elapsed time: 107.3244640827179
Epoch: 536 | Training loss: 1.4504705420562198 | Elapsed time: 107.27325463294983
Epoch: 537 | Training loss: 1.4562981077602932 | Elapsed time: 107.29635572433472
Epoch: 538 | Training loss: 1.4522973997252329 | Elapsed time: 107.4072515964508
Epoch: 539 | Training loss: 1.4523144670895167 | Elapsed time: 107.36900806427002
Epoch: 540 | Training loss: 1.4521495657307761 | Elapsed time: 107.27401208877563
Epoch: 541 | Training loss: 1.4512902191707067 | Elapsed time: 107.25622463226318
Epoch: 542 | Training loss: 1.4500333496502467 | Elapsed time: 107.3920545578003
Epoch: 543 | Training loss: 1.4530037982123238 | Elapsed time: 107.39996600151062
Epoch: 544 | Training loss: 1.4519086931432996 | Elapsed time: 107.44032907485962
Epoch: 545 | Training loss: 1.4500002886567798 | Elapsed time: 107.42137336730957
Epoch: 546 | Training loss: 1.4514171174594335 | Elapsed time: 107.45139050483704
Epoch: 547 | Training loss: 1.4494496737207685 | Elapsed time: 107.41361665725708
Epoch: 548 | Training loss: 1.4471064422811781 | Elapsed time: 107.38542914390564
Epoch: 549 | Training loss: 1.4479003506047385 | Elapsed time: 107.2747917175293
Epoch: 550 | Training loss: 1.4439674479620797 | Elapsed time: 107.34289860725403
Epoch: 551 | Training loss: 1.4447686118738992 | Elapsed time: 107.3128113746643
Epoch: 552 | Training loss: 1.4468329940523421 | Elapsed time: 107.4595115184784
Epoch: 553 | Training loss: 1.4440932086535863 | Elapsed time: 107.39879536628723
Epoch: 554 | Training loss: 1.44243243932724 | Elapsed time: 107.37056517601013
Epoch: 555 | Training loss: 1.4415163508483342 | Elapsed time: 107.50460290908813
Epoch: 556 | Training loss: 1.4433525553771427 | Elapsed time: 107.35062265396118
Epoch: 557 | Training loss: 1.4427279685224805 | Elapsed time: 107.3013424873352
Epoch: 558 | Training loss: 1.4411464273929595 | Elapsed time: 107.33368158340454
Epoch: 559 | Training loss: 1.4432002076080868 | Elapsed time: 107.48498034477234
Epoch: 560 | Training loss: 1.4386465864522116 | Elapsed time: 107.41498708724976
Epoch: 561 | Training loss: 1.4355391221387046 | Elapsed time: 107.28028607368469
Epoch: 562 | Training loss: 1.4370317356927054 | Elapsed time: 107.24060225486755
Epoch: 563 | Training loss: 1.439375082084111 | Elapsed time: 107.25615310668945
Epoch: 564 | Training loss: 1.4396768944604057 | Elapsed time: 107.23703455924988
Epoch: 565 | Training loss: 1.436291685274669 | Elapsed time: 107.37176322937012
Epoch: 566 | Training loss: 1.4359855209078107 | Elapsed time: 107.27784299850464
Epoch: 567 | Training loss: 1.4356801211833954 | Elapsed time: 107.22154569625854
Epoch: 568 | Training loss: 1.4383240163326263 | Elapsed time: 107.20681762695312
Epoch: 569 | Training loss: 1.4350175670215062 | Elapsed time: 107.20726895332336
Epoch: 570 | Training loss: 1.4363976572241102 | Elapsed time: 107.20605683326721
Epoch: 571 | Training loss: 1.4327121938977923 | Elapsed time: 107.33109927177429
Epoch: 572 | Training loss: 1.4337471791676113 | Elapsed time: 107.40750241279602
Epoch: 573 | Training loss: 1.4303138392312187 | Elapsed time: 107.40462446212769
Epoch: 574 | Training loss: 1.4295595458575658 | Elapsed time: 107.34264874458313
Epoch: 575 | Training loss: 1.4337105631828309 | Elapsed time: 107.35773015022278
Epoch: 576 | Training loss: 1.4349917437349047 | Elapsed time: 107.40060925483704
Epoch: 577 | Training loss: 1.4319873332977295 | Elapsed time: 107.38355207443237
Epoch: 578 | Training loss: 1.4308076637131828 | Elapsed time: 107.3502607345581
Epoch: 579 | Training loss: 1.4274144990103586 | Elapsed time: 107.35993552207947
Epoch: 580 | Training loss: 1.4283993303775788 | Elapsed time: 107.40185976028442
Epoch: 581 | Training loss: 1.4249715881688254 | Elapsed time: 107.31163311004639
Epoch: 582 | Training loss: 1.4266731909343175 | Elapsed time: 107.37336444854736
Epoch: 583 | Training loss: 1.4274528511932918 | Elapsed time: 107.35196852684021
Epoch: 584 | Training loss: 1.4271733318056379 | Elapsed time: 107.24510478973389
Epoch: 585 | Training loss: 1.425215698991503 | Elapsed time: 107.39231061935425
Epoch: 586 | Training loss: 1.428538293497903 | Elapsed time: 107.45472502708435
Epoch: 587 | Training loss: 1.4263609877654484 | Elapsed time: 107.2854106426239
Epoch: 588 | Training loss: 1.424578184740884 | Elapsed time: 107.36581206321716
Epoch: 589 | Training loss: 1.4257044383457729 | Elapsed time: 107.26016211509705
Epoch: 590 | Training loss: 1.4229646291051592 | Elapsed time: 107.40043091773987
Epoch: 591 | Training loss: 1.4217044694083079 | Elapsed time: 107.40386319160461
Epoch: 592 | Training loss: 1.422312045097351 | Elapsed time: 107.3095486164093
Epoch: 593 | Training loss: 1.4213815365518843 | Elapsed time: 107.48723363876343
Epoch: 594 | Training loss: 1.4215394062655313 | Elapsed time: 107.41236853599548
Epoch: 595 | Training loss: 1.4200193166732789 | Elapsed time: 107.37311458587646
Epoch: 596 | Training loss: 1.41811369402068 | Elapsed time: 107.37255334854126
Epoch: 597 | Training loss: 1.421943998336792 | Elapsed time: 107.38546538352966
Epoch: 598 | Training loss: 1.4194046122687203 | Elapsed time: 107.37798881530762
Epoch: 599 | Training loss: 1.422369589124407 | Elapsed time: 107.28134775161743
Epoch: 600 | Training loss: 1.4187647666249956 | Elapsed time: 107.26460027694702
Saving model to: /scratch/eo41/visual-recognition-memory/gpt_finetuned_models/imagenet100_gimel_konkle_nonvehicle_600.pt
Epoch: 601 | Training loss: 1.4160081854888371 | Elapsed time: 107.26913523674011
Epoch: 602 | Training loss: 1.4171028111662183 | Elapsed time: 107.39501857757568
Epoch: 603 | Training loss: 1.4168499921049391 | Elapsed time: 107.28356504440308
Epoch: 604 | Training loss: 1.4152014102254595 | Elapsed time: 107.46892976760864
Epoch: 605 | Training loss: 1.4162852764129639 | Elapsed time: 107.31889200210571
Epoch: 606 | Training loss: 1.4136271936552864 | Elapsed time: 107.33469891548157
Epoch: 607 | Training loss: 1.4166697246687754 | Elapsed time: 107.29690361022949
Epoch: 608 | Training loss: 1.4144225461142403 | Elapsed time: 107.43965578079224
Epoch: 609 | Training loss: 1.4108637494700296 | Elapsed time: 107.25249481201172
Epoch: 610 | Training loss: 1.4119572758674621 | Elapsed time: 107.52027797698975
Epoch: 611 | Training loss: 1.4132369680064065 | Elapsed time: 107.36133861541748
Epoch: 612 | Training loss: 1.4136863197599139 | Elapsed time: 107.40191531181335
Epoch: 613 | Training loss: 1.410713188137327 | Elapsed time: 107.37492680549622
Epoch: 614 | Training loss: 1.4128629062856948 | Elapsed time: 107.39061141014099
Epoch: 615 | Training loss: 1.4081599993365153 | Elapsed time: 107.41979575157166
Epoch: 616 | Training loss: 1.4114737348897117 | Elapsed time: 107.40074801445007
Epoch: 617 | Training loss: 1.4098275142056602 | Elapsed time: 107.35585165023804
Epoch: 618 | Training loss: 1.4123783554349627 | Elapsed time: 107.28888893127441
Epoch: 619 | Training loss: 1.412058367899486 | Elapsed time: 107.28807878494263
Epoch: 620 | Training loss: 1.4103639943259103 | Elapsed time: 107.24660158157349
Epoch: 621 | Training loss: 1.4079374892371042 | Elapsed time: 107.37746334075928
Epoch: 622 | Training loss: 1.4065472100462233 | Elapsed time: 107.26993799209595
Epoch: 623 | Training loss: 1.4087104039532798 | Elapsed time: 107.4126124382019
Epoch: 624 | Training loss: 1.4060047626495362 | Elapsed time: 107.25601124763489
Epoch: 625 | Training loss: 1.4030083869184766 | Elapsed time: 107.43547916412354
Epoch: 626 | Training loss: 1.40589970435415 | Elapsed time: 107.38863277435303
Epoch: 627 | Training loss: 1.4054796091147832 | Elapsed time: 107.45570206642151
Epoch: 628 | Training loss: 1.4074446746281215 | Elapsed time: 107.40892481803894
Epoch: 629 | Training loss: 1.4006944026265826 | Elapsed time: 107.24523639678955
Epoch: 630 | Training loss: 1.401703143971307 | Elapsed time: 107.35046744346619
Epoch: 631 | Training loss: 1.404983354466302 | Elapsed time: 107.3249945640564
Epoch: 632 | Training loss: 1.402640790598733 | Elapsed time: 107.33148241043091
Epoch: 633 | Training loss: 1.4003106134278434 | Elapsed time: 107.30540943145752
Epoch: 634 | Training loss: 1.3971350014209747 | Elapsed time: 107.38787984848022
Epoch: 635 | Training loss: 1.4021652715546744 | Elapsed time: 107.30411005020142
Epoch: 636 | Training loss: 1.400348057917186 | Elapsed time: 107.34715509414673
Epoch: 637 | Training loss: 1.4005685448646545 | Elapsed time: 107.43901109695435
Epoch: 638 | Training loss: 1.3980939882142203 | Elapsed time: 107.48987197875977
Epoch: 639 | Training loss: 1.401096304825374 | Elapsed time: 107.40925240516663
Epoch: 640 | Training loss: 1.3976601345198496 | Elapsed time: 107.3161780834198
Epoch: 641 | Training loss: 1.3982866193567003 | Elapsed time: 107.29657793045044
Epoch: 642 | Training loss: 1.397160654408591 | Elapsed time: 107.41818141937256
Epoch: 643 | Training loss: 1.394524245602744 | Elapsed time: 107.36425757408142
Epoch: 644 | Training loss: 1.3950476144041335 | Elapsed time: 107.3852174282074
Epoch: 645 | Training loss: 1.3969345441886356 | Elapsed time: 107.46993613243103
Epoch: 646 | Training loss: 1.3962036941732678 | Elapsed time: 107.30200600624084
Epoch: 647 | Training loss: 1.3938772227082934 | Elapsed time: 107.41504383087158
Epoch: 648 | Training loss: 1.3960049663271223 | Elapsed time: 107.40945076942444
Epoch: 649 | Training loss: 1.3907577889306204 | Elapsed time: 107.24676752090454
Epoch: 650 | Training loss: 1.3940019352095467 | Elapsed time: 107.3538236618042
Epoch: 651 | Training loss: 1.3930593490600587 | Elapsed time: 107.26376819610596
Epoch: 652 | Training loss: 1.3919705237661089 | Elapsed time: 107.211993932724
Epoch: 653 | Training loss: 1.3893821494919913 | Elapsed time: 107.21388220787048
Epoch: 654 | Training loss: 1.3923269178186144 | Elapsed time: 107.34810781478882
Epoch: 655 | Training loss: 1.3898311010428837 | Elapsed time: 107.41551756858826
Epoch: 656 | Training loss: 1.3910928768771036 | Elapsed time: 107.32426190376282
Epoch: 657 | Training loss: 1.3921222720827375 | Elapsed time: 107.31065678596497
Epoch: 658 | Training loss: 1.38673763019698 | Elapsed time: 107.36053991317749
Epoch: 659 | Training loss: 1.3914332483495986 | Elapsed time: 107.39103269577026
Epoch: 660 | Training loss: 1.3851837268897464 | Elapsed time: 107.35605883598328
Epoch: 661 | Training loss: 1.3885773071220944 | Elapsed time: 107.30499029159546
Epoch: 662 | Training loss: 1.386928037234715 | Elapsed time: 107.27631688117981
Epoch: 663 | Training loss: 1.3889852327959877 | Elapsed time: 107.34162187576294
Epoch: 664 | Training loss: 1.3845645018986292 | Elapsed time: 107.44737911224365
Epoch: 665 | Training loss: 1.3834689395768303 | Elapsed time: 107.34601664543152
Epoch: 666 | Training loss: 1.3860344512122018 | Elapsed time: 107.41046476364136
Epoch: 667 | Training loss: 1.3847286922591073 | Elapsed time: 107.41271734237671
Epoch: 668 | Training loss: 1.3852395849568504 | Elapsed time: 107.48348712921143
Epoch: 669 | Training loss: 1.3840883604117802 | Elapsed time: 107.3043737411499
Epoch: 670 | Training loss: 1.3844834532056536 | Elapsed time: 107.30234289169312
Epoch: 671 | Training loss: 1.3844020741326468 | Elapsed time: 107.36435151100159
Epoch: 672 | Training loss: 1.3838340307985033 | Elapsed time: 107.3634774684906
Epoch: 673 | Training loss: 1.3847793229988643 | Elapsed time: 107.45136761665344
Epoch: 674 | Training loss: 1.380229379449572 | Elapsed time: 107.37439203262329
Epoch: 675 | Training loss: 1.3799456545284816 | Elapsed time: 107.27236270904541
Epoch: 676 | Training loss: 1.3816573245184762 | Elapsed time: 107.37522435188293
Epoch: 677 | Training loss: 1.3773619949817657 | Elapsed time: 107.43050384521484
Epoch: 678 | Training loss: 1.3832124301365443 | Elapsed time: 107.38544702529907
Epoch: 679 | Training loss: 1.3826051465102605 | Elapsed time: 107.28152251243591
Epoch: 680 | Training loss: 1.3788178954805648 | Elapsed time: 107.35687756538391
Epoch: 681 | Training loss: 1.3786209072385516 | Elapsed time: 107.44311308860779
Epoch: 682 | Training loss: 1.3785472989082337 | Elapsed time: 107.46121716499329
Epoch: 683 | Training loss: 1.377233568259648 | Elapsed time: 107.37464118003845
Epoch: 684 | Training loss: 1.3795791770730699 | Elapsed time: 107.32051038742065
Epoch: 685 | Training loss: 1.3776710637978145 | Elapsed time: 107.3482015132904
Epoch: 686 | Training loss: 1.3739992107663836 | Elapsed time: 107.18081665039062
Epoch: 687 | Training loss: 1.3774295559951237 | Elapsed time: 107.33322286605835
Epoch: 688 | Training loss: 1.3740670953478131 | Elapsed time: 107.3662166595459
Epoch: 689 | Training loss: 1.3766768191541945 | Elapsed time: 107.44310569763184
Epoch: 690 | Training loss: 1.3758636023317063 | Elapsed time: 107.41657710075378
Epoch: 691 | Training loss: 1.3777454146317074 | Elapsed time: 107.34765934944153
Epoch: 692 | Training loss: 1.3737358910696846 | Elapsed time: 107.33962297439575
Epoch: 693 | Training loss: 1.3734611511230468 | Elapsed time: 107.25724196434021
Epoch: 694 | Training loss: 1.3765656845910208 | Elapsed time: 107.4142553806305
Epoch: 695 | Training loss: 1.373045333794185 | Elapsed time: 107.31017398834229
Epoch: 696 | Training loss: 1.371391020502363 | Elapsed time: 107.51449394226074
Epoch: 697 | Training loss: 1.3700320737702505 | Elapsed time: 107.4480242729187
Epoch: 698 | Training loss: 1.3712307631969451 | Elapsed time: 107.33600640296936
Epoch: 699 | Training loss: 1.370146530015128 | Elapsed time: 107.48015332221985
Epoch: 700 | Training loss: 1.372589546442032 | Elapsed time: 107.257395029068
Saving model to: /scratch/eo41/visual-recognition-memory/gpt_finetuned_models/imagenet100_gimel_konkle_nonvehicle_700.pt
Epoch: 701 | Training loss: 1.3709891063826425 | Elapsed time: 107.28663277626038
Epoch: 702 | Training loss: 1.3715747279780253 | Elapsed time: 107.32280087471008
Epoch: 703 | Training loss: 1.3685078476156507 | Elapsed time: 107.29314827919006
Epoch: 704 | Training loss: 1.3678160999502456 | Elapsed time: 107.37308382987976
Epoch: 705 | Training loss: 1.3672306682382311 | Elapsed time: 107.36354660987854
Epoch: 706 | Training loss: 1.3693114817142487 | Elapsed time: 107.4234848022461
Epoch: 707 | Training loss: 1.3683370351791382 | Elapsed time: 107.32293462753296
Epoch: 708 | Training loss: 1.36798780134746 | Elapsed time: 107.25398302078247
Epoch: 709 | Training loss: 1.3655860083443778 | Elapsed time: 107.44357514381409
Epoch: 710 | Training loss: 1.3667839799608503 | Elapsed time: 107.35926747322083
Epoch: 711 | Training loss: 1.366368683746883 | Elapsed time: 107.35282468795776
Epoch: 712 | Training loss: 1.3665705459458488 | Elapsed time: 107.34104466438293
Epoch: 713 | Training loss: 1.3670454050813403 | Elapsed time: 107.29137825965881
Epoch: 714 | Training loss: 1.365489342382976 | Elapsed time: 107.35172533988953
Epoch: 715 | Training loss: 1.3614178487232753 | Elapsed time: 107.25943636894226
Epoch: 716 | Training loss: 1.3639686839921135 | Elapsed time: 107.21251797676086
Epoch: 717 | Training loss: 1.3616087717669352 | Elapsed time: 107.23083543777466
Epoch: 718 | Training loss: 1.3658704970564162 | Elapsed time: 107.30715489387512
Epoch: 719 | Training loss: 1.3625114900725228 | Elapsed time: 107.2962429523468
Epoch: 720 | Training loss: 1.3610987101282392 | Elapsed time: 107.27587962150574
Epoch: 721 | Training loss: 1.365091871363776 | Elapsed time: 107.22339534759521
Epoch: 722 | Training loss: 1.3616418540477753 | Elapsed time: 107.26650929450989
Epoch: 723 | Training loss: 1.3618570830140795 | Elapsed time: 107.40834712982178
Epoch: 724 | Training loss: 1.3620083374636514 | Elapsed time: 107.36208868026733
Epoch: 725 | Training loss: 1.3574675594057355 | Elapsed time: 107.1724865436554
Epoch: 726 | Training loss: 1.3571654157979147 | Elapsed time: 107.2051351070404
Epoch: 727 | Training loss: 1.3548550954886844 | Elapsed time: 107.361980676651
Epoch: 728 | Training loss: 1.3573536200182779 | Elapsed time: 107.2151985168457
Epoch: 729 | Training loss: 1.361177829333714 | Elapsed time: 107.36326336860657
Epoch: 730 | Training loss: 1.3588684592928206 | Elapsed time: 107.40357303619385
Epoch: 731 | Training loss: 1.3566315046378545 | Elapsed time: 107.27609920501709
Epoch: 732 | Training loss: 1.3576922842434473 | Elapsed time: 107.22837805747986
Epoch: 733 | Training loss: 1.356371248619897 | Elapsed time: 107.36999845504761
Epoch: 734 | Training loss: 1.3580055696623665 | Elapsed time: 107.29007816314697
Epoch: 735 | Training loss: 1.355377217701503 | Elapsed time: 107.44104480743408
Epoch: 736 | Training loss: 1.3565304245267595 | Elapsed time: 107.45151710510254
Epoch: 737 | Training loss: 1.353559787784304 | Elapsed time: 107.31049799919128
Epoch: 738 | Training loss: 1.3514925573553358 | Elapsed time: 107.18963241577148
Epoch: 739 | Training loss: 1.3509759885924204 | Elapsed time: 107.39387202262878
Epoch: 740 | Training loss: 1.3500214278697968 | Elapsed time: 107.17481899261475
Epoch: 741 | Training loss: 1.3549731263092586 | Elapsed time: 107.21085667610168
Epoch: 742 | Training loss: 1.3534212572234017 | Elapsed time: 107.39580869674683
Epoch: 743 | Training loss: 1.3523461392947607 | Elapsed time: 107.26822781562805
Epoch: 744 | Training loss: 1.3551927728312356 | Elapsed time: 107.20154786109924
Epoch: 745 | Training loss: 1.349521313394819 | Elapsed time: 107.26073598861694
Epoch: 746 | Training loss: 1.3524620796952929 | Elapsed time: 107.25797247886658
Epoch: 747 | Training loss: 1.3522562061037335 | Elapsed time: 107.2191743850708
Epoch: 748 | Training loss: 1.3458867456231798 | Elapsed time: 107.36974453926086
Epoch: 749 | Training loss: 1.3524461729185921 | Elapsed time: 107.37609696388245
Epoch: 750 | Training loss: 1.3519225920949662 | Elapsed time: 107.29146933555603
Epoch: 751 | Training loss: 1.347421395778656 | Elapsed time: 107.3743417263031
Epoch: 752 | Training loss: 1.3489810960633415 | Elapsed time: 107.25805306434631
Epoch: 753 | Training loss: 1.3482005647250583 | Elapsed time: 107.23616433143616
Epoch: 754 | Training loss: 1.348545949799674 | Elapsed time: 107.23548460006714
Epoch: 755 | Training loss: 1.3464929393359593 | Elapsed time: 107.22056603431702
Epoch: 756 | Training loss: 1.3433309861591884 | Elapsed time: 107.36169099807739
Epoch: 757 | Training loss: 1.3466455280780791 | Elapsed time: 107.2257673740387
Epoch: 758 | Training loss: 1.3487365347998483 | Elapsed time: 107.22502064704895
Epoch: 759 | Training loss: 1.348362637417657 | Elapsed time: 107.23726916313171
Epoch: 760 | Training loss: 1.3439036863190787 | Elapsed time: 107.20494198799133
Epoch: 761 | Training loss: 1.342187158550535 | Elapsed time: 107.21851849555969
Epoch: 762 | Training loss: 1.34538693853787 | Elapsed time: 107.28958177566528
Epoch: 763 | Training loss: 1.343297164780753 | Elapsed time: 107.20421934127808
Epoch: 764 | Training loss: 1.345300886460713 | Elapsed time: 107.16083669662476
Epoch: 765 | Training loss: 1.3472643520150867 | Elapsed time: 107.20935845375061
Epoch: 766 | Training loss: 1.3437989286014012 | Elapsed time: 107.24502515792847
Epoch: 767 | Training loss: 1.3417147866317205 | Elapsed time: 107.41690015792847
Epoch: 768 | Training loss: 1.342480230331421 | Elapsed time: 107.26185750961304
Epoch: 769 | Training loss: 1.340032500880105 | Elapsed time: 107.23955035209656
Epoch: 770 | Training loss: 1.3409553817340305 | Elapsed time: 107.32373023033142
Epoch: 771 | Training loss: 1.3410222223826818 | Elapsed time: 107.2705466747284
Epoch: 772 | Training loss: 1.339250021321433 | Elapsed time: 107.20660448074341
Epoch: 773 | Training loss: 1.3408938876220158 | Elapsed time: 107.23992204666138
Epoch: 774 | Training loss: 1.3420342292104448 | Elapsed time: 107.20309782028198
Epoch: 775 | Training loss: 1.3403503264699663 | Elapsed time: 107.19654655456543
Epoch: 776 | Training loss: 1.3390816177640643 | Elapsed time: 107.38906264305115
Epoch: 777 | Training loss: 1.341306814977101 | Elapsed time: 107.31872367858887
Epoch: 778 | Training loss: 1.337988372359957 | Elapsed time: 107.22778630256653
Epoch: 779 | Training loss: 1.3363990119525364 | Elapsed time: 107.34330821037292
Epoch: 780 | Training loss: 1.3391716045992714 | Elapsed time: 107.22523927688599
Epoch: 781 | Training loss: 1.3375716856547764 | Elapsed time: 107.40543818473816
Epoch: 782 | Training loss: 1.3375015318393708 | Elapsed time: 107.32299041748047
Epoch: 783 | Training loss: 1.3372691699436732 | Elapsed time: 107.3489465713501
Epoch: 784 | Training loss: 1.3349050530365536 | Elapsed time: 107.27838683128357
Epoch: 785 | Training loss: 1.3363855872835433 | Elapsed time: 107.36146211624146
Epoch: 786 | Training loss: 1.335178896359035 | Elapsed time: 107.32241415977478
Epoch: 787 | Training loss: 1.3346853962966374 | Elapsed time: 107.31782793998718
Epoch: 788 | Training loss: 1.3358984623636518 | Elapsed time: 107.25834059715271
Epoch: 789 | Training loss: 1.337386907849993 | Elapsed time: 107.25098705291748
Epoch: 790 | Training loss: 1.3331320217677525 | Elapsed time: 107.2127673625946
Epoch: 791 | Training loss: 1.3325890575136456 | Elapsed time: 107.2457447052002
Epoch: 792 | Training loss: 1.3347028885568892 | Elapsed time: 107.24132323265076
Epoch: 793 | Training loss: 1.3298827869551522 | Elapsed time: 107.36340165138245
Epoch: 794 | Training loss: 1.3342900369848525 | Elapsed time: 107.26694655418396
Epoch: 795 | Training loss: 1.3307797866208213 | Elapsed time: 107.27039837837219
Epoch: 796 | Training loss: 1.3318941678319658 | Elapsed time: 107.34035134315491
Epoch: 797 | Training loss: 1.3319327056407928 | Elapsed time: 107.28192853927612
Epoch: 798 | Training loss: 1.335678950377873 | Elapsed time: 107.27859616279602
Epoch: 799 | Training loss: 1.3285751453467778 | Elapsed time: 107.34872484207153
Epoch: 800 | Training loss: 1.3313606568745204 | Elapsed time: 107.25062870979309
Saving model to: /scratch/eo41/visual-recognition-memory/gpt_finetuned_models/imagenet100_gimel_konkle_nonvehicle_800.pt
Epoch: 801 | Training loss: 1.3277331471443177 | Elapsed time: 107.17904758453369
Epoch: 802 | Training loss: 1.3299707463809423 | Elapsed time: 107.32761406898499
Epoch: 803 | Training loss: 1.330245954649789 | Elapsed time: 107.47369384765625
Epoch: 804 | Training loss: 1.3299749510628835 | Elapsed time: 107.23005723953247
Epoch: 805 | Training loss: 1.3312811647142684 | Elapsed time: 107.35569310188293
Epoch: 806 | Training loss: 1.3288162546498434 | Elapsed time: 107.24948048591614
Epoch: 807 | Training loss: 1.3257937559059687 | Elapsed time: 107.33109641075134
Epoch: 808 | Training loss: 1.3284672822271075 | Elapsed time: 107.21804666519165
Epoch: 809 | Training loss: 1.3283141570431845 | Elapsed time: 107.34085702896118
Epoch: 810 | Training loss: 1.3239958950451443 | Elapsed time: 107.22468423843384
Epoch: 811 | Training loss: 1.3279475935867855 | Elapsed time: 107.2529046535492
Epoch: 812 | Training loss: 1.3248675976480757 | Elapsed time: 107.20265579223633
Epoch: 813 | Training loss: 1.3250177834715162 | Elapsed time: 107.19753241539001
Epoch: 814 | Training loss: 1.3248108940465109 | Elapsed time: 107.40109062194824
Epoch: 815 | Training loss: 1.3249782025814056 | Elapsed time: 107.26836204528809
Epoch: 816 | Training loss: 1.3255779019423894 | Elapsed time: 107.18861269950867
Epoch: 817 | Training loss: 1.3254400755677904 | Elapsed time: 107.24700379371643
Epoch: 818 | Training loss: 1.321469211578369 | Elapsed time: 107.216224193573
Epoch: 819 | Training loss: 1.324111715384892 | Elapsed time: 107.28822493553162
Epoch: 820 | Training loss: 1.3254035072667258 | Elapsed time: 107.361093044281
Epoch: 821 | Training loss: 1.3245059362479619 | Elapsed time: 107.24924159049988
Epoch: 822 | Training loss: 1.3199607644762312 | Elapsed time: 107.25847935676575
Epoch: 823 | Training loss: 1.323873655285154 | Elapsed time: 107.23883056640625
Epoch: 824 | Training loss: 1.3233763107231684 | Elapsed time: 107.21270060539246
Epoch: 825 | Training loss: 1.3211314397198812 | Elapsed time: 107.20305371284485
Epoch: 826 | Training loss: 1.318845031091145 | Elapsed time: 107.24130773544312
Epoch: 827 | Training loss: 1.3201340879712786 | Elapsed time: 107.37647294998169
Epoch: 828 | Training loss: 1.3176685741969518 | Elapsed time: 107.24442744255066
Epoch: 829 | Training loss: 1.319047462940216 | Elapsed time: 107.4132308959961
Epoch: 830 | Training loss: 1.3188959428242275 | Elapsed time: 107.4197325706482
Epoch: 831 | Training loss: 1.3188460418156216 | Elapsed time: 107.20013642311096
Epoch: 832 | Training loss: 1.317353858266558 | Elapsed time: 107.17189717292786
Epoch: 833 | Training loss: 1.321360035453524 | Elapsed time: 107.25368642807007
Epoch: 834 | Training loss: 1.317148974963597 | Elapsed time: 107.2647705078125
Epoch: 835 | Training loss: 1.316978315796171 | Elapsed time: 107.20036697387695
Epoch: 836 | Training loss: 1.3185138370309557 | Elapsed time: 107.30423355102539
Epoch: 837 | Training loss: 1.3159587187426431 | Elapsed time: 107.21942114830017
Epoch: 838 | Training loss: 1.3182074538299016 | Elapsed time: 107.15758872032166
Epoch: 839 | Training loss: 1.316676357814244 | Elapsed time: 107.22337174415588
Epoch: 840 | Training loss: 1.3124091991356441 | Elapsed time: 107.22486472129822
Epoch: 841 | Training loss: 1.3175894175257001 | Elapsed time: 107.19926500320435
Epoch: 842 | Training loss: 1.3130635576588767 | Elapsed time: 107.41565895080566
Epoch: 843 | Training loss: 1.3139504134654998 | Elapsed time: 107.4028046131134
Epoch: 844 | Training loss: 1.314797442299979 | Elapsed time: 107.24129247665405
Epoch: 845 | Training loss: 1.3149107345512936 | Elapsed time: 107.21620583534241
Epoch: 846 | Training loss: 1.3143267733710153 | Elapsed time: 107.25604581832886
Epoch: 847 | Training loss: 1.3142097924436842 | Elapsed time: 107.39227271080017
Epoch: 848 | Training loss: 1.3111183421952384 | Elapsed time: 107.27172040939331
Epoch: 849 | Training loss: 1.3115785002708436 | Elapsed time: 107.32528901100159
Epoch: 850 | Training loss: 1.3097225947039468 | Elapsed time: 107.27544140815735
Epoch: 851 | Training loss: 1.3128030027662005 | Elapsed time: 107.39450573921204
Epoch: 852 | Training loss: 1.3115772102560317 | Elapsed time: 107.25331425666809
Epoch: 853 | Training loss: 1.31353594149862 | Elapsed time: 107.27156829833984
Epoch: 854 | Training loss: 1.3131416525159563 | Elapsed time: 107.1500723361969
Epoch: 855 | Training loss: 1.3136719465255737 | Elapsed time: 107.27714991569519
Epoch: 856 | Training loss: 1.308421310356685 | Elapsed time: 107.30517578125
Epoch: 857 | Training loss: 1.3082770083631787 | Elapsed time: 107.19733166694641
Epoch: 858 | Training loss: 1.3121914880616323 | Elapsed time: 107.33212041854858
Epoch: 859 | Training loss: 1.3099701651505062 | Elapsed time: 107.13591408729553
Epoch: 860 | Training loss: 1.310223274571555 | Elapsed time: 107.18431973457336
Epoch: 861 | Training loss: 1.3079650700092316 | Elapsed time: 107.20538306236267
Epoch: 862 | Training loss: 1.310062450170517 | Elapsed time: 107.21562194824219
Epoch: 863 | Training loss: 1.30568470954895 | Elapsed time: 107.2424840927124
Epoch: 864 | Training loss: 1.3047380225999015 | Elapsed time: 107.25133490562439
Epoch: 865 | Training loss: 1.3074743390083312 | Elapsed time: 107.19019222259521
Epoch: 866 | Training loss: 1.3058853472982135 | Elapsed time: 107.23597145080566
Epoch: 867 | Training loss: 1.3100618626390184 | Elapsed time: 107.23333978652954
Epoch: 868 | Training loss: 1.3086522553648268 | Elapsed time: 107.28441643714905
Epoch: 869 | Training loss: 1.3092112421989441 | Elapsed time: 107.39909601211548
Epoch: 870 | Training loss: 1.3069131749016898 | Elapsed time: 107.43542003631592
Epoch: 871 | Training loss: 1.3038068762847355 | Elapsed time: 107.36794185638428
Epoch: 872 | Training loss: 1.3055377432278223 | Elapsed time: 107.21631860733032
Epoch: 873 | Training loss: 1.3063597636563438 | Elapsed time: 107.24060368537903
Epoch: 874 | Training loss: 1.3039014543805802 | Elapsed time: 107.2226493358612
Epoch: 875 | Training loss: 1.3017267431531634 | Elapsed time: 107.18735766410828
Epoch: 876 | Training loss: 1.3056898355484008 | Elapsed time: 107.28381252288818
Epoch: 877 | Training loss: 1.3060732892581395 | Elapsed time: 107.25912141799927
Epoch: 878 | Training loss: 1.3054098836013248 | Elapsed time: 107.32560896873474
Epoch: 879 | Training loss: 1.3025177248886652 | Elapsed time: 107.22822690010071
Epoch: 880 | Training loss: 1.3008945345878602 | Elapsed time: 107.30160617828369
Epoch: 881 | Training loss: 1.3040755561419897 | Elapsed time: 107.39139461517334
Epoch: 882 | Training loss: 1.3031960555485316 | Elapsed time: 107.22679400444031
Epoch: 883 | Training loss: 1.2990956263882774 | Elapsed time: 107.1936388015747
Epoch: 884 | Training loss: 1.3010295791285378 | Elapsed time: 107.25057530403137
Epoch: 885 | Training loss: 1.3007513761520386 | Elapsed time: 107.16385865211487
Epoch: 886 | Training loss: 1.2999636777809689 | Elapsed time: 107.23473453521729
Epoch: 887 | Training loss: 1.3029525867530278 | Elapsed time: 107.3155415058136
Epoch: 888 | Training loss: 1.3007186327661786 | Elapsed time: 107.40351462364197
Epoch: 889 | Training loss: 1.3005216360092162 | Elapsed time: 107.16073703765869
Epoch: 890 | Training loss: 1.2956357095922744 | Elapsed time: 107.20831108093262
Epoch: 891 | Training loss: 1.3004816787583486 | Elapsed time: 107.26083397865295
Epoch: 892 | Training loss: 1.2985447227954865 | Elapsed time: 107.21819496154785
Epoch: 893 | Training loss: 1.2981068704809462 | Elapsed time: 107.2623085975647
Epoch: 894 | Training loss: 1.2998178124427795 | Elapsed time: 107.17934799194336
Epoch: 895 | Training loss: 1.298344830955778 | Elapsed time: 107.24256539344788
Epoch: 896 | Training loss: 1.2963913926056454 | Elapsed time: 107.37062549591064
Epoch: 897 | Training loss: 1.3015501175607953 | Elapsed time: 107.226970911026
Epoch: 898 | Training loss: 1.2952040604182653 | Elapsed time: 107.25391793251038
Epoch: 899 | Training loss: 1.295438143185207 | Elapsed time: 107.21771478652954
Epoch: 900 | Training loss: 1.2958070814609528 | Elapsed time: 107.26171922683716
Saving model to: /scratch/eo41/visual-recognition-memory/gpt_finetuned_models/imagenet100_gimel_konkle_nonvehicle_900.pt
Epoch: 901 | Training loss: 1.2981617314474923 | Elapsed time: 107.28946137428284
Epoch: 902 | Training loss: 1.2955718662057605 | Elapsed time: 107.2113893032074
Epoch: 903 | Training loss: 1.2960203094141824 | Elapsed time: 107.44631171226501
Epoch: 904 | Training loss: 1.2946452157838004 | Elapsed time: 107.32842373847961
Epoch: 905 | Training loss: 1.295517645563398 | Elapsed time: 107.37086343765259
Epoch: 906 | Training loss: 1.2955586229051863 | Elapsed time: 107.44249033927917
Epoch: 907 | Training loss: 1.2933448493480681 | Elapsed time: 107.24019384384155
Epoch: 908 | Training loss: 1.2921625571591513 | Elapsed time: 107.1831693649292
Epoch: 909 | Training loss: 1.293952465908868 | Elapsed time: 107.19910311698914
Epoch: 910 | Training loss: 1.2910986380917686 | Elapsed time: 107.26672697067261
Epoch: 911 | Training loss: 1.2944996237754822 | Elapsed time: 107.364511013031
Epoch: 912 | Training loss: 1.2919229822499412 | Elapsed time: 107.33336091041565
Epoch: 913 | Training loss: 1.2920735197407858 | Elapsed time: 107.18945145606995
Epoch: 914 | Training loss: 1.2933011889457702 | Elapsed time: 107.34246730804443
Epoch: 915 | Training loss: 1.2899925087179456 | Elapsed time: 107.2956759929657
Epoch: 916 | Training loss: 1.2926550115857804 | Elapsed time: 107.389963388443
Epoch: 917 | Training loss: 1.2934055021830968 | Elapsed time: 107.26871085166931
Epoch: 918 | Training loss: 1.2935477674007416 | Elapsed time: 107.23308110237122
Epoch: 919 | Training loss: 1.2918251054627554 | Elapsed time: 107.36126327514648
Epoch: 920 | Training loss: 1.2894525715282985 | Elapsed time: 107.24004316329956
Epoch: 921 | Training loss: 1.2914824017456599 | Elapsed time: 107.28168034553528
Epoch: 922 | Training loss: 1.2880067339965275 | Elapsed time: 107.26230216026306
Epoch: 923 | Training loss: 1.2899080046585627 | Elapsed time: 107.30925750732422
Epoch: 924 | Training loss: 1.2860930281026022 | Elapsed time: 107.10368227958679
Epoch: 925 | Training loss: 1.2891302815505437 | Elapsed time: 107.38909268379211
Epoch: 926 | Training loss: 1.2884660473891667 | Elapsed time: 107.23440456390381
Epoch: 927 | Training loss: 1.2867224948746818 | Elapsed time: 107.2476258277893
Epoch: 928 | Training loss: 1.2878032531057084 | Elapsed time: 107.2587366104126
Epoch: 929 | Training loss: 1.2895373667989458 | Elapsed time: 107.17223405838013
Epoch: 930 | Training loss: 1.2903519076960428 | Elapsed time: 107.24197959899902
Epoch: 931 | Training loss: 1.287951351915087 | Elapsed time: 107.24866271018982
Epoch: 932 | Training loss: 1.2836979176316943 | Elapsed time: 107.2013247013092
Epoch: 933 | Training loss: 1.2872820411409651 | Elapsed time: 107.19753074645996
Epoch: 934 | Training loss: 1.2865024958338056 | Elapsed time: 107.22770643234253
Epoch: 935 | Training loss: 1.283876611505236 | Elapsed time: 107.24374914169312
Epoch: 936 | Training loss: 1.2848489122731346 | Elapsed time: 107.38871121406555
Epoch: 937 | Training loss: 1.28269796030862 | Elapsed time: 107.29080867767334
Epoch: 938 | Training loss: 1.284554819549833 | Elapsed time: 107.19794774055481
Epoch: 939 | Training loss: 1.2840852413858685 | Elapsed time: 107.24871373176575
Epoch: 940 | Training loss: 1.2808068556444985 | Elapsed time: 107.18757796287537
Epoch: 941 | Training loss: 1.284515211411885 | Elapsed time: 107.34360647201538
Epoch: 942 | Training loss: 1.2837165253502982 | Elapsed time: 107.22648334503174
Epoch: 943 | Training loss: 1.281480884552002 | Elapsed time: 107.24688911437988
Epoch: 944 | Training loss: 1.2812298468181065 | Elapsed time: 107.42073583602905
Epoch: 945 | Training loss: 1.282578068120139 | Elapsed time: 107.20113682746887
Epoch: 946 | Training loss: 1.2842313613210405 | Elapsed time: 107.28859782218933
Epoch: 947 | Training loss: 1.2826558606965202 | Elapsed time: 107.37495589256287
Epoch: 948 | Training loss: 1.2838335411889212 | Elapsed time: 107.27299284934998
Epoch: 949 | Training loss: 1.2838773054736001 | Elapsed time: 107.20776033401489
Epoch: 950 | Training loss: 1.2779181471892767 | Elapsed time: 107.31397604942322
Epoch: 951 | Training loss: 1.281738758938653 | Elapsed time: 107.31207489967346
Epoch: 952 | Training loss: 1.3047971836158208 | Elapsed time: 107.20099353790283
Epoch: 953 | Training loss: 1.2816966082368577 | Elapsed time: 107.25623726844788
Epoch: 954 | Training loss: 1.2791026260171618 | Elapsed time: 107.23306441307068
Epoch: 955 | Training loss: 1.2820800159658705 | Elapsed time: 107.19679951667786
Epoch: 956 | Training loss: 1.278182942526681 | Elapsed time: 107.2300775051117
Epoch: 957 | Training loss: 1.2788471690246037 | Elapsed time: 107.24370789527893
Epoch: 958 | Training loss: 1.276921170949936 | Elapsed time: 107.26971006393433
Epoch: 959 | Training loss: 1.2758925650800979 | Elapsed time: 107.28816986083984
Epoch: 960 | Training loss: 1.2776578094278064 | Elapsed time: 107.27082419395447
Epoch: 961 | Training loss: 1.277116094316755 | Elapsed time: 107.2358455657959
Epoch: 962 | Training loss: 1.2756537096840994 | Elapsed time: 107.2497045993805
Epoch: 963 | Training loss: 1.2738659518105644 | Elapsed time: 107.19799757003784
Epoch: 964 | Training loss: 1.2799162336758205 | Elapsed time: 107.42154335975647
Epoch: 965 | Training loss: 1.2776071114199503 | Elapsed time: 107.27595329284668
Epoch: 966 | Training loss: 1.2772436371871403 | Elapsed time: 107.39650559425354
Epoch: 967 | Training loss: 1.2725921486105238 | Elapsed time: 107.4010419845581
Epoch: 968 | Training loss: 1.2742554647581918 | Elapsed time: 107.27730298042297
Epoch: 969 | Training loss: 1.2748786790030344 | Elapsed time: 107.38180994987488
Epoch: 970 | Training loss: 1.2766085939747946 | Elapsed time: 107.45709228515625
Epoch: 971 | Training loss: 1.2734201899596622 | Elapsed time: 107.33044695854187
Epoch: 972 | Training loss: 1.2733630061149597 | Elapsed time: 107.35203003883362
Epoch: 973 | Training loss: 1.2739780528204783 | Elapsed time: 107.18501329421997
Epoch: 974 | Training loss: 1.2721318227904184 | Elapsed time: 107.22903943061829
Epoch: 975 | Training loss: 1.2728505892413002 | Elapsed time: 107.35169291496277
Epoch: 976 | Training loss: 1.2761489748954773 | Elapsed time: 107.30834817886353
Epoch: 977 | Training loss: 1.2704063432557242 | Elapsed time: 107.24520516395569
Epoch: 978 | Training loss: 1.2742889012609209 | Elapsed time: 107.33356380462646
Epoch: 979 | Training loss: 1.2768256800515312 | Elapsed time: 107.31113147735596
Epoch: 980 | Training loss: 1.2713315503937856 | Elapsed time: 107.24654221534729
Epoch: 981 | Training loss: 1.2737491258553095 | Elapsed time: 107.31512379646301
Epoch: 982 | Training loss: 1.2707530796527862 | Elapsed time: 107.40464234352112
Epoch: 983 | Training loss: 1.2720378535134451 | Elapsed time: 107.34808611869812
Epoch: 984 | Training loss: 1.268958476611546 | Elapsed time: 107.34836673736572
Epoch: 985 | Training loss: 1.2719637938908168 | Elapsed time: 107.26429319381714
Epoch: 986 | Training loss: 1.2718745384897505 | Elapsed time: 107.20816898345947
Epoch: 987 | Training loss: 1.273916985307421 | Elapsed time: 107.21866822242737
Epoch: 988 | Training loss: 1.2689725978033883 | Elapsed time: 107.20561170578003
Epoch: 989 | Training loss: 1.2722878660474504 | Elapsed time: 107.4287486076355
Epoch: 990 | Training loss: 1.2728835267680032 | Elapsed time: 107.36682081222534
Epoch: 991 | Training loss: 1.266742982183184 | Elapsed time: 107.37317776679993
Epoch: 992 | Training loss: 1.2647555649280549 | Elapsed time: 107.30263090133667
Epoch: 993 | Training loss: 1.2690774015017918 | Elapsed time: 107.32974863052368
Epoch: 994 | Training loss: 1.2652503992830004 | Elapsed time: 107.29086589813232
Epoch: 995 | Training loss: 1.2671001851558685 | Elapsed time: 107.39914608001709
Epoch: 996 | Training loss: 1.2678001838071005 | Elapsed time: 107.35225987434387
Epoch: 997 | Training loss: 1.268587499005454 | Elapsed time: 107.4496202468872
Epoch: 998 | Training loss: 1.2674385913780757 | Elapsed time: 107.40124678611755
Epoch: 999 | Training loss: 1.2667035494531904 | Elapsed time: 107.2542793750763
Done
