Namespace(data_path='/vast/eo41/data/konkle_iid/train', vqconfig_path='/scratch/eo41/visual-recognition-memory/vqgan_pretrained_models/imagenet_16x16_16384.yaml', vqmodel_path='/scratch/eo41/visual-recognition-memory/vqgan_pretrained_models/imagenet_16x16_16384.ckpt', num_workers=16, seed=0, save_dir='/scratch/eo41/visual-recognition-memory/gpt_finetuned_models', save_freq=50, save_prefix='imagenet1_gimel_konkle_iid', gpt_config='GPT_gimel', vocab_size=16384, block_size=255, batch_size=32, lr=0.0003, optimizer='Adam', epochs=1000, subsample=1.0, resume='/scratch/eo41/visual-recognition-memory/gpt_pretrained_models/imagenet_1_gimel.pt', gpu=None, world_size=-1, rank=-1, dist_url='env://', dist_backend='nccl', local_rank=-1)
model:
  base_learning_rate: 4.5e-06
  params:
    ddconfig:
      attn_resolutions:
      - 16
      ch: 128
      ch_mult:
      - 1
      - 1
      - 2
      - 2
      - 4
      double_z: false
      dropout: 0.0
      in_channels: 3
      num_res_blocks: 2
      out_ch: 3
      resolution: 256
      z_channels: 256
    embed_dim: 256
    lossconfig:
      params:
        codebook_weight: 1.0
        disc_conditional: false
        disc_in_channels: 3
        disc_num_layers: 2
        disc_start: 0
        disc_weight: 0.75
      target: vqloss.VQLPIPSWithDiscriminator
    monitor: val/rec_loss
    n_embed: 16384
  target: vqmodel.VQModel

Working with z of shape (1, 256, 16, 16) = 65536 dimensions.
/scratch/eo41/miniconda3/lib/python3.10/site-packages/torchvision/models/_utils.py:208: UserWarning: The parameter 'pretrained' is deprecated since 0.13 and may be removed in the future, please use 'weights' instead.
  warnings.warn(
/scratch/eo41/miniconda3/lib/python3.10/site-packages/torchvision/models/_utils.py:223: UserWarning: Arguments other than a weight enum or `None` for 'weights' are deprecated since 0.13 and may be removed in the future. The current behavior is equivalent to passing `weights=VGG16_Weights.IMAGENET1K_V1`. You can also use `weights=VGG16_Weights.DEFAULT` to get the most up-to-date weights.
  warnings.warn(msg)
loaded pretrained LPIPS loss from taming/modules/autoencoder/lpips/vgg.pth
VQLPIPSWithDiscriminator running with hinge loss.
Loaded VQ encoder.
Data loaded: dataset contains 2121 images, and takes 67 training iterations per epoch.
Number of parameters: 750659840
Running on 1 GPUs total
=> loaded model weights and optimizer state at checkpoint '/scratch/eo41/visual-recognition-memory/gpt_pretrained_models/imagenet_1_gimel.pt'
/scratch/eo41/miniconda3/lib/python3.10/site-packages/torch/nn/_reduction.py:42: UserWarning: size_average and reduce args will be deprecated, please use reduction='none' instead.
  warnings.warn(warning.format(ret))
Epoch: 0 | Training loss: 4.273371237427441 | Elapsed time: 180.93704414367676
Saving model to: /scratch/eo41/visual-recognition-memory/gpt_finetuned_models/imagenet1_gimel_konkle_iid_0.pt
Epoch: 1 | Training loss: 3.9800147191802067 | Elapsed time: 166.95080280303955
Epoch: 2 | Training loss: 3.8978019472378405 | Elapsed time: 166.4628701210022
Epoch: 3 | Training loss: 3.8278393638667776 | Elapsed time: 166.9314148426056
Epoch: 4 | Training loss: 3.7579735321785086 | Elapsed time: 166.84188032150269
Epoch: 5 | Training loss: 3.676545666224921 | Elapsed time: 166.4379391670227
Epoch: 6 | Training loss: 3.604271817563185 | Elapsed time: 166.88666653633118
Epoch: 7 | Training loss: 3.5223852307049195 | Elapsed time: 167.08405900001526
Epoch: 8 | Training loss: 3.436982258042293 | Elapsed time: 167.55858612060547
Epoch: 9 | Training loss: 3.3480704293322208 | Elapsed time: 167.67284536361694
Epoch: 10 | Training loss: 3.2763096859206016 | Elapsed time: 167.68684482574463
Epoch: 11 | Training loss: 3.201947891890113 | Elapsed time: 167.63448429107666
Epoch: 12 | Training loss: 3.1384747953557257 | Elapsed time: 167.37698602676392
Epoch: 13 | Training loss: 3.0702975650331865 | Elapsed time: 167.1276614665985
Epoch: 14 | Training loss: 3.0069635910774344 | Elapsed time: 166.24169659614563
Epoch: 15 | Training loss: 2.958988139878458 | Elapsed time: 167.60650420188904
Epoch: 16 | Training loss: 2.905615514783717 | Elapsed time: 167.19323086738586
Epoch: 17 | Training loss: 2.8666215974893143 | Elapsed time: 166.6302011013031
Epoch: 18 | Training loss: 2.826622254812895 | Elapsed time: 166.90760374069214
Epoch: 19 | Training loss: 2.780887486329719 | Elapsed time: 167.13191509246826
Epoch: 20 | Training loss: 2.740741089208802 | Elapsed time: 166.9796018600464
Epoch: 21 | Training loss: 2.7104778005116024 | Elapsed time: 168.06954193115234
Epoch: 22 | Training loss: 2.6787072224403494 | Elapsed time: 167.2539141178131
Epoch: 23 | Training loss: 2.6420972133750347 | Elapsed time: 166.80595016479492
Epoch: 24 | Training loss: 2.6127534873449982 | Elapsed time: 167.1090030670166
Epoch: 25 | Training loss: 2.5830091006720246 | Elapsed time: 166.28432750701904
Epoch: 26 | Training loss: 2.5653079837115844 | Elapsed time: 166.703307390213
Epoch: 27 | Training loss: 2.528359665799497 | Elapsed time: 166.89691710472107
Epoch: 28 | Training loss: 2.5028610656510537 | Elapsed time: 167.9165117740631
Epoch: 29 | Training loss: 2.4826808189278218 | Elapsed time: 166.7462077140808
Epoch: 30 | Training loss: 2.447853618593358 | Elapsed time: 167.0623631477356
Epoch: 31 | Training loss: 2.4323481267957545 | Elapsed time: 167.93325924873352
Epoch: 32 | Training loss: 2.410229981835209 | Elapsed time: 166.59666204452515
Epoch: 33 | Training loss: 2.396854713781556 | Elapsed time: 166.53353667259216
Epoch: 34 | Training loss: 2.3813103561970723 | Elapsed time: 166.87290334701538
Epoch: 35 | Training loss: 2.364005554967852 | Elapsed time: 167.50085258483887
Epoch: 36 | Training loss: 2.3377760488595536 | Elapsed time: 166.42749953269958
Epoch: 37 | Training loss: 2.3253766707519987 | Elapsed time: 166.70722126960754
Epoch: 38 | Training loss: 2.3165252973784263 | Elapsed time: 168.95468306541443
Epoch: 39 | Training loss: 2.2995922654422363 | Elapsed time: 168.98508620262146
Epoch: 40 | Training loss: 2.2804795165560137 | Elapsed time: 169.12289762496948
Epoch: 41 | Training loss: 2.2623704618482448 | Elapsed time: 168.82644987106323
Epoch: 42 | Training loss: 2.257068132286641 | Elapsed time: 168.9463906288147
Epoch: 43 | Training loss: 2.2434196400998245 | Elapsed time: 168.905371427536
Epoch: 44 | Training loss: 2.2250385408970845 | Elapsed time: 168.2405412197113
Epoch: 45 | Training loss: 2.217254398474053 | Elapsed time: 166.9736979007721
Epoch: 46 | Training loss: 2.202648509794207 | Elapsed time: 166.65039801597595
Epoch: 47 | Training loss: 2.196118739113879 | Elapsed time: 167.3483464717865
Epoch: 48 | Training loss: 2.179944636216804 | Elapsed time: 166.35939645767212
Epoch: 49 | Training loss: 2.1699650323213038 | Elapsed time: 166.70139002799988
Epoch: 50 | Training loss: 2.1584534805212447 | Elapsed time: 166.83878445625305
Saving model to: /scratch/eo41/visual-recognition-memory/gpt_finetuned_models/imagenet1_gimel_konkle_iid_50.pt
Epoch: 51 | Training loss: 2.158844604421018 | Elapsed time: 167.61256098747253
Epoch: 52 | Training loss: 2.1334085108628913 | Elapsed time: 167.45013070106506
Epoch: 53 | Training loss: 2.1294509919721687 | Elapsed time: 167.67498230934143
Epoch: 54 | Training loss: 2.1171292333460565 | Elapsed time: 167.53549098968506
Epoch: 55 | Training loss: 2.1149708655343127 | Elapsed time: 167.29552960395813
Epoch: 56 | Training loss: 2.0975661224393702 | Elapsed time: 167.04808974266052
Epoch: 57 | Training loss: 2.0882426518112864 | Elapsed time: 167.0784239768982
Epoch: 58 | Training loss: 2.0820934594567144 | Elapsed time: 168.07922387123108
Epoch: 59 | Training loss: 2.0695290761207468 | Elapsed time: 167.64017128944397
Epoch: 60 | Training loss: 2.0771308621363853 | Elapsed time: 168.34061288833618
Epoch: 61 | Training loss: 2.0542198739834685 | Elapsed time: 166.93426895141602
Epoch: 62 | Training loss: 2.0564366418923905 | Elapsed time: 166.5336048603058
Epoch: 63 | Training loss: 2.0477222524472136 | Elapsed time: 168.11343216896057
Epoch: 64 | Training loss: 2.0395163635709395 | Elapsed time: 167.44197726249695
Epoch: 65 | Training loss: 2.027929174366282 | Elapsed time: 167.23623180389404
Epoch: 66 | Training loss: 2.0210527163832936 | Elapsed time: 167.84275364875793
Epoch: 67 | Training loss: 2.01374435602729 | Elapsed time: 167.04627919197083
Epoch: 68 | Training loss: 2.0096162824488397 | Elapsed time: 166.83444929122925
Epoch: 69 | Training loss: 2.0089406291050698 | Elapsed time: 166.84302139282227
Epoch: 70 | Training loss: 2.0006405684485364 | Elapsed time: 166.7777853012085
Epoch: 71 | Training loss: 1.987545411978195 | Elapsed time: 166.6956648826599
Epoch: 72 | Training loss: 1.981529951095581 | Elapsed time: 167.02801752090454
Epoch: 73 | Training loss: 1.9764561653137207 | Elapsed time: 166.70529055595398
Epoch: 74 | Training loss: 1.97123497101798 | Elapsed time: 167.51271080970764
Epoch: 75 | Training loss: 1.96332046523023 | Elapsed time: 166.70970392227173
Epoch: 76 | Training loss: 1.9501166165764652 | Elapsed time: 167.11174321174622
Epoch: 77 | Training loss: 1.9492288934650706 | Elapsed time: 167.17775630950928
Epoch: 78 | Training loss: 1.9372443494512075 | Elapsed time: 167.1401069164276
Epoch: 79 | Training loss: 1.9425884022641537 | Elapsed time: 166.96223068237305
Epoch: 80 | Training loss: 1.9346639469488343 | Elapsed time: 167.12266612052917
Epoch: 81 | Training loss: 1.927413792752508 | Elapsed time: 166.81470203399658
Epoch: 82 | Training loss: 1.9290431132957118 | Elapsed time: 167.85202193260193
Epoch: 83 | Training loss: 1.9225544982881688 | Elapsed time: 167.6432068347931
Epoch: 84 | Training loss: 1.9170700115944022 | Elapsed time: 166.85791897773743
Epoch: 85 | Training loss: 1.9103517087537851 | Elapsed time: 166.83414912223816
Epoch: 86 | Training loss: 1.9075665598485008 | Elapsed time: 167.2886836528778
Epoch: 87 | Training loss: 1.892172263629401 | Elapsed time: 167.06222867965698
Epoch: 88 | Training loss: 1.8973854513310675 | Elapsed time: 167.14062881469727
Epoch: 89 | Training loss: 1.8830838986297151 | Elapsed time: 166.85576844215393
Epoch: 90 | Training loss: 1.8881809960550338 | Elapsed time: 167.268057346344
Epoch: 91 | Training loss: 1.879011116810699 | Elapsed time: 166.2439341545105
Epoch: 92 | Training loss: 1.8769594929111537 | Elapsed time: 167.47785878181458
Epoch: 93 | Training loss: 1.87080719933581 | Elapsed time: 167.61673021316528
Epoch: 94 | Training loss: 1.8688561542710262 | Elapsed time: 166.91163396835327
Epoch: 95 | Training loss: 1.8602227346221012 | Elapsed time: 166.6471185684204
Epoch: 96 | Training loss: 1.8545395545105436 | Elapsed time: 167.26256489753723
Epoch: 97 | Training loss: 1.854385594823467 | Elapsed time: 167.33933329582214
Epoch: 98 | Training loss: 1.8435615194377615 | Elapsed time: 166.26059865951538
Epoch: 99 | Training loss: 1.8462075012833326 | Elapsed time: 166.71162271499634
Epoch: 100 | Training loss: 1.8330026615911454 | Elapsed time: 166.7157895565033
Saving model to: /scratch/eo41/visual-recognition-memory/gpt_finetuned_models/imagenet1_gimel_konkle_iid_100.pt
Epoch: 101 | Training loss: 1.843238453366863 | Elapsed time: 167.58491849899292
Epoch: 102 | Training loss: 1.8374010662534344 | Elapsed time: 166.41077256202698
Epoch: 103 | Training loss: 1.8252349433614248 | Elapsed time: 166.97310280799866
Epoch: 104 | Training loss: 1.8202974956427047 | Elapsed time: 167.11794209480286
Epoch: 105 | Training loss: 1.8143649030087599 | Elapsed time: 167.00583863258362
Epoch: 106 | Training loss: 1.8099207095245817 | Elapsed time: 168.475759267807
Epoch: 107 | Training loss: 1.8055055265995994 | Elapsed time: 168.5422294139862
Epoch: 108 | Training loss: 1.8075755283014099 | Elapsed time: 168.6978635787964
Epoch: 109 | Training loss: 1.8076833557726733 | Elapsed time: 168.36545085906982
Epoch: 110 | Training loss: 1.7979624057883647 | Elapsed time: 168.83232259750366
Epoch: 111 | Training loss: 1.7996281848024966 | Elapsed time: 168.17152070999146
Epoch: 112 | Training loss: 1.7960175720613394 | Elapsed time: 168.30652379989624
Epoch: 113 | Training loss: 1.7925021363728082 | Elapsed time: 166.9547655582428
Epoch: 114 | Training loss: 1.7940161886499888 | Elapsed time: 168.3861060142517
Epoch: 115 | Training loss: 1.7876478220099834 | Elapsed time: 168.22273421287537
Epoch: 116 | Training loss: 1.7823399874701429 | Elapsed time: 168.3991289138794
Epoch: 117 | Training loss: 1.7785393924855475 | Elapsed time: 168.52280831336975
Epoch: 118 | Training loss: 1.7785666060091845 | Elapsed time: 168.38782405853271
Epoch: 119 | Training loss: 1.773536803117439 | Elapsed time: 168.54013395309448
Epoch: 120 | Training loss: 1.765668899265688 | Elapsed time: 168.33021068572998
Epoch: 121 | Training loss: 1.7672549859801334 | Elapsed time: 168.26820373535156
Epoch: 122 | Training loss: 1.7685781841847434 | Elapsed time: 167.12277507781982
Epoch: 123 | Training loss: 1.7541760651033316 | Elapsed time: 168.29523873329163
Epoch: 124 | Training loss: 1.7519262246231535 | Elapsed time: 168.33820414543152
Epoch: 125 | Training loss: 1.7528012670687776 | Elapsed time: 168.2870330810547
Epoch: 126 | Training loss: 1.7558191694430452 | Elapsed time: 168.7351529598236
Epoch: 127 | Training loss: 1.7428939644970112 | Elapsed time: 168.4723973274231
Epoch: 128 | Training loss: 1.7445485182662508 | Elapsed time: 168.6058828830719
Epoch: 129 | Training loss: 1.7398513199678107 | Elapsed time: 168.33886790275574
Epoch: 130 | Training loss: 1.7343258234991956 | Elapsed time: 167.00713968276978
Epoch: 131 | Training loss: 1.735865020040256 | Elapsed time: 166.94713830947876
Epoch: 132 | Training loss: 1.729148617431299 | Elapsed time: 168.0529215335846
Epoch: 133 | Training loss: 1.7267709045267816 | Elapsed time: 168.31679964065552
Epoch: 134 | Training loss: 1.729266784084377 | Elapsed time: 168.04948472976685
Epoch: 135 | Training loss: 1.725713655130187 | Elapsed time: 168.57023096084595
Epoch: 136 | Training loss: 1.7224878232870529 | Elapsed time: 168.33474707603455
Epoch: 137 | Training loss: 1.7207356033040517 | Elapsed time: 168.25413012504578
Epoch: 138 | Training loss: 1.7150801598136105 | Elapsed time: 168.29452896118164
Epoch: 139 | Training loss: 1.7127974567128652 | Elapsed time: 167.5910129547119
Epoch: 140 | Training loss: 1.7062325762278998 | Elapsed time: 167.08712124824524
Epoch: 141 | Training loss: 1.7094410141902183 | Elapsed time: 167.05903935432434
Epoch: 142 | Training loss: 1.7055741014765269 | Elapsed time: 167.3233392238617
Epoch: 143 | Training loss: 1.7021398811197992 | Elapsed time: 166.63797640800476
Epoch: 144 | Training loss: 1.6999277819448442 | Elapsed time: 167.70534777641296
Epoch: 145 | Training loss: 1.6963951498714847 | Elapsed time: 166.95685863494873
Epoch: 146 | Training loss: 1.69048045998189 | Elapsed time: 167.94868659973145
Epoch: 147 | Training loss: 1.6849855575988542 | Elapsed time: 166.49984908103943
Epoch: 148 | Training loss: 1.68264982415669 | Elapsed time: 166.92708349227905
Epoch: 149 | Training loss: 1.6881103426662845 | Elapsed time: 167.44505310058594
Epoch: 150 | Training loss: 1.6844461195504488 | Elapsed time: 167.21194672584534
Saving model to: /scratch/eo41/visual-recognition-memory/gpt_finetuned_models/imagenet1_gimel_konkle_iid_150.pt
Epoch: 151 | Training loss: 1.687750691798196 | Elapsed time: 168.3052682876587
Epoch: 152 | Training loss: 1.6865600649990253 | Elapsed time: 167.95172762870789
Epoch: 153 | Training loss: 1.6727494303859882 | Elapsed time: 166.5483889579773
Epoch: 154 | Training loss: 1.6758197848476581 | Elapsed time: 167.01367449760437
Epoch: 155 | Training loss: 1.6679431182235034 | Elapsed time: 166.95668363571167
Epoch: 156 | Training loss: 1.6664795946719042 | Elapsed time: 166.92341804504395
Epoch: 157 | Training loss: 1.6687081536250328 | Elapsed time: 166.96020936965942
Epoch: 158 | Training loss: 1.6694107518267276 | Elapsed time: 167.2540566921234
Epoch: 159 | Training loss: 1.669407118612261 | Elapsed time: 167.22290539741516
Epoch: 160 | Training loss: 1.6675697155852816 | Elapsed time: 167.6386067867279
Epoch: 161 | Training loss: 1.656774805552924 | Elapsed time: 167.7280192375183
Epoch: 162 | Training loss: 1.6615972643467918 | Elapsed time: 167.13872289657593
Epoch: 163 | Training loss: 1.65591302380633 | Elapsed time: 167.20315313339233
Epoch: 164 | Training loss: 1.6573571304776775 | Elapsed time: 167.2842116355896
Epoch: 165 | Training loss: 1.6532345939038404 | Elapsed time: 167.75676369667053
Epoch: 166 | Training loss: 1.651916852637903 | Elapsed time: 166.70467042922974
Epoch: 167 | Training loss: 1.6454914541386847 | Elapsed time: 167.12492728233337
Epoch: 168 | Training loss: 1.6438564097703392 | Elapsed time: 167.11475086212158
Epoch: 169 | Training loss: 1.6439011221501365 | Elapsed time: 166.67794609069824
Epoch: 170 | Training loss: 1.6392147701178024 | Elapsed time: 167.4055597782135
Epoch: 171 | Training loss: 1.6289708845650972 | Elapsed time: 166.61541414260864
Epoch: 172 | Training loss: 1.641832456659915 | Elapsed time: 166.61467266082764
Epoch: 173 | Training loss: 1.6255974538290678 | Elapsed time: 166.62071824073792
Epoch: 174 | Training loss: 1.635923718338582 | Elapsed time: 167.09336709976196
Epoch: 175 | Training loss: 1.6303834150086587 | Elapsed time: 167.1927933692932
Epoch: 176 | Training loss: 1.6300818297400403 | Elapsed time: 167.01512241363525
Epoch: 177 | Training loss: 1.6249787060182486 | Elapsed time: 167.68021631240845
Epoch: 178 | Training loss: 1.6312008473410535 | Elapsed time: 167.54276418685913
Epoch: 179 | Training loss: 1.6136321078485518 | Elapsed time: 167.8254976272583
Epoch: 180 | Training loss: 1.625161274155574 | Elapsed time: 167.62282371520996
Epoch: 181 | Training loss: 1.6276024508832105 | Elapsed time: 166.78951287269592
Epoch: 182 | Training loss: 1.614860217962692 | Elapsed time: 166.34445524215698
Epoch: 183 | Training loss: 1.6231705323973697 | Elapsed time: 167.4101231098175
Epoch: 184 | Training loss: 1.6207811067353433 | Elapsed time: 166.87909317016602
Epoch: 185 | Training loss: 1.6142994183212964 | Elapsed time: 166.55709218978882
Epoch: 186 | Training loss: 1.6090889581993444 | Elapsed time: 166.91505670547485
Epoch: 187 | Training loss: 1.6102500317701653 | Elapsed time: 167.1146969795227
Epoch: 188 | Training loss: 1.6071356018977379 | Elapsed time: 167.42256689071655
Epoch: 189 | Training loss: 1.59997564287328 | Elapsed time: 166.76076912879944
Epoch: 190 | Training loss: 1.6034656229303843 | Elapsed time: 166.98732662200928
Epoch: 191 | Training loss: 1.594096413299219 | Elapsed time: 169.06512188911438
Epoch: 192 | Training loss: 1.602004245145997 | Elapsed time: 166.8980667591095
Epoch: 193 | Training loss: 1.5929261748470478 | Elapsed time: 166.6018807888031
Epoch: 194 | Training loss: 1.590778487831799 | Elapsed time: 167.77587389945984
Epoch: 195 | Training loss: 1.5917652204855164 | Elapsed time: 167.13308668136597
Epoch: 196 | Training loss: 1.5964623316010433 | Elapsed time: 167.83978128433228
Epoch: 197 | Training loss: 1.5874200810247392 | Elapsed time: 167.05861520767212
Epoch: 198 | Training loss: 1.5869392903883066 | Elapsed time: 166.2553675174713
Epoch: 199 | Training loss: 1.5769241247604142 | Elapsed time: 167.25420546531677
Epoch: 200 | Training loss: 1.5851482241900998 | Elapsed time: 167.04147267341614
Saving model to: /scratch/eo41/visual-recognition-memory/gpt_finetuned_models/imagenet1_gimel_konkle_iid_200.pt
Epoch: 201 | Training loss: 1.5858527297404275 | Elapsed time: 167.84136319160461
Epoch: 202 | Training loss: 1.5839323944120265 | Elapsed time: 167.63635849952698
Epoch: 203 | Training loss: 1.5741507491069053 | Elapsed time: 166.8616042137146
Epoch: 204 | Training loss: 1.5755568422488313 | Elapsed time: 167.2905490398407
Epoch: 205 | Training loss: 1.5781641380110782 | Elapsed time: 166.99679851531982
Epoch: 206 | Training loss: 1.5697396104015522 | Elapsed time: 167.36424255371094
Epoch: 207 | Training loss: 1.5720440807627207 | Elapsed time: 167.02801036834717
Epoch: 208 | Training loss: 1.5737769977370304 | Elapsed time: 166.8377947807312
Epoch: 209 | Training loss: 1.5706405016913343 | Elapsed time: 167.4868655204773
Epoch: 210 | Training loss: 1.569856926576415 | Elapsed time: 167.9087529182434
Epoch: 211 | Training loss: 1.5578405447860262 | Elapsed time: 167.69129514694214
Epoch: 212 | Training loss: 1.559021512074257 | Elapsed time: 167.31775426864624
Epoch: 213 | Training loss: 1.5605284633921153 | Elapsed time: 167.85046672821045
Epoch: 214 | Training loss: 1.5717323698214631 | Elapsed time: 167.1041750907898
Epoch: 215 | Training loss: 1.5577459886892517 | Elapsed time: 167.1717095375061
Epoch: 216 | Training loss: 1.5602819545945126 | Elapsed time: 166.69363045692444
Epoch: 217 | Training loss: 1.5597297647106114 | Elapsed time: 166.66614961624146
Epoch: 218 | Training loss: 1.5605563334564665 | Elapsed time: 166.5920398235321
Epoch: 219 | Training loss: 1.5529085486682492 | Elapsed time: 167.86170172691345
Epoch: 220 | Training loss: 1.556854164422448 | Elapsed time: 167.6162130832672
Epoch: 221 | Training loss: 1.549637796273872 | Elapsed time: 167.34830403327942
Epoch: 222 | Training loss: 1.547163975772573 | Elapsed time: 167.47603797912598
Epoch: 223 | Training loss: 1.5470964392619346 | Elapsed time: 167.25582218170166
Epoch: 224 | Training loss: 1.5428019157096522 | Elapsed time: 166.82994151115417
Epoch: 225 | Training loss: 1.5494032173014398 | Elapsed time: 167.51456475257874
Epoch: 226 | Training loss: 1.545831545075374 | Elapsed time: 166.9269986152649
Epoch: 227 | Training loss: 1.5459181337214227 | Elapsed time: 167.21503901481628
Epoch: 228 | Training loss: 1.5390965529342195 | Elapsed time: 167.34489941596985
Epoch: 229 | Training loss: 1.5385835544386905 | Elapsed time: 167.8141667842865
Epoch: 230 | Training loss: 1.5430681918984028 | Elapsed time: 166.4851758480072
Epoch: 231 | Training loss: 1.528495624883851 | Elapsed time: 167.29549717903137
Epoch: 232 | Training loss: 1.5355697247519422 | Elapsed time: 167.94414639472961
Epoch: 233 | Training loss: 1.538493149316133 | Elapsed time: 167.07408261299133
Epoch: 234 | Training loss: 1.5337878038634116 | Elapsed time: 166.29994177818298
Epoch: 235 | Training loss: 1.5331794824173202 | Elapsed time: 166.3889708518982
Epoch: 236 | Training loss: 1.525280335056248 | Elapsed time: 166.42445397377014
Epoch: 237 | Training loss: 1.5289853740094312 | Elapsed time: 168.30850267410278
Epoch: 238 | Training loss: 1.526944765404089 | Elapsed time: 167.12289023399353
Epoch: 239 | Training loss: 1.5248768347412793 | Elapsed time: 166.96016335487366
Epoch: 240 | Training loss: 1.5272801936562381 | Elapsed time: 166.93563866615295
Epoch: 241 | Training loss: 1.5195675643522348 | Elapsed time: 167.05781435966492
Epoch: 242 | Training loss: 1.5237561660026437 | Elapsed time: 167.3631637096405
Epoch: 243 | Training loss: 1.5233841369401162 | Elapsed time: 167.73609113693237
Epoch: 244 | Training loss: 1.5187553932417686 | Elapsed time: 167.58302640914917
Epoch: 245 | Training loss: 1.5154793653915177 | Elapsed time: 167.19150948524475
Epoch: 246 | Training loss: 1.509059454078105 | Elapsed time: 167.28220963478088
Epoch: 247 | Training loss: 1.5157430776909215 | Elapsed time: 167.62443900108337
Epoch: 248 | Training loss: 1.5130723465734452 | Elapsed time: 168.0143473148346
Epoch: 249 | Training loss: 1.5024107516701541 | Elapsed time: 167.1136314868927
Epoch: 250 | Training loss: 1.512803034995919 | Elapsed time: 168.1522159576416
Saving model to: /scratch/eo41/visual-recognition-memory/gpt_finetuned_models/imagenet1_gimel_konkle_iid_250.pt
Epoch: 251 | Training loss: 1.5145343666646018 | Elapsed time: 168.15297055244446
Epoch: 252 | Training loss: 1.5094924969459647 | Elapsed time: 167.24558472633362
Epoch: 253 | Training loss: 1.5021574764109369 | Elapsed time: 167.06460452079773
Epoch: 254 | Training loss: 1.5063678648934435 | Elapsed time: 166.7455027103424
Epoch: 255 | Training loss: 1.506459017298115 | Elapsed time: 167.0061707496643
Epoch: 256 | Training loss: 1.5006181375304264 | Elapsed time: 167.12291049957275
Epoch: 257 | Training loss: 1.5032145247530582 | Elapsed time: 166.3381803035736
Epoch: 258 | Training loss: 1.5053360622320602 | Elapsed time: 166.5995683670044
Epoch: 259 | Training loss: 1.503439510046546 | Elapsed time: 167.29349565505981
Epoch: 260 | Training loss: 1.4974267073531649 | Elapsed time: 167.04492259025574
Epoch: 261 | Training loss: 1.4981756833062243 | Elapsed time: 166.48257327079773
Epoch: 262 | Training loss: 1.4878995578680465 | Elapsed time: 167.40594696998596
Epoch: 263 | Training loss: 1.4967070782362526 | Elapsed time: 168.0381908416748
Epoch: 264 | Training loss: 1.4957344371881058 | Elapsed time: 166.76692175865173
Epoch: 265 | Training loss: 1.4873960676477915 | Elapsed time: 166.57415199279785
Epoch: 266 | Training loss: 1.4867302375053293 | Elapsed time: 166.57727026939392
Epoch: 267 | Training loss: 1.4846986372079423 | Elapsed time: 167.5478491783142
Epoch: 268 | Training loss: 1.4920433492802863 | Elapsed time: 167.4078333377838
Epoch: 269 | Training loss: 1.486243626964626 | Elapsed time: 167.1807107925415
Epoch: 270 | Training loss: 1.4874375702729865 | Elapsed time: 166.58892583847046
Epoch: 271 | Training loss: 1.4871585564826852 | Elapsed time: 167.40575766563416
Epoch: 272 | Training loss: 1.4861900379408652 | Elapsed time: 167.3787727355957
Epoch: 273 | Training loss: 1.4751372568642915 | Elapsed time: 167.1667823791504
Epoch: 274 | Training loss: 1.484876511701897 | Elapsed time: 168.08013558387756
Epoch: 275 | Training loss: 1.474827905199421 | Elapsed time: 167.37408685684204
Epoch: 276 | Training loss: 1.4796336248739441 | Elapsed time: 167.89684200286865
Epoch: 277 | Training loss: 1.4787210243851392 | Elapsed time: 166.81324672698975
Epoch: 278 | Training loss: 1.4744105125541118 | Elapsed time: 166.7128927707672
Epoch: 279 | Training loss: 1.46832534804273 | Elapsed time: 167.2928204536438
Epoch: 280 | Training loss: 1.46996084433883 | Elapsed time: 167.51072669029236
Epoch: 281 | Training loss: 1.4757340328017277 | Elapsed time: 166.85358595848083
Epoch: 282 | Training loss: 1.4677645359466325 | Elapsed time: 167.03627490997314
Epoch: 283 | Training loss: 1.473087691549045 | Elapsed time: 166.8016164302826
Epoch: 284 | Training loss: 1.462459138969877 | Elapsed time: 166.53116106987
Epoch: 285 | Training loss: 1.4717129789181609 | Elapsed time: 166.48847913742065
Epoch: 286 | Training loss: 1.46392963359605 | Elapsed time: 166.3853521347046
Epoch: 287 | Training loss: 1.4696769127205236 | Elapsed time: 167.83714389801025
Epoch: 288 | Training loss: 1.464208065573849 | Elapsed time: 167.6251835823059
Epoch: 289 | Training loss: 1.45640094778431 | Elapsed time: 167.66668605804443
Epoch: 290 | Training loss: 1.4672577221002152 | Elapsed time: 167.9105339050293
Epoch: 291 | Training loss: 1.4692159286185877 | Elapsed time: 168.0598759651184
Epoch: 292 | Training loss: 1.4627454067344097 | Elapsed time: 167.6824119091034
Epoch: 293 | Training loss: 1.4553408925213032 | Elapsed time: 167.2445604801178
Epoch: 294 | Training loss: 1.4538747036634987 | Elapsed time: 168.1433801651001
Epoch: 295 | Training loss: 1.458661061614307 | Elapsed time: 166.95843124389648
Epoch: 296 | Training loss: 1.4517544507980347 | Elapsed time: 166.66729617118835
Epoch: 297 | Training loss: 1.4519556493901495 | Elapsed time: 167.37948727607727
Epoch: 298 | Training loss: 1.454216896598019 | Elapsed time: 167.24851202964783
Epoch: 299 | Training loss: 1.4503048231352622 | Elapsed time: 167.41113114356995
Epoch: 300 | Training loss: 1.4527624525240999 | Elapsed time: 167.0111722946167
Saving model to: /scratch/eo41/visual-recognition-memory/gpt_finetuned_models/imagenet1_gimel_konkle_iid_300.pt
Epoch: 301 | Training loss: 1.4510052364263961 | Elapsed time: 168.59351015090942
Epoch: 302 | Training loss: 1.446497709003847 | Elapsed time: 166.91177535057068
Epoch: 303 | Training loss: 1.4470746232502496 | Elapsed time: 167.1776728630066
Epoch: 304 | Training loss: 1.4495765273250751 | Elapsed time: 166.73380708694458
Epoch: 305 | Training loss: 1.444107786932988 | Elapsed time: 167.20169234275818
Epoch: 306 | Training loss: 1.4419786930084229 | Elapsed time: 167.1831088066101
Epoch: 307 | Training loss: 1.4418193137467796 | Elapsed time: 167.33910608291626
Epoch: 308 | Training loss: 1.4429757043496887 | Elapsed time: 167.34195017814636
Epoch: 309 | Training loss: 1.4399378264128273 | Elapsed time: 167.63360023498535
Epoch: 310 | Training loss: 1.440290538232718 | Elapsed time: 166.84312558174133
Epoch: 311 | Training loss: 1.4376462093040125 | Elapsed time: 167.08492875099182
Epoch: 312 | Training loss: 1.43669924985117 | Elapsed time: 166.5482108592987
Epoch: 313 | Training loss: 1.4426349330304273 | Elapsed time: 167.65828609466553
Epoch: 314 | Training loss: 1.4382048827498706 | Elapsed time: 167.1032054424286
Epoch: 315 | Training loss: 1.437240648625502 | Elapsed time: 167.202632188797
Epoch: 316 | Training loss: 1.4291167045707134 | Elapsed time: 167.8086359500885
Epoch: 317 | Training loss: 1.4375547882336288 | Elapsed time: 167.41696572303772
Epoch: 318 | Training loss: 1.4366255963026588 | Elapsed time: 167.75186777114868
Epoch: 319 | Training loss: 1.4376850661946767 | Elapsed time: 166.4109935760498
Epoch: 320 | Training loss: 1.4368040846354926 | Elapsed time: 166.42291688919067
Epoch: 321 | Training loss: 1.4302015927300524 | Elapsed time: 167.28531312942505
Epoch: 322 | Training loss: 1.430715980814464 | Elapsed time: 166.76023054122925
Epoch: 323 | Training loss: 1.42768253853072 | Elapsed time: 166.73293113708496
Epoch: 324 | Training loss: 1.4224258607892848 | Elapsed time: 166.44602847099304
Epoch: 325 | Training loss: 1.4272377544374608 | Elapsed time: 166.69190382957458
Epoch: 326 | Training loss: 1.4151481318829664 | Elapsed time: 166.68592166900635
Epoch: 327 | Training loss: 1.4232755223316933 | Elapsed time: 167.52438235282898
Epoch: 328 | Training loss: 1.4181366642909263 | Elapsed time: 166.6048572063446
Epoch: 329 | Training loss: 1.4234929938814533 | Elapsed time: 167.5215983390808
Epoch: 330 | Training loss: 1.4210905672898932 | Elapsed time: 167.7295219898224
Epoch: 331 | Training loss: 1.4171086460796756 | Elapsed time: 167.144686460495
Epoch: 332 | Training loss: 1.4191601418737154 | Elapsed time: 166.58360075950623
Epoch: 333 | Training loss: 1.4200567612007482 | Elapsed time: 166.67615914344788
Epoch: 334 | Training loss: 1.4203264606532766 | Elapsed time: 166.8248791694641
Epoch: 335 | Training loss: 1.4145360277659857 | Elapsed time: 167.15384030342102
Epoch: 336 | Training loss: 1.4198274043068957 | Elapsed time: 167.26488542556763
Epoch: 337 | Training loss: 1.408040347383983 | Elapsed time: 166.66517114639282
Epoch: 338 | Training loss: 1.408252965158491 | Elapsed time: 167.13385152816772
Epoch: 339 | Training loss: 1.4150209978445252 | Elapsed time: 167.09750843048096
Epoch: 340 | Training loss: 1.4211428894925473 | Elapsed time: 167.5706548690796
Epoch: 341 | Training loss: 1.4158951987081498 | Elapsed time: 167.09111762046814
Epoch: 342 | Training loss: 1.4137667381941383 | Elapsed time: 166.94509744644165
Epoch: 343 | Training loss: 1.4086868940894284 | Elapsed time: 167.32745456695557
Epoch: 344 | Training loss: 1.412572769976374 | Elapsed time: 167.56010627746582
Epoch: 345 | Training loss: 1.4085892065247494 | Elapsed time: 168.0189938545227
Epoch: 346 | Training loss: 1.4034916198075706 | Elapsed time: 167.51038122177124
Epoch: 347 | Training loss: 1.4019575136810987 | Elapsed time: 166.9765522480011
Epoch: 348 | Training loss: 1.4116509868137872 | Elapsed time: 166.4834349155426
Epoch: 349 | Training loss: 1.4012572231577403 | Elapsed time: 167.80490708351135
Epoch: 350 | Training loss: 1.4011214971542358 | Elapsed time: 167.18513369560242
Saving model to: /scratch/eo41/visual-recognition-memory/gpt_finetuned_models/imagenet1_gimel_konkle_iid_350.pt
Epoch: 351 | Training loss: 1.402096764365239 | Elapsed time: 167.97413730621338
Epoch: 352 | Training loss: 1.4020352061115093 | Elapsed time: 167.37474012374878
Epoch: 353 | Training loss: 1.3994391160224802 | Elapsed time: 167.09972095489502
Epoch: 354 | Training loss: 1.3967685646085597 | Elapsed time: 167.68454337120056
Epoch: 355 | Training loss: 1.3975020451332205 | Elapsed time: 166.74160981178284
Epoch: 356 | Training loss: 1.4000822750490103 | Elapsed time: 167.21981644630432
Epoch: 357 | Training loss: 1.39246490642206 | Elapsed time: 167.3153941631317
Epoch: 358 | Training loss: 1.3945022180898865 | Elapsed time: 167.30342602729797
Epoch: 359 | Training loss: 1.3943636808822404 | Elapsed time: 166.63294172286987
Epoch: 360 | Training loss: 1.3964667854024404 | Elapsed time: 167.5042552947998
Epoch: 361 | Training loss: 1.3966878225554282 | Elapsed time: 166.86622023582458
Epoch: 362 | Training loss: 1.3929981527043813 | Elapsed time: 167.31390690803528
Epoch: 363 | Training loss: 1.3872711694062645 | Elapsed time: 167.72165083885193
Epoch: 364 | Training loss: 1.390992981284412 | Elapsed time: 166.9432954788208
Epoch: 365 | Training loss: 1.3960491774687127 | Elapsed time: 167.85872983932495
Epoch: 366 | Training loss: 1.3875599868261992 | Elapsed time: 167.11639952659607
Epoch: 367 | Training loss: 1.3926333491481953 | Elapsed time: 167.36865639686584
Epoch: 368 | Training loss: 1.3938212270167336 | Elapsed time: 167.72107648849487
Epoch: 369 | Training loss: 1.386430904046813 | Elapsed time: 168.38948512077332
Epoch: 370 | Training loss: 1.3910461450690654 | Elapsed time: 167.03269410133362
Epoch: 371 | Training loss: 1.3868243480796245 | Elapsed time: 167.1635241508484
Epoch: 372 | Training loss: 1.3822742237973569 | Elapsed time: 168.12804985046387
Epoch: 373 | Training loss: 1.3864585694982046 | Elapsed time: 167.7923345565796
Epoch: 374 | Training loss: 1.3851841616986402 | Elapsed time: 167.36616277694702
Epoch: 375 | Training loss: 1.391835931521743 | Elapsed time: 167.62556219100952
Epoch: 376 | Training loss: 1.3858021390971853 | Elapsed time: 166.53305220603943
Epoch: 377 | Training loss: 1.381262768560381 | Elapsed time: 167.1146330833435
Epoch: 378 | Training loss: 1.381901947420035 | Elapsed time: 167.9286665916443
Epoch: 379 | Training loss: 1.3838297395563837 | Elapsed time: 168.24941205978394
Epoch: 380 | Training loss: 1.3863825637902787 | Elapsed time: 166.3093764781952
Epoch: 381 | Training loss: 1.3798508822028317 | Elapsed time: 166.91140937805176
Epoch: 382 | Training loss: 1.374163798431852 | Elapsed time: 167.64003086090088
Epoch: 383 | Training loss: 1.375526648848804 | Elapsed time: 168.4309606552124
Epoch: 384 | Training loss: 1.3711734850015214 | Elapsed time: 167.1386697292328
Epoch: 385 | Training loss: 1.380262380215659 | Elapsed time: 167.18446493148804
Epoch: 386 | Training loss: 1.3717638218580788 | Elapsed time: 166.87784481048584
Epoch: 387 | Training loss: 1.3669782912553246 | Elapsed time: 167.17115306854248
Epoch: 388 | Training loss: 1.3761100769042969 | Elapsed time: 166.32822942733765
Epoch: 389 | Training loss: 1.3667302042690677 | Elapsed time: 166.50820755958557
Epoch: 390 | Training loss: 1.372040058249858 | Elapsed time: 167.05894660949707
Epoch: 391 | Training loss: 1.370698485801469 | Elapsed time: 167.0424611568451
Epoch: 392 | Training loss: 1.3682585136214298 | Elapsed time: 166.30949711799622
Epoch: 393 | Training loss: 1.3705116634938255 | Elapsed time: 166.81651639938354
Epoch: 394 | Training loss: 1.3710876632092603 | Elapsed time: 167.80064916610718
Epoch: 395 | Training loss: 1.3662491164990325 | Elapsed time: 166.31901812553406
Epoch: 396 | Training loss: 1.3690781184096834 | Elapsed time: 166.93560314178467
Epoch: 397 | Training loss: 1.3609453208410918 | Elapsed time: 167.55848813056946
Epoch: 398 | Training loss: 1.3645939079683218 | Elapsed time: 166.95258331298828
Epoch: 399 | Training loss: 1.3660265758856018 | Elapsed time: 166.16932916641235
Epoch: 400 | Training loss: 1.3657267164828173 | Elapsed time: 166.96381545066833
Saving model to: /scratch/eo41/visual-recognition-memory/gpt_finetuned_models/imagenet1_gimel_konkle_iid_400.pt
Epoch: 401 | Training loss: 1.3693677649569156 | Elapsed time: 167.64881229400635
Epoch: 402 | Training loss: 1.357816301175018 | Elapsed time: 166.99201822280884
Epoch: 403 | Training loss: 1.3602523963842819 | Elapsed time: 166.50503778457642
Epoch: 404 | Training loss: 1.360526092016875 | Elapsed time: 167.1153633594513
Epoch: 405 | Training loss: 1.363852326549701 | Elapsed time: 168.08792567253113
Epoch: 406 | Training loss: 1.360952711817044 | Elapsed time: 166.50405550003052
Epoch: 407 | Training loss: 1.3581147389625436 | Elapsed time: 166.41926288604736
Epoch: 408 | Training loss: 1.3574039331123011 | Elapsed time: 166.40594673156738
Epoch: 409 | Training loss: 1.3551776320187015 | Elapsed time: 167.70161700248718
Epoch: 410 | Training loss: 1.3501723026161763 | Elapsed time: 166.91762852668762
Epoch: 411 | Training loss: 1.3524256837901785 | Elapsed time: 167.50115060806274
Epoch: 412 | Training loss: 1.3590166906812298 | Elapsed time: 168.09624934196472
Epoch: 413 | Training loss: 1.3585957947062022 | Elapsed time: 167.14805269241333
Epoch: 414 | Training loss: 1.3550369099004944 | Elapsed time: 168.2559666633606
Epoch: 415 | Training loss: 1.355769018628704 | Elapsed time: 166.93430495262146
Epoch: 416 | Training loss: 1.3466788405802712 | Elapsed time: 166.93863558769226
Epoch: 417 | Training loss: 1.3471094939246107 | Elapsed time: 167.78763580322266
Epoch: 418 | Training loss: 1.354594572266536 | Elapsed time: 167.19276928901672
Epoch: 419 | Training loss: 1.359781446741588 | Elapsed time: 166.64833402633667
Epoch: 420 | Training loss: 1.3503912438207597 | Elapsed time: 167.7159423828125
Epoch: 421 | Training loss: 1.3494374058139857 | Elapsed time: 166.78807282447815
Epoch: 422 | Training loss: 1.3515282139849307 | Elapsed time: 166.92300868034363
Epoch: 423 | Training loss: 1.345385515867774 | Elapsed time: 166.7069230079651
Epoch: 424 | Training loss: 1.3412413312428033 | Elapsed time: 166.58919215202332
Epoch: 425 | Training loss: 1.3486589869456505 | Elapsed time: 166.93305730819702
Epoch: 426 | Training loss: 1.3429432004245359 | Elapsed time: 166.80918383598328
Epoch: 427 | Training loss: 1.3431485321984362 | Elapsed time: 166.67551112174988
Epoch: 428 | Training loss: 1.3414098415801774 | Elapsed time: 166.81190061569214
Epoch: 429 | Training loss: 1.3436076907969232 | Elapsed time: 167.22005152702332
Epoch: 430 | Training loss: 1.345081133628959 | Elapsed time: 166.855322599411
Epoch: 431 | Training loss: 1.3418696122383005 | Elapsed time: 166.46919322013855
Epoch: 432 | Training loss: 1.3458757436097557 | Elapsed time: 167.11722803115845
Epoch: 433 | Training loss: 1.3407690934280851 | Elapsed time: 166.99909162521362
Epoch: 434 | Training loss: 1.3435175507815915 | Elapsed time: 166.83048367500305
Epoch: 435 | Training loss: 1.3439812642424853 | Elapsed time: 167.0023274421692
Epoch: 436 | Training loss: 1.3428871951886077 | Elapsed time: 166.984680891037
Epoch: 437 | Training loss: 1.3399563084787398 | Elapsed time: 166.83163142204285
Epoch: 438 | Training loss: 1.3402069166525086 | Elapsed time: 166.48220491409302
Epoch: 439 | Training loss: 1.3397372284931923 | Elapsed time: 167.2259340286255
Epoch: 440 | Training loss: 1.3437502401978223 | Elapsed time: 166.95757174491882
Epoch: 441 | Training loss: 1.3287119135927798 | Elapsed time: 166.45594334602356
Epoch: 442 | Training loss: 1.3390368774755677 | Elapsed time: 166.70122504234314
Epoch: 443 | Training loss: 1.3362202502008695 | Elapsed time: 166.81742238998413
Epoch: 444 | Training loss: 1.33454216772051 | Elapsed time: 167.5318992137909
Epoch: 445 | Training loss: 1.328572892431003 | Elapsed time: 167.50507020950317
Epoch: 446 | Training loss: 1.3298052602739476 | Elapsed time: 167.0706958770752
Epoch: 447 | Training loss: 1.3320389274340958 | Elapsed time: 167.221697807312
Epoch: 448 | Training loss: 1.3320789194818754 | Elapsed time: 167.84407877922058
Epoch: 449 | Training loss: 1.3230586389997112 | Elapsed time: 167.4120376110077
Epoch: 450 | Training loss: 1.3317687422481936 | Elapsed time: 167.56857991218567
Saving model to: /scratch/eo41/visual-recognition-memory/gpt_finetuned_models/imagenet1_gimel_konkle_iid_450.pt
Epoch: 451 | Training loss: 1.3301159410334344 | Elapsed time: 168.33732533454895
Epoch: 452 | Training loss: 1.3244311702785208 | Elapsed time: 167.69531726837158
Epoch: 453 | Training loss: 1.3217547188943892 | Elapsed time: 168.4282157421112
Epoch: 454 | Training loss: 1.3228651516473116 | Elapsed time: 167.45959997177124
Epoch: 455 | Training loss: 1.326547775695573 | Elapsed time: 166.99583792686462
Epoch: 456 | Training loss: 1.332945035464728 | Elapsed time: 167.38151812553406
Epoch: 457 | Training loss: 1.3228359435921284 | Elapsed time: 166.69195103645325
Epoch: 458 | Training loss: 1.3255664181353441 | Elapsed time: 166.26621532440186
Epoch: 459 | Training loss: 1.320286498140933 | Elapsed time: 167.22934412956238
Epoch: 460 | Training loss: 1.3245688214230893 | Elapsed time: 166.7700915336609
Epoch: 461 | Training loss: 1.3199309075056618 | Elapsed time: 166.29177927970886
Epoch: 462 | Training loss: 1.3215459104794174 | Elapsed time: 166.39641046524048
Epoch: 463 | Training loss: 1.3269086204358 | Elapsed time: 167.1419928073883
Epoch: 464 | Training loss: 1.3235193188510723 | Elapsed time: 166.24531602859497
Epoch: 465 | Training loss: 1.3218930319174012 | Elapsed time: 167.09950757026672
Epoch: 466 | Training loss: 1.3186891826231089 | Elapsed time: 166.14536046981812
Epoch: 467 | Training loss: 1.3150246463604827 | Elapsed time: 166.70267820358276
Epoch: 468 | Training loss: 1.3137445254112357 | Elapsed time: 166.74364495277405
Epoch: 469 | Training loss: 1.320531142291738 | Elapsed time: 168.33264231681824
Epoch: 470 | Training loss: 1.3166138947899662 | Elapsed time: 167.68311095237732
Epoch: 471 | Training loss: 1.3153168888234381 | Elapsed time: 167.67487597465515
Epoch: 472 | Training loss: 1.3090196100633535 | Elapsed time: 166.24778294563293
Epoch: 473 | Training loss: 1.313575408351955 | Elapsed time: 167.58076858520508
Epoch: 474 | Training loss: 1.3084430267561729 | Elapsed time: 167.05745267868042
Epoch: 475 | Training loss: 1.3153156095476293 | Elapsed time: 166.8451066017151
Epoch: 476 | Training loss: 1.3147804078771108 | Elapsed time: 167.06243252754211
Epoch: 477 | Training loss: 1.3132965297841315 | Elapsed time: 167.61764121055603
Epoch: 478 | Training loss: 1.3075354917725521 | Elapsed time: 166.80916166305542
Epoch: 479 | Training loss: 1.2984915491360336 | Elapsed time: 166.95891976356506
Epoch: 480 | Training loss: 1.3038978131849375 | Elapsed time: 166.84161067008972
Epoch: 481 | Training loss: 1.3069388919801854 | Elapsed time: 167.28489995002747
Epoch: 482 | Training loss: 1.3107553560342362 | Elapsed time: 167.30051064491272
Epoch: 483 | Training loss: 1.3114419801911312 | Elapsed time: 167.58107256889343
Epoch: 484 | Training loss: 1.301626539942044 | Elapsed time: 167.07101607322693
Epoch: 485 | Training loss: 1.3056041073443285 | Elapsed time: 166.53800225257874
Epoch: 486 | Training loss: 1.3119350155787681 | Elapsed time: 166.53162598609924
Epoch: 487 | Training loss: 1.3083278652447372 | Elapsed time: 167.7756564617157
Epoch: 488 | Training loss: 1.3060887874062381 | Elapsed time: 167.09301614761353
Epoch: 489 | Training loss: 1.3008656270468413 | Elapsed time: 166.70628595352173
Epoch: 490 | Training loss: 1.3047520420444545 | Elapsed time: 166.68676018714905
Epoch: 491 | Training loss: 1.3077035110388229 | Elapsed time: 167.24032425880432
Epoch: 492 | Training loss: 1.3060407371663336 | Elapsed time: 167.35255360603333
Epoch: 493 | Training loss: 1.3053836235359533 | Elapsed time: 167.51748156547546
Epoch: 494 | Training loss: 1.3083664196640699 | Elapsed time: 167.98297595977783
Epoch: 495 | Training loss: 1.3008014123831222 | Elapsed time: 167.60057044029236
Epoch: 496 | Training loss: 1.3023172670335912 | Elapsed time: 166.64781260490417
Epoch: 497 | Training loss: 1.304354817119997 | Elapsed time: 168.0725963115692
Epoch: 498 | Training loss: 1.3017165571895999 | Elapsed time: 167.53949427604675
Epoch: 499 | Training loss: 1.2980318140627733 | Elapsed time: 166.69325351715088
Epoch: 500 | Training loss: 1.3022264420096554 | Elapsed time: 167.40221405029297
Saving model to: /scratch/eo41/visual-recognition-memory/gpt_finetuned_models/imagenet1_gimel_konkle_iid_500.pt
Epoch: 501 | Training loss: 1.3028499421788686 | Elapsed time: 167.8801989555359
Epoch: 502 | Training loss: 1.2949117582235763 | Elapsed time: 167.75518536567688
Epoch: 503 | Training loss: 1.2960641508671775 | Elapsed time: 167.114426612854
Epoch: 504 | Training loss: 1.2938015443175586 | Elapsed time: 167.05913376808167
Epoch: 505 | Training loss: 1.2970211292380718 | Elapsed time: 167.2670180797577
Epoch: 506 | Training loss: 1.296400100437563 | Elapsed time: 166.92003202438354
Epoch: 507 | Training loss: 1.294049343066429 | Elapsed time: 166.527352809906
Epoch: 508 | Training loss: 1.2948254257885379 | Elapsed time: 166.47040343284607
Epoch: 509 | Training loss: 1.283925118731029 | Elapsed time: 167.64180159568787
Epoch: 510 | Training loss: 1.2950231281679068 | Elapsed time: 166.80316758155823
Epoch: 511 | Training loss: 1.2938503649697375 | Elapsed time: 167.60283946990967
Epoch: 512 | Training loss: 1.2914289947765976 | Elapsed time: 167.8388078212738
Epoch: 513 | Training loss: 1.2902292671488291 | Elapsed time: 168.19868755340576
Epoch: 514 | Training loss: 1.2882408739915534 | Elapsed time: 167.48258113861084
Epoch: 515 | Training loss: 1.2879759482483366 | Elapsed time: 167.05048060417175
Epoch: 516 | Training loss: 1.3016055982504318 | Elapsed time: 167.43332362174988
Epoch: 517 | Training loss: 1.2912059025977976 | Elapsed time: 166.89295053482056
Epoch: 518 | Training loss: 1.2914595479395852 | Elapsed time: 167.70738554000854
Epoch: 519 | Training loss: 1.2893453622931865 | Elapsed time: 166.9824857711792
Epoch: 520 | Training loss: 1.2973780400717436 | Elapsed time: 166.67744946479797
Epoch: 521 | Training loss: 1.2856224348295981 | Elapsed time: 166.4223620891571
Epoch: 522 | Training loss: 1.2797680096839792 | Elapsed time: 166.48243021965027
Epoch: 523 | Training loss: 1.2855502776245573 | Elapsed time: 166.62243175506592
Epoch: 524 | Training loss: 1.2902904179558825 | Elapsed time: 167.85733556747437
Epoch: 525 | Training loss: 1.2840721660585546 | Elapsed time: 167.86522221565247
Epoch: 526 | Training loss: 1.2875843599661072 | Elapsed time: 168.68913340568542
Epoch: 527 | Training loss: 1.277559547281977 | Elapsed time: 166.68234038352966
Epoch: 528 | Training loss: 1.2801299931398078 | Elapsed time: 166.71263360977173
Epoch: 529 | Training loss: 1.2884513726874964 | Elapsed time: 166.35407495498657
Epoch: 530 | Training loss: 1.2816353716067415 | Elapsed time: 166.6525685787201
Epoch: 531 | Training loss: 1.27850523279674 | Elapsed time: 166.59798169136047
Epoch: 532 | Training loss: 1.2760169968676212 | Elapsed time: 167.24299001693726
Epoch: 533 | Training loss: 1.2808926639272207 | Elapsed time: 166.7404589653015
Epoch: 534 | Training loss: 1.275460677360421 | Elapsed time: 166.8344624042511
Epoch: 535 | Training loss: 1.2765158521595286 | Elapsed time: 166.7675597667694
Epoch: 536 | Training loss: 1.2772557628688528 | Elapsed time: 167.0179636478424
Epoch: 537 | Training loss: 1.2811411387884795 | Elapsed time: 166.290198802948
Epoch: 538 | Training loss: 1.2751051863627647 | Elapsed time: 166.82698488235474
Epoch: 539 | Training loss: 1.2757642838492322 | Elapsed time: 166.93886137008667
Epoch: 540 | Training loss: 1.2810634694882292 | Elapsed time: 166.45994424819946
Epoch: 541 | Training loss: 1.2709766786489913 | Elapsed time: 166.61212825775146
Epoch: 542 | Training loss: 1.2756913989337522 | Elapsed time: 166.9854245185852
Epoch: 543 | Training loss: 1.2761229561336005 | Elapsed time: 166.85487413406372
Epoch: 544 | Training loss: 1.271092859666739 | Elapsed time: 166.86144709587097
Epoch: 545 | Training loss: 1.269778219621573 | Elapsed time: 166.86175775527954
Epoch: 546 | Training loss: 1.2737922597287306 | Elapsed time: 166.97861433029175
Epoch: 547 | Training loss: 1.2769305688231738 | Elapsed time: 166.85383105278015
Epoch: 548 | Training loss: 1.2726275618396587 | Elapsed time: 166.93800330162048
Epoch: 549 | Training loss: 1.27217101339084 | Elapsed time: 167.1031632423401
Epoch: 550 | Training loss: 1.274194124919265 | Elapsed time: 167.18568325042725
Saving model to: /scratch/eo41/visual-recognition-memory/gpt_finetuned_models/imagenet1_gimel_konkle_iid_550.pt
Epoch: 551 | Training loss: 1.26763659448766 | Elapsed time: 166.81083178520203
Epoch: 552 | Training loss: 1.268658524128928 | Elapsed time: 168.2272162437439
Epoch: 553 | Training loss: 1.2661859686694927 | Elapsed time: 167.28164863586426
Epoch: 554 | Training loss: 1.2644841119424621 | Elapsed time: 166.51222467422485
Epoch: 555 | Training loss: 1.2652809744450584 | Elapsed time: 168.08532118797302
Epoch: 556 | Training loss: 1.2679695656050498 | Elapsed time: 166.81976342201233
Epoch: 557 | Training loss: 1.2667935054693649 | Elapsed time: 167.46085119247437
Epoch: 558 | Training loss: 1.2708837790275687 | Elapsed time: 166.95853471755981
Epoch: 559 | Training loss: 1.2721486020444044 | Elapsed time: 167.80755972862244
Epoch: 560 | Training loss: 1.2692063779973273 | Elapsed time: 167.00873017311096
Epoch: 561 | Training loss: 1.2699436856739557 | Elapsed time: 167.62492632865906
Epoch: 562 | Training loss: 1.2649999180836464 | Elapsed time: 167.0191833972931
Epoch: 563 | Training loss: 1.2632210485970796 | Elapsed time: 167.1369926929474
Epoch: 564 | Training loss: 1.2636621549947937 | Elapsed time: 166.9188416004181
Epoch: 565 | Training loss: 1.2642389322394756 | Elapsed time: 166.77276706695557
Epoch: 566 | Training loss: 1.2648345089670439 | Elapsed time: 167.25922393798828
Epoch: 567 | Training loss: 1.2603171939280495 | Elapsed time: 166.22372841835022
Epoch: 568 | Training loss: 1.2600928313696562 | Elapsed time: 166.6507728099823
Epoch: 569 | Training loss: 1.2596203462401432 | Elapsed time: 167.4762716293335
Epoch: 570 | Training loss: 1.2614340515279059 | Elapsed time: 167.55241465568542
Epoch: 571 | Training loss: 1.2666005696823348 | Elapsed time: 167.24780678749084
Epoch: 572 | Training loss: 1.255184237636737 | Elapsed time: 167.54360151290894
Epoch: 573 | Training loss: 1.262528101010109 | Elapsed time: 167.33938884735107
Epoch: 574 | Training loss: 1.258387078100176 | Elapsed time: 167.2326316833496
Epoch: 575 | Training loss: 1.2591976977106352 | Elapsed time: 167.5493586063385
Epoch: 576 | Training loss: 1.2555831030233582 | Elapsed time: 167.58316278457642
Epoch: 577 | Training loss: 1.2609983255614097 | Elapsed time: 167.78388357162476
Epoch: 578 | Training loss: 1.2609467719917866 | Elapsed time: 167.54905223846436
Epoch: 579 | Training loss: 1.2549709846724326 | Elapsed time: 167.7031819820404
Epoch: 580 | Training loss: 1.2541892101515586 | Elapsed time: 167.93714141845703
Epoch: 581 | Training loss: 1.2577903519815474 | Elapsed time: 167.9400007724762
Epoch: 582 | Training loss: 1.252829311498955 | Elapsed time: 167.62328433990479
Epoch: 583 | Training loss: 1.2560269957158103 | Elapsed time: 167.24658060073853
Epoch: 584 | Training loss: 1.2591763005327823 | Elapsed time: 167.4453146457672
Epoch: 585 | Training loss: 1.2573737422032143 | Elapsed time: 166.8905987739563
Epoch: 586 | Training loss: 1.2564300654539422 | Elapsed time: 167.48445630073547
Epoch: 587 | Training loss: 1.2529563405620519 | Elapsed time: 167.649352312088
Epoch: 588 | Training loss: 1.2527099758831424 | Elapsed time: 167.6236855983734
Epoch: 589 | Training loss: 1.250822592137465 | Elapsed time: 167.4483768939972
Epoch: 590 | Training loss: 1.248169448838305 | Elapsed time: 167.0374186038971
Epoch: 591 | Training loss: 1.2543822046536117 | Elapsed time: 166.9954752922058
Epoch: 592 | Training loss: 1.2446747537869125 | Elapsed time: 166.86016631126404
Epoch: 593 | Training loss: 1.2505264424566012 | Elapsed time: 167.0678677558899
Epoch: 594 | Training loss: 1.2500771604367156 | Elapsed time: 166.70451164245605
Epoch: 595 | Training loss: 1.2584279046129825 | Elapsed time: 166.8937075138092
Epoch: 596 | Training loss: 1.2545395288894425 | Elapsed time: 166.93428587913513
Epoch: 597 | Training loss: 1.2419727524714683 | Elapsed time: 166.68106341362
Epoch: 598 | Training loss: 1.2403416028663294 | Elapsed time: 166.32636213302612
Epoch: 599 | Training loss: 1.2465458485617567 | Elapsed time: 166.69004201889038
Epoch: 600 | Training loss: 1.248807556593596 | Elapsed time: 166.64486026763916
Saving model to: /scratch/eo41/visual-recognition-memory/gpt_finetuned_models/imagenet1_gimel_konkle_iid_600.pt
Epoch: 601 | Training loss: 1.2456985534127079 | Elapsed time: 166.97781205177307
Epoch: 602 | Training loss: 1.245684376403467 | Elapsed time: 166.69870018959045
Epoch: 603 | Training loss: 1.245455615556062 | Elapsed time: 166.79522037506104
Epoch: 604 | Training loss: 1.2440115337941184 | Elapsed time: 166.91185975074768
Epoch: 605 | Training loss: 1.2514501383055503 | Elapsed time: 166.97626304626465
Epoch: 606 | Training loss: 1.2430615674203902 | Elapsed time: 166.94355964660645
Epoch: 607 | Training loss: 1.2464060000519255 | Elapsed time: 166.88718032836914
Epoch: 608 | Training loss: 1.2491941274102054 | Elapsed time: 166.89967846870422
Epoch: 609 | Training loss: 1.2496387816187162 | Elapsed time: 166.42823266983032
Epoch: 610 | Training loss: 1.2432889689260453 | Elapsed time: 166.60036635398865
Epoch: 611 | Training loss: 1.246505048737597 | Elapsed time: 166.42457795143127
Epoch: 612 | Training loss: 1.2436739722294594 | Elapsed time: 166.64489459991455
Epoch: 613 | Training loss: 1.235898329250848 | Elapsed time: 166.8710060119629
Epoch: 614 | Training loss: 1.2363073114138932 | Elapsed time: 166.33950543403625
Epoch: 615 | Training loss: 1.2395823553426941 | Elapsed time: 166.242737531662
Epoch: 616 | Training loss: 1.2465994696118938 | Elapsed time: 166.74980306625366
Epoch: 617 | Training loss: 1.246075722708631 | Elapsed time: 166.6224238872528
Epoch: 618 | Training loss: 1.2389575260788648 | Elapsed time: 166.61968159675598
Epoch: 619 | Training loss: 1.234884820767303 | Elapsed time: 166.74362421035767
Epoch: 620 | Training loss: 1.2402057629912646 | Elapsed time: 166.6728172302246
Epoch: 621 | Training loss: 1.2389758095812442 | Elapsed time: 166.42895913124084
Epoch: 622 | Training loss: 1.2385173021857419 | Elapsed time: 167.0975615978241
Epoch: 623 | Training loss: 1.2384976771340441 | Elapsed time: 166.7404453754425
Epoch: 624 | Training loss: 1.233164390521263 | Elapsed time: 166.2587857246399
Epoch: 625 | Training loss: 1.2319277613910276 | Elapsed time: 166.67782759666443
Epoch: 626 | Training loss: 1.2284639789097345 | Elapsed time: 166.68786144256592
Epoch: 627 | Training loss: 1.232977297768664 | Elapsed time: 166.5045793056488
Epoch: 628 | Training loss: 1.2353289376443892 | Elapsed time: 166.35170602798462
Epoch: 629 | Training loss: 1.2317242907054389 | Elapsed time: 166.78065180778503
Epoch: 630 | Training loss: 1.2254344331684397 | Elapsed time: 166.82640719413757
Epoch: 631 | Training loss: 1.237276025672457 | Elapsed time: 166.77514338493347
Epoch: 632 | Training loss: 1.231803607584825 | Elapsed time: 166.739111661911
Epoch: 633 | Training loss: 1.2324346837712759 | Elapsed time: 166.8269760608673
Epoch: 634 | Training loss: 1.2321446066472068 | Elapsed time: 166.61186718940735
Epoch: 635 | Training loss: 1.227040452743644 | Elapsed time: 166.48228907585144
Epoch: 636 | Training loss: 1.22596656386532 | Elapsed time: 166.68705534934998
Epoch: 637 | Training loss: 1.2293605306255284 | Elapsed time: 167.167160987854
Epoch: 638 | Training loss: 1.2216449157515568 | Elapsed time: 166.5434114933014
Epoch: 639 | Training loss: 1.227725792287001 | Elapsed time: 166.75236892700195
Epoch: 640 | Training loss: 1.2181872396326776 | Elapsed time: 166.74330878257751
Epoch: 641 | Training loss: 1.2250946671215457 | Elapsed time: 166.7311613559723
Epoch: 642 | Training loss: 1.2211876769564045 | Elapsed time: 166.8989381790161
Epoch: 643 | Training loss: 1.2288218825610715 | Elapsed time: 167.00602006912231
Epoch: 644 | Training loss: 1.230617601480057 | Elapsed time: 166.609769821167
Epoch: 645 | Training loss: 1.230689847647254 | Elapsed time: 166.72043013572693
Epoch: 646 | Training loss: 1.2246565391768272 | Elapsed time: 166.3226912021637
Epoch: 647 | Training loss: 1.220720459276171 | Elapsed time: 166.13098692893982
Epoch: 648 | Training loss: 1.224323550267006 | Elapsed time: 166.4201648235321
Epoch: 649 | Training loss: 1.224129229339201 | Elapsed time: 166.6593418121338
Epoch: 650 | Training loss: 1.226044567663278 | Elapsed time: 166.70452547073364
Saving model to: /scratch/eo41/visual-recognition-memory/gpt_finetuned_models/imagenet1_gimel_konkle_iid_650.pt
Epoch: 651 | Training loss: 1.2203396398629716 | Elapsed time: 166.74748873710632
Epoch: 652 | Training loss: 1.216826841902377 | Elapsed time: 166.55544686317444
Epoch: 653 | Training loss: 1.2189345181877933 | Elapsed time: 166.57112503051758
Epoch: 654 | Training loss: 1.2200196447657115 | Elapsed time: 166.3100926876068
Epoch: 655 | Training loss: 1.2193659366066776 | Elapsed time: 166.90690684318542
Epoch: 656 | Training loss: 1.2216309033223052 | Elapsed time: 167.05713987350464
Epoch: 657 | Training loss: 1.2251671997468863 | Elapsed time: 166.78619933128357
Epoch: 658 | Training loss: 1.22337076913065 | Elapsed time: 167.0698688030243
Epoch: 659 | Training loss: 1.2214836682846297 | Elapsed time: 166.83103585243225
Epoch: 660 | Training loss: 1.2208026558605594 | Elapsed time: 166.6996009349823
Epoch: 661 | Training loss: 1.215181411202274 | Elapsed time: 166.63884711265564
Epoch: 662 | Training loss: 1.2146174623005426 | Elapsed time: 166.89868903160095
Epoch: 663 | Training loss: 1.2192742664422562 | Elapsed time: 166.44525814056396
Epoch: 664 | Training loss: 1.2164077616449613 | Elapsed time: 166.59067034721375
Epoch: 665 | Training loss: 1.217735069901196 | Elapsed time: 166.79674625396729
Epoch: 666 | Training loss: 1.2154228598324222 | Elapsed time: 166.6633780002594
Epoch: 667 | Training loss: 1.2148660634880635 | Elapsed time: 166.67170572280884
Epoch: 668 | Training loss: 1.212884322920842 | Elapsed time: 166.38386964797974
Epoch: 669 | Training loss: 1.2147047768777877 | Elapsed time: 166.41138076782227
Epoch: 670 | Training loss: 1.2149894806876111 | Elapsed time: 166.76400208473206
Epoch: 671 | Training loss: 1.2163210110877878 | Elapsed time: 166.6807074546814
Epoch: 672 | Training loss: 1.2198036375330454 | Elapsed time: 166.3669605255127
Epoch: 673 | Training loss: 1.2147200018612307 | Elapsed time: 166.2879045009613
Epoch: 674 | Training loss: 1.2111891863951043 | Elapsed time: 166.78761768341064
Epoch: 675 | Training loss: 1.217891395981632 | Elapsed time: 166.83962416648865
Epoch: 676 | Training loss: 1.2098360773342758 | Elapsed time: 166.88522863388062
Epoch: 677 | Training loss: 1.2120946325472932 | Elapsed time: 166.48525214195251
Epoch: 678 | Training loss: 1.2132054940978092 | Elapsed time: 167.07059574127197
Epoch: 679 | Training loss: 1.2123119777707911 | Elapsed time: 166.30029320716858
Epoch: 680 | Training loss: 1.209469074633584 | Elapsed time: 166.31049871444702
Epoch: 681 | Training loss: 1.2033712881714551 | Elapsed time: 166.75236320495605
Epoch: 682 | Training loss: 1.2119992953627856 | Elapsed time: 166.6493682861328
Epoch: 683 | Training loss: 1.2077079851235917 | Elapsed time: 166.58500576019287
Epoch: 684 | Training loss: 1.2026027761288542 | Elapsed time: 166.62312722206116
Epoch: 685 | Training loss: 1.2090637381397076 | Elapsed time: 166.9865472316742
Epoch: 686 | Training loss: 1.212056238259842 | Elapsed time: 166.5213062763214
Epoch: 687 | Training loss: 1.2080337200591813 | Elapsed time: 166.7886290550232
Epoch: 688 | Training loss: 1.21261428007439 | Elapsed time: 166.12052154541016
Epoch: 689 | Training loss: 1.2079012091480084 | Elapsed time: 166.87933778762817
Epoch: 690 | Training loss: 1.2077512242900792 | Elapsed time: 166.81689882278442
Epoch: 691 | Training loss: 1.2048126476914136 | Elapsed time: 166.5316128730774
Epoch: 692 | Training loss: 1.201894615123521 | Elapsed time: 167.0463001728058
Epoch: 693 | Training loss: 1.2052262007300534 | Elapsed time: 166.54305410385132
Epoch: 694 | Training loss: 1.1985622199613657 | Elapsed time: 166.78562331199646
Epoch: 695 | Training loss: 1.1971274783362205 | Elapsed time: 166.5946753025055
Epoch: 696 | Training loss: 1.208766697058037 | Elapsed time: 166.77800178527832
Epoch: 697 | Training loss: 1.2036486348109459 | Elapsed time: 166.91702604293823
Epoch: 698 | Training loss: 1.2032522176628682 | Elapsed time: 166.9923393726349
Epoch: 699 | Training loss: 1.2023827958462843 | Elapsed time: 166.71633458137512
Epoch: 700 | Training loss: 1.2020643442424375 | Elapsed time: 166.8295557498932
Saving model to: /scratch/eo41/visual-recognition-memory/gpt_finetuned_models/imagenet1_gimel_konkle_iid_700.pt
Epoch: 701 | Training loss: 1.208949717123117 | Elapsed time: 166.7689332962036
Epoch: 702 | Training loss: 1.1960789232111688 | Elapsed time: 166.8285346031189
Epoch: 703 | Training loss: 1.1969619597961654 | Elapsed time: 166.63039875030518
Epoch: 704 | Training loss: 1.2054238782000186 | Elapsed time: 166.58538103103638
Epoch: 705 | Training loss: 1.2040012896950565 | Elapsed time: 166.86727905273438
Epoch: 706 | Training loss: 1.1956927046846988 | Elapsed time: 166.81185936927795
Epoch: 707 | Training loss: 1.1997413795385787 | Elapsed time: 167.18147039413452
Epoch: 708 | Training loss: 1.1916338979308285 | Elapsed time: 166.32308387756348
Epoch: 709 | Training loss: 1.202591088280749 | Elapsed time: 166.51081657409668
Epoch: 710 | Training loss: 1.1991671857549184 | Elapsed time: 166.473970413208
Epoch: 711 | Training loss: 1.2012171460621393 | Elapsed time: 166.4453203678131
Epoch: 712 | Training loss: 1.2023650336621412 | Elapsed time: 166.75113439559937
Epoch: 713 | Training loss: 1.196338733630394 | Elapsed time: 166.52823305130005
Epoch: 714 | Training loss: 1.193994596822938 | Elapsed time: 167.03704977035522
Epoch: 715 | Training loss: 1.1969549371235406 | Elapsed time: 166.8156247138977
Epoch: 716 | Training loss: 1.1964791603942415 | Elapsed time: 166.93514394760132
Epoch: 717 | Training loss: 1.1985097465230459 | Elapsed time: 166.5148069858551
Epoch: 718 | Training loss: 1.1940143997989483 | Elapsed time: 166.46259593963623
Epoch: 719 | Training loss: 1.2014646654698387 | Elapsed time: 166.94114565849304
Epoch: 720 | Training loss: 1.196728813114451 | Elapsed time: 166.31016755104065
Epoch: 721 | Training loss: 1.1959185262224568 | Elapsed time: 166.90012860298157
Epoch: 722 | Training loss: 1.197762910999469 | Elapsed time: 166.83310174942017
Epoch: 723 | Training loss: 1.1914751529693604 | Elapsed time: 166.30859518051147
Epoch: 724 | Training loss: 1.195723423317297 | Elapsed time: 167.04142355918884
Epoch: 725 | Training loss: 1.1910854133207407 | Elapsed time: 166.7126739025116
Epoch: 726 | Training loss: 1.190947844021356 | Elapsed time: 166.7304244041443
Epoch: 727 | Training loss: 1.1953518034806891 | Elapsed time: 166.2227804660797
Epoch: 728 | Training loss: 1.1919943983875103 | Elapsed time: 166.3497393131256
Epoch: 729 | Training loss: 1.1935881696530242 | Elapsed time: 166.70000410079956
Epoch: 730 | Training loss: 1.1941280329405373 | Elapsed time: 166.45278191566467
Epoch: 731 | Training loss: 1.1926725248792278 | Elapsed time: 166.73413801193237
Epoch: 732 | Training loss: 1.1887544589256174 | Elapsed time: 166.5259907245636
Epoch: 733 | Training loss: 1.1933876169261648 | Elapsed time: 166.49827432632446
Epoch: 734 | Training loss: 1.1886913883152292 | Elapsed time: 166.3322172164917
Epoch: 735 | Training loss: 1.1925918557750645 | Elapsed time: 166.7844216823578
Epoch: 736 | Training loss: 1.1875208883143182 | Elapsed time: 166.72474217414856
Epoch: 737 | Training loss: 1.193299135165428 | Elapsed time: 166.4780421257019
Epoch: 738 | Training loss: 1.188417311924607 | Elapsed time: 166.5402762889862
Epoch: 739 | Training loss: 1.1829957081310785 | Elapsed time: 166.48693704605103
Epoch: 740 | Training loss: 1.1876203675768269 | Elapsed time: 166.38655996322632
Epoch: 741 | Training loss: 1.1891584556494186 | Elapsed time: 166.92571568489075
Epoch: 742 | Training loss: 1.1882055891093923 | Elapsed time: 166.48364233970642
Epoch: 743 | Training loss: 1.1856124881488175 | Elapsed time: 166.50101566314697
Epoch: 744 | Training loss: 1.1865294371078263 | Elapsed time: 166.8441367149353
Epoch: 745 | Training loss: 1.1830822069253495 | Elapsed time: 166.46360158920288
Epoch: 746 | Training loss: 1.1823964261296969 | Elapsed time: 166.38818979263306
Epoch: 747 | Training loss: 1.1891272886475521 | Elapsed time: 166.2575385570526
Epoch: 748 | Training loss: 1.1881956947383596 | Elapsed time: 166.62596607208252
Epoch: 749 | Training loss: 1.1832309907941676 | Elapsed time: 166.75709652900696
Epoch: 750 | Training loss: 1.1809403184634537 | Elapsed time: 166.69891238212585
Saving model to: /scratch/eo41/visual-recognition-memory/gpt_finetuned_models/imagenet1_gimel_konkle_iid_750.pt
Epoch: 751 | Training loss: 1.18801829530232 | Elapsed time: 166.7242157459259
Epoch: 752 | Training loss: 1.180457732570705 | Elapsed time: 166.38226532936096
Epoch: 753 | Training loss: 1.177666509329383 | Elapsed time: 166.2463719844818
Epoch: 754 | Training loss: 1.1730908751487732 | Elapsed time: 166.53548407554626
Epoch: 755 | Training loss: 1.1833492837735076 | Elapsed time: 166.81576681137085
Epoch: 756 | Training loss: 1.183869162602211 | Elapsed time: 166.71779489517212
Epoch: 757 | Training loss: 1.1792529394377524 | Elapsed time: 166.30222916603088
Epoch: 758 | Training loss: 1.1813268020971497 | Elapsed time: 166.6922116279602
Epoch: 759 | Training loss: 1.1773940769594107 | Elapsed time: 166.55624794960022
Epoch: 760 | Training loss: 1.174751835082894 | Elapsed time: 166.35534834861755
Epoch: 761 | Training loss: 1.181245222020505 | Elapsed time: 166.2610204219818
Epoch: 762 | Training loss: 1.1827282247258657 | Elapsed time: 166.75581526756287
Epoch: 763 | Training loss: 1.1851063379600866 | Elapsed time: 166.1810541152954
Epoch: 764 | Training loss: 1.179029482514111 | Elapsed time: 166.5876522064209
Epoch: 765 | Training loss: 1.1785102175242865 | Elapsed time: 166.4667775630951
Epoch: 766 | Training loss: 1.1794720016308684 | Elapsed time: 166.81857347488403
Epoch: 767 | Training loss: 1.1808430241115058 | Elapsed time: 166.90439987182617
Epoch: 768 | Training loss: 1.1813926020664955 | Elapsed time: 166.69935274124146
Epoch: 769 | Training loss: 1.1764395575025188 | Elapsed time: 166.82325792312622
Epoch: 770 | Training loss: 1.1779299280536708 | Elapsed time: 166.55283546447754
Epoch: 771 | Training loss: 1.1782282252809895 | Elapsed time: 166.32627987861633
Epoch: 772 | Training loss: 1.1728872576756264 | Elapsed time: 166.48118209838867
Epoch: 773 | Training loss: 1.1805612685075446 | Elapsed time: 166.2911672592163
Epoch: 774 | Training loss: 1.1709410895162553 | Elapsed time: 166.407142162323
Epoch: 775 | Training loss: 1.1750938643270463 | Elapsed time: 166.43228363990784
Epoch: 776 | Training loss: 1.1782390573131505 | Elapsed time: 166.44284224510193
Epoch: 777 | Training loss: 1.169377270029552 | Elapsed time: 166.79709601402283
Epoch: 778 | Training loss: 1.1753940635652684 | Elapsed time: 167.32894825935364
Epoch: 779 | Training loss: 1.1788317018480443 | Elapsed time: 166.8345170021057
Epoch: 780 | Training loss: 1.1761586025579651 | Elapsed time: 166.66108798980713
Epoch: 781 | Training loss: 1.1764281116314788 | Elapsed time: 166.5130431652069
Epoch: 782 | Training loss: 1.1775531270610753 | Elapsed time: 166.57265281677246
Epoch: 783 | Training loss: 1.1711377368044498 | Elapsed time: 166.67998003959656
Epoch: 784 | Training loss: 1.1657867840866545 | Elapsed time: 166.4054205417633
Epoch: 785 | Training loss: 1.173656104215935 | Elapsed time: 166.74620985984802
Epoch: 786 | Training loss: 1.1688599782203561 | Elapsed time: 166.41487455368042
Epoch: 787 | Training loss: 1.1677061888708997 | Elapsed time: 166.60339403152466
Epoch: 788 | Training loss: 1.1758646644763093 | Elapsed time: 166.79181098937988
Epoch: 789 | Training loss: 1.1678430873956254 | Elapsed time: 166.74189734458923
Epoch: 790 | Training loss: 1.1682456607249245 | Elapsed time: 166.02013969421387
Epoch: 791 | Training loss: 1.1699438077300341 | Elapsed time: 166.4710235595703
Epoch: 792 | Training loss: 1.1699130730842477 | Elapsed time: 166.3898777961731
Epoch: 793 | Training loss: 1.1689038703690713 | Elapsed time: 166.56559658050537
Epoch: 794 | Training loss: 1.1720662561815176 | Elapsed time: 166.43982672691345
Epoch: 795 | Training loss: 1.1629425714265054 | Elapsed time: 166.200213432312
Epoch: 796 | Training loss: 1.1674798976129561 | Elapsed time: 166.6929497718811
Epoch: 797 | Training loss: 1.1700270344961936 | Elapsed time: 166.17422246932983
Epoch: 798 | Training loss: 1.1694539874347287 | Elapsed time: 166.41977834701538
Epoch: 799 | Training loss: 1.1696186314767867 | Elapsed time: 166.09483528137207
Epoch: 800 | Training loss: 1.1605821839019435 | Elapsed time: 166.68296790122986
Saving model to: /scratch/eo41/visual-recognition-memory/gpt_finetuned_models/imagenet1_gimel_konkle_iid_800.pt
Epoch: 801 | Training loss: 1.171892940108456 | Elapsed time: 166.74333596229553
Epoch: 802 | Training loss: 1.164440224419779 | Elapsed time: 166.76953959465027
Epoch: 803 | Training loss: 1.1666049583634335 | Elapsed time: 166.33759713172913
Epoch: 804 | Training loss: 1.1610857977795956 | Elapsed time: 166.55167198181152
Epoch: 805 | Training loss: 1.168961259856153 | Elapsed time: 166.49885654449463
Epoch: 806 | Training loss: 1.159813532188757 | Elapsed time: 166.64759182929993
Epoch: 807 | Training loss: 1.1622356354300656 | Elapsed time: 166.35535979270935
Epoch: 808 | Training loss: 1.1654031152155861 | Elapsed time: 166.45824432373047
Epoch: 809 | Training loss: 1.1606484669357984 | Elapsed time: 166.42413926124573
Epoch: 810 | Training loss: 1.1601031858529618 | Elapsed time: 167.00649309158325
Epoch: 811 | Training loss: 1.1629586735768105 | Elapsed time: 166.258935213089
Epoch: 812 | Training loss: 1.1595953186946129 | Elapsed time: 166.1655466556549
Epoch: 813 | Training loss: 1.16185462474823 | Elapsed time: 166.5475001335144
Epoch: 814 | Training loss: 1.1638156033273954 | Elapsed time: 166.32407116889954
Epoch: 815 | Training loss: 1.1618442998003604 | Elapsed time: 166.71853637695312
Epoch: 816 | Training loss: 1.1558040896458412 | Elapsed time: 166.8713343143463
Epoch: 817 | Training loss: 1.1616017391432578 | Elapsed time: 166.34637546539307
Epoch: 818 | Training loss: 1.1556267969643892 | Elapsed time: 167.00165629386902
Epoch: 819 | Training loss: 1.16121619317069 | Elapsed time: 166.4980387687683
Epoch: 820 | Training loss: 1.160072659378621 | Elapsed time: 166.8503499031067
Epoch: 821 | Training loss: 1.1608523610812516 | Elapsed time: 166.90190601348877
Epoch: 822 | Training loss: 1.165066429038546 | Elapsed time: 166.31225633621216
Epoch: 823 | Training loss: 1.1597974816365029 | Elapsed time: 166.83312249183655
Epoch: 824 | Training loss: 1.1548989771017388 | Elapsed time: 166.50184869766235
Epoch: 825 | Training loss: 1.1586979725467625 | Elapsed time: 166.66479587554932
Epoch: 826 | Training loss: 1.162965988045308 | Elapsed time: 166.41618061065674
Epoch: 827 | Training loss: 1.1604735192967885 | Elapsed time: 166.4821298122406
Epoch: 828 | Training loss: 1.1550834143339699 | Elapsed time: 166.7262899875641
Epoch: 829 | Training loss: 1.1598326199090303 | Elapsed time: 166.51463413238525
Epoch: 830 | Training loss: 1.1506391781479566 | Elapsed time: 166.55382370948792
Epoch: 831 | Training loss: 1.1530746933239608 | Elapsed time: 166.89581418037415
Epoch: 832 | Training loss: 1.157585816596871 | Elapsed time: 166.56929183006287
Epoch: 833 | Training loss: 1.1566478280878778 | Elapsed time: 166.11660146713257
Epoch: 834 | Training loss: 1.1532954235575092 | Elapsed time: 166.86301517486572
Epoch: 835 | Training loss: 1.161551888309308 | Elapsed time: 166.4274663925171
Epoch: 836 | Training loss: 1.1523062577888148 | Elapsed time: 166.47949743270874
Epoch: 837 | Training loss: 1.1555421886159414 | Elapsed time: 166.3587098121643
Epoch: 838 | Training loss: 1.1592433078965145 | Elapsed time: 166.86224389076233
Epoch: 839 | Training loss: 1.1573657882747366 | Elapsed time: 166.8556911945343
Epoch: 840 | Training loss: 1.1595957581676655 | Elapsed time: 166.34253215789795
Epoch: 841 | Training loss: 1.1558386781322423 | Elapsed time: 166.86928963661194
Epoch: 842 | Training loss: 1.1469231532580817 | Elapsed time: 166.41354084014893
Epoch: 843 | Training loss: 1.154904338850904 | Elapsed time: 166.59247469902039
Epoch: 844 | Training loss: 1.152015138028273 | Elapsed time: 166.62666177749634
Epoch: 845 | Training loss: 1.1464930230112218 | Elapsed time: 166.42989230155945
Epoch: 846 | Training loss: 1.1470128360079295 | Elapsed time: 166.33544278144836
Epoch: 847 | Training loss: 1.1509168379342378 | Elapsed time: 166.25433373451233
Epoch: 848 | Training loss: 1.1518631853274446 | Elapsed time: 166.44668292999268
Epoch: 849 | Training loss: 1.1511658421203272 | Elapsed time: 166.65575098991394
Epoch: 850 | Training loss: 1.1531501350118154 | Elapsed time: 166.58655667304993
Saving model to: /scratch/eo41/visual-recognition-memory/gpt_finetuned_models/imagenet1_gimel_konkle_iid_850.pt
Epoch: 851 | Training loss: 1.1516858837497768 | Elapsed time: 166.79294347763062
Epoch: 852 | Training loss: 1.1479440429317418 | Elapsed time: 167.2717638015747
Epoch: 853 | Training loss: 1.1474049429395305 | Elapsed time: 166.81093955039978
Epoch: 854 | Training loss: 1.1518561795576294 | Elapsed time: 166.50684881210327
Epoch: 855 | Training loss: 1.1487366921866118 | Elapsed time: 166.48859786987305
Epoch: 856 | Training loss: 1.1471686443286155 | Elapsed time: 166.45300936698914
Epoch: 857 | Training loss: 1.141562246564609 | Elapsed time: 166.67025470733643
Epoch: 858 | Training loss: 1.1491199678449489 | Elapsed time: 166.37756729125977
Epoch: 859 | Training loss: 1.1481875287952708 | Elapsed time: 166.56893754005432
Epoch: 860 | Training loss: 1.1487987254982563 | Elapsed time: 166.6087532043457
Epoch: 861 | Training loss: 1.1457386924259698 | Elapsed time: 166.80462050437927
Epoch: 862 | Training loss: 1.151521198785127 | Elapsed time: 166.19741559028625
Epoch: 863 | Training loss: 1.1416650850381425 | Elapsed time: 166.42438387870789
Epoch: 864 | Training loss: 1.1547616435520685 | Elapsed time: 166.3776993751526
Epoch: 865 | Training loss: 1.145648473234319 | Elapsed time: 166.3978774547577
Epoch: 866 | Training loss: 1.1460887656283023 | Elapsed time: 166.9000222682953
Epoch: 867 | Training loss: 1.144088766468105 | Elapsed time: 166.30524826049805
Epoch: 868 | Training loss: 1.152440211666164 | Elapsed time: 166.19630122184753
Epoch: 869 | Training loss: 1.143992906186118 | Elapsed time: 166.1760151386261
Epoch: 870 | Training loss: 1.1409012230474558 | Elapsed time: 166.4873502254486
Epoch: 871 | Training loss: 1.1401218033548612 | Elapsed time: 166.8121337890625
Epoch: 872 | Training loss: 1.139251249939648 | Elapsed time: 166.65916848182678
Epoch: 873 | Training loss: 1.1459207997393253 | Elapsed time: 166.43298768997192
Epoch: 874 | Training loss: 1.1413374721114316 | Elapsed time: 166.63852071762085
Epoch: 875 | Training loss: 1.136368704375936 | Elapsed time: 166.40269994735718
Epoch: 876 | Training loss: 1.1454774906386191 | Elapsed time: 166.39736151695251
Epoch: 877 | Training loss: 1.1473652480253533 | Elapsed time: 166.42979073524475
Epoch: 878 | Training loss: 1.1402250385996122 | Elapsed time: 166.45078992843628
Epoch: 879 | Training loss: 1.1408371898665357 | Elapsed time: 166.70784497261047
Epoch: 880 | Training loss: 1.1424673244134704 | Elapsed time: 166.42720365524292
Epoch: 881 | Training loss: 1.1431899889191586 | Elapsed time: 166.66410374641418
Epoch: 882 | Training loss: 1.1368277179661082 | Elapsed time: 166.78003644943237
Epoch: 883 | Training loss: 1.1340223728720822 | Elapsed time: 166.66183304786682
Epoch: 884 | Training loss: 1.1410669230703097 | Elapsed time: 167.11107325553894
Epoch: 885 | Training loss: 1.1403487511535189 | Elapsed time: 166.71043872833252
Epoch: 886 | Training loss: 1.1434680321323338 | Elapsed time: 166.6299753189087
Epoch: 887 | Training loss: 1.1317377001491946 | Elapsed time: 166.37775945663452
Epoch: 888 | Training loss: 1.1423274545527216 | Elapsed time: 166.2880368232727
Epoch: 889 | Training loss: 1.1363332556254828 | Elapsed time: 166.71067118644714
Epoch: 890 | Training loss: 1.1334825522864043 | Elapsed time: 166.36757802963257
Epoch: 891 | Training loss: 1.1356534237292275 | Elapsed time: 166.152676820755
Epoch: 892 | Training loss: 1.1330277875288208 | Elapsed time: 167.2056224346161
Epoch: 893 | Training loss: 1.1372888791027354 | Elapsed time: 166.9988658428192
Epoch: 894 | Training loss: 1.1368674093217992 | Elapsed time: 166.24788165092468
Epoch: 895 | Training loss: 1.141385526799444 | Elapsed time: 166.26589488983154
Epoch: 896 | Training loss: 1.1416435855538098 | Elapsed time: 167.277010679245
Epoch: 897 | Training loss: 1.135801799261748 | Elapsed time: 166.79814982414246
Epoch: 898 | Training loss: 1.1405184749347062 | Elapsed time: 166.50353407859802
Epoch: 899 | Training loss: 1.1381555350858774 | Elapsed time: 166.90449237823486
Epoch: 900 | Training loss: 1.1405626909056705 | Elapsed time: 167.07074403762817
Saving model to: /scratch/eo41/visual-recognition-memory/gpt_finetuned_models/imagenet1_gimel_konkle_iid_900.pt
Epoch: 901 | Training loss: 1.1372309780832548 | Elapsed time: 166.63689064979553
Epoch: 902 | Training loss: 1.131749549018803 | Elapsed time: 167.0101191997528
Epoch: 903 | Training loss: 1.1330824787936993 | Elapsed time: 166.7171449661255
Epoch: 904 | Training loss: 1.1269056049745474 | Elapsed time: 166.38441371917725
Epoch: 905 | Training loss: 1.1318535368833968 | Elapsed time: 166.88577103614807
Epoch: 906 | Training loss: 1.1347958151973896 | Elapsed time: 166.94842791557312
Epoch: 907 | Training loss: 1.13459480164656 | Elapsed time: 166.6738405227661
Epoch: 908 | Training loss: 1.1322282899671525 | Elapsed time: 166.11051106452942
Epoch: 909 | Training loss: 1.1328860120986826 | Elapsed time: 166.4136528968811
Epoch: 910 | Training loss: 1.1269338504591984 | Elapsed time: 165.97047352790833
Epoch: 911 | Training loss: 1.1364615452823355 | Elapsed time: 166.17513704299927
Epoch: 912 | Training loss: 1.1305153245356545 | Elapsed time: 165.96077871322632
Epoch: 913 | Training loss: 1.1372873160376478 | Elapsed time: 166.36705875396729
Epoch: 914 | Training loss: 1.1290224114460732 | Elapsed time: 166.53666138648987
Epoch: 915 | Training loss: 1.1308455164752789 | Elapsed time: 166.5261242389679
Epoch: 916 | Training loss: 1.1349957345136956 | Elapsed time: 166.52196598052979
Epoch: 917 | Training loss: 1.1330216553673815 | Elapsed time: 166.2526683807373
Epoch: 918 | Training loss: 1.1314001759486412 | Elapsed time: 166.36178994178772
Epoch: 919 | Training loss: 1.1267430720044607 | Elapsed time: 166.56509566307068
Epoch: 920 | Training loss: 1.1311722433389122 | Elapsed time: 166.25806665420532
Epoch: 921 | Training loss: 1.1313546958254344 | Elapsed time: 166.29399394989014
Epoch: 922 | Training loss: 1.1304104452702537 | Elapsed time: 166.32504081726074
Epoch: 923 | Training loss: 1.1370145046888893 | Elapsed time: 166.32118916511536
Epoch: 924 | Training loss: 1.1292820661815244 | Elapsed time: 166.60314989089966
Epoch: 925 | Training loss: 1.1280808849121207 | Elapsed time: 166.61382842063904
Epoch: 926 | Training loss: 1.1285685994731847 | Elapsed time: 166.7535855770111
Epoch: 927 | Training loss: 1.1175655918334848 | Elapsed time: 166.66468906402588
Epoch: 928 | Training loss: 1.1250316287154583 | Elapsed time: 166.69580554962158
Epoch: 929 | Training loss: 1.12534796124074 | Elapsed time: 166.0503740310669
Epoch: 930 | Training loss: 1.1311039462018369 | Elapsed time: 165.90128350257874
Epoch: 931 | Training loss: 1.1255107032718943 | Elapsed time: 166.58370637893677
Epoch: 932 | Training loss: 1.1246568267025165 | Elapsed time: 166.48420929908752
Epoch: 933 | Training loss: 1.1283833713673834 | Elapsed time: 166.5510768890381
Epoch: 934 | Training loss: 1.1271345633179395 | Elapsed time: 166.2867250442505
Epoch: 935 | Training loss: 1.1220280670407992 | Elapsed time: 167.1114785671234
Epoch: 936 | Training loss: 1.1203538606415933 | Elapsed time: 166.89176511764526
Epoch: 937 | Training loss: 1.1243337010269734 | Elapsed time: 166.34189462661743
Epoch: 938 | Training loss: 1.1240057091214763 | Elapsed time: 166.1103868484497
Epoch: 939 | Training loss: 1.1283119196322426 | Elapsed time: 166.09638094902039
Epoch: 940 | Training loss: 1.1197648724513267 | Elapsed time: 166.04632472991943
Epoch: 941 | Training loss: 1.1204947286577367 | Elapsed time: 166.17426919937134
Epoch: 942 | Training loss: 1.121208333257419 | Elapsed time: 166.03321528434753
Epoch: 943 | Training loss: 1.121342169704722 | Elapsed time: 166.22400546073914
Epoch: 944 | Training loss: 1.1218995976803907 | Elapsed time: 166.1572127342224
Epoch: 945 | Training loss: 1.1203406435340197 | Elapsed time: 166.25323247909546
Epoch: 946 | Training loss: 1.123768278911932 | Elapsed time: 166.02636575698853
Epoch: 947 | Training loss: 1.1203873166397436 | Elapsed time: 166.29288029670715
Epoch: 948 | Training loss: 1.1208863213880738 | Elapsed time: 166.0657548904419
Epoch: 949 | Training loss: 1.1217018001115144 | Elapsed time: 166.27560806274414
Epoch: 950 | Training loss: 1.1245848296293572 | Elapsed time: 166.30837178230286
Saving model to: /scratch/eo41/visual-recognition-memory/gpt_finetuned_models/imagenet1_gimel_konkle_iid_950.pt
Epoch: 951 | Training loss: 1.1202800665328752 | Elapsed time: 166.10646605491638
Epoch: 952 | Training loss: 1.126600927381373 | Elapsed time: 166.17602252960205
Epoch: 953 | Training loss: 1.1187770811479483 | Elapsed time: 166.55484342575073
Epoch: 954 | Training loss: 1.1207694793815044 | Elapsed time: 166.34995031356812
Epoch: 955 | Training loss: 1.1216009615072564 | Elapsed time: 166.41685247421265
Epoch: 956 | Training loss: 1.1201800428219695 | Elapsed time: 166.39834189414978
Epoch: 957 | Training loss: 1.1236392686616128 | Elapsed time: 166.478590965271
Epoch: 958 | Training loss: 1.125539642661365 | Elapsed time: 166.16756319999695
Epoch: 959 | Training loss: 1.1214673857190716 | Elapsed time: 166.33028984069824
Epoch: 960 | Training loss: 1.1202745321971268 | Elapsed time: 166.16040205955505
Epoch: 961 | Training loss: 1.1163867774294383 | Elapsed time: 166.02031254768372
Epoch: 962 | Training loss: 1.1194729769407814 | Elapsed time: 166.03105235099792
Epoch: 963 | Training loss: 1.1216634912277335 | Elapsed time: 166.19333958625793
Epoch: 964 | Training loss: 1.1192241444516537 | Elapsed time: 166.19629311561584
Epoch: 965 | Training loss: 1.1174490709802998 | Elapsed time: 166.02175879478455
Epoch: 966 | Training loss: 1.120584418524557 | Elapsed time: 166.18965482711792
Epoch: 967 | Training loss: 1.1120697891534264 | Elapsed time: 166.30295968055725
Epoch: 968 | Training loss: 1.1146150738445681 | Elapsed time: 165.9219193458557
Epoch: 969 | Training loss: 1.112861364635069 | Elapsed time: 166.0853807926178
Epoch: 970 | Training loss: 1.1178625323879186 | Elapsed time: 166.11942791938782
Epoch: 971 | Training loss: 1.117273427657227 | Elapsed time: 166.10086846351624
Epoch: 972 | Training loss: 1.1143936995250077 | Elapsed time: 165.94864201545715
Epoch: 973 | Training loss: 1.1154305445614145 | Elapsed time: 166.25119423866272
Epoch: 974 | Training loss: 1.114363503100267 | Elapsed time: 166.09657621383667
Epoch: 975 | Training loss: 1.1148831346141759 | Elapsed time: 166.22405123710632
Epoch: 976 | Training loss: 1.1142956427673796 | Elapsed time: 166.44074058532715
Epoch: 977 | Training loss: 1.1169798142874419 | Elapsed time: 166.23108077049255
Epoch: 978 | Training loss: 1.1144463820243948 | Elapsed time: 166.13277888298035
Epoch: 979 | Training loss: 1.1157647051028352 | Elapsed time: 166.13450837135315
Epoch: 980 | Training loss: 1.1126696396229871 | Elapsed time: 166.29877066612244
Epoch: 981 | Training loss: 1.1170158083759136 | Elapsed time: 166.12428259849548
Epoch: 982 | Training loss: 1.1141681573284206 | Elapsed time: 166.23164772987366
Epoch: 983 | Training loss: 1.1120582231834752 | Elapsed time: 166.56549763679504
Epoch: 984 | Training loss: 1.1177325195340968 | Elapsed time: 166.18522667884827
Epoch: 985 | Training loss: 1.107684202158629 | Elapsed time: 166.397141456604
Epoch: 986 | Training loss: 1.1059640218962485 | Elapsed time: 166.3383595943451
Epoch: 987 | Training loss: 1.1098332351713038 | Elapsed time: 165.83914303779602
Epoch: 988 | Training loss: 1.113973813270455 | Elapsed time: 166.1873173713684
Epoch: 989 | Training loss: 1.1076307474677243 | Elapsed time: 166.5103154182434
Epoch: 990 | Training loss: 1.1088445346746871 | Elapsed time: 166.5557565689087
Epoch: 991 | Training loss: 1.1101695147912893 | Elapsed time: 166.43752360343933
srun: Job step aborted: Waiting up to 32 seconds for job step to finish.
slurmstepd: error: *** JOB 30413648 ON ga021 CANCELLED AT 2023-02-23T14:57:50 ***
slurmstepd: error: *** STEP 30413648.0 ON ga021 CANCELLED AT 2023-02-23T14:57:50 ***
